[2025-02-08T18:07:15.963+0000] {local_task_job_runner.py:123} INFO - ::group::Pre task execution logs
[2025-02-08T18:07:15.974+0000] {taskinstance.py:2613} INFO - Dependencies all met for dep_context=non-requeueable deps ti=<TaskInstance: dim_location.run_dbt_dim_product manual__2025-02-08T18:06:52.546597+00:00 [queued]>
[2025-02-08T18:07:15.979+0000] {taskinstance.py:2613} INFO - Dependencies all met for dep_context=requeueable deps ti=<TaskInstance: dim_location.run_dbt_dim_product manual__2025-02-08T18:06:52.546597+00:00 [queued]>
[2025-02-08T18:07:15.980+0000] {taskinstance.py:2866} INFO - Starting attempt 1 of 1
[2025-02-08T18:07:15.990+0000] {taskinstance.py:2889} INFO - Executing <Task(BashOperator): run_dbt_dim_product> on 2025-02-08 18:06:52.546597+00:00
[2025-02-08T18:07:15.994+0000] {standard_task_runner.py:72} INFO - Started process 918 to run task
[2025-02-08T18:07:15.996+0000] {standard_task_runner.py:104} INFO - Running: ['***', 'tasks', 'run', 'dim_location', 'run_dbt_dim_product', 'manual__2025-02-08T18:06:52.546597+00:00', '--job-id', '193', '--raw', '--subdir', 'DAGS_FOLDER/dim_location.py', '--cfg-path', '/tmp/tmp5pskzkq1']
[2025-02-08T18:07:15.998+0000] {standard_task_runner.py:105} INFO - Job 193: Subtask run_dbt_dim_product
[2025-02-08T18:07:16.009+0000] {logging_mixin.py:190} WARNING - /home/***/.local/lib/python3.12/site-packages/***/settings.py:209 DeprecationWarning: The sql_alchemy_conn option in [core] has been moved to the sql_alchemy_conn option in [database] - the old setting has been used, but please update your config.
[2025-02-08T18:07:16.033+0000] {task_command.py:467} INFO - Running <TaskInstance: dim_location.run_dbt_dim_product manual__2025-02-08T18:06:52.546597+00:00 [running]> on host 9cd0ccfaeb2e
[2025-02-08T18:07:16.089+0000] {taskinstance.py:3132} INFO - Exporting env vars: AIRFLOW_CTX_DAG_OWNER='***' AIRFLOW_CTX_DAG_ID='dim_location' AIRFLOW_CTX_TASK_ID='run_dbt_dim_product' AIRFLOW_CTX_EXECUTION_DATE='2025-02-08T18:06:52.546597+00:00' AIRFLOW_CTX_TRY_NUMBER='1' AIRFLOW_CTX_DAG_RUN_ID='manual__2025-02-08T18:06:52.546597+00:00'
[2025-02-08T18:07:16.090+0000] {taskinstance.py:731} INFO - ::endgroup::
[2025-02-08T18:07:16.102+0000] {subprocess.py:78} INFO - Tmp dir root location: /tmp
[2025-02-08T18:07:16.103+0000] {subprocess.py:88} INFO - Running command: ['/usr/bin/bash', '-c', 'cd /dbt/superstore/ && dbt run --select dim_product']
[2025-02-08T18:07:16.110+0000] {subprocess.py:99} INFO - Output:
[2025-02-08T18:07:17.619+0000] {subprocess.py:106} INFO - [0m18:07:17  Running with dbt=1.9.2
[2025-02-08T18:07:17.828+0000] {subprocess.py:106} INFO - [0m18:07:17  Registered adapter: postgres=1.9.0
[2025-02-08T18:07:18.054+0000] {subprocess.py:106} INFO - [0m18:07:18  [[33mWARNING[0m]: Configuration paths exist in your dbt_project.yml file which do not apply to any resources.
[2025-02-08T18:07:18.054+0000] {subprocess.py:106} INFO - There are 1 unused configuration paths:
[2025-02-08T18:07:18.055+0000] {subprocess.py:106} INFO - - models.superstore_project.dim_customer
[2025-02-08T18:07:18.191+0000] {subprocess.py:106} INFO - [0m18:07:18  Found 5 models, 8 data tests, 1 source, 431 macros
[2025-02-08T18:07:18.194+0000] {subprocess.py:106} INFO - [0m18:07:18
[2025-02-08T18:07:18.195+0000] {subprocess.py:106} INFO - [0m18:07:18  Concurrency: 1 threads (target='prod')
[2025-02-08T18:07:18.195+0000] {subprocess.py:106} INFO - [0m18:07:18
[2025-02-08T18:07:18.274+0000] {subprocess.py:106} INFO - [0m18:07:18  1 of 1 START sql incremental model core.dim_product ............................ [RUN]
[2025-02-08T18:07:18.434+0000] {subprocess.py:106} INFO - [0m18:07:18  1 of 1 OK created sql incremental model core.dim_product ....................... [[32mINSERT 0 0[0m in 0.16s]
[2025-02-08T18:07:18.444+0000] {subprocess.py:106} INFO - [0m18:07:18
[2025-02-08T18:07:18.445+0000] {subprocess.py:106} INFO - [0m18:07:18  Finished running 1 incremental model in 0 hours 0 minutes and 0.25 seconds (0.25s).
[2025-02-08T18:07:18.483+0000] {subprocess.py:106} INFO - [0m18:07:18
[2025-02-08T18:07:18.483+0000] {subprocess.py:106} INFO - [0m18:07:18  [32mCompleted successfully[0m
[2025-02-08T18:07:18.484+0000] {subprocess.py:106} INFO - [0m18:07:18
[2025-02-08T18:07:18.484+0000] {subprocess.py:106} INFO - [0m18:07:18  Done. PASS=1 WARN=0 ERROR=0 SKIP=0 TOTAL=1
[2025-02-08T18:07:19.329+0000] {subprocess.py:110} INFO - Command exited with return code 0
[2025-02-08T18:07:19.352+0000] {taskinstance.py:340} INFO - ::group::Post task execution logs
[2025-02-08T18:07:19.352+0000] {taskinstance.py:352} INFO - Marking task as SUCCESS. dag_id=dim_location, task_id=run_dbt_dim_product, run_id=manual__2025-02-08T18:06:52.546597+00:00, execution_date=20250208T180652, start_date=20250208T180715, end_date=20250208T180719
[2025-02-08T18:07:19.380+0000] {local_task_job_runner.py:266} INFO - Task exited with return code 0
[2025-02-08T18:07:19.394+0000] {taskinstance.py:3895} INFO - 1 downstream tasks scheduled from follow-on schedule check
[2025-02-08T18:07:19.397+0000] {local_task_job_runner.py:245} INFO - ::endgroup::
