[2025-02-12T20:07:38.403+0000] {local_task_job_runner.py:123} INFO - ::group::Pre task execution logs
[2025-02-12T20:07:38.415+0000] {taskinstance.py:2614} INFO - Dependencies all met for dep_context=non-requeueable deps ti=<TaskInstance: superstore_dag.run_dbt_dim_product manual__2025-02-12T20:07:25.572410+00:00 [queued]>
[2025-02-12T20:07:38.421+0000] {taskinstance.py:2614} INFO - Dependencies all met for dep_context=requeueable deps ti=<TaskInstance: superstore_dag.run_dbt_dim_product manual__2025-02-12T20:07:25.572410+00:00 [queued]>
[2025-02-12T20:07:38.422+0000] {taskinstance.py:2867} INFO - Starting attempt 1 of 1
[2025-02-12T20:07:38.432+0000] {taskinstance.py:2890} INFO - Executing <Task(BashOperator): run_dbt_dim_product> on 2025-02-12 20:07:25.572410+00:00
[2025-02-12T20:07:38.437+0000] {standard_task_runner.py:72} INFO - Started process 176 to run task
[2025-02-12T20:07:38.439+0000] {standard_task_runner.py:104} INFO - Running: ['***', 'tasks', 'run', 'superstore_dag', 'run_dbt_dim_product', 'manual__2025-02-12T20:07:25.572410+00:00', '--job-id', '221', '--raw', '--subdir', 'DAGS_FOLDER/superstore_dag.py', '--cfg-path', '/tmp/tmpay5ub3ff']
[2025-02-12T20:07:38.440+0000] {standard_task_runner.py:105} INFO - Job 221: Subtask run_dbt_dim_product
[2025-02-12T20:07:38.452+0000] {logging_mixin.py:190} WARNING - /home/***/.local/lib/python3.12/site-packages/***/settings.py:209 DeprecationWarning: The sql_alchemy_conn option in [core] has been moved to the sql_alchemy_conn option in [database] - the old setting has been used, but please update your config.
[2025-02-12T20:07:38.479+0000] {task_command.py:467} INFO - Running <TaskInstance: superstore_dag.run_dbt_dim_product manual__2025-02-12T20:07:25.572410+00:00 [running]> on host e06c424a4719
[2025-02-12T20:07:38.538+0000] {taskinstance.py:3134} INFO - Exporting env vars: AIRFLOW_CTX_DAG_OWNER='***' AIRFLOW_CTX_DAG_ID='superstore_dag' AIRFLOW_CTX_TASK_ID='run_dbt_dim_product' AIRFLOW_CTX_EXECUTION_DATE='2025-02-12T20:07:25.572410+00:00' AIRFLOW_CTX_TRY_NUMBER='1' AIRFLOW_CTX_DAG_RUN_ID='manual__2025-02-12T20:07:25.572410+00:00'
[2025-02-12T20:07:38.539+0000] {taskinstance.py:732} INFO - ::endgroup::
[2025-02-12T20:07:38.554+0000] {subprocess.py:78} INFO - Tmp dir root location: /tmp
[2025-02-12T20:07:38.555+0000] {subprocess.py:88} INFO - Running command: ['/usr/bin/bash', '-c', 'cd /dbt/superstore/ && dbt run --select dim_product']
[2025-02-12T20:07:38.563+0000] {subprocess.py:99} INFO - Output:
[2025-02-12T20:07:40.222+0000] {subprocess.py:106} INFO - [0m20:07:40  Running with dbt=1.9.2
[2025-02-12T20:07:40.454+0000] {subprocess.py:106} INFO - [0m20:07:40  Registered adapter: postgres=1.9.0
[2025-02-12T20:07:40.855+0000] {subprocess.py:106} INFO - [0m20:07:40  Found 6 models, 10 data tests, 1 source, 433 macros
[2025-02-12T20:07:40.857+0000] {subprocess.py:106} INFO - [0m20:07:40
[2025-02-12T20:07:40.858+0000] {subprocess.py:106} INFO - [0m20:07:40  Concurrency: 1 threads (target='prod')
[2025-02-12T20:07:40.859+0000] {subprocess.py:106} INFO - [0m20:07:40
[2025-02-12T20:07:40.963+0000] {subprocess.py:106} INFO - [0m20:07:40  1 of 1 START sql incremental model core.dim_product ............................ [RUN]
[2025-02-12T20:07:41.142+0000] {subprocess.py:106} INFO - [0m20:07:41  1 of 1 OK created sql incremental model core.dim_product ....................... [[32mINSERT 0 1000[0m in 0.18s]
[2025-02-12T20:07:41.154+0000] {subprocess.py:106} INFO - [0m20:07:41
[2025-02-12T20:07:41.154+0000] {subprocess.py:106} INFO - [0m20:07:41  Finished running 1 incremental model in 0 hours 0 minutes and 0.29 seconds (0.29s).
[2025-02-12T20:07:41.201+0000] {subprocess.py:106} INFO - [0m20:07:41
[2025-02-12T20:07:41.201+0000] {subprocess.py:106} INFO - [0m20:07:41  [32mCompleted successfully[0m
[2025-02-12T20:07:41.202+0000] {subprocess.py:106} INFO - [0m20:07:41
[2025-02-12T20:07:41.205+0000] {subprocess.py:106} INFO - [0m20:07:41  Done. PASS=1 WARN=0 ERROR=0 SKIP=0 TOTAL=1
[2025-02-12T20:07:42.070+0000] {subprocess.py:110} INFO - Command exited with return code 0
[2025-02-12T20:07:42.091+0000] {taskinstance.py:341} INFO - ::group::Post task execution logs
[2025-02-12T20:07:42.092+0000] {taskinstance.py:353} INFO - Marking task as SUCCESS. dag_id=superstore_dag, task_id=run_dbt_dim_product, run_id=manual__2025-02-12T20:07:25.572410+00:00, execution_date=20250212T200725, start_date=20250212T200738, end_date=20250212T200742
[2025-02-12T20:07:42.141+0000] {local_task_job_runner.py:266} INFO - Task exited with return code 0
[2025-02-12T20:07:42.160+0000] {taskinstance.py:3901} INFO - 0 downstream tasks scheduled from follow-on schedule check
[2025-02-12T20:07:42.163+0000] {local_task_job_runner.py:245} INFO - ::endgroup::
