[2025-02-16T10:05:16.897+0000] {local_task_job_runner.py:123} INFO - ::group::Pre task execution logs
[2025-02-16T10:05:16.911+0000] {taskinstance.py:2614} INFO - Dependencies all met for dep_context=non-requeueable deps ti=<TaskInstance: superstore_dag.run_dbt_dim_product scheduled__2025-02-15T00:00:00+00:00 [queued]>
[2025-02-16T10:05:16.918+0000] {taskinstance.py:2614} INFO - Dependencies all met for dep_context=requeueable deps ti=<TaskInstance: superstore_dag.run_dbt_dim_product scheduled__2025-02-15T00:00:00+00:00 [queued]>
[2025-02-16T10:05:16.920+0000] {taskinstance.py:2867} INFO - Starting attempt 1 of 1
[2025-02-16T10:05:16.932+0000] {taskinstance.py:2890} INFO - Executing <Task(BashOperator): run_dbt_dim_product> on 2025-02-15 00:00:00+00:00
[2025-02-16T10:05:16.937+0000] {standard_task_runner.py:72} INFO - Started process 175 to run task
[2025-02-16T10:05:16.940+0000] {standard_task_runner.py:104} INFO - Running: ['***', 'tasks', 'run', 'superstore_dag', 'run_dbt_dim_product', 'scheduled__2025-02-15T00:00:00+00:00', '--job-id', '243', '--raw', '--subdir', 'DAGS_FOLDER/superstore_dag.py', '--cfg-path', '/tmp/tmpzl7204da']
[2025-02-16T10:05:16.942+0000] {standard_task_runner.py:105} INFO - Job 243: Subtask run_dbt_dim_product
[2025-02-16T10:05:16.957+0000] {logging_mixin.py:190} WARNING - /home/***/.local/lib/python3.12/site-packages/***/settings.py:209 DeprecationWarning: The sql_alchemy_conn option in [core] has been moved to the sql_alchemy_conn option in [database] - the old setting has been used, but please update your config.
[2025-02-16T10:05:16.994+0000] {task_command.py:467} INFO - Running <TaskInstance: superstore_dag.run_dbt_dim_product scheduled__2025-02-15T00:00:00+00:00 [running]> on host e06c424a4719
[2025-02-16T10:05:16.996+0000] {logging_mixin.py:190} WARNING - /home/***/.local/lib/python3.12/site-packages/***/settings.py:470 DeprecationWarning: The sql_alchemy_conn option in [core] has been moved to the sql_alchemy_conn option in [database] - the old setting has been used, but please update your config.
[2025-02-16T10:05:17.079+0000] {taskinstance.py:3134} INFO - Exporting env vars: AIRFLOW_CTX_DAG_OWNER='***' AIRFLOW_CTX_DAG_ID='superstore_dag' AIRFLOW_CTX_TASK_ID='run_dbt_dim_product' AIRFLOW_CTX_EXECUTION_DATE='2025-02-15T00:00:00+00:00' AIRFLOW_CTX_TRY_NUMBER='1' AIRFLOW_CTX_DAG_RUN_ID='scheduled__2025-02-15T00:00:00+00:00'
[2025-02-16T10:05:17.080+0000] {taskinstance.py:732} INFO - ::endgroup::
[2025-02-16T10:05:17.094+0000] {subprocess.py:78} INFO - Tmp dir root location: /tmp
[2025-02-16T10:05:17.096+0000] {subprocess.py:88} INFO - Running command: ['/usr/bin/bash', '-c', 'cd /dbt/superstore/ && dbt run --select dim_product']
[2025-02-16T10:05:17.104+0000] {subprocess.py:99} INFO - Output:
[2025-02-16T10:05:19.362+0000] {subprocess.py:106} INFO - [0m10:05:19  Running with dbt=1.9.2
[2025-02-16T10:05:19.703+0000] {subprocess.py:106} INFO - [0m10:05:19  Registered adapter: postgres=1.9.0
[2025-02-16T10:05:20.362+0000] {subprocess.py:106} INFO - [0m10:05:20  Found 6 models, 15 data tests, 1 source, 433 macros
[2025-02-16T10:05:20.366+0000] {subprocess.py:106} INFO - [0m10:05:20
[2025-02-16T10:05:20.367+0000] {subprocess.py:106} INFO - [0m10:05:20  Concurrency: 1 threads (target='prod')
[2025-02-16T10:05:20.368+0000] {subprocess.py:106} INFO - [0m10:05:20
[2025-02-16T10:05:20.499+0000] {subprocess.py:106} INFO - [0m10:05:20  1 of 1 START sql incremental model _core.dim_product ........................... [RUN]
[2025-02-16T10:05:20.647+0000] {subprocess.py:106} INFO - [0m10:05:20  1 of 1 OK created sql incremental model _core.dim_product ...................... [[32mSELECT 2096[0m in 0.15s]
[2025-02-16T10:05:20.663+0000] {subprocess.py:106} INFO - [0m10:05:20
[2025-02-16T10:05:20.663+0000] {subprocess.py:106} INFO - [0m10:05:20  Finished running 1 incremental model in 0 hours 0 minutes and 0.29 seconds (0.29s).
[2025-02-16T10:05:20.738+0000] {subprocess.py:106} INFO - [0m10:05:20
[2025-02-16T10:05:20.739+0000] {subprocess.py:106} INFO - [0m10:05:20  [32mCompleted successfully[0m
[2025-02-16T10:05:20.741+0000] {subprocess.py:106} INFO - [0m10:05:20
[2025-02-16T10:05:20.742+0000] {subprocess.py:106} INFO - [0m10:05:20  Done. PASS=1 WARN=0 ERROR=0 SKIP=0 TOTAL=1
[2025-02-16T10:05:21.621+0000] {subprocess.py:110} INFO - Command exited with return code 0
[2025-02-16T10:05:21.647+0000] {taskinstance.py:341} INFO - ::group::Post task execution logs
[2025-02-16T10:05:21.648+0000] {taskinstance.py:353} INFO - Marking task as SUCCESS. dag_id=superstore_dag, task_id=run_dbt_dim_product, run_id=scheduled__2025-02-15T00:00:00+00:00, execution_date=20250215T000000, start_date=20250216T100516, end_date=20250216T100521
[2025-02-16T10:05:21.685+0000] {local_task_job_runner.py:266} INFO - Task exited with return code 0
[2025-02-16T10:05:21.717+0000] {taskinstance.py:3901} INFO - 1 downstream tasks scheduled from follow-on schedule check
[2025-02-16T10:05:21.720+0000] {local_task_job_runner.py:245} INFO - ::endgroup::
