[2025-02-10T20:36:12.429+0000] {processor.py:186} INFO - Started process (PID=56) to work on /opt/airflow/dags/superstore_dag.py
[2025-02-10T20:36:12.431+0000] {processor.py:914} INFO - Processing file /opt/airflow/dags/superstore_dag.py for tasks to queue
[2025-02-10T20:36:12.433+0000] {logging_mixin.py:190} INFO - [2025-02-10T20:36:12.433+0000] {dagbag.py:588} INFO - Filling up the DagBag from /opt/airflow/dags/superstore_dag.py
[2025-02-10T20:36:12.459+0000] {processor.py:925} INFO - DAG(s) 'superstore_dag' retrieved from /opt/airflow/dags/superstore_dag.py
[2025-02-10T20:36:12.495+0000] {logging_mixin.py:190} INFO - [2025-02-10T20:36:12.495+0000] {dag.py:3239} INFO - Sync 1 DAGs
[2025-02-10T20:36:12.526+0000] {logging_mixin.py:190} INFO - [2025-02-10T20:36:12.526+0000] {dag.py:4180} INFO - Setting next_dagrun for superstore_dag to 2025-02-09 00:00:00+00:00, run_after=2025-02-10 00:00:00+00:00
[2025-02-10T20:36:12.545+0000] {processor.py:208} INFO - Processing /opt/airflow/dags/superstore_dag.py took 0.126 seconds
[2025-02-10T20:39:07.809+0000] {processor.py:186} INFO - Started process (PID=56) to work on /opt/airflow/dags/superstore_dag.py
[2025-02-10T20:39:07.811+0000] {processor.py:914} INFO - Processing file /opt/airflow/dags/superstore_dag.py for tasks to queue
[2025-02-10T20:39:07.816+0000] {logging_mixin.py:190} INFO - [2025-02-10T20:39:07.816+0000] {dagbag.py:588} INFO - Filling up the DagBag from /opt/airflow/dags/superstore_dag.py
[2025-02-10T20:39:07.848+0000] {processor.py:925} INFO - DAG(s) 'superstore_dag' retrieved from /opt/airflow/dags/superstore_dag.py
[2025-02-10T20:39:07.882+0000] {logging_mixin.py:190} INFO - [2025-02-10T20:39:07.882+0000] {dag.py:3239} INFO - Sync 1 DAGs
[2025-02-10T20:39:07.912+0000] {logging_mixin.py:190} INFO - [2025-02-10T20:39:07.911+0000] {dag.py:4180} INFO - Setting next_dagrun for superstore_dag to 2025-02-09 00:00:00+00:00, run_after=2025-02-10 00:00:00+00:00
[2025-02-10T20:39:07.930+0000] {processor.py:208} INFO - Processing /opt/airflow/dags/superstore_dag.py took 0.131 seconds
[2025-02-10T20:39:38.437+0000] {processor.py:186} INFO - Started process (PID=58) to work on /opt/airflow/dags/superstore_dag.py
[2025-02-10T20:39:38.438+0000] {processor.py:914} INFO - Processing file /opt/airflow/dags/superstore_dag.py for tasks to queue
[2025-02-10T20:39:38.440+0000] {logging_mixin.py:190} INFO - [2025-02-10T20:39:38.440+0000] {dagbag.py:588} INFO - Filling up the DagBag from /opt/airflow/dags/superstore_dag.py
[2025-02-10T20:39:38.476+0000] {processor.py:925} INFO - DAG(s) 'superstore_dag' retrieved from /opt/airflow/dags/superstore_dag.py
[2025-02-10T20:39:38.512+0000] {logging_mixin.py:190} INFO - [2025-02-10T20:39:38.512+0000] {dag.py:3239} INFO - Sync 1 DAGs
[2025-02-10T20:39:38.544+0000] {logging_mixin.py:190} INFO - [2025-02-10T20:39:38.544+0000] {dag.py:4180} INFO - Setting next_dagrun for superstore_dag to 2025-02-09 00:00:00+00:00, run_after=2025-02-10 00:00:00+00:00
[2025-02-10T20:39:38.569+0000] {processor.py:208} INFO - Processing /opt/airflow/dags/superstore_dag.py took 0.137 seconds
[2025-02-10T20:40:09.202+0000] {processor.py:186} INFO - Started process (PID=60) to work on /opt/airflow/dags/superstore_dag.py
[2025-02-10T20:40:09.204+0000] {processor.py:914} INFO - Processing file /opt/airflow/dags/superstore_dag.py for tasks to queue
[2025-02-10T20:40:09.207+0000] {logging_mixin.py:190} INFO - [2025-02-10T20:40:09.207+0000] {dagbag.py:588} INFO - Filling up the DagBag from /opt/airflow/dags/superstore_dag.py
[2025-02-10T20:40:09.230+0000] {processor.py:925} INFO - DAG(s) 'superstore_dag' retrieved from /opt/airflow/dags/superstore_dag.py
[2025-02-10T20:40:09.257+0000] {logging_mixin.py:190} INFO - [2025-02-10T20:40:09.256+0000] {dag.py:3239} INFO - Sync 1 DAGs
[2025-02-10T20:40:09.277+0000] {logging_mixin.py:190} INFO - [2025-02-10T20:40:09.277+0000] {dag.py:4180} INFO - Setting next_dagrun for superstore_dag to 2025-02-09 00:00:00+00:00, run_after=2025-02-10 00:00:00+00:00
[2025-02-10T20:40:09.294+0000] {processor.py:208} INFO - Processing /opt/airflow/dags/superstore_dag.py took 0.097 seconds
[2025-02-10T20:40:39.785+0000] {processor.py:186} INFO - Started process (PID=62) to work on /opt/airflow/dags/superstore_dag.py
[2025-02-10T20:40:39.786+0000] {processor.py:914} INFO - Processing file /opt/airflow/dags/superstore_dag.py for tasks to queue
[2025-02-10T20:40:39.788+0000] {logging_mixin.py:190} INFO - [2025-02-10T20:40:39.788+0000] {dagbag.py:588} INFO - Filling up the DagBag from /opt/airflow/dags/superstore_dag.py
[2025-02-10T20:40:39.807+0000] {processor.py:925} INFO - DAG(s) 'superstore_dag' retrieved from /opt/airflow/dags/superstore_dag.py
[2025-02-10T20:40:39.830+0000] {logging_mixin.py:190} INFO - [2025-02-10T20:40:39.830+0000] {dag.py:3239} INFO - Sync 1 DAGs
[2025-02-10T20:40:39.850+0000] {logging_mixin.py:190} INFO - [2025-02-10T20:40:39.850+0000] {dag.py:4180} INFO - Setting next_dagrun for superstore_dag to 2025-02-09 00:00:00+00:00, run_after=2025-02-10 00:00:00+00:00
[2025-02-10T20:40:39.866+0000] {processor.py:208} INFO - Processing /opt/airflow/dags/superstore_dag.py took 0.086 seconds
[2025-02-10T20:41:10.384+0000] {processor.py:186} INFO - Started process (PID=64) to work on /opt/airflow/dags/superstore_dag.py
[2025-02-10T20:41:10.386+0000] {processor.py:914} INFO - Processing file /opt/airflow/dags/superstore_dag.py for tasks to queue
[2025-02-10T20:41:10.389+0000] {logging_mixin.py:190} INFO - [2025-02-10T20:41:10.389+0000] {dagbag.py:588} INFO - Filling up the DagBag from /opt/airflow/dags/superstore_dag.py
[2025-02-10T20:41:10.418+0000] {processor.py:925} INFO - DAG(s) 'superstore_dag' retrieved from /opt/airflow/dags/superstore_dag.py
[2025-02-10T20:41:10.446+0000] {logging_mixin.py:190} INFO - [2025-02-10T20:41:10.446+0000] {dag.py:3239} INFO - Sync 1 DAGs
[2025-02-10T20:41:10.470+0000] {logging_mixin.py:190} INFO - [2025-02-10T20:41:10.470+0000] {dag.py:4180} INFO - Setting next_dagrun for superstore_dag to 2025-02-09 00:00:00+00:00, run_after=2025-02-10 00:00:00+00:00
[2025-02-10T20:41:10.487+0000] {processor.py:208} INFO - Processing /opt/airflow/dags/superstore_dag.py took 0.110 seconds
[2025-02-10T20:41:41.041+0000] {processor.py:186} INFO - Started process (PID=66) to work on /opt/airflow/dags/superstore_dag.py
[2025-02-10T20:41:41.043+0000] {processor.py:914} INFO - Processing file /opt/airflow/dags/superstore_dag.py for tasks to queue
[2025-02-10T20:41:41.046+0000] {logging_mixin.py:190} INFO - [2025-02-10T20:41:41.046+0000] {dagbag.py:588} INFO - Filling up the DagBag from /opt/airflow/dags/superstore_dag.py
[2025-02-10T20:41:41.066+0000] {processor.py:925} INFO - DAG(s) 'superstore_dag' retrieved from /opt/airflow/dags/superstore_dag.py
[2025-02-10T20:41:41.090+0000] {logging_mixin.py:190} INFO - [2025-02-10T20:41:41.089+0000] {dag.py:3239} INFO - Sync 1 DAGs
[2025-02-10T20:41:41.111+0000] {logging_mixin.py:190} INFO - [2025-02-10T20:41:41.111+0000] {dag.py:4180} INFO - Setting next_dagrun for superstore_dag to 2025-02-09 00:00:00+00:00, run_after=2025-02-10 00:00:00+00:00
[2025-02-10T20:41:41.128+0000] {processor.py:208} INFO - Processing /opt/airflow/dags/superstore_dag.py took 0.094 seconds
[2025-02-10T20:42:11.740+0000] {processor.py:186} INFO - Started process (PID=68) to work on /opt/airflow/dags/superstore_dag.py
[2025-02-10T20:42:11.741+0000] {processor.py:914} INFO - Processing file /opt/airflow/dags/superstore_dag.py for tasks to queue
[2025-02-10T20:42:11.744+0000] {logging_mixin.py:190} INFO - [2025-02-10T20:42:11.743+0000] {dagbag.py:588} INFO - Filling up the DagBag from /opt/airflow/dags/superstore_dag.py
[2025-02-10T20:42:11.773+0000] {processor.py:925} INFO - DAG(s) 'superstore_dag' retrieved from /opt/airflow/dags/superstore_dag.py
[2025-02-10T20:42:11.820+0000] {logging_mixin.py:190} INFO - [2025-02-10T20:42:11.820+0000] {dag.py:3239} INFO - Sync 1 DAGs
[2025-02-10T20:42:11.843+0000] {logging_mixin.py:190} INFO - [2025-02-10T20:42:11.843+0000] {dag.py:4180} INFO - Setting next_dagrun for superstore_dag to 2025-02-09 00:00:00+00:00, run_after=2025-02-10 00:00:00+00:00
[2025-02-10T20:42:11.862+0000] {processor.py:208} INFO - Processing /opt/airflow/dags/superstore_dag.py took 0.109 seconds
[2025-02-10T20:42:42.474+0000] {processor.py:186} INFO - Started process (PID=70) to work on /opt/airflow/dags/superstore_dag.py
[2025-02-10T20:42:42.475+0000] {processor.py:914} INFO - Processing file /opt/airflow/dags/superstore_dag.py for tasks to queue
[2025-02-10T20:42:42.478+0000] {logging_mixin.py:190} INFO - [2025-02-10T20:42:42.478+0000] {dagbag.py:588} INFO - Filling up the DagBag from /opt/airflow/dags/superstore_dag.py
[2025-02-10T20:42:42.504+0000] {processor.py:925} INFO - DAG(s) 'superstore_dag' retrieved from /opt/airflow/dags/superstore_dag.py
[2025-02-10T20:42:42.531+0000] {logging_mixin.py:190} INFO - [2025-02-10T20:42:42.531+0000] {dag.py:3239} INFO - Sync 1 DAGs
[2025-02-10T20:42:42.556+0000] {logging_mixin.py:190} INFO - [2025-02-10T20:42:42.555+0000] {dag.py:4180} INFO - Setting next_dagrun for superstore_dag to 2025-02-09 00:00:00+00:00, run_after=2025-02-10 00:00:00+00:00
[2025-02-10T20:42:42.576+0000] {processor.py:208} INFO - Processing /opt/airflow/dags/superstore_dag.py took 0.109 seconds
[2025-02-10T20:43:13.179+0000] {processor.py:186} INFO - Started process (PID=72) to work on /opt/airflow/dags/superstore_dag.py
[2025-02-10T20:43:13.180+0000] {processor.py:914} INFO - Processing file /opt/airflow/dags/superstore_dag.py for tasks to queue
[2025-02-10T20:43:13.184+0000] {logging_mixin.py:190} INFO - [2025-02-10T20:43:13.183+0000] {dagbag.py:588} INFO - Filling up the DagBag from /opt/airflow/dags/superstore_dag.py
[2025-02-10T20:43:13.205+0000] {processor.py:925} INFO - DAG(s) 'superstore_dag' retrieved from /opt/airflow/dags/superstore_dag.py
[2025-02-10T20:43:13.234+0000] {logging_mixin.py:190} INFO - [2025-02-10T20:43:13.233+0000] {dag.py:3239} INFO - Sync 1 DAGs
[2025-02-10T20:43:13.258+0000] {logging_mixin.py:190} INFO - [2025-02-10T20:43:13.258+0000] {dag.py:4180} INFO - Setting next_dagrun for superstore_dag to 2025-02-09 00:00:00+00:00, run_after=2025-02-10 00:00:00+00:00
[2025-02-10T20:43:13.276+0000] {processor.py:208} INFO - Processing /opt/airflow/dags/superstore_dag.py took 0.106 seconds
[2025-02-10T20:43:43.821+0000] {processor.py:186} INFO - Started process (PID=74) to work on /opt/airflow/dags/superstore_dag.py
[2025-02-10T20:43:43.822+0000] {processor.py:914} INFO - Processing file /opt/airflow/dags/superstore_dag.py for tasks to queue
[2025-02-10T20:43:43.826+0000] {logging_mixin.py:190} INFO - [2025-02-10T20:43:43.825+0000] {dagbag.py:588} INFO - Filling up the DagBag from /opt/airflow/dags/superstore_dag.py
[2025-02-10T20:43:43.850+0000] {processor.py:925} INFO - DAG(s) 'superstore_dag' retrieved from /opt/airflow/dags/superstore_dag.py
[2025-02-10T20:43:43.891+0000] {logging_mixin.py:190} INFO - [2025-02-10T20:43:43.890+0000] {dag.py:3239} INFO - Sync 1 DAGs
[2025-02-10T20:43:43.910+0000] {logging_mixin.py:190} INFO - [2025-02-10T20:43:43.910+0000] {dag.py:4180} INFO - Setting next_dagrun for superstore_dag to 2025-02-09 00:00:00+00:00, run_after=2025-02-10 00:00:00+00:00
[2025-02-10T20:43:43.929+0000] {processor.py:208} INFO - Processing /opt/airflow/dags/superstore_dag.py took 0.113 seconds
[2025-02-10T20:44:14.608+0000] {processor.py:186} INFO - Started process (PID=76) to work on /opt/airflow/dags/superstore_dag.py
[2025-02-10T20:44:14.609+0000] {processor.py:914} INFO - Processing file /opt/airflow/dags/superstore_dag.py for tasks to queue
[2025-02-10T20:44:14.611+0000] {logging_mixin.py:190} INFO - [2025-02-10T20:44:14.611+0000] {dagbag.py:588} INFO - Filling up the DagBag from /opt/airflow/dags/superstore_dag.py
[2025-02-10T20:44:14.630+0000] {processor.py:925} INFO - DAG(s) 'superstore_dag' retrieved from /opt/airflow/dags/superstore_dag.py
[2025-02-10T20:44:14.664+0000] {logging_mixin.py:190} INFO - [2025-02-10T20:44:14.664+0000] {dag.py:3239} INFO - Sync 1 DAGs
[2025-02-10T20:44:14.686+0000] {logging_mixin.py:190} INFO - [2025-02-10T20:44:14.685+0000] {dag.py:4180} INFO - Setting next_dagrun for superstore_dag to 2025-02-09 00:00:00+00:00, run_after=2025-02-10 00:00:00+00:00
[2025-02-10T20:44:14.701+0000] {processor.py:208} INFO - Processing /opt/airflow/dags/superstore_dag.py took 0.099 seconds
[2025-02-10T20:44:45.292+0000] {processor.py:186} INFO - Started process (PID=78) to work on /opt/airflow/dags/superstore_dag.py
[2025-02-10T20:44:45.293+0000] {processor.py:914} INFO - Processing file /opt/airflow/dags/superstore_dag.py for tasks to queue
[2025-02-10T20:44:45.295+0000] {logging_mixin.py:190} INFO - [2025-02-10T20:44:45.295+0000] {dagbag.py:588} INFO - Filling up the DagBag from /opt/airflow/dags/superstore_dag.py
[2025-02-10T20:44:45.327+0000] {processor.py:925} INFO - DAG(s) 'superstore_dag' retrieved from /opt/airflow/dags/superstore_dag.py
[2025-02-10T20:44:45.351+0000] {logging_mixin.py:190} INFO - [2025-02-10T20:44:45.351+0000] {dag.py:3239} INFO - Sync 1 DAGs
[2025-02-10T20:44:45.379+0000] {logging_mixin.py:190} INFO - [2025-02-10T20:44:45.379+0000] {dag.py:4180} INFO - Setting next_dagrun for superstore_dag to 2025-02-09 00:00:00+00:00, run_after=2025-02-10 00:00:00+00:00
[2025-02-10T20:44:45.397+0000] {processor.py:208} INFO - Processing /opt/airflow/dags/superstore_dag.py took 0.110 seconds
[2025-02-10T20:45:15.876+0000] {processor.py:186} INFO - Started process (PID=80) to work on /opt/airflow/dags/superstore_dag.py
[2025-02-10T20:45:15.877+0000] {processor.py:914} INFO - Processing file /opt/airflow/dags/superstore_dag.py for tasks to queue
[2025-02-10T20:45:15.880+0000] {logging_mixin.py:190} INFO - [2025-02-10T20:45:15.879+0000] {dagbag.py:588} INFO - Filling up the DagBag from /opt/airflow/dags/superstore_dag.py
[2025-02-10T20:45:15.910+0000] {processor.py:925} INFO - DAG(s) 'superstore_dag' retrieved from /opt/airflow/dags/superstore_dag.py
[2025-02-10T20:45:15.935+0000] {logging_mixin.py:190} INFO - [2025-02-10T20:45:15.935+0000] {dag.py:3239} INFO - Sync 1 DAGs
[2025-02-10T20:45:15.957+0000] {logging_mixin.py:190} INFO - [2025-02-10T20:45:15.957+0000] {dag.py:4180} INFO - Setting next_dagrun for superstore_dag to 2025-02-09 00:00:00+00:00, run_after=2025-02-10 00:00:00+00:00
[2025-02-10T20:45:15.976+0000] {processor.py:208} INFO - Processing /opt/airflow/dags/superstore_dag.py took 0.105 seconds
[2025-02-10T20:45:46.582+0000] {processor.py:186} INFO - Started process (PID=82) to work on /opt/airflow/dags/superstore_dag.py
[2025-02-10T20:45:46.583+0000] {processor.py:914} INFO - Processing file /opt/airflow/dags/superstore_dag.py for tasks to queue
[2025-02-10T20:45:46.585+0000] {logging_mixin.py:190} INFO - [2025-02-10T20:45:46.585+0000] {dagbag.py:588} INFO - Filling up the DagBag from /opt/airflow/dags/superstore_dag.py
[2025-02-10T20:45:46.611+0000] {processor.py:925} INFO - DAG(s) 'superstore_dag' retrieved from /opt/airflow/dags/superstore_dag.py
[2025-02-10T20:45:46.638+0000] {logging_mixin.py:190} INFO - [2025-02-10T20:45:46.638+0000] {dag.py:3239} INFO - Sync 1 DAGs
[2025-02-10T20:45:46.661+0000] {logging_mixin.py:190} INFO - [2025-02-10T20:45:46.661+0000] {dag.py:4180} INFO - Setting next_dagrun for superstore_dag to 2025-02-09 00:00:00+00:00, run_after=2025-02-10 00:00:00+00:00
[2025-02-10T20:45:46.679+0000] {processor.py:208} INFO - Processing /opt/airflow/dags/superstore_dag.py took 0.102 seconds
[2025-02-10T20:46:17.272+0000] {processor.py:186} INFO - Started process (PID=84) to work on /opt/airflow/dags/superstore_dag.py
[2025-02-10T20:46:17.274+0000] {processor.py:914} INFO - Processing file /opt/airflow/dags/superstore_dag.py for tasks to queue
[2025-02-10T20:46:17.279+0000] {logging_mixin.py:190} INFO - [2025-02-10T20:46:17.279+0000] {dagbag.py:588} INFO - Filling up the DagBag from /opt/airflow/dags/superstore_dag.py
[2025-02-10T20:46:17.296+0000] {processor.py:925} INFO - DAG(s) 'superstore_dag' retrieved from /opt/airflow/dags/superstore_dag.py
[2025-02-10T20:46:17.319+0000] {logging_mixin.py:190} INFO - [2025-02-10T20:46:17.319+0000] {dag.py:3239} INFO - Sync 1 DAGs
[2025-02-10T20:46:17.340+0000] {logging_mixin.py:190} INFO - [2025-02-10T20:46:17.340+0000] {dag.py:4180} INFO - Setting next_dagrun for superstore_dag to 2025-02-09 00:00:00+00:00, run_after=2025-02-10 00:00:00+00:00
[2025-02-10T20:46:17.356+0000] {processor.py:208} INFO - Processing /opt/airflow/dags/superstore_dag.py took 0.089 seconds
[2025-02-10T20:46:47.814+0000] {processor.py:186} INFO - Started process (PID=86) to work on /opt/airflow/dags/superstore_dag.py
[2025-02-10T20:46:47.815+0000] {processor.py:914} INFO - Processing file /opt/airflow/dags/superstore_dag.py for tasks to queue
[2025-02-10T20:46:47.816+0000] {logging_mixin.py:190} INFO - [2025-02-10T20:46:47.816+0000] {dagbag.py:588} INFO - Filling up the DagBag from /opt/airflow/dags/superstore_dag.py
[2025-02-10T20:46:47.834+0000] {processor.py:925} INFO - DAG(s) 'superstore_dag' retrieved from /opt/airflow/dags/superstore_dag.py
[2025-02-10T20:46:47.856+0000] {logging_mixin.py:190} INFO - [2025-02-10T20:46:47.856+0000] {dag.py:3239} INFO - Sync 1 DAGs
[2025-02-10T20:46:47.877+0000] {logging_mixin.py:190} INFO - [2025-02-10T20:46:47.877+0000] {dag.py:4180} INFO - Setting next_dagrun for superstore_dag to 2025-02-09 00:00:00+00:00, run_after=2025-02-10 00:00:00+00:00
[2025-02-10T20:46:47.895+0000] {processor.py:208} INFO - Processing /opt/airflow/dags/superstore_dag.py took 0.086 seconds
[2025-02-10T20:47:18.378+0000] {processor.py:186} INFO - Started process (PID=88) to work on /opt/airflow/dags/superstore_dag.py
[2025-02-10T20:47:18.379+0000] {processor.py:914} INFO - Processing file /opt/airflow/dags/superstore_dag.py for tasks to queue
[2025-02-10T20:47:18.382+0000] {logging_mixin.py:190} INFO - [2025-02-10T20:47:18.382+0000] {dagbag.py:588} INFO - Filling up the DagBag from /opt/airflow/dags/superstore_dag.py
[2025-02-10T20:47:18.397+0000] {processor.py:925} INFO - DAG(s) 'superstore_dag' retrieved from /opt/airflow/dags/superstore_dag.py
[2025-02-10T20:47:18.421+0000] {logging_mixin.py:190} INFO - [2025-02-10T20:47:18.420+0000] {dag.py:3239} INFO - Sync 1 DAGs
[2025-02-10T20:47:18.440+0000] {logging_mixin.py:190} INFO - [2025-02-10T20:47:18.440+0000] {dag.py:4180} INFO - Setting next_dagrun for superstore_dag to 2025-02-09 00:00:00+00:00, run_after=2025-02-10 00:00:00+00:00
[2025-02-10T20:47:18.454+0000] {processor.py:208} INFO - Processing /opt/airflow/dags/superstore_dag.py took 0.081 seconds
