[2025-02-11T18:25:44.113+0000] {local_task_job_runner.py:123} INFO - ::group::Pre task execution logs
[2025-02-11T18:25:44.127+0000] {taskinstance.py:2613} INFO - Dependencies all met for dep_context=non-requeueable deps ti=<TaskInstance: superstore_dag.run_dbt_fact_orders scheduled__2025-02-10T00:00:00+00:00 [queued]>
[2025-02-11T18:25:44.135+0000] {taskinstance.py:2613} INFO - Dependencies all met for dep_context=requeueable deps ti=<TaskInstance: superstore_dag.run_dbt_fact_orders scheduled__2025-02-10T00:00:00+00:00 [queued]>
[2025-02-11T18:25:44.137+0000] {taskinstance.py:2866} INFO - Starting attempt 1 of 1
[2025-02-11T18:25:44.148+0000] {taskinstance.py:2889} INFO - Executing <Task(BashOperator): run_dbt_fact_orders> on 2025-02-10 00:00:00+00:00
[2025-02-11T18:25:44.153+0000] {standard_task_runner.py:72} INFO - Started process 765 to run task
[2025-02-11T18:25:44.155+0000] {standard_task_runner.py:104} INFO - Running: ['***', 'tasks', 'run', 'superstore_dag', 'run_dbt_fact_orders', 'scheduled__2025-02-10T00:00:00+00:00', '--job-id', '208', '--raw', '--subdir', 'DAGS_FOLDER/superstore_dag.py', '--cfg-path', '/tmp/tmpwamyxeua']
[2025-02-11T18:25:44.157+0000] {standard_task_runner.py:105} INFO - Job 208: Subtask run_dbt_fact_orders
[2025-02-11T18:25:44.174+0000] {logging_mixin.py:190} WARNING - /home/***/.local/lib/python3.12/site-packages/***/settings.py:209 DeprecationWarning: The sql_alchemy_conn option in [core] has been moved to the sql_alchemy_conn option in [database] - the old setting has been used, but please update your config.
[2025-02-11T18:25:44.208+0000] {task_command.py:467} INFO - Running <TaskInstance: superstore_dag.run_dbt_fact_orders scheduled__2025-02-10T00:00:00+00:00 [running]> on host 9cd0ccfaeb2e
[2025-02-11T18:25:44.209+0000] {logging_mixin.py:190} WARNING - /home/***/.local/lib/python3.12/site-packages/***/settings.py:470 DeprecationWarning: The sql_alchemy_conn option in [core] has been moved to the sql_alchemy_conn option in [database] - the old setting has been used, but please update your config.
[2025-02-11T18:25:44.278+0000] {taskinstance.py:3132} INFO - Exporting env vars: AIRFLOW_CTX_DAG_OWNER='***' AIRFLOW_CTX_DAG_ID='superstore_dag' AIRFLOW_CTX_TASK_ID='run_dbt_fact_orders' AIRFLOW_CTX_EXECUTION_DATE='2025-02-10T00:00:00+00:00' AIRFLOW_CTX_TRY_NUMBER='1' AIRFLOW_CTX_DAG_RUN_ID='scheduled__2025-02-10T00:00:00+00:00'
[2025-02-11T18:25:44.281+0000] {taskinstance.py:731} INFO - ::endgroup::
[2025-02-11T18:25:44.295+0000] {subprocess.py:78} INFO - Tmp dir root location: /tmp
[2025-02-11T18:25:44.295+0000] {subprocess.py:88} INFO - Running command: ['/usr/bin/bash', '-c', 'cd /dbt/superstore/ && dbt run --select fact_orders']
[2025-02-11T18:25:44.304+0000] {subprocess.py:99} INFO - Output:
[2025-02-11T18:25:46.259+0000] {subprocess.py:106} INFO - [0m18:25:46  Running with dbt=1.9.2
[2025-02-11T18:25:46.532+0000] {subprocess.py:106} INFO - [0m18:25:46  Registered adapter: postgres=1.9.0
[2025-02-11T18:25:46.827+0000] {subprocess.py:106} INFO - [0m18:25:46  [[33mWARNING[0m]: Configuration paths exist in your dbt_project.yml file which do not apply to any resources.
[2025-02-11T18:25:46.827+0000] {subprocess.py:106} INFO - There are 1 unused configuration paths:
[2025-02-11T18:25:46.828+0000] {subprocess.py:106} INFO - - models.superstore_project.dim_product
[2025-02-11T18:25:47.029+0000] {subprocess.py:106} INFO - [0m18:25:47  Found 5 models, 8 data tests, 1 source, 431 macros
[2025-02-11T18:25:47.031+0000] {subprocess.py:106} INFO - [0m18:25:47
[2025-02-11T18:25:47.032+0000] {subprocess.py:106} INFO - [0m18:25:47  Concurrency: 1 threads (target='prod')
[2025-02-11T18:25:47.033+0000] {subprocess.py:106} INFO - [0m18:25:47
[2025-02-11T18:25:47.144+0000] {subprocess.py:106} INFO - [0m18:25:47  1 of 1 START sql incremental model core.fact_orders ............................ [RUN]
[2025-02-11T18:25:47.401+0000] {subprocess.py:106} INFO - [0m18:25:47  1 of 1 OK created sql incremental model core.fact_orders ....................... [[32mINSERT 0 0[0m in 0.25s]
[2025-02-11T18:25:47.419+0000] {subprocess.py:106} INFO - [0m18:25:47
[2025-02-11T18:25:47.419+0000] {subprocess.py:106} INFO - [0m18:25:47  Finished running 1 incremental model in 0 hours 0 minutes and 0.38 seconds (0.38s).
[2025-02-11T18:25:47.489+0000] {subprocess.py:106} INFO - [0m18:25:47
[2025-02-11T18:25:47.490+0000] {subprocess.py:106} INFO - [0m18:25:47  [32mCompleted successfully[0m
[2025-02-11T18:25:47.491+0000] {subprocess.py:106} INFO - [0m18:25:47
[2025-02-11T18:25:47.492+0000] {subprocess.py:106} INFO - [0m18:25:47  Done. PASS=1 WARN=0 ERROR=0 SKIP=0 TOTAL=1
[2025-02-11T18:25:48.577+0000] {subprocess.py:110} INFO - Command exited with return code 0
[2025-02-11T18:25:48.603+0000] {taskinstance.py:340} INFO - ::group::Post task execution logs
[2025-02-11T18:25:48.604+0000] {taskinstance.py:352} INFO - Marking task as SUCCESS. dag_id=superstore_dag, task_id=run_dbt_fact_orders, run_id=scheduled__2025-02-10T00:00:00+00:00, execution_date=20250210T000000, start_date=20250211T182544, end_date=20250211T182548
[2025-02-11T18:25:48.627+0000] {local_task_job_runner.py:266} INFO - Task exited with return code 0
[2025-02-11T18:25:48.642+0000] {taskinstance.py:3895} INFO - 0 downstream tasks scheduled from follow-on schedule check
[2025-02-11T18:25:48.646+0000] {local_task_job_runner.py:245} INFO - ::endgroup::
