[2025-02-15T21:45:59.875+0000] {local_task_job_runner.py:123} INFO - ::group::Pre task execution logs
[2025-02-15T21:45:59.890+0000] {taskinstance.py:2614} INFO - Dependencies all met for dep_context=non-requeueable deps ti=<TaskInstance: superstore_dag.run_dbt_dim_product scheduled__2025-02-14T00:00:00+00:00 [queued]>
[2025-02-15T21:45:59.898+0000] {taskinstance.py:2614} INFO - Dependencies all met for dep_context=requeueable deps ti=<TaskInstance: superstore_dag.run_dbt_dim_product scheduled__2025-02-14T00:00:00+00:00 [queued]>
[2025-02-15T21:45:59.899+0000] {taskinstance.py:2867} INFO - Starting attempt 1 of 1
[2025-02-15T21:45:59.911+0000] {taskinstance.py:2890} INFO - Executing <Task(BashOperator): run_dbt_dim_product> on 2025-02-14 00:00:00+00:00
[2025-02-15T21:45:59.916+0000] {standard_task_runner.py:72} INFO - Started process 345 to run task
[2025-02-15T21:45:59.918+0000] {standard_task_runner.py:104} INFO - Running: ['***', 'tasks', 'run', 'superstore_dag', 'run_dbt_dim_product', 'scheduled__2025-02-14T00:00:00+00:00', '--job-id', '238', '--raw', '--subdir', 'DAGS_FOLDER/superstore_dag.py', '--cfg-path', '/tmp/tmpvg4iget6']
[2025-02-15T21:45:59.920+0000] {standard_task_runner.py:105} INFO - Job 238: Subtask run_dbt_dim_product
[2025-02-15T21:45:59.934+0000] {logging_mixin.py:190} WARNING - /home/***/.local/lib/python3.12/site-packages/***/settings.py:209 DeprecationWarning: The sql_alchemy_conn option in [core] has been moved to the sql_alchemy_conn option in [database] - the old setting has been used, but please update your config.
[2025-02-15T21:45:59.967+0000] {task_command.py:467} INFO - Running <TaskInstance: superstore_dag.run_dbt_dim_product scheduled__2025-02-14T00:00:00+00:00 [running]> on host e06c424a4719
[2025-02-15T21:45:59.968+0000] {logging_mixin.py:190} WARNING - /home/***/.local/lib/python3.12/site-packages/***/settings.py:470 DeprecationWarning: The sql_alchemy_conn option in [core] has been moved to the sql_alchemy_conn option in [database] - the old setting has been used, but please update your config.
[2025-02-15T21:46:00.044+0000] {taskinstance.py:3134} INFO - Exporting env vars: AIRFLOW_CTX_DAG_OWNER='***' AIRFLOW_CTX_DAG_ID='superstore_dag' AIRFLOW_CTX_TASK_ID='run_dbt_dim_product' AIRFLOW_CTX_EXECUTION_DATE='2025-02-14T00:00:00+00:00' AIRFLOW_CTX_TRY_NUMBER='1' AIRFLOW_CTX_DAG_RUN_ID='scheduled__2025-02-14T00:00:00+00:00'
[2025-02-15T21:46:00.045+0000] {taskinstance.py:732} INFO - ::endgroup::
[2025-02-15T21:46:00.060+0000] {subprocess.py:78} INFO - Tmp dir root location: /tmp
[2025-02-15T21:46:00.062+0000] {subprocess.py:88} INFO - Running command: ['/usr/bin/bash', '-c', 'cd /dbt/superstore/ && dbt run --select dim_product']
[2025-02-15T21:46:00.070+0000] {subprocess.py:99} INFO - Output:
[2025-02-15T21:46:02.267+0000] {subprocess.py:106} INFO - [0m21:46:02  Running with dbt=1.9.2
[2025-02-15T21:46:02.599+0000] {subprocess.py:106} INFO - [0m21:46:02  Registered adapter: postgres=1.9.0
[2025-02-15T21:46:02.809+0000] {subprocess.py:106} INFO - [0m21:46:02  Unable to do partial parsing because profile has changed
[2025-02-15T21:46:04.303+0000] {subprocess.py:106} INFO - [0m21:46:04  [[33mWARNING[0m]: Did not find matching node for patch with name 'fact_sales' in the 'models' section of file 'models/core/schema.yml'
[2025-02-15T21:46:04.754+0000] {subprocess.py:106} INFO - [0m21:46:04  Encountered an error:
[2025-02-15T21:46:04.755+0000] {subprocess.py:106} INFO - Compilation Error
[2025-02-15T21:46:04.755+0000] {subprocess.py:106} INFO -   Model 'model.superstore_project.dim_location' (models/core/dim_location.sql) depends on a source named 'stg.superstore_data_raw' which was not found
[2025-02-15T21:46:05.784+0000] {subprocess.py:110} INFO - Command exited with return code 2
[2025-02-15T21:46:05.795+0000] {taskinstance.py:3313} ERROR - Task failed with exception
Traceback (most recent call last):
  File "/home/airflow/.local/lib/python3.12/site-packages/airflow/models/taskinstance.py", line 768, in _execute_task
    result = _execute_callable(context=context, **execute_callable_kwargs)
             ^^^^^^^^^^^^^^^^^^^^^^^^^^^^^^^^^^^^^^^^^^^^^^^^^^^^^^^^^^^^^
  File "/home/airflow/.local/lib/python3.12/site-packages/airflow/models/taskinstance.py", line 734, in _execute_callable
    return ExecutionCallableRunner(
           ^^^^^^^^^^^^^^^^^^^^^^^^
  File "/home/airflow/.local/lib/python3.12/site-packages/airflow/utils/operator_helpers.py", line 252, in run
    return self.func(*args, **kwargs)
           ^^^^^^^^^^^^^^^^^^^^^^^^^^
  File "/home/airflow/.local/lib/python3.12/site-packages/airflow/models/baseoperator.py", line 424, in wrapper
    return func(self, *args, **kwargs)
           ^^^^^^^^^^^^^^^^^^^^^^^^^^^
  File "/home/airflow/.local/lib/python3.12/site-packages/airflow/operators/bash.py", line 276, in execute
    raise AirflowException(
airflow.exceptions.AirflowException: Bash command failed. The command returned a non-zero exit code 2.
[2025-02-15T21:46:05.799+0000] {taskinstance.py:1226} INFO - Marking task as FAILED. dag_id=superstore_dag, task_id=run_dbt_dim_product, run_id=scheduled__2025-02-14T00:00:00+00:00, execution_date=20250214T000000, start_date=20250215T214559, end_date=20250215T214605
[2025-02-15T21:46:05.822+0000] {taskinstance.py:341} INFO - ::group::Post task execution logs
[2025-02-15T21:46:05.823+0000] {standard_task_runner.py:124} ERROR - Failed to execute job 238 for task run_dbt_dim_product (Bash command failed. The command returned a non-zero exit code 2.; 345)
Traceback (most recent call last):
  File "/home/airflow/.local/lib/python3.12/site-packages/airflow/task/task_runner/standard_task_runner.py", line 117, in _start_by_fork
    ret = args.func(args, dag=self.dag)
          ^^^^^^^^^^^^^^^^^^^^^^^^^^^^^
  File "/home/airflow/.local/lib/python3.12/site-packages/airflow/cli/cli_config.py", line 49, in command
    return func(*args, **kwargs)
           ^^^^^^^^^^^^^^^^^^^^^
  File "/home/airflow/.local/lib/python3.12/site-packages/airflow/utils/cli.py", line 116, in wrapper
    return f(*args, **kwargs)
           ^^^^^^^^^^^^^^^^^^
  File "/home/airflow/.local/lib/python3.12/site-packages/airflow/cli/commands/task_command.py", line 483, in task_run
    task_return_code = _run_task_by_selected_method(args, _dag, ti)
                       ^^^^^^^^^^^^^^^^^^^^^^^^^^^^^^^^^^^^^^^^^^^^
  File "/home/airflow/.local/lib/python3.12/site-packages/airflow/cli/commands/task_command.py", line 256, in _run_task_by_selected_method
    return _run_raw_task(args, ti)
           ^^^^^^^^^^^^^^^^^^^^^^^
  File "/home/airflow/.local/lib/python3.12/site-packages/airflow/cli/commands/task_command.py", line 341, in _run_raw_task
    return ti._run_raw_task(
           ^^^^^^^^^^^^^^^^^
  File "/home/airflow/.local/lib/python3.12/site-packages/airflow/utils/session.py", line 97, in wrapper
    return func(*args, session=session, **kwargs)
           ^^^^^^^^^^^^^^^^^^^^^^^^^^^^^^^^^^^^^^
  File "/home/airflow/.local/lib/python3.12/site-packages/airflow/models/taskinstance.py", line 3006, in _run_raw_task
    return _run_raw_task(
           ^^^^^^^^^^^^^^
  File "/home/airflow/.local/lib/python3.12/site-packages/airflow/models/taskinstance.py", line 274, in _run_raw_task
    TaskInstance._execute_task_with_callbacks(
  File "/home/airflow/.local/lib/python3.12/site-packages/airflow/models/taskinstance.py", line 3161, in _execute_task_with_callbacks
    result = self._execute_task(context, task_orig)
             ^^^^^^^^^^^^^^^^^^^^^^^^^^^^^^^^^^^^^^
  File "/home/airflow/.local/lib/python3.12/site-packages/airflow/models/taskinstance.py", line 3185, in _execute_task
    return _execute_task(self, context, task_orig)
           ^^^^^^^^^^^^^^^^^^^^^^^^^^^^^^^^^^^^^^^
  File "/home/airflow/.local/lib/python3.12/site-packages/airflow/models/taskinstance.py", line 768, in _execute_task
    result = _execute_callable(context=context, **execute_callable_kwargs)
             ^^^^^^^^^^^^^^^^^^^^^^^^^^^^^^^^^^^^^^^^^^^^^^^^^^^^^^^^^^^^^
  File "/home/airflow/.local/lib/python3.12/site-packages/airflow/models/taskinstance.py", line 734, in _execute_callable
    return ExecutionCallableRunner(
           ^^^^^^^^^^^^^^^^^^^^^^^^
  File "/home/airflow/.local/lib/python3.12/site-packages/airflow/utils/operator_helpers.py", line 252, in run
    return self.func(*args, **kwargs)
           ^^^^^^^^^^^^^^^^^^^^^^^^^^
  File "/home/airflow/.local/lib/python3.12/site-packages/airflow/models/baseoperator.py", line 424, in wrapper
    return func(self, *args, **kwargs)
           ^^^^^^^^^^^^^^^^^^^^^^^^^^^
  File "/home/airflow/.local/lib/python3.12/site-packages/airflow/operators/bash.py", line 276, in execute
    raise AirflowException(
airflow.exceptions.AirflowException: Bash command failed. The command returned a non-zero exit code 2.
[2025-02-15T21:46:05.871+0000] {local_task_job_runner.py:266} INFO - Task exited with return code 1
[2025-02-15T21:46:05.884+0000] {taskinstance.py:3901} INFO - 0 downstream tasks scheduled from follow-on schedule check
[2025-02-15T21:46:05.887+0000] {local_task_job_runner.py:245} INFO - ::endgroup::
