[2025-02-16T10:05:34.450+0000] {local_task_job_runner.py:123} INFO - ::group::Pre task execution logs
[2025-02-16T10:05:34.468+0000] {taskinstance.py:2614} INFO - Dependencies all met for dep_context=non-requeueable deps ti=<TaskInstance: superstore_dag.run_dbt_dm_superstore_sales_t scheduled__2025-02-15T00:00:00+00:00 [queued]>
[2025-02-16T10:05:34.478+0000] {taskinstance.py:2614} INFO - Dependencies all met for dep_context=requeueable deps ti=<TaskInstance: superstore_dag.run_dbt_dm_superstore_sales_t scheduled__2025-02-15T00:00:00+00:00 [queued]>
[2025-02-16T10:05:34.480+0000] {taskinstance.py:2867} INFO - Starting attempt 1 of 1
[2025-02-16T10:05:34.491+0000] {taskinstance.py:2890} INFO - Executing <Task(BashOperator): run_dbt_dm_superstore_sales_t> on 2025-02-15 00:00:00+00:00
[2025-02-16T10:05:34.495+0000] {standard_task_runner.py:72} INFO - Started process 233 to run task
[2025-02-16T10:05:34.498+0000] {standard_task_runner.py:104} INFO - Running: ['***', 'tasks', 'run', 'superstore_dag', 'run_dbt_dm_superstore_sales_t', 'scheduled__2025-02-15T00:00:00+00:00', '--job-id', '245', '--raw', '--subdir', 'DAGS_FOLDER/superstore_dag.py', '--cfg-path', '/tmp/tmp3upd2hx1']
[2025-02-16T10:05:34.500+0000] {standard_task_runner.py:105} INFO - Job 245: Subtask run_dbt_dm_superstore_sales_t
[2025-02-16T10:05:34.515+0000] {logging_mixin.py:190} WARNING - /home/***/.local/lib/python3.12/site-packages/***/settings.py:209 DeprecationWarning: The sql_alchemy_conn option in [core] has been moved to the sql_alchemy_conn option in [database] - the old setting has been used, but please update your config.
[2025-02-16T10:05:34.548+0000] {task_command.py:467} INFO - Running <TaskInstance: superstore_dag.run_dbt_dm_superstore_sales_t scheduled__2025-02-15T00:00:00+00:00 [running]> on host e06c424a4719
[2025-02-16T10:05:34.550+0000] {logging_mixin.py:190} WARNING - /home/***/.local/lib/python3.12/site-packages/***/settings.py:470 DeprecationWarning: The sql_alchemy_conn option in [core] has been moved to the sql_alchemy_conn option in [database] - the old setting has been used, but please update your config.
[2025-02-16T10:05:34.631+0000] {taskinstance.py:3134} INFO - Exporting env vars: AIRFLOW_CTX_DAG_OWNER='***' AIRFLOW_CTX_DAG_ID='superstore_dag' AIRFLOW_CTX_TASK_ID='run_dbt_dm_superstore_sales_t' AIRFLOW_CTX_EXECUTION_DATE='2025-02-15T00:00:00+00:00' AIRFLOW_CTX_TRY_NUMBER='1' AIRFLOW_CTX_DAG_RUN_ID='scheduled__2025-02-15T00:00:00+00:00'
[2025-02-16T10:05:34.632+0000] {taskinstance.py:732} INFO - ::endgroup::
[2025-02-16T10:05:34.645+0000] {subprocess.py:78} INFO - Tmp dir root location: /tmp
[2025-02-16T10:05:34.647+0000] {subprocess.py:88} INFO - Running command: ['/usr/bin/bash', '-c', 'cd /dbt/superstore/ && dbt run --select superstore_sales_t']
[2025-02-16T10:05:34.654+0000] {subprocess.py:99} INFO - Output:
[2025-02-16T10:05:36.754+0000] {subprocess.py:106} INFO - [0m10:05:36  Running with dbt=1.9.2
[2025-02-16T10:05:37.070+0000] {subprocess.py:106} INFO - [0m10:05:37  Registered adapter: postgres=1.9.0
[2025-02-16T10:05:37.669+0000] {subprocess.py:106} INFO - [0m10:05:37  Found 6 models, 15 data tests, 1 source, 433 macros
[2025-02-16T10:05:37.673+0000] {subprocess.py:106} INFO - [0m10:05:37
[2025-02-16T10:05:37.674+0000] {subprocess.py:106} INFO - [0m10:05:37  Concurrency: 1 threads (target='prod')
[2025-02-16T10:05:37.674+0000] {subprocess.py:106} INFO - [0m10:05:37
[2025-02-16T10:05:37.822+0000] {subprocess.py:106} INFO - [0m10:05:37  1 of 1 START sql incremental model _dm.superstore_sales_t ...................... [RUN]
[2025-02-16T10:05:37.995+0000] {subprocess.py:106} INFO - [0m10:05:37  1 of 1 OK created sql incremental model _dm.superstore_sales_t ................. [[32mSELECT 3000[0m in 0.17s]
[2025-02-16T10:05:38.011+0000] {subprocess.py:106} INFO - [0m10:05:38
[2025-02-16T10:05:38.012+0000] {subprocess.py:106} INFO - [0m10:05:38  Finished running 1 incremental model in 0 hours 0 minutes and 0.34 seconds (0.34s).
[2025-02-16T10:05:38.069+0000] {subprocess.py:106} INFO - [0m10:05:38
[2025-02-16T10:05:38.070+0000] {subprocess.py:106} INFO - [0m10:05:38  [32mCompleted successfully[0m
[2025-02-16T10:05:38.070+0000] {subprocess.py:106} INFO - [0m10:05:38
[2025-02-16T10:05:38.071+0000] {subprocess.py:106} INFO - [0m10:05:38  Done. PASS=1 WARN=0 ERROR=0 SKIP=0 TOTAL=1
[2025-02-16T10:05:38.974+0000] {subprocess.py:110} INFO - Command exited with return code 0
[2025-02-16T10:05:38.997+0000] {taskinstance.py:341} INFO - ::group::Post task execution logs
[2025-02-16T10:05:38.998+0000] {taskinstance.py:353} INFO - Marking task as SUCCESS. dag_id=superstore_dag, task_id=run_dbt_dm_superstore_sales_t, run_id=scheduled__2025-02-15T00:00:00+00:00, execution_date=20250215T000000, start_date=20250216T100534, end_date=20250216T100538
[2025-02-16T10:05:39.044+0000] {local_task_job_runner.py:266} INFO - Task exited with return code 0
[2025-02-16T10:05:39.059+0000] {taskinstance.py:3901} INFO - 0 downstream tasks scheduled from follow-on schedule check
[2025-02-16T10:05:39.062+0000] {local_task_job_runner.py:245} INFO - ::endgroup::
