[2025-02-11T18:25:36.381+0000] {local_task_job_runner.py:123} INFO - ::group::Pre task execution logs
[2025-02-11T18:25:36.396+0000] {taskinstance.py:2613} INFO - Dependencies all met for dep_context=non-requeueable deps ti=<TaskInstance: superstore_dag.run_dbt_dim_product manual__2025-02-11T18:24:30.820415+00:00 [queued]>
[2025-02-11T18:25:36.404+0000] {taskinstance.py:2613} INFO - Dependencies all met for dep_context=requeueable deps ti=<TaskInstance: superstore_dag.run_dbt_dim_product manual__2025-02-11T18:24:30.820415+00:00 [queued]>
[2025-02-11T18:25:36.406+0000] {taskinstance.py:2866} INFO - Starting attempt 1 of 1
[2025-02-11T18:25:36.418+0000] {taskinstance.py:2889} INFO - Executing <Task(BashOperator): run_dbt_dim_product> on 2025-02-11 18:24:30.820415+00:00
[2025-02-11T18:25:36.424+0000] {standard_task_runner.py:72} INFO - Started process 737 to run task
[2025-02-11T18:25:36.427+0000] {standard_task_runner.py:104} INFO - Running: ['***', 'tasks', 'run', 'superstore_dag', 'run_dbt_dim_product', 'manual__2025-02-11T18:24:30.820415+00:00', '--job-id', '207', '--raw', '--subdir', 'DAGS_FOLDER/superstore_dag.py', '--cfg-path', '/tmp/tmpkdi7s94x']
[2025-02-11T18:25:36.429+0000] {standard_task_runner.py:105} INFO - Job 207: Subtask run_dbt_dim_product
[2025-02-11T18:25:36.446+0000] {logging_mixin.py:190} WARNING - /home/***/.local/lib/python3.12/site-packages/***/settings.py:209 DeprecationWarning: The sql_alchemy_conn option in [core] has been moved to the sql_alchemy_conn option in [database] - the old setting has been used, but please update your config.
[2025-02-11T18:25:36.478+0000] {task_command.py:467} INFO - Running <TaskInstance: superstore_dag.run_dbt_dim_product manual__2025-02-11T18:24:30.820415+00:00 [running]> on host 9cd0ccfaeb2e
[2025-02-11T18:25:36.551+0000] {taskinstance.py:3132} INFO - Exporting env vars: AIRFLOW_CTX_DAG_OWNER='***' AIRFLOW_CTX_DAG_ID='superstore_dag' AIRFLOW_CTX_TASK_ID='run_dbt_dim_product' AIRFLOW_CTX_EXECUTION_DATE='2025-02-11T18:24:30.820415+00:00' AIRFLOW_CTX_TRY_NUMBER='1' AIRFLOW_CTX_DAG_RUN_ID='manual__2025-02-11T18:24:30.820415+00:00'
[2025-02-11T18:25:36.552+0000] {taskinstance.py:731} INFO - ::endgroup::
[2025-02-11T18:25:36.567+0000] {subprocess.py:78} INFO - Tmp dir root location: /tmp
[2025-02-11T18:25:36.568+0000] {subprocess.py:88} INFO - Running command: ['/usr/bin/bash', '-c', 'cd /dbt/superstore/ && dbt run --select dim_product']
[2025-02-11T18:25:36.576+0000] {subprocess.py:99} INFO - Output:
[2025-02-11T18:25:38.644+0000] {subprocess.py:106} INFO - [0m18:25:38  Running with dbt=1.9.2
[2025-02-11T18:25:38.922+0000] {subprocess.py:106} INFO - [0m18:25:38  Registered adapter: postgres=1.9.0
[2025-02-11T18:25:39.237+0000] {subprocess.py:106} INFO - [0m18:25:39  [[33mWARNING[0m]: Configuration paths exist in your dbt_project.yml file which do not apply to any resources.
[2025-02-11T18:25:39.237+0000] {subprocess.py:106} INFO - There are 1 unused configuration paths:
[2025-02-11T18:25:39.237+0000] {subprocess.py:106} INFO - - models.superstore_project.dim_product
[2025-02-11T18:25:39.444+0000] {subprocess.py:106} INFO - [0m18:25:39  Found 5 models, 8 data tests, 1 source, 431 macros
[2025-02-11T18:25:39.447+0000] {subprocess.py:106} INFO - [0m18:25:39
[2025-02-11T18:25:39.449+0000] {subprocess.py:106} INFO - [0m18:25:39  Concurrency: 1 threads (target='prod')
[2025-02-11T18:25:39.450+0000] {subprocess.py:106} INFO - [0m18:25:39
[2025-02-11T18:25:39.553+0000] {subprocess.py:106} INFO - [0m18:25:39  1 of 1 START sql incremental model core.dim_product ............................ [RUN]
[2025-02-11T18:25:39.801+0000] {subprocess.py:106} INFO - [0m18:25:39  1 of 1 OK created sql incremental model core.dim_product ....................... [[32mINSERT 0 8474[0m in 0.24s]
[2025-02-11T18:25:39.815+0000] {subprocess.py:106} INFO - [0m18:25:39
[2025-02-11T18:25:39.815+0000] {subprocess.py:106} INFO - [0m18:25:39  Finished running 1 incremental model in 0 hours 0 minutes and 0.36 seconds (0.36s).
[2025-02-11T18:25:39.881+0000] {subprocess.py:106} INFO - [0m18:25:39
[2025-02-11T18:25:39.882+0000] {subprocess.py:106} INFO - [0m18:25:39  [32mCompleted successfully[0m
[2025-02-11T18:25:39.882+0000] {subprocess.py:106} INFO - [0m18:25:39
[2025-02-11T18:25:39.883+0000] {subprocess.py:106} INFO - [0m18:25:39  Done. PASS=1 WARN=0 ERROR=0 SKIP=0 TOTAL=1
[2025-02-11T18:25:40.809+0000] {subprocess.py:110} INFO - Command exited with return code 0
[2025-02-11T18:25:40.836+0000] {taskinstance.py:340} INFO - ::group::Post task execution logs
[2025-02-11T18:25:40.837+0000] {taskinstance.py:352} INFO - Marking task as SUCCESS. dag_id=superstore_dag, task_id=run_dbt_dim_product, run_id=manual__2025-02-11T18:24:30.820415+00:00, execution_date=20250211T182430, start_date=20250211T182536, end_date=20250211T182540
[2025-02-11T18:25:40.868+0000] {local_task_job_runner.py:266} INFO - Task exited with return code 0
[2025-02-11T18:25:40.889+0000] {taskinstance.py:3895} INFO - 1 downstream tasks scheduled from follow-on schedule check
[2025-02-11T18:25:40.899+0000] {local_task_job_runner.py:245} INFO - ::endgroup::
