[2025-02-08T18:07:04.382+0000] {local_task_job_runner.py:123} INFO - ::group::Pre task execution logs
[2025-02-08T18:07:04.393+0000] {taskinstance.py:2613} INFO - Dependencies all met for dep_context=non-requeueable deps ti=<TaskInstance: dim_location.run_dbt_dim_customer manual__2025-02-08T18:06:52.546597+00:00 [queued]>
[2025-02-08T18:07:04.398+0000] {taskinstance.py:2613} INFO - Dependencies all met for dep_context=requeueable deps ti=<TaskInstance: dim_location.run_dbt_dim_customer manual__2025-02-08T18:06:52.546597+00:00 [queued]>
[2025-02-08T18:07:04.399+0000] {taskinstance.py:2866} INFO - Starting attempt 1 of 1
[2025-02-08T18:07:04.408+0000] {taskinstance.py:2889} INFO - Executing <Task(BashOperator): run_dbt_dim_customer> on 2025-02-08 18:06:52.546597+00:00
[2025-02-08T18:07:04.413+0000] {standard_task_runner.py:72} INFO - Started process 862 to run task
[2025-02-08T18:07:04.415+0000] {standard_task_runner.py:104} INFO - Running: ['***', 'tasks', 'run', 'dim_location', 'run_dbt_dim_customer', 'manual__2025-02-08T18:06:52.546597+00:00', '--job-id', '191', '--raw', '--subdir', 'DAGS_FOLDER/dim_location.py', '--cfg-path', '/tmp/tmp_pc9xoe0']
[2025-02-08T18:07:04.416+0000] {standard_task_runner.py:105} INFO - Job 191: Subtask run_dbt_dim_customer
[2025-02-08T18:07:04.428+0000] {logging_mixin.py:190} WARNING - /home/***/.local/lib/python3.12/site-packages/***/settings.py:209 DeprecationWarning: The sql_alchemy_conn option in [core] has been moved to the sql_alchemy_conn option in [database] - the old setting has been used, but please update your config.
[2025-02-08T18:07:04.452+0000] {task_command.py:467} INFO - Running <TaskInstance: dim_location.run_dbt_dim_customer manual__2025-02-08T18:06:52.546597+00:00 [running]> on host 9cd0ccfaeb2e
[2025-02-08T18:07:04.507+0000] {taskinstance.py:3132} INFO - Exporting env vars: AIRFLOW_CTX_DAG_OWNER='***' AIRFLOW_CTX_DAG_ID='dim_location' AIRFLOW_CTX_TASK_ID='run_dbt_dim_customer' AIRFLOW_CTX_EXECUTION_DATE='2025-02-08T18:06:52.546597+00:00' AIRFLOW_CTX_TRY_NUMBER='1' AIRFLOW_CTX_DAG_RUN_ID='manual__2025-02-08T18:06:52.546597+00:00'
[2025-02-08T18:07:04.508+0000] {taskinstance.py:731} INFO - ::endgroup::
[2025-02-08T18:07:04.519+0000] {subprocess.py:78} INFO - Tmp dir root location: /tmp
[2025-02-08T18:07:04.520+0000] {subprocess.py:88} INFO - Running command: ['/usr/bin/bash', '-c', 'cd /dbt/superstore/ && dbt run --select dim_customer']
[2025-02-08T18:07:04.527+0000] {subprocess.py:99} INFO - Output:
[2025-02-08T18:07:06.035+0000] {subprocess.py:106} INFO - [0m18:07:06  Running with dbt=1.9.2
[2025-02-08T18:07:06.248+0000] {subprocess.py:106} INFO - [0m18:07:06  Registered adapter: postgres=1.9.0
[2025-02-08T18:07:06.464+0000] {subprocess.py:106} INFO - [0m18:07:06  [[33mWARNING[0m]: Configuration paths exist in your dbt_project.yml file which do not apply to any resources.
[2025-02-08T18:07:06.465+0000] {subprocess.py:106} INFO - There are 1 unused configuration paths:
[2025-02-08T18:07:06.465+0000] {subprocess.py:106} INFO - - models.superstore_project.dim_customer
[2025-02-08T18:07:06.599+0000] {subprocess.py:106} INFO - [0m18:07:06  Found 5 models, 8 data tests, 1 source, 431 macros
[2025-02-08T18:07:06.601+0000] {subprocess.py:106} INFO - [0m18:07:06
[2025-02-08T18:07:06.602+0000] {subprocess.py:106} INFO - [0m18:07:06  Concurrency: 1 threads (target='prod')
[2025-02-08T18:07:06.602+0000] {subprocess.py:106} INFO - [0m18:07:06
[2025-02-08T18:07:06.697+0000] {subprocess.py:106} INFO - [0m18:07:06  1 of 1 START sql incremental model core.dim_customer ........................... [RUN]
[2025-02-08T18:07:06.844+0000] {subprocess.py:106} INFO - [0m18:07:06  1 of 1 OK created sql incremental model core.dim_customer ...................... [[32mINSERT 0 0[0m in 0.15s]
[2025-02-08T18:07:06.857+0000] {subprocess.py:106} INFO - [0m18:07:06
[2025-02-08T18:07:06.858+0000] {subprocess.py:106} INFO - [0m18:07:06  Finished running 1 incremental model in 0 hours 0 minutes and 0.25 seconds (0.25s).
[2025-02-08T18:07:06.902+0000] {subprocess.py:106} INFO - [0m18:07:06
[2025-02-08T18:07:06.903+0000] {subprocess.py:106} INFO - [0m18:07:06  [32mCompleted successfully[0m
[2025-02-08T18:07:06.903+0000] {subprocess.py:106} INFO - [0m18:07:06
[2025-02-08T18:07:06.904+0000] {subprocess.py:106} INFO - [0m18:07:06  Done. PASS=1 WARN=0 ERROR=0 SKIP=0 TOTAL=1
[2025-02-08T18:07:07.686+0000] {subprocess.py:110} INFO - Command exited with return code 0
[2025-02-08T18:07:07.706+0000] {taskinstance.py:340} INFO - ::group::Post task execution logs
[2025-02-08T18:07:07.707+0000] {taskinstance.py:352} INFO - Marking task as SUCCESS. dag_id=dim_location, task_id=run_dbt_dim_customer, run_id=manual__2025-02-08T18:06:52.546597+00:00, execution_date=20250208T180652, start_date=20250208T180704, end_date=20250208T180707
[2025-02-08T18:07:07.756+0000] {local_task_job_runner.py:266} INFO - Task exited with return code 0
[2025-02-08T18:07:07.769+0000] {taskinstance.py:3895} INFO - 0 downstream tasks scheduled from follow-on schedule check
[2025-02-08T18:07:07.772+0000] {local_task_job_runner.py:245} INFO - ::endgroup::
