[2025-02-03T18:34:36.677+0000] {processor.py:186} INFO - Started process (PID=57) to work on /opt/airflow/dags/first_dag.py
[2025-02-03T18:34:36.679+0000] {processor.py:914} INFO - Processing file /opt/airflow/dags/first_dag.py for tasks to queue
[2025-02-03T18:34:36.683+0000] {logging_mixin.py:190} INFO - [2025-02-03T18:34:36.683+0000] {dagbag.py:588} INFO - Filling up the DagBag from /opt/airflow/dags/first_dag.py
[2025-02-03T18:34:36.708+0000] {processor.py:925} INFO - DAG(s) 'first_dag' retrieved from /opt/airflow/dags/first_dag.py
[2025-02-03T18:34:36.747+0000] {logging_mixin.py:190} INFO - [2025-02-03T18:34:36.747+0000] {dag.py:3239} INFO - Sync 1 DAGs
[2025-02-03T18:34:36.783+0000] {logging_mixin.py:190} INFO - [2025-02-03T18:34:36.783+0000] {dag.py:4180} INFO - Setting next_dagrun for first_dag to 2025-02-03 00:00:00+00:00, run_after=2025-02-04 00:00:00+00:00
[2025-02-03T18:34:36.808+0000] {processor.py:208} INFO - Processing /opt/airflow/dags/first_dag.py took 0.139 seconds
[2025-02-03T18:35:07.322+0000] {processor.py:186} INFO - Started process (PID=98) to work on /opt/airflow/dags/first_dag.py
[2025-02-03T18:35:07.323+0000] {processor.py:914} INFO - Processing file /opt/airflow/dags/first_dag.py for tasks to queue
[2025-02-03T18:35:07.326+0000] {logging_mixin.py:190} INFO - [2025-02-03T18:35:07.326+0000] {dagbag.py:588} INFO - Filling up the DagBag from /opt/airflow/dags/first_dag.py
[2025-02-03T18:35:07.350+0000] {processor.py:925} INFO - DAG(s) 'first_dag' retrieved from /opt/airflow/dags/first_dag.py
[2025-02-03T18:35:07.376+0000] {logging_mixin.py:190} INFO - [2025-02-03T18:35:07.376+0000] {dag.py:3239} INFO - Sync 1 DAGs
[2025-02-03T18:35:07.400+0000] {logging_mixin.py:190} INFO - [2025-02-03T18:35:07.399+0000] {dag.py:4180} INFO - Setting next_dagrun for first_dag to 2025-02-03 00:00:00+00:00, run_after=2025-02-04 00:00:00+00:00
[2025-02-03T18:35:07.421+0000] {processor.py:208} INFO - Processing /opt/airflow/dags/first_dag.py took 0.105 seconds
[2025-02-03T18:37:39.363+0000] {processor.py:186} INFO - Started process (PID=56) to work on /opt/airflow/dags/first_dag.py
[2025-02-03T18:37:39.364+0000] {processor.py:914} INFO - Processing file /opt/airflow/dags/first_dag.py for tasks to queue
[2025-02-03T18:37:39.366+0000] {logging_mixin.py:190} INFO - [2025-02-03T18:37:39.366+0000] {dagbag.py:588} INFO - Filling up the DagBag from /opt/airflow/dags/first_dag.py
[2025-02-03T18:37:39.390+0000] {processor.py:925} INFO - DAG(s) 'first_dag' retrieved from /opt/airflow/dags/first_dag.py
[2025-02-03T18:37:39.440+0000] {logging_mixin.py:190} INFO - [2025-02-03T18:37:39.440+0000] {dag.py:3239} INFO - Sync 1 DAGs
[2025-02-03T18:37:39.470+0000] {logging_mixin.py:190} INFO - [2025-02-03T18:37:39.469+0000] {dag.py:4180} INFO - Setting next_dagrun for first_dag to 2025-02-03 00:00:00+00:00, run_after=2025-02-04 00:00:00+00:00
[2025-02-03T18:37:39.491+0000] {processor.py:208} INFO - Processing /opt/airflow/dags/first_dag.py took 0.133 seconds
[2025-02-03T18:38:10.411+0000] {processor.py:186} INFO - Started process (PID=58) to work on /opt/airflow/dags/first_dag.py
[2025-02-03T18:38:10.412+0000] {processor.py:914} INFO - Processing file /opt/airflow/dags/first_dag.py for tasks to queue
[2025-02-03T18:38:10.415+0000] {logging_mixin.py:190} INFO - [2025-02-03T18:38:10.414+0000] {dagbag.py:588} INFO - Filling up the DagBag from /opt/airflow/dags/first_dag.py
[2025-02-03T18:38:10.453+0000] {processor.py:925} INFO - DAG(s) 'first_dag' retrieved from /opt/airflow/dags/first_dag.py
[2025-02-03T18:38:10.495+0000] {logging_mixin.py:190} INFO - [2025-02-03T18:38:10.495+0000] {dag.py:3239} INFO - Sync 1 DAGs
[2025-02-03T18:38:10.529+0000] {logging_mixin.py:190} INFO - [2025-02-03T18:38:10.529+0000] {dag.py:4180} INFO - Setting next_dagrun for first_dag to 2025-02-03 00:00:00+00:00, run_after=2025-02-04 00:00:00+00:00
[2025-02-03T18:38:10.549+0000] {processor.py:208} INFO - Processing /opt/airflow/dags/first_dag.py took 0.148 seconds
[2025-02-03T18:38:40.644+0000] {processor.py:186} INFO - Started process (PID=60) to work on /opt/airflow/dags/first_dag.py
[2025-02-03T18:38:40.645+0000] {processor.py:914} INFO - Processing file /opt/airflow/dags/first_dag.py for tasks to queue
[2025-02-03T18:38:40.646+0000] {logging_mixin.py:190} INFO - [2025-02-03T18:38:40.646+0000] {dagbag.py:588} INFO - Filling up the DagBag from /opt/airflow/dags/first_dag.py
[2025-02-03T18:38:40.665+0000] {processor.py:925} INFO - DAG(s) 'first_dag' retrieved from /opt/airflow/dags/first_dag.py
[2025-02-03T18:38:40.689+0000] {logging_mixin.py:190} INFO - [2025-02-03T18:38:40.688+0000] {dag.py:3239} INFO - Sync 1 DAGs
[2025-02-03T18:38:40.712+0000] {logging_mixin.py:190} INFO - [2025-02-03T18:38:40.711+0000] {dag.py:4180} INFO - Setting next_dagrun for first_dag to 2025-02-03 00:00:00+00:00, run_after=2025-02-04 00:00:00+00:00
[2025-02-03T18:38:40.739+0000] {processor.py:208} INFO - Processing /opt/airflow/dags/first_dag.py took 0.100 seconds
[2025-02-03T18:39:11.724+0000] {processor.py:186} INFO - Started process (PID=62) to work on /opt/airflow/dags/first_dag.py
[2025-02-03T18:39:11.725+0000] {processor.py:914} INFO - Processing file /opt/airflow/dags/first_dag.py for tasks to queue
[2025-02-03T18:39:11.726+0000] {logging_mixin.py:190} INFO - [2025-02-03T18:39:11.726+0000] {dagbag.py:588} INFO - Filling up the DagBag from /opt/airflow/dags/first_dag.py
[2025-02-03T18:39:11.745+0000] {processor.py:925} INFO - DAG(s) 'first_dag' retrieved from /opt/airflow/dags/first_dag.py
[2025-02-03T18:39:11.770+0000] {logging_mixin.py:190} INFO - [2025-02-03T18:39:11.770+0000] {dag.py:3239} INFO - Sync 1 DAGs
[2025-02-03T18:39:11.800+0000] {logging_mixin.py:190} INFO - [2025-02-03T18:39:11.799+0000] {dag.py:4180} INFO - Setting next_dagrun for first_dag to 2025-02-03 00:00:00+00:00, run_after=2025-02-04 00:00:00+00:00
[2025-02-03T18:39:11.823+0000] {processor.py:208} INFO - Processing /opt/airflow/dags/first_dag.py took 0.103 seconds
[2025-02-03T18:39:41.905+0000] {processor.py:186} INFO - Started process (PID=64) to work on /opt/airflow/dags/first_dag.py
[2025-02-03T18:39:41.906+0000] {processor.py:914} INFO - Processing file /opt/airflow/dags/first_dag.py for tasks to queue
[2025-02-03T18:39:41.908+0000] {logging_mixin.py:190} INFO - [2025-02-03T18:39:41.908+0000] {dagbag.py:588} INFO - Filling up the DagBag from /opt/airflow/dags/first_dag.py
[2025-02-03T18:39:41.926+0000] {processor.py:925} INFO - DAG(s) 'first_dag' retrieved from /opt/airflow/dags/first_dag.py
[2025-02-03T18:39:41.947+0000] {logging_mixin.py:190} INFO - [2025-02-03T18:39:41.947+0000] {dag.py:3239} INFO - Sync 1 DAGs
[2025-02-03T18:39:41.968+0000] {logging_mixin.py:190} INFO - [2025-02-03T18:39:41.968+0000] {dag.py:4180} INFO - Setting next_dagrun for first_dag to 2025-02-03 00:00:00+00:00, run_after=2025-02-04 00:00:00+00:00
[2025-02-03T18:39:41.988+0000] {processor.py:208} INFO - Processing /opt/airflow/dags/first_dag.py took 0.088 seconds
[2025-02-03T18:40:12.177+0000] {processor.py:186} INFO - Started process (PID=86) to work on /opt/airflow/dags/first_dag.py
[2025-02-03T18:40:12.178+0000] {processor.py:914} INFO - Processing file /opt/airflow/dags/first_dag.py for tasks to queue
[2025-02-03T18:40:12.204+0000] {logging_mixin.py:190} INFO - [2025-02-03T18:40:12.204+0000] {dagbag.py:588} INFO - Filling up the DagBag from /opt/airflow/dags/first_dag.py
[2025-02-03T18:40:12.236+0000] {processor.py:925} INFO - DAG(s) 'first_dag' retrieved from /opt/airflow/dags/first_dag.py
[2025-02-03T18:40:12.258+0000] {logging_mixin.py:190} INFO - [2025-02-03T18:40:12.258+0000] {dag.py:3239} INFO - Sync 1 DAGs
[2025-02-03T18:40:12.280+0000] {logging_mixin.py:190} INFO - [2025-02-03T18:40:12.280+0000] {dag.py:4180} INFO - Setting next_dagrun for first_dag to 2025-02-03 00:00:00+00:00, run_after=2025-02-04 00:00:00+00:00
[2025-02-03T18:40:12.297+0000] {processor.py:208} INFO - Processing /opt/airflow/dags/first_dag.py took 0.125 seconds
[2025-02-03T18:40:42.548+0000] {processor.py:186} INFO - Started process (PID=88) to work on /opt/airflow/dags/first_dag.py
[2025-02-03T18:40:42.549+0000] {processor.py:914} INFO - Processing file /opt/airflow/dags/first_dag.py for tasks to queue
[2025-02-03T18:40:42.551+0000] {logging_mixin.py:190} INFO - [2025-02-03T18:40:42.551+0000] {dagbag.py:588} INFO - Filling up the DagBag from /opt/airflow/dags/first_dag.py
[2025-02-03T18:40:42.566+0000] {processor.py:925} INFO - DAG(s) 'first_dag' retrieved from /opt/airflow/dags/first_dag.py
[2025-02-03T18:40:42.588+0000] {logging_mixin.py:190} INFO - [2025-02-03T18:40:42.588+0000] {dag.py:3239} INFO - Sync 1 DAGs
[2025-02-03T18:40:42.610+0000] {logging_mixin.py:190} INFO - [2025-02-03T18:40:42.610+0000] {dag.py:4180} INFO - Setting next_dagrun for first_dag to 2025-02-03 00:00:00+00:00, run_after=2025-02-04 00:00:00+00:00
[2025-02-03T18:40:42.626+0000] {processor.py:208} INFO - Processing /opt/airflow/dags/first_dag.py took 0.084 seconds
[2025-02-03T18:41:12.820+0000] {processor.py:186} INFO - Started process (PID=90) to work on /opt/airflow/dags/first_dag.py
[2025-02-03T18:41:12.820+0000] {processor.py:914} INFO - Processing file /opt/airflow/dags/first_dag.py for tasks to queue
[2025-02-03T18:41:12.824+0000] {logging_mixin.py:190} INFO - [2025-02-03T18:41:12.823+0000] {dagbag.py:588} INFO - Filling up the DagBag from /opt/airflow/dags/first_dag.py
[2025-02-03T18:41:12.843+0000] {processor.py:925} INFO - DAG(s) 'first_dag' retrieved from /opt/airflow/dags/first_dag.py
[2025-02-03T18:41:12.867+0000] {logging_mixin.py:190} INFO - [2025-02-03T18:41:12.866+0000] {dag.py:3239} INFO - Sync 1 DAGs
[2025-02-03T18:41:12.891+0000] {logging_mixin.py:190} INFO - [2025-02-03T18:41:12.891+0000] {dag.py:4180} INFO - Setting next_dagrun for first_dag to 2025-02-03 00:00:00+00:00, run_after=2025-02-04 00:00:00+00:00
[2025-02-03T18:41:12.908+0000] {processor.py:208} INFO - Processing /opt/airflow/dags/first_dag.py took 0.094 seconds
[2025-02-03T18:41:43.913+0000] {processor.py:186} INFO - Started process (PID=92) to work on /opt/airflow/dags/first_dag.py
[2025-02-03T18:41:43.914+0000] {processor.py:914} INFO - Processing file /opt/airflow/dags/first_dag.py for tasks to queue
[2025-02-03T18:41:43.916+0000] {logging_mixin.py:190} INFO - [2025-02-03T18:41:43.916+0000] {dagbag.py:588} INFO - Filling up the DagBag from /opt/airflow/dags/first_dag.py
[2025-02-03T18:41:43.933+0000] {processor.py:925} INFO - DAG(s) 'first_dag' retrieved from /opt/airflow/dags/first_dag.py
[2025-02-03T18:41:43.956+0000] {logging_mixin.py:190} INFO - [2025-02-03T18:41:43.956+0000] {dag.py:3239} INFO - Sync 1 DAGs
[2025-02-03T18:41:43.976+0000] {logging_mixin.py:190} INFO - [2025-02-03T18:41:43.976+0000] {dag.py:4180} INFO - Setting next_dagrun for first_dag to 2025-02-03 00:00:00+00:00, run_after=2025-02-04 00:00:00+00:00
[2025-02-03T18:41:43.996+0000] {processor.py:208} INFO - Processing /opt/airflow/dags/first_dag.py took 0.088 seconds
[2025-02-03T18:43:49.451+0000] {processor.py:186} INFO - Started process (PID=56) to work on /opt/airflow/dags/first_dag.py
[2025-02-03T18:43:49.453+0000] {processor.py:914} INFO - Processing file /opt/airflow/dags/first_dag.py for tasks to queue
[2025-02-03T18:43:49.456+0000] {logging_mixin.py:190} INFO - [2025-02-03T18:43:49.456+0000] {dagbag.py:588} INFO - Filling up the DagBag from /opt/airflow/dags/first_dag.py
[2025-02-03T18:43:49.489+0000] {processor.py:925} INFO - DAG(s) 'first_dag' retrieved from /opt/airflow/dags/first_dag.py
[2025-02-03T18:43:49.554+0000] {logging_mixin.py:190} INFO - [2025-02-03T18:43:49.554+0000] {dag.py:3239} INFO - Sync 1 DAGs
[2025-02-03T18:43:49.586+0000] {logging_mixin.py:190} INFO - [2025-02-03T18:43:49.586+0000] {dag.py:4180} INFO - Setting next_dagrun for first_dag to 2025-02-03 00:00:00+00:00, run_after=2025-02-04 00:00:00+00:00
[2025-02-03T18:43:49.611+0000] {processor.py:208} INFO - Processing /opt/airflow/dags/first_dag.py took 0.166 seconds
[2025-02-03T18:44:19.776+0000] {processor.py:186} INFO - Started process (PID=58) to work on /opt/airflow/dags/first_dag.py
[2025-02-03T18:44:19.778+0000] {processor.py:914} INFO - Processing file /opt/airflow/dags/first_dag.py for tasks to queue
[2025-02-03T18:44:19.780+0000] {logging_mixin.py:190} INFO - [2025-02-03T18:44:19.780+0000] {dagbag.py:588} INFO - Filling up the DagBag from /opt/airflow/dags/first_dag.py
[2025-02-03T18:44:19.816+0000] {processor.py:925} INFO - DAG(s) 'first_dag' retrieved from /opt/airflow/dags/first_dag.py
[2025-02-03T18:44:19.845+0000] {logging_mixin.py:190} INFO - [2025-02-03T18:44:19.845+0000] {dag.py:3239} INFO - Sync 1 DAGs
[2025-02-03T18:44:19.872+0000] {logging_mixin.py:190} INFO - [2025-02-03T18:44:19.872+0000] {dag.py:4180} INFO - Setting next_dagrun for first_dag to 2025-02-03 00:00:00+00:00, run_after=2025-02-04 00:00:00+00:00
[2025-02-03T18:44:19.897+0000] {processor.py:208} INFO - Processing /opt/airflow/dags/first_dag.py took 0.126 seconds
[2025-02-03T18:44:50.337+0000] {processor.py:186} INFO - Started process (PID=60) to work on /opt/airflow/dags/first_dag.py
[2025-02-03T18:44:50.342+0000] {processor.py:914} INFO - Processing file /opt/airflow/dags/first_dag.py for tasks to queue
[2025-02-03T18:44:50.346+0000] {logging_mixin.py:190} INFO - [2025-02-03T18:44:50.346+0000] {dagbag.py:588} INFO - Filling up the DagBag from /opt/airflow/dags/first_dag.py
[2025-02-03T18:44:50.399+0000] {processor.py:925} INFO - DAG(s) 'first_dag' retrieved from /opt/airflow/dags/first_dag.py
[2025-02-03T18:44:50.452+0000] {logging_mixin.py:190} INFO - [2025-02-03T18:44:50.452+0000] {dag.py:3239} INFO - Sync 1 DAGs
[2025-02-03T18:44:50.492+0000] {logging_mixin.py:190} INFO - [2025-02-03T18:44:50.491+0000] {dag.py:4180} INFO - Setting next_dagrun for first_dag to 2025-02-03 00:00:00+00:00, run_after=2025-02-04 00:00:00+00:00
[2025-02-03T18:44:50.516+0000] {processor.py:208} INFO - Processing /opt/airflow/dags/first_dag.py took 0.184 seconds
[2025-02-03T18:45:20.707+0000] {processor.py:186} INFO - Started process (PID=62) to work on /opt/airflow/dags/first_dag.py
[2025-02-03T18:45:20.709+0000] {processor.py:914} INFO - Processing file /opt/airflow/dags/first_dag.py for tasks to queue
[2025-02-03T18:45:20.713+0000] {logging_mixin.py:190} INFO - [2025-02-03T18:45:20.712+0000] {dagbag.py:588} INFO - Filling up the DagBag from /opt/airflow/dags/first_dag.py
[2025-02-03T18:45:20.750+0000] {processor.py:925} INFO - DAG(s) 'first_dag' retrieved from /opt/airflow/dags/first_dag.py
[2025-02-03T18:45:20.775+0000] {logging_mixin.py:190} INFO - [2025-02-03T18:45:20.775+0000] {dag.py:3239} INFO - Sync 1 DAGs
[2025-02-03T18:45:20.811+0000] {logging_mixin.py:190} INFO - [2025-02-03T18:45:20.811+0000] {dag.py:4180} INFO - Setting next_dagrun for first_dag to 2025-02-03 00:00:00+00:00, run_after=2025-02-04 00:00:00+00:00
[2025-02-03T18:45:20.832+0000] {processor.py:208} INFO - Processing /opt/airflow/dags/first_dag.py took 0.131 seconds
[2025-02-03T18:45:51.040+0000] {processor.py:186} INFO - Started process (PID=64) to work on /opt/airflow/dags/first_dag.py
[2025-02-03T18:45:51.041+0000] {processor.py:914} INFO - Processing file /opt/airflow/dags/first_dag.py for tasks to queue
[2025-02-03T18:45:51.043+0000] {logging_mixin.py:190} INFO - [2025-02-03T18:45:51.042+0000] {dagbag.py:588} INFO - Filling up the DagBag from /opt/airflow/dags/first_dag.py
[2025-02-03T18:45:51.063+0000] {processor.py:925} INFO - DAG(s) 'first_dag' retrieved from /opt/airflow/dags/first_dag.py
[2025-02-03T18:45:51.090+0000] {logging_mixin.py:190} INFO - [2025-02-03T18:45:51.090+0000] {dag.py:3239} INFO - Sync 1 DAGs
[2025-02-03T18:45:51.119+0000] {logging_mixin.py:190} INFO - [2025-02-03T18:45:51.119+0000] {dag.py:4180} INFO - Setting next_dagrun for first_dag to 2025-02-03 00:00:00+00:00, run_after=2025-02-04 00:00:00+00:00
[2025-02-03T18:45:51.145+0000] {processor.py:208} INFO - Processing /opt/airflow/dags/first_dag.py took 0.111 seconds
[2025-02-03T18:46:21.465+0000] {processor.py:186} INFO - Started process (PID=66) to work on /opt/airflow/dags/first_dag.py
[2025-02-03T18:46:21.466+0000] {processor.py:914} INFO - Processing file /opt/airflow/dags/first_dag.py for tasks to queue
[2025-02-03T18:46:21.468+0000] {logging_mixin.py:190} INFO - [2025-02-03T18:46:21.468+0000] {dagbag.py:588} INFO - Filling up the DagBag from /opt/airflow/dags/first_dag.py
[2025-02-03T18:46:21.491+0000] {processor.py:925} INFO - DAG(s) 'first_dag' retrieved from /opt/airflow/dags/first_dag.py
[2025-02-03T18:46:21.516+0000] {logging_mixin.py:190} INFO - [2025-02-03T18:46:21.515+0000] {dag.py:3239} INFO - Sync 1 DAGs
[2025-02-03T18:46:21.537+0000] {logging_mixin.py:190} INFO - [2025-02-03T18:46:21.537+0000] {dag.py:4180} INFO - Setting next_dagrun for first_dag to 2025-02-03 00:00:00+00:00, run_after=2025-02-04 00:00:00+00:00
[2025-02-03T18:46:21.555+0000] {processor.py:208} INFO - Processing /opt/airflow/dags/first_dag.py took 0.095 seconds
[2025-02-03T18:46:54.006+0000] {processor.py:186} INFO - Started process (PID=68) to work on /opt/airflow/dags/first_dag.py
[2025-02-03T18:46:54.007+0000] {processor.py:914} INFO - Processing file /opt/airflow/dags/first_dag.py for tasks to queue
[2025-02-03T18:46:54.009+0000] {logging_mixin.py:190} INFO - [2025-02-03T18:46:54.009+0000] {dagbag.py:588} INFO - Filling up the DagBag from /opt/airflow/dags/first_dag.py
[2025-02-03T18:46:54.028+0000] {processor.py:925} INFO - DAG(s) 'first_dag' retrieved from /opt/airflow/dags/first_dag.py
[2025-02-03T18:46:54.052+0000] {logging_mixin.py:190} INFO - [2025-02-03T18:46:54.052+0000] {dag.py:3239} INFO - Sync 1 DAGs
[2025-02-03T18:46:54.090+0000] {logging_mixin.py:190} INFO - [2025-02-03T18:46:54.090+0000] {dag.py:4180} INFO - Setting next_dagrun for first_dag to 2025-02-03 00:00:00+00:00, run_after=2025-02-04 00:00:00+00:00
[2025-02-03T18:46:54.112+0000] {processor.py:208} INFO - Processing /opt/airflow/dags/first_dag.py took 0.111 seconds
[2025-02-03T18:47:24.965+0000] {processor.py:186} INFO - Started process (PID=70) to work on /opt/airflow/dags/first_dag.py
[2025-02-03T18:47:24.966+0000] {processor.py:914} INFO - Processing file /opt/airflow/dags/first_dag.py for tasks to queue
[2025-02-03T18:47:24.968+0000] {logging_mixin.py:190} INFO - [2025-02-03T18:47:24.968+0000] {dagbag.py:588} INFO - Filling up the DagBag from /opt/airflow/dags/first_dag.py
[2025-02-03T18:47:24.995+0000] {processor.py:925} INFO - DAG(s) 'first_dag' retrieved from /opt/airflow/dags/first_dag.py
[2025-02-03T18:47:25.023+0000] {logging_mixin.py:190} INFO - [2025-02-03T18:47:25.023+0000] {dag.py:3239} INFO - Sync 1 DAGs
[2025-02-03T18:47:25.054+0000] {logging_mixin.py:190} INFO - [2025-02-03T18:47:25.054+0000] {dag.py:4180} INFO - Setting next_dagrun for first_dag to 2025-02-03 00:00:00+00:00, run_after=2025-02-04 00:00:00+00:00
[2025-02-03T18:47:25.075+0000] {processor.py:208} INFO - Processing /opt/airflow/dags/first_dag.py took 0.117 seconds
[2025-02-03T18:47:55.677+0000] {processor.py:186} INFO - Started process (PID=72) to work on /opt/airflow/dags/first_dag.py
[2025-02-03T18:47:55.682+0000] {processor.py:914} INFO - Processing file /opt/airflow/dags/first_dag.py for tasks to queue
[2025-02-03T18:47:55.684+0000] {logging_mixin.py:190} INFO - [2025-02-03T18:47:55.684+0000] {dagbag.py:588} INFO - Filling up the DagBag from /opt/airflow/dags/first_dag.py
[2025-02-03T18:47:55.705+0000] {processor.py:925} INFO - DAG(s) 'first_dag' retrieved from /opt/airflow/dags/first_dag.py
[2025-02-03T18:47:55.730+0000] {logging_mixin.py:190} INFO - [2025-02-03T18:47:55.729+0000] {dag.py:3239} INFO - Sync 1 DAGs
[2025-02-03T18:47:55.751+0000] {logging_mixin.py:190} INFO - [2025-02-03T18:47:55.751+0000] {dag.py:4180} INFO - Setting next_dagrun for first_dag to 2025-02-03 00:00:00+00:00, run_after=2025-02-04 00:00:00+00:00
[2025-02-03T18:47:55.768+0000] {processor.py:208} INFO - Processing /opt/airflow/dags/first_dag.py took 0.096 seconds
[2025-02-03T18:48:26.497+0000] {processor.py:186} INFO - Started process (PID=74) to work on /opt/airflow/dags/first_dag.py
[2025-02-03T18:48:26.499+0000] {processor.py:914} INFO - Processing file /opt/airflow/dags/first_dag.py for tasks to queue
[2025-02-03T18:48:26.501+0000] {logging_mixin.py:190} INFO - [2025-02-03T18:48:26.501+0000] {dagbag.py:588} INFO - Filling up the DagBag from /opt/airflow/dags/first_dag.py
[2025-02-03T18:48:26.523+0000] {processor.py:925} INFO - DAG(s) 'first_dag' retrieved from /opt/airflow/dags/first_dag.py
[2025-02-03T18:48:26.548+0000] {logging_mixin.py:190} INFO - [2025-02-03T18:48:26.548+0000] {dag.py:3239} INFO - Sync 1 DAGs
[2025-02-03T18:48:26.572+0000] {logging_mixin.py:190} INFO - [2025-02-03T18:48:26.572+0000] {dag.py:4180} INFO - Setting next_dagrun for first_dag to 2025-02-03 00:00:00+00:00, run_after=2025-02-04 00:00:00+00:00
[2025-02-03T18:48:26.593+0000] {processor.py:208} INFO - Processing /opt/airflow/dags/first_dag.py took 0.102 seconds
[2025-02-03T18:48:57.320+0000] {processor.py:186} INFO - Started process (PID=76) to work on /opt/airflow/dags/first_dag.py
[2025-02-03T18:48:57.321+0000] {processor.py:914} INFO - Processing file /opt/airflow/dags/first_dag.py for tasks to queue
[2025-02-03T18:48:57.323+0000] {logging_mixin.py:190} INFO - [2025-02-03T18:48:57.323+0000] {dagbag.py:588} INFO - Filling up the DagBag from /opt/airflow/dags/first_dag.py
[2025-02-03T18:48:57.344+0000] {processor.py:925} INFO - DAG(s) 'first_dag' retrieved from /opt/airflow/dags/first_dag.py
[2025-02-03T18:48:57.396+0000] {logging_mixin.py:190} INFO - [2025-02-03T18:48:57.396+0000] {dag.py:3239} INFO - Sync 1 DAGs
[2025-02-03T18:48:57.444+0000] {logging_mixin.py:190} INFO - [2025-02-03T18:48:57.444+0000] {dag.py:4180} INFO - Setting next_dagrun for first_dag to 2025-02-03 00:00:00+00:00, run_after=2025-02-04 00:00:00+00:00
[2025-02-03T18:48:57.470+0000] {processor.py:208} INFO - Processing /opt/airflow/dags/first_dag.py took 0.157 seconds
[2025-02-03T18:49:28.355+0000] {processor.py:186} INFO - Started process (PID=78) to work on /opt/airflow/dags/first_dag.py
[2025-02-03T18:49:28.357+0000] {processor.py:914} INFO - Processing file /opt/airflow/dags/first_dag.py for tasks to queue
[2025-02-03T18:49:28.359+0000] {logging_mixin.py:190} INFO - [2025-02-03T18:49:28.359+0000] {dagbag.py:588} INFO - Filling up the DagBag from /opt/airflow/dags/first_dag.py
[2025-02-03T18:49:28.382+0000] {processor.py:925} INFO - DAG(s) 'first_dag' retrieved from /opt/airflow/dags/first_dag.py
[2025-02-03T18:49:28.436+0000] {logging_mixin.py:190} INFO - [2025-02-03T18:49:28.436+0000] {dag.py:3239} INFO - Sync 1 DAGs
[2025-02-03T18:49:28.470+0000] {logging_mixin.py:190} INFO - [2025-02-03T18:49:28.470+0000] {dag.py:4180} INFO - Setting next_dagrun for first_dag to 2025-02-03 00:00:00+00:00, run_after=2025-02-04 00:00:00+00:00
[2025-02-03T18:49:28.491+0000] {processor.py:208} INFO - Processing /opt/airflow/dags/first_dag.py took 0.142 seconds
[2025-02-03T18:49:58.715+0000] {processor.py:186} INFO - Started process (PID=80) to work on /opt/airflow/dags/first_dag.py
[2025-02-03T18:49:58.716+0000] {processor.py:914} INFO - Processing file /opt/airflow/dags/first_dag.py for tasks to queue
[2025-02-03T18:49:58.726+0000] {logging_mixin.py:190} INFO - [2025-02-03T18:49:58.724+0000] {dagbag.py:588} INFO - Filling up the DagBag from /opt/airflow/dags/first_dag.py
[2025-02-03T18:49:58.762+0000] {processor.py:925} INFO - DAG(s) 'first_dag' retrieved from /opt/airflow/dags/first_dag.py
[2025-02-03T18:49:58.831+0000] {logging_mixin.py:190} INFO - [2025-02-03T18:49:58.831+0000] {dag.py:3239} INFO - Sync 1 DAGs
[2025-02-03T18:49:58.885+0000] {logging_mixin.py:190} INFO - [2025-02-03T18:49:58.885+0000] {dag.py:4180} INFO - Setting next_dagrun for first_dag to 2025-02-03 00:00:00+00:00, run_after=2025-02-04 00:00:00+00:00
[2025-02-03T18:49:58.906+0000] {processor.py:208} INFO - Processing /opt/airflow/dags/first_dag.py took 0.204 seconds
[2025-02-03T18:50:29.177+0000] {processor.py:186} INFO - Started process (PID=82) to work on /opt/airflow/dags/first_dag.py
[2025-02-03T18:50:29.178+0000] {processor.py:914} INFO - Processing file /opt/airflow/dags/first_dag.py for tasks to queue
[2025-02-03T18:50:29.182+0000] {logging_mixin.py:190} INFO - [2025-02-03T18:50:29.181+0000] {dagbag.py:588} INFO - Filling up the DagBag from /opt/airflow/dags/first_dag.py
[2025-02-03T18:50:29.205+0000] {processor.py:925} INFO - DAG(s) 'first_dag' retrieved from /opt/airflow/dags/first_dag.py
[2025-02-03T18:50:29.229+0000] {logging_mixin.py:190} INFO - [2025-02-03T18:50:29.229+0000] {dag.py:3239} INFO - Sync 1 DAGs
[2025-02-03T18:50:29.269+0000] {logging_mixin.py:190} INFO - [2025-02-03T18:50:29.269+0000] {dag.py:4180} INFO - Setting next_dagrun for first_dag to 2025-02-03 00:00:00+00:00, run_after=2025-02-04 00:00:00+00:00
[2025-02-03T18:50:29.286+0000] {processor.py:208} INFO - Processing /opt/airflow/dags/first_dag.py took 0.115 seconds
[2025-02-03T18:50:59.781+0000] {processor.py:186} INFO - Started process (PID=84) to work on /opt/airflow/dags/first_dag.py
[2025-02-03T18:50:59.782+0000] {processor.py:914} INFO - Processing file /opt/airflow/dags/first_dag.py for tasks to queue
[2025-02-03T18:50:59.785+0000] {logging_mixin.py:190} INFO - [2025-02-03T18:50:59.785+0000] {dagbag.py:588} INFO - Filling up the DagBag from /opt/airflow/dags/first_dag.py
[2025-02-03T18:50:59.817+0000] {processor.py:925} INFO - DAG(s) 'first_dag' retrieved from /opt/airflow/dags/first_dag.py
[2025-02-03T18:50:59.846+0000] {logging_mixin.py:190} INFO - [2025-02-03T18:50:59.846+0000] {dag.py:3239} INFO - Sync 1 DAGs
[2025-02-03T18:50:59.871+0000] {logging_mixin.py:190} INFO - [2025-02-03T18:50:59.870+0000] {dag.py:4180} INFO - Setting next_dagrun for first_dag to 2025-02-03 00:00:00+00:00, run_after=2025-02-04 00:00:00+00:00
[2025-02-03T18:50:59.893+0000] {processor.py:208} INFO - Processing /opt/airflow/dags/first_dag.py took 0.118 seconds
[2025-02-03T18:51:30.355+0000] {processor.py:186} INFO - Started process (PID=86) to work on /opt/airflow/dags/first_dag.py
[2025-02-03T18:51:30.356+0000] {processor.py:914} INFO - Processing file /opt/airflow/dags/first_dag.py for tasks to queue
[2025-02-03T18:51:30.358+0000] {logging_mixin.py:190} INFO - [2025-02-03T18:51:30.357+0000] {dagbag.py:588} INFO - Filling up the DagBag from /opt/airflow/dags/first_dag.py
[2025-02-03T18:51:30.379+0000] {processor.py:925} INFO - DAG(s) 'first_dag' retrieved from /opt/airflow/dags/first_dag.py
[2025-02-03T18:51:30.403+0000] {logging_mixin.py:190} INFO - [2025-02-03T18:51:30.403+0000] {dag.py:3239} INFO - Sync 1 DAGs
[2025-02-03T18:51:30.424+0000] {logging_mixin.py:190} INFO - [2025-02-03T18:51:30.424+0000] {dag.py:4180} INFO - Setting next_dagrun for first_dag to 2025-02-03 00:00:00+00:00, run_after=2025-02-04 00:00:00+00:00
[2025-02-03T18:51:30.441+0000] {processor.py:208} INFO - Processing /opt/airflow/dags/first_dag.py took 0.091 seconds
[2025-02-03T18:52:01.089+0000] {processor.py:186} INFO - Started process (PID=88) to work on /opt/airflow/dags/first_dag.py
[2025-02-03T18:52:01.090+0000] {processor.py:914} INFO - Processing file /opt/airflow/dags/first_dag.py for tasks to queue
[2025-02-03T18:52:01.093+0000] {logging_mixin.py:190} INFO - [2025-02-03T18:52:01.092+0000] {dagbag.py:588} INFO - Filling up the DagBag from /opt/airflow/dags/first_dag.py
[2025-02-03T18:52:01.115+0000] {processor.py:925} INFO - DAG(s) 'first_dag' retrieved from /opt/airflow/dags/first_dag.py
[2025-02-03T18:52:01.141+0000] {logging_mixin.py:190} INFO - [2025-02-03T18:52:01.141+0000] {dag.py:3239} INFO - Sync 1 DAGs
[2025-02-03T18:52:01.164+0000] {logging_mixin.py:190} INFO - [2025-02-03T18:52:01.164+0000] {dag.py:4180} INFO - Setting next_dagrun for first_dag to 2025-02-03 00:00:00+00:00, run_after=2025-02-04 00:00:00+00:00
[2025-02-03T18:52:01.184+0000] {processor.py:208} INFO - Processing /opt/airflow/dags/first_dag.py took 0.101 seconds
[2025-02-03T21:19:25.666+0000] {processor.py:186} INFO - Started process (PID=56) to work on /opt/airflow/dags/first_dag.py
[2025-02-03T21:19:25.671+0000] {processor.py:914} INFO - Processing file /opt/airflow/dags/first_dag.py for tasks to queue
[2025-02-03T21:19:25.676+0000] {logging_mixin.py:190} INFO - [2025-02-03T21:19:25.674+0000] {dagbag.py:588} INFO - Filling up the DagBag from /opt/airflow/dags/first_dag.py
[2025-02-03T21:19:25.717+0000] {processor.py:925} INFO - DAG(s) 'first_dag' retrieved from /opt/airflow/dags/first_dag.py
[2025-02-03T21:19:25.798+0000] {logging_mixin.py:190} INFO - [2025-02-03T21:19:25.797+0000] {dag.py:3239} INFO - Sync 1 DAGs
[2025-02-03T21:19:25.838+0000] {logging_mixin.py:190} INFO - [2025-02-03T21:19:25.838+0000] {dag.py:4180} INFO - Setting next_dagrun for first_dag to 2025-02-03 00:00:00+00:00, run_after=2025-02-04 00:00:00+00:00
[2025-02-03T21:19:25.867+0000] {processor.py:208} INFO - Processing /opt/airflow/dags/first_dag.py took 0.220 seconds
[2025-02-03T21:19:56.587+0000] {processor.py:186} INFO - Started process (PID=58) to work on /opt/airflow/dags/first_dag.py
[2025-02-03T21:19:56.589+0000] {processor.py:914} INFO - Processing file /opt/airflow/dags/first_dag.py for tasks to queue
[2025-02-03T21:19:56.596+0000] {logging_mixin.py:190} INFO - [2025-02-03T21:19:56.595+0000] {dagbag.py:588} INFO - Filling up the DagBag from /opt/airflow/dags/first_dag.py
[2025-02-03T21:19:56.635+0000] {processor.py:925} INFO - DAG(s) 'first_dag' retrieved from /opt/airflow/dags/first_dag.py
[2025-02-03T21:19:56.692+0000] {logging_mixin.py:190} INFO - [2025-02-03T21:19:56.691+0000] {dag.py:3239} INFO - Sync 1 DAGs
[2025-02-03T21:19:56.730+0000] {logging_mixin.py:190} INFO - [2025-02-03T21:19:56.729+0000] {dag.py:4180} INFO - Setting next_dagrun for first_dag to 2025-02-03 00:00:00+00:00, run_after=2025-02-04 00:00:00+00:00
[2025-02-03T21:19:56.759+0000] {processor.py:208} INFO - Processing /opt/airflow/dags/first_dag.py took 0.184 seconds
[2025-02-03T21:20:26.896+0000] {processor.py:186} INFO - Started process (PID=60) to work on /opt/airflow/dags/first_dag.py
[2025-02-03T21:20:26.897+0000] {processor.py:914} INFO - Processing file /opt/airflow/dags/first_dag.py for tasks to queue
[2025-02-03T21:20:26.900+0000] {logging_mixin.py:190} INFO - [2025-02-03T21:20:26.899+0000] {dagbag.py:588} INFO - Filling up the DagBag from /opt/airflow/dags/first_dag.py
[2025-02-03T21:20:26.924+0000] {processor.py:925} INFO - DAG(s) 'first_dag' retrieved from /opt/airflow/dags/first_dag.py
[2025-02-03T21:20:26.972+0000] {logging_mixin.py:190} INFO - [2025-02-03T21:20:26.971+0000] {dag.py:3239} INFO - Sync 1 DAGs
[2025-02-03T21:20:27.009+0000] {logging_mixin.py:190} INFO - [2025-02-03T21:20:27.009+0000] {dag.py:4180} INFO - Setting next_dagrun for first_dag to 2025-02-03 00:00:00+00:00, run_after=2025-02-04 00:00:00+00:00
[2025-02-03T21:20:27.031+0000] {processor.py:208} INFO - Processing /opt/airflow/dags/first_dag.py took 0.142 seconds
[2025-02-03T21:20:57.716+0000] {processor.py:186} INFO - Started process (PID=62) to work on /opt/airflow/dags/first_dag.py
[2025-02-03T21:20:57.719+0000] {processor.py:914} INFO - Processing file /opt/airflow/dags/first_dag.py for tasks to queue
[2025-02-03T21:20:57.722+0000] {logging_mixin.py:190} INFO - [2025-02-03T21:20:57.721+0000] {dagbag.py:588} INFO - Filling up the DagBag from /opt/airflow/dags/first_dag.py
[2025-02-03T21:20:57.742+0000] {processor.py:925} INFO - DAG(s) 'first_dag' retrieved from /opt/airflow/dags/first_dag.py
[2025-02-03T21:20:57.766+0000] {logging_mixin.py:190} INFO - [2025-02-03T21:20:57.766+0000] {dag.py:3239} INFO - Sync 1 DAGs
[2025-02-03T21:20:57.789+0000] {logging_mixin.py:190} INFO - [2025-02-03T21:20:57.789+0000] {dag.py:4180} INFO - Setting next_dagrun for first_dag to 2025-02-03 00:00:00+00:00, run_after=2025-02-04 00:00:00+00:00
[2025-02-03T21:20:57.807+0000] {processor.py:208} INFO - Processing /opt/airflow/dags/first_dag.py took 0.097 seconds
[2025-02-03T21:21:28.207+0000] {processor.py:186} INFO - Started process (PID=64) to work on /opt/airflow/dags/first_dag.py
[2025-02-03T21:21:28.209+0000] {processor.py:914} INFO - Processing file /opt/airflow/dags/first_dag.py for tasks to queue
[2025-02-03T21:21:28.211+0000] {logging_mixin.py:190} INFO - [2025-02-03T21:21:28.211+0000] {dagbag.py:588} INFO - Filling up the DagBag from /opt/airflow/dags/first_dag.py
[2025-02-03T21:21:28.239+0000] {processor.py:925} INFO - DAG(s) 'first_dag' retrieved from /opt/airflow/dags/first_dag.py
[2025-02-03T21:21:28.282+0000] {logging_mixin.py:190} INFO - [2025-02-03T21:21:28.282+0000] {dag.py:3239} INFO - Sync 1 DAGs
[2025-02-03T21:21:28.319+0000] {logging_mixin.py:190} INFO - [2025-02-03T21:21:28.319+0000] {dag.py:4180} INFO - Setting next_dagrun for first_dag to 2025-02-03 00:00:00+00:00, run_after=2025-02-04 00:00:00+00:00
[2025-02-03T21:21:28.339+0000] {processor.py:208} INFO - Processing /opt/airflow/dags/first_dag.py took 0.137 seconds
[2025-02-03T21:21:58.380+0000] {processor.py:186} INFO - Started process (PID=66) to work on /opt/airflow/dags/first_dag.py
[2025-02-03T21:21:58.382+0000] {processor.py:914} INFO - Processing file /opt/airflow/dags/first_dag.py for tasks to queue
[2025-02-03T21:21:58.385+0000] {logging_mixin.py:190} INFO - [2025-02-03T21:21:58.384+0000] {dagbag.py:588} INFO - Filling up the DagBag from /opt/airflow/dags/first_dag.py
[2025-02-03T21:21:58.402+0000] {processor.py:925} INFO - DAG(s) 'first_dag' retrieved from /opt/airflow/dags/first_dag.py
[2025-02-03T21:21:58.426+0000] {logging_mixin.py:190} INFO - [2025-02-03T21:21:58.426+0000] {dag.py:3239} INFO - Sync 1 DAGs
[2025-02-03T21:21:58.447+0000] {logging_mixin.py:190} INFO - [2025-02-03T21:21:58.447+0000] {dag.py:4180} INFO - Setting next_dagrun for first_dag to 2025-02-03 00:00:00+00:00, run_after=2025-02-04 00:00:00+00:00
[2025-02-03T21:21:58.471+0000] {processor.py:208} INFO - Processing /opt/airflow/dags/first_dag.py took 0.097 seconds
[2025-02-03T21:22:29.227+0000] {processor.py:186} INFO - Started process (PID=68) to work on /opt/airflow/dags/first_dag.py
[2025-02-03T21:22:29.228+0000] {processor.py:914} INFO - Processing file /opt/airflow/dags/first_dag.py for tasks to queue
[2025-02-03T21:22:29.229+0000] {logging_mixin.py:190} INFO - [2025-02-03T21:22:29.229+0000] {dagbag.py:588} INFO - Filling up the DagBag from /opt/airflow/dags/first_dag.py
[2025-02-03T21:22:29.246+0000] {processor.py:925} INFO - DAG(s) 'first_dag' retrieved from /opt/airflow/dags/first_dag.py
[2025-02-03T21:22:29.269+0000] {logging_mixin.py:190} INFO - [2025-02-03T21:22:29.269+0000] {dag.py:3239} INFO - Sync 1 DAGs
[2025-02-03T21:22:29.291+0000] {logging_mixin.py:190} INFO - [2025-02-03T21:22:29.291+0000] {dag.py:4180} INFO - Setting next_dagrun for first_dag to 2025-02-03 00:00:00+00:00, run_after=2025-02-04 00:00:00+00:00
[2025-02-03T21:22:29.313+0000] {processor.py:208} INFO - Processing /opt/airflow/dags/first_dag.py took 0.091 seconds
[2025-02-03T21:22:59.879+0000] {processor.py:186} INFO - Started process (PID=70) to work on /opt/airflow/dags/first_dag.py
[2025-02-03T21:22:59.881+0000] {processor.py:914} INFO - Processing file /opt/airflow/dags/first_dag.py for tasks to queue
[2025-02-03T21:22:59.883+0000] {logging_mixin.py:190} INFO - [2025-02-03T21:22:59.883+0000] {dagbag.py:588} INFO - Filling up the DagBag from /opt/airflow/dags/first_dag.py
[2025-02-03T21:22:59.901+0000] {processor.py:925} INFO - DAG(s) 'first_dag' retrieved from /opt/airflow/dags/first_dag.py
[2025-02-03T21:22:59.940+0000] {logging_mixin.py:190} INFO - [2025-02-03T21:22:59.940+0000] {dag.py:3239} INFO - Sync 1 DAGs
[2025-02-03T21:22:59.970+0000] {logging_mixin.py:190} INFO - [2025-02-03T21:22:59.970+0000] {dag.py:4180} INFO - Setting next_dagrun for first_dag to 2025-02-03 00:00:00+00:00, run_after=2025-02-04 00:00:00+00:00
[2025-02-03T21:22:59.991+0000] {processor.py:208} INFO - Processing /opt/airflow/dags/first_dag.py took 0.117 seconds
[2025-02-03T21:23:30.561+0000] {processor.py:186} INFO - Started process (PID=72) to work on /opt/airflow/dags/first_dag.py
[2025-02-03T21:23:30.562+0000] {processor.py:914} INFO - Processing file /opt/airflow/dags/first_dag.py for tasks to queue
[2025-02-03T21:23:30.564+0000] {logging_mixin.py:190} INFO - [2025-02-03T21:23:30.564+0000] {dagbag.py:588} INFO - Filling up the DagBag from /opt/airflow/dags/first_dag.py
[2025-02-03T21:23:30.581+0000] {processor.py:925} INFO - DAG(s) 'first_dag' retrieved from /opt/airflow/dags/first_dag.py
[2025-02-03T21:23:30.602+0000] {logging_mixin.py:190} INFO - [2025-02-03T21:23:30.602+0000] {dag.py:3239} INFO - Sync 1 DAGs
[2025-02-03T21:23:30.622+0000] {logging_mixin.py:190} INFO - [2025-02-03T21:23:30.622+0000] {dag.py:4180} INFO - Setting next_dagrun for first_dag to 2025-02-03 00:00:00+00:00, run_after=2025-02-04 00:00:00+00:00
[2025-02-03T21:23:30.637+0000] {processor.py:208} INFO - Processing /opt/airflow/dags/first_dag.py took 0.083 seconds
[2025-02-03T21:24:01.563+0000] {processor.py:186} INFO - Started process (PID=74) to work on /opt/airflow/dags/first_dag.py
[2025-02-03T21:24:01.564+0000] {processor.py:914} INFO - Processing file /opt/airflow/dags/first_dag.py for tasks to queue
[2025-02-03T21:24:01.566+0000] {logging_mixin.py:190} INFO - [2025-02-03T21:24:01.566+0000] {dagbag.py:588} INFO - Filling up the DagBag from /opt/airflow/dags/first_dag.py
[2025-02-03T21:24:01.586+0000] {processor.py:925} INFO - DAG(s) 'first_dag' retrieved from /opt/airflow/dags/first_dag.py
[2025-02-03T21:24:01.608+0000] {logging_mixin.py:190} INFO - [2025-02-03T21:24:01.608+0000] {dag.py:3239} INFO - Sync 1 DAGs
[2025-02-03T21:24:01.628+0000] {logging_mixin.py:190} INFO - [2025-02-03T21:24:01.628+0000] {dag.py:4180} INFO - Setting next_dagrun for first_dag to 2025-02-03 00:00:00+00:00, run_after=2025-02-04 00:00:00+00:00
[2025-02-03T21:24:01.646+0000] {processor.py:208} INFO - Processing /opt/airflow/dags/first_dag.py took 0.088 seconds
[2025-02-03T21:24:32.414+0000] {processor.py:186} INFO - Started process (PID=76) to work on /opt/airflow/dags/first_dag.py
[2025-02-03T21:24:32.415+0000] {processor.py:914} INFO - Processing file /opt/airflow/dags/first_dag.py for tasks to queue
[2025-02-03T21:24:32.417+0000] {logging_mixin.py:190} INFO - [2025-02-03T21:24:32.416+0000] {dagbag.py:588} INFO - Filling up the DagBag from /opt/airflow/dags/first_dag.py
[2025-02-03T21:24:32.433+0000] {processor.py:925} INFO - DAG(s) 'first_dag' retrieved from /opt/airflow/dags/first_dag.py
[2025-02-03T21:24:32.458+0000] {logging_mixin.py:190} INFO - [2025-02-03T21:24:32.457+0000] {dag.py:3239} INFO - Sync 1 DAGs
[2025-02-03T21:24:32.492+0000] {logging_mixin.py:190} INFO - [2025-02-03T21:24:32.492+0000] {dag.py:4180} INFO - Setting next_dagrun for first_dag to 2025-02-03 00:00:00+00:00, run_after=2025-02-04 00:00:00+00:00
[2025-02-03T21:24:32.514+0000] {processor.py:208} INFO - Processing /opt/airflow/dags/first_dag.py took 0.106 seconds
[2025-02-03T21:25:03.232+0000] {processor.py:186} INFO - Started process (PID=78) to work on /opt/airflow/dags/first_dag.py
[2025-02-03T21:25:03.233+0000] {processor.py:914} INFO - Processing file /opt/airflow/dags/first_dag.py for tasks to queue
[2025-02-03T21:25:03.235+0000] {logging_mixin.py:190} INFO - [2025-02-03T21:25:03.234+0000] {dagbag.py:588} INFO - Filling up the DagBag from /opt/airflow/dags/first_dag.py
[2025-02-03T21:25:03.254+0000] {processor.py:925} INFO - DAG(s) 'first_dag' retrieved from /opt/airflow/dags/first_dag.py
[2025-02-03T21:25:03.277+0000] {logging_mixin.py:190} INFO - [2025-02-03T21:25:03.276+0000] {dag.py:3239} INFO - Sync 1 DAGs
[2025-02-03T21:25:03.296+0000] {logging_mixin.py:190} INFO - [2025-02-03T21:25:03.296+0000] {dag.py:4180} INFO - Setting next_dagrun for first_dag to 2025-02-03 00:00:00+00:00, run_after=2025-02-04 00:00:00+00:00
[2025-02-03T21:25:03.314+0000] {processor.py:208} INFO - Processing /opt/airflow/dags/first_dag.py took 0.087 seconds
[2025-02-03T21:25:33.824+0000] {processor.py:186} INFO - Started process (PID=80) to work on /opt/airflow/dags/first_dag.py
[2025-02-03T21:25:33.825+0000] {processor.py:914} INFO - Processing file /opt/airflow/dags/first_dag.py for tasks to queue
[2025-02-03T21:25:33.827+0000] {logging_mixin.py:190} INFO - [2025-02-03T21:25:33.826+0000] {dagbag.py:588} INFO - Filling up the DagBag from /opt/airflow/dags/first_dag.py
[2025-02-03T21:25:33.881+0000] {processor.py:925} INFO - DAG(s) 'first_dag' retrieved from /opt/airflow/dags/first_dag.py
[2025-02-03T21:25:33.923+0000] {logging_mixin.py:190} INFO - [2025-02-03T21:25:33.922+0000] {dag.py:3239} INFO - Sync 1 DAGs
[2025-02-03T21:25:33.986+0000] {logging_mixin.py:190} INFO - [2025-02-03T21:25:33.986+0000] {dag.py:4180} INFO - Setting next_dagrun for first_dag to 2025-02-03 00:00:00+00:00, run_after=2025-02-04 00:00:00+00:00
[2025-02-03T21:25:34.015+0000] {processor.py:208} INFO - Processing /opt/airflow/dags/first_dag.py took 0.196 seconds
[2025-02-03T21:26:04.909+0000] {processor.py:186} INFO - Started process (PID=82) to work on /opt/airflow/dags/first_dag.py
[2025-02-03T21:26:04.910+0000] {processor.py:914} INFO - Processing file /opt/airflow/dags/first_dag.py for tasks to queue
[2025-02-03T21:26:04.912+0000] {logging_mixin.py:190} INFO - [2025-02-03T21:26:04.912+0000] {dagbag.py:588} INFO - Filling up the DagBag from /opt/airflow/dags/first_dag.py
[2025-02-03T21:26:04.933+0000] {processor.py:925} INFO - DAG(s) 'first_dag' retrieved from /opt/airflow/dags/first_dag.py
[2025-02-03T21:26:04.957+0000] {logging_mixin.py:190} INFO - [2025-02-03T21:26:04.957+0000] {dag.py:3239} INFO - Sync 1 DAGs
[2025-02-03T21:26:04.978+0000] {logging_mixin.py:190} INFO - [2025-02-03T21:26:04.978+0000] {dag.py:4180} INFO - Setting next_dagrun for first_dag to 2025-02-03 00:00:00+00:00, run_after=2025-02-04 00:00:00+00:00
[2025-02-03T21:26:04.997+0000] {processor.py:208} INFO - Processing /opt/airflow/dags/first_dag.py took 0.093 seconds
[2025-02-03T21:26:35.751+0000] {processor.py:186} INFO - Started process (PID=84) to work on /opt/airflow/dags/first_dag.py
[2025-02-03T21:26:35.753+0000] {processor.py:914} INFO - Processing file /opt/airflow/dags/first_dag.py for tasks to queue
[2025-02-03T21:26:35.755+0000] {logging_mixin.py:190} INFO - [2025-02-03T21:26:35.755+0000] {dagbag.py:588} INFO - Filling up the DagBag from /opt/airflow/dags/first_dag.py
[2025-02-03T21:26:35.777+0000] {processor.py:925} INFO - DAG(s) 'first_dag' retrieved from /opt/airflow/dags/first_dag.py
[2025-02-03T21:26:35.800+0000] {logging_mixin.py:190} INFO - [2025-02-03T21:26:35.800+0000] {dag.py:3239} INFO - Sync 1 DAGs
[2025-02-03T21:26:35.822+0000] {logging_mixin.py:190} INFO - [2025-02-03T21:26:35.821+0000] {dag.py:4180} INFO - Setting next_dagrun for first_dag to 2025-02-03 00:00:00+00:00, run_after=2025-02-04 00:00:00+00:00
[2025-02-03T21:26:35.841+0000] {processor.py:208} INFO - Processing /opt/airflow/dags/first_dag.py took 0.095 seconds
[2025-02-03T21:27:06.480+0000] {processor.py:186} INFO - Started process (PID=86) to work on /opt/airflow/dags/first_dag.py
[2025-02-03T21:27:06.481+0000] {processor.py:914} INFO - Processing file /opt/airflow/dags/first_dag.py for tasks to queue
[2025-02-03T21:27:06.483+0000] {logging_mixin.py:190} INFO - [2025-02-03T21:27:06.483+0000] {dagbag.py:588} INFO - Filling up the DagBag from /opt/airflow/dags/first_dag.py
[2025-02-03T21:27:06.518+0000] {processor.py:925} INFO - DAG(s) 'first_dag' retrieved from /opt/airflow/dags/first_dag.py
[2025-02-03T21:27:06.585+0000] {logging_mixin.py:190} INFO - [2025-02-03T21:27:06.585+0000] {dag.py:3239} INFO - Sync 1 DAGs
[2025-02-03T21:27:06.617+0000] {logging_mixin.py:190} INFO - [2025-02-03T21:27:06.617+0000] {dag.py:4180} INFO - Setting next_dagrun for first_dag to 2025-02-03 00:00:00+00:00, run_after=2025-02-04 00:00:00+00:00
[2025-02-03T21:27:06.644+0000] {processor.py:208} INFO - Processing /opt/airflow/dags/first_dag.py took 0.174 seconds
[2025-02-03T21:27:37.246+0000] {processor.py:186} INFO - Started process (PID=88) to work on /opt/airflow/dags/first_dag.py
[2025-02-03T21:27:37.246+0000] {processor.py:914} INFO - Processing file /opt/airflow/dags/first_dag.py for tasks to queue
[2025-02-03T21:27:37.249+0000] {logging_mixin.py:190} INFO - [2025-02-03T21:27:37.248+0000] {dagbag.py:588} INFO - Filling up the DagBag from /opt/airflow/dags/first_dag.py
[2025-02-03T21:27:37.270+0000] {processor.py:925} INFO - DAG(s) 'first_dag' retrieved from /opt/airflow/dags/first_dag.py
[2025-02-03T21:27:37.293+0000] {logging_mixin.py:190} INFO - [2025-02-03T21:27:37.292+0000] {dag.py:3239} INFO - Sync 1 DAGs
[2025-02-03T21:27:37.315+0000] {logging_mixin.py:190} INFO - [2025-02-03T21:27:37.315+0000] {dag.py:4180} INFO - Setting next_dagrun for first_dag to 2025-02-03 00:00:00+00:00, run_after=2025-02-04 00:00:00+00:00
[2025-02-03T21:27:37.335+0000] {processor.py:208} INFO - Processing /opt/airflow/dags/first_dag.py took 0.094 seconds
[2025-02-03T21:28:10.251+0000] {processor.py:186} INFO - Started process (PID=90) to work on /opt/airflow/dags/first_dag.py
[2025-02-03T21:28:10.253+0000] {processor.py:914} INFO - Processing file /opt/airflow/dags/first_dag.py for tasks to queue
[2025-02-03T21:28:10.261+0000] {logging_mixin.py:190} INFO - [2025-02-03T21:28:10.260+0000] {dagbag.py:588} INFO - Filling up the DagBag from /opt/airflow/dags/first_dag.py
[2025-02-03T21:28:10.298+0000] {processor.py:925} INFO - DAG(s) 'first_dag' retrieved from /opt/airflow/dags/first_dag.py
[2025-02-03T21:28:10.360+0000] {logging_mixin.py:190} INFO - [2025-02-03T21:28:10.360+0000] {dag.py:3239} INFO - Sync 1 DAGs
[2025-02-03T21:28:10.399+0000] {logging_mixin.py:190} INFO - [2025-02-03T21:28:10.398+0000] {dag.py:4180} INFO - Setting next_dagrun for first_dag to 2025-02-03 00:00:00+00:00, run_after=2025-02-04 00:00:00+00:00
[2025-02-03T21:28:10.418+0000] {processor.py:208} INFO - Processing /opt/airflow/dags/first_dag.py took 0.177 seconds
[2025-02-03T21:28:42.184+0000] {processor.py:186} INFO - Started process (PID=92) to work on /opt/airflow/dags/first_dag.py
[2025-02-03T21:28:42.185+0000] {processor.py:914} INFO - Processing file /opt/airflow/dags/first_dag.py for tasks to queue
[2025-02-03T21:28:42.187+0000] {logging_mixin.py:190} INFO - [2025-02-03T21:28:42.187+0000] {dagbag.py:588} INFO - Filling up the DagBag from /opt/airflow/dags/first_dag.py
[2025-02-03T21:28:42.222+0000] {processor.py:925} INFO - DAG(s) 'first_dag' retrieved from /opt/airflow/dags/first_dag.py
[2025-02-03T21:28:42.247+0000] {logging_mixin.py:190} INFO - [2025-02-03T21:28:42.247+0000] {dag.py:3239} INFO - Sync 1 DAGs
[2025-02-03T21:28:42.278+0000] {logging_mixin.py:190} INFO - [2025-02-03T21:28:42.277+0000] {dag.py:4180} INFO - Setting next_dagrun for first_dag to 2025-02-03 00:00:00+00:00, run_after=2025-02-04 00:00:00+00:00
[2025-02-03T21:28:42.297+0000] {processor.py:208} INFO - Processing /opt/airflow/dags/first_dag.py took 0.118 seconds
[2025-02-03T21:29:14.106+0000] {processor.py:186} INFO - Started process (PID=94) to work on /opt/airflow/dags/first_dag.py
[2025-02-03T21:29:14.107+0000] {processor.py:914} INFO - Processing file /opt/airflow/dags/first_dag.py for tasks to queue
[2025-02-03T21:29:14.110+0000] {logging_mixin.py:190} INFO - [2025-02-03T21:29:14.109+0000] {dagbag.py:588} INFO - Filling up the DagBag from /opt/airflow/dags/first_dag.py
[2025-02-03T21:29:14.131+0000] {processor.py:925} INFO - DAG(s) 'first_dag' retrieved from /opt/airflow/dags/first_dag.py
[2025-02-03T21:29:14.154+0000] {logging_mixin.py:190} INFO - [2025-02-03T21:29:14.153+0000] {dag.py:3239} INFO - Sync 1 DAGs
[2025-02-03T21:29:14.178+0000] {logging_mixin.py:190} INFO - [2025-02-03T21:29:14.177+0000] {dag.py:4180} INFO - Setting next_dagrun for first_dag to 2025-02-03 00:00:00+00:00, run_after=2025-02-04 00:00:00+00:00
[2025-02-03T21:29:14.195+0000] {processor.py:208} INFO - Processing /opt/airflow/dags/first_dag.py took 0.094 seconds
[2025-02-03T21:29:47.000+0000] {processor.py:186} INFO - Started process (PID=96) to work on /opt/airflow/dags/first_dag.py
[2025-02-03T21:29:47.002+0000] {processor.py:914} INFO - Processing file /opt/airflow/dags/first_dag.py for tasks to queue
[2025-02-03T21:29:47.003+0000] {logging_mixin.py:190} INFO - [2025-02-03T21:29:47.003+0000] {dagbag.py:588} INFO - Filling up the DagBag from /opt/airflow/dags/first_dag.py
[2025-02-03T21:29:47.024+0000] {processor.py:925} INFO - DAG(s) 'first_dag' retrieved from /opt/airflow/dags/first_dag.py
[2025-02-03T21:29:47.045+0000] {logging_mixin.py:190} INFO - [2025-02-03T21:29:47.045+0000] {dag.py:3239} INFO - Sync 1 DAGs
[2025-02-03T21:29:47.071+0000] {logging_mixin.py:190} INFO - [2025-02-03T21:29:47.071+0000] {dag.py:4180} INFO - Setting next_dagrun for first_dag to 2025-02-03 00:00:00+00:00, run_after=2025-02-04 00:00:00+00:00
[2025-02-03T21:29:47.087+0000] {processor.py:208} INFO - Processing /opt/airflow/dags/first_dag.py took 0.093 seconds
[2025-02-03T21:30:18.970+0000] {processor.py:186} INFO - Started process (PID=98) to work on /opt/airflow/dags/first_dag.py
[2025-02-03T21:30:18.971+0000] {processor.py:914} INFO - Processing file /opt/airflow/dags/first_dag.py for tasks to queue
[2025-02-03T21:30:18.974+0000] {logging_mixin.py:190} INFO - [2025-02-03T21:30:18.974+0000] {dagbag.py:588} INFO - Filling up the DagBag from /opt/airflow/dags/first_dag.py
[2025-02-03T21:30:18.998+0000] {processor.py:925} INFO - DAG(s) 'first_dag' retrieved from /opt/airflow/dags/first_dag.py
[2025-02-03T21:30:19.025+0000] {logging_mixin.py:190} INFO - [2025-02-03T21:30:19.024+0000] {dag.py:3239} INFO - Sync 1 DAGs
[2025-02-03T21:30:19.068+0000] {logging_mixin.py:190} INFO - [2025-02-03T21:30:19.068+0000] {dag.py:4180} INFO - Setting next_dagrun for first_dag to 2025-02-03 00:00:00+00:00, run_after=2025-02-04 00:00:00+00:00
[2025-02-03T21:30:19.089+0000] {processor.py:208} INFO - Processing /opt/airflow/dags/first_dag.py took 0.125 seconds
[2025-02-03T21:30:51.874+0000] {processor.py:186} INFO - Started process (PID=100) to work on /opt/airflow/dags/first_dag.py
[2025-02-03T21:30:51.875+0000] {processor.py:914} INFO - Processing file /opt/airflow/dags/first_dag.py for tasks to queue
[2025-02-03T21:30:51.879+0000] {logging_mixin.py:190} INFO - [2025-02-03T21:30:51.878+0000] {dagbag.py:588} INFO - Filling up the DagBag from /opt/airflow/dags/first_dag.py
[2025-02-03T21:30:51.922+0000] {processor.py:925} INFO - DAG(s) 'first_dag' retrieved from /opt/airflow/dags/first_dag.py
[2025-02-03T21:30:51.984+0000] {logging_mixin.py:190} INFO - [2025-02-03T21:30:51.984+0000] {dag.py:3239} INFO - Sync 1 DAGs
[2025-02-03T21:30:52.007+0000] {logging_mixin.py:190} INFO - [2025-02-03T21:30:52.007+0000] {dag.py:4180} INFO - Setting next_dagrun for first_dag to 2025-02-03 00:00:00+00:00, run_after=2025-02-04 00:00:00+00:00
[2025-02-03T21:30:52.024+0000] {processor.py:208} INFO - Processing /opt/airflow/dags/first_dag.py took 0.164 seconds
[2025-02-03T21:31:23.662+0000] {processor.py:186} INFO - Started process (PID=102) to work on /opt/airflow/dags/first_dag.py
[2025-02-03T21:31:23.663+0000] {processor.py:914} INFO - Processing file /opt/airflow/dags/first_dag.py for tasks to queue
[2025-02-03T21:31:23.665+0000] {logging_mixin.py:190} INFO - [2025-02-03T21:31:23.665+0000] {dagbag.py:588} INFO - Filling up the DagBag from /opt/airflow/dags/first_dag.py
[2025-02-03T21:31:23.681+0000] {processor.py:925} INFO - DAG(s) 'first_dag' retrieved from /opt/airflow/dags/first_dag.py
[2025-02-03T21:31:23.703+0000] {logging_mixin.py:190} INFO - [2025-02-03T21:31:23.703+0000] {dag.py:3239} INFO - Sync 1 DAGs
[2025-02-03T21:31:23.723+0000] {logging_mixin.py:190} INFO - [2025-02-03T21:31:23.723+0000] {dag.py:4180} INFO - Setting next_dagrun for first_dag to 2025-02-03 00:00:00+00:00, run_after=2025-02-04 00:00:00+00:00
[2025-02-03T21:31:23.743+0000] {processor.py:208} INFO - Processing /opt/airflow/dags/first_dag.py took 0.086 seconds
[2025-02-03T21:31:56.849+0000] {processor.py:186} INFO - Started process (PID=104) to work on /opt/airflow/dags/first_dag.py
[2025-02-03T21:31:56.850+0000] {processor.py:914} INFO - Processing file /opt/airflow/dags/first_dag.py for tasks to queue
[2025-02-03T21:31:56.852+0000] {logging_mixin.py:190} INFO - [2025-02-03T21:31:56.852+0000] {dagbag.py:588} INFO - Filling up the DagBag from /opt/airflow/dags/first_dag.py
[2025-02-03T21:31:56.872+0000] {processor.py:925} INFO - DAG(s) 'first_dag' retrieved from /opt/airflow/dags/first_dag.py
[2025-02-03T21:31:56.895+0000] {logging_mixin.py:190} INFO - [2025-02-03T21:31:56.895+0000] {dag.py:3239} INFO - Sync 1 DAGs
[2025-02-03T21:31:56.920+0000] {logging_mixin.py:190} INFO - [2025-02-03T21:31:56.919+0000] {dag.py:4180} INFO - Setting next_dagrun for first_dag to 2025-02-03 00:00:00+00:00, run_after=2025-02-04 00:00:00+00:00
[2025-02-03T21:31:57.152+0000] {processor.py:208} INFO - Processing /opt/airflow/dags/first_dag.py took 0.309 seconds
[2025-02-03T21:32:29.019+0000] {processor.py:186} INFO - Started process (PID=106) to work on /opt/airflow/dags/first_dag.py
[2025-02-03T21:32:29.020+0000] {processor.py:914} INFO - Processing file /opt/airflow/dags/first_dag.py for tasks to queue
[2025-02-03T21:32:29.022+0000] {logging_mixin.py:190} INFO - [2025-02-03T21:32:29.022+0000] {dagbag.py:588} INFO - Filling up the DagBag from /opt/airflow/dags/first_dag.py
[2025-02-03T21:32:29.048+0000] {processor.py:925} INFO - DAG(s) 'first_dag' retrieved from /opt/airflow/dags/first_dag.py
[2025-02-03T21:32:29.075+0000] {logging_mixin.py:190} INFO - [2025-02-03T21:32:29.075+0000] {dag.py:3239} INFO - Sync 1 DAGs
[2025-02-03T21:32:29.097+0000] {logging_mixin.py:190} INFO - [2025-02-03T21:32:29.097+0000] {dag.py:4180} INFO - Setting next_dagrun for first_dag to 2025-02-03 00:00:00+00:00, run_after=2025-02-04 00:00:00+00:00
[2025-02-03T21:32:29.114+0000] {processor.py:208} INFO - Processing /opt/airflow/dags/first_dag.py took 0.100 seconds
[2025-02-03T21:33:00.807+0000] {processor.py:186} INFO - Started process (PID=108) to work on /opt/airflow/dags/first_dag.py
[2025-02-03T21:33:00.808+0000] {processor.py:914} INFO - Processing file /opt/airflow/dags/first_dag.py for tasks to queue
[2025-02-03T21:33:00.810+0000] {logging_mixin.py:190} INFO - [2025-02-03T21:33:00.810+0000] {dagbag.py:588} INFO - Filling up the DagBag from /opt/airflow/dags/first_dag.py
[2025-02-03T21:33:00.833+0000] {processor.py:925} INFO - DAG(s) 'first_dag' retrieved from /opt/airflow/dags/first_dag.py
[2025-02-03T21:33:00.855+0000] {logging_mixin.py:190} INFO - [2025-02-03T21:33:00.855+0000] {dag.py:3239} INFO - Sync 1 DAGs
[2025-02-03T21:33:00.876+0000] {logging_mixin.py:190} INFO - [2025-02-03T21:33:00.876+0000] {dag.py:4180} INFO - Setting next_dagrun for first_dag to 2025-02-03 00:00:00+00:00, run_after=2025-02-04 00:00:00+00:00
[2025-02-03T21:33:00.896+0000] {processor.py:208} INFO - Processing /opt/airflow/dags/first_dag.py took 0.094 seconds
[2025-02-03T21:33:33.631+0000] {processor.py:186} INFO - Started process (PID=110) to work on /opt/airflow/dags/first_dag.py
[2025-02-03T21:33:33.633+0000] {processor.py:914} INFO - Processing file /opt/airflow/dags/first_dag.py for tasks to queue
[2025-02-03T21:33:33.635+0000] {logging_mixin.py:190} INFO - [2025-02-03T21:33:33.635+0000] {dagbag.py:588} INFO - Filling up the DagBag from /opt/airflow/dags/first_dag.py
[2025-02-03T21:33:33.651+0000] {processor.py:925} INFO - DAG(s) 'first_dag' retrieved from /opt/airflow/dags/first_dag.py
[2025-02-03T21:33:33.674+0000] {logging_mixin.py:190} INFO - [2025-02-03T21:33:33.674+0000] {dag.py:3239} INFO - Sync 1 DAGs
[2025-02-03T21:33:33.695+0000] {logging_mixin.py:190} INFO - [2025-02-03T21:33:33.695+0000] {dag.py:4180} INFO - Setting next_dagrun for first_dag to 2025-02-03 00:00:00+00:00, run_after=2025-02-04 00:00:00+00:00
[2025-02-03T21:33:33.714+0000] {processor.py:208} INFO - Processing /opt/airflow/dags/first_dag.py took 0.088 seconds
[2025-02-03T21:34:05.467+0000] {processor.py:186} INFO - Started process (PID=112) to work on /opt/airflow/dags/first_dag.py
[2025-02-03T21:34:05.469+0000] {processor.py:914} INFO - Processing file /opt/airflow/dags/first_dag.py for tasks to queue
[2025-02-03T21:34:05.472+0000] {logging_mixin.py:190} INFO - [2025-02-03T21:34:05.471+0000] {dagbag.py:588} INFO - Filling up the DagBag from /opt/airflow/dags/first_dag.py
[2025-02-03T21:34:05.495+0000] {processor.py:925} INFO - DAG(s) 'first_dag' retrieved from /opt/airflow/dags/first_dag.py
[2025-02-03T21:34:05.525+0000] {logging_mixin.py:190} INFO - [2025-02-03T21:34:05.524+0000] {dag.py:3239} INFO - Sync 1 DAGs
[2025-02-03T21:34:05.548+0000] {logging_mixin.py:190} INFO - [2025-02-03T21:34:05.548+0000] {dag.py:4180} INFO - Setting next_dagrun for first_dag to 2025-02-03 00:00:00+00:00, run_after=2025-02-04 00:00:00+00:00
[2025-02-03T21:34:05.564+0000] {processor.py:208} INFO - Processing /opt/airflow/dags/first_dag.py took 0.102 seconds
[2025-02-03T21:34:38.295+0000] {processor.py:186} INFO - Started process (PID=114) to work on /opt/airflow/dags/first_dag.py
[2025-02-03T21:34:38.296+0000] {processor.py:914} INFO - Processing file /opt/airflow/dags/first_dag.py for tasks to queue
[2025-02-03T21:34:38.298+0000] {logging_mixin.py:190} INFO - [2025-02-03T21:34:38.298+0000] {dagbag.py:588} INFO - Filling up the DagBag from /opt/airflow/dags/first_dag.py
[2025-02-03T21:34:38.325+0000] {processor.py:925} INFO - DAG(s) 'first_dag' retrieved from /opt/airflow/dags/first_dag.py
[2025-02-03T21:34:38.397+0000] {logging_mixin.py:190} INFO - [2025-02-03T21:34:38.396+0000] {dag.py:3239} INFO - Sync 1 DAGs
[2025-02-03T21:34:38.446+0000] {logging_mixin.py:190} INFO - [2025-02-03T21:34:38.446+0000] {dag.py:4180} INFO - Setting next_dagrun for first_dag to 2025-02-03 00:00:00+00:00, run_after=2025-02-04 00:00:00+00:00
[2025-02-03T21:34:38.475+0000] {processor.py:208} INFO - Processing /opt/airflow/dags/first_dag.py took 0.185 seconds
[2025-02-03T21:35:10.070+0000] {processor.py:186} INFO - Started process (PID=116) to work on /opt/airflow/dags/first_dag.py
[2025-02-03T21:35:10.071+0000] {processor.py:914} INFO - Processing file /opt/airflow/dags/first_dag.py for tasks to queue
[2025-02-03T21:35:10.073+0000] {logging_mixin.py:190} INFO - [2025-02-03T21:35:10.072+0000] {dagbag.py:588} INFO - Filling up the DagBag from /opt/airflow/dags/first_dag.py
[2025-02-03T21:35:10.093+0000] {processor.py:925} INFO - DAG(s) 'first_dag' retrieved from /opt/airflow/dags/first_dag.py
[2025-02-03T21:35:10.122+0000] {logging_mixin.py:190} INFO - [2025-02-03T21:35:10.122+0000] {dag.py:3239} INFO - Sync 1 DAGs
[2025-02-03T21:35:10.145+0000] {logging_mixin.py:190} INFO - [2025-02-03T21:35:10.145+0000] {dag.py:4180} INFO - Setting next_dagrun for first_dag to 2025-02-03 00:00:00+00:00, run_after=2025-02-04 00:00:00+00:00
[2025-02-03T21:35:10.166+0000] {processor.py:208} INFO - Processing /opt/airflow/dags/first_dag.py took 0.101 seconds
[2025-02-03T21:35:42.785+0000] {processor.py:186} INFO - Started process (PID=118) to work on /opt/airflow/dags/first_dag.py
[2025-02-03T21:35:42.786+0000] {processor.py:914} INFO - Processing file /opt/airflow/dags/first_dag.py for tasks to queue
[2025-02-03T21:35:42.788+0000] {logging_mixin.py:190} INFO - [2025-02-03T21:35:42.788+0000] {dagbag.py:588} INFO - Filling up the DagBag from /opt/airflow/dags/first_dag.py
[2025-02-03T21:35:42.808+0000] {processor.py:925} INFO - DAG(s) 'first_dag' retrieved from /opt/airflow/dags/first_dag.py
[2025-02-03T21:35:42.830+0000] {logging_mixin.py:190} INFO - [2025-02-03T21:35:42.830+0000] {dag.py:3239} INFO - Sync 1 DAGs
[2025-02-03T21:35:42.851+0000] {logging_mixin.py:190} INFO - [2025-02-03T21:35:42.850+0000] {dag.py:4180} INFO - Setting next_dagrun for first_dag to 2025-02-03 00:00:00+00:00, run_after=2025-02-04 00:00:00+00:00
[2025-02-03T21:35:42.865+0000] {processor.py:208} INFO - Processing /opt/airflow/dags/first_dag.py took 0.086 seconds
[2025-02-03T21:36:14.619+0000] {processor.py:186} INFO - Started process (PID=120) to work on /opt/airflow/dags/first_dag.py
[2025-02-03T21:36:14.620+0000] {processor.py:914} INFO - Processing file /opt/airflow/dags/first_dag.py for tasks to queue
[2025-02-03T21:36:14.623+0000] {logging_mixin.py:190} INFO - [2025-02-03T21:36:14.622+0000] {dagbag.py:588} INFO - Filling up the DagBag from /opt/airflow/dags/first_dag.py
[2025-02-03T21:36:14.643+0000] {processor.py:925} INFO - DAG(s) 'first_dag' retrieved from /opt/airflow/dags/first_dag.py
[2025-02-03T21:36:14.670+0000] {logging_mixin.py:190} INFO - [2025-02-03T21:36:14.669+0000] {dag.py:3239} INFO - Sync 1 DAGs
[2025-02-03T21:36:14.692+0000] {logging_mixin.py:190} INFO - [2025-02-03T21:36:14.692+0000] {dag.py:4180} INFO - Setting next_dagrun for first_dag to 2025-02-03 00:00:00+00:00, run_after=2025-02-04 00:00:00+00:00
[2025-02-03T21:36:14.711+0000] {processor.py:208} INFO - Processing /opt/airflow/dags/first_dag.py took 0.097 seconds
[2025-02-03T21:36:47.687+0000] {processor.py:186} INFO - Started process (PID=122) to work on /opt/airflow/dags/first_dag.py
[2025-02-03T21:36:47.688+0000] {processor.py:914} INFO - Processing file /opt/airflow/dags/first_dag.py for tasks to queue
[2025-02-03T21:36:47.690+0000] {logging_mixin.py:190} INFO - [2025-02-03T21:36:47.689+0000] {dagbag.py:588} INFO - Filling up the DagBag from /opt/airflow/dags/first_dag.py
[2025-02-03T21:36:47.724+0000] {processor.py:925} INFO - DAG(s) 'first_dag' retrieved from /opt/airflow/dags/first_dag.py
[2025-02-03T21:36:47.747+0000] {logging_mixin.py:190} INFO - [2025-02-03T21:36:47.747+0000] {dag.py:3239} INFO - Sync 1 DAGs
[2025-02-03T21:36:47.768+0000] {logging_mixin.py:190} INFO - [2025-02-03T21:36:47.767+0000] {dag.py:4180} INFO - Setting next_dagrun for first_dag to 2025-02-03 00:00:00+00:00, run_after=2025-02-04 00:00:00+00:00
[2025-02-03T21:36:47.781+0000] {processor.py:208} INFO - Processing /opt/airflow/dags/first_dag.py took 0.100 seconds
[2025-02-03T21:37:19.527+0000] {processor.py:186} INFO - Started process (PID=124) to work on /opt/airflow/dags/first_dag.py
[2025-02-03T21:37:19.528+0000] {processor.py:914} INFO - Processing file /opt/airflow/dags/first_dag.py for tasks to queue
[2025-02-03T21:37:19.530+0000] {logging_mixin.py:190} INFO - [2025-02-03T21:37:19.529+0000] {dagbag.py:588} INFO - Filling up the DagBag from /opt/airflow/dags/first_dag.py
[2025-02-03T21:37:19.556+0000] {processor.py:925} INFO - DAG(s) 'first_dag' retrieved from /opt/airflow/dags/first_dag.py
[2025-02-03T21:37:19.583+0000] {logging_mixin.py:190} INFO - [2025-02-03T21:37:19.583+0000] {dag.py:3239} INFO - Sync 1 DAGs
[2025-02-03T21:37:19.606+0000] {logging_mixin.py:190} INFO - [2025-02-03T21:37:19.606+0000] {dag.py:4180} INFO - Setting next_dagrun for first_dag to 2025-02-03 00:00:00+00:00, run_after=2025-02-04 00:00:00+00:00
[2025-02-03T21:37:19.627+0000] {processor.py:208} INFO - Processing /opt/airflow/dags/first_dag.py took 0.107 seconds
[2025-02-03T21:37:52.346+0000] {processor.py:186} INFO - Started process (PID=126) to work on /opt/airflow/dags/first_dag.py
[2025-02-03T21:37:52.347+0000] {processor.py:914} INFO - Processing file /opt/airflow/dags/first_dag.py for tasks to queue
[2025-02-03T21:37:52.349+0000] {logging_mixin.py:190} INFO - [2025-02-03T21:37:52.349+0000] {dagbag.py:588} INFO - Filling up the DagBag from /opt/airflow/dags/first_dag.py
[2025-02-03T21:37:52.370+0000] {processor.py:925} INFO - DAG(s) 'first_dag' retrieved from /opt/airflow/dags/first_dag.py
[2025-02-03T21:37:52.395+0000] {logging_mixin.py:190} INFO - [2025-02-03T21:37:52.394+0000] {dag.py:3239} INFO - Sync 1 DAGs
[2025-02-03T21:37:52.415+0000] {logging_mixin.py:190} INFO - [2025-02-03T21:37:52.415+0000] {dag.py:4180} INFO - Setting next_dagrun for first_dag to 2025-02-03 00:00:00+00:00, run_after=2025-02-04 00:00:00+00:00
[2025-02-03T21:37:52.435+0000] {processor.py:208} INFO - Processing /opt/airflow/dags/first_dag.py took 0.095 seconds
[2025-02-03T21:38:24.134+0000] {processor.py:186} INFO - Started process (PID=128) to work on /opt/airflow/dags/first_dag.py
[2025-02-03T21:38:24.135+0000] {processor.py:914} INFO - Processing file /opt/airflow/dags/first_dag.py for tasks to queue
[2025-02-03T21:38:24.137+0000] {logging_mixin.py:190} INFO - [2025-02-03T21:38:24.137+0000] {dagbag.py:588} INFO - Filling up the DagBag from /opt/airflow/dags/first_dag.py
[2025-02-03T21:38:24.157+0000] {processor.py:925} INFO - DAG(s) 'first_dag' retrieved from /opt/airflow/dags/first_dag.py
[2025-02-03T21:38:24.177+0000] {logging_mixin.py:190} INFO - [2025-02-03T21:38:24.177+0000] {dag.py:3239} INFO - Sync 1 DAGs
[2025-02-03T21:38:24.197+0000] {logging_mixin.py:190} INFO - [2025-02-03T21:38:24.197+0000] {dag.py:4180} INFO - Setting next_dagrun for first_dag to 2025-02-03 00:00:00+00:00, run_after=2025-02-04 00:00:00+00:00
[2025-02-03T21:38:24.216+0000] {processor.py:208} INFO - Processing /opt/airflow/dags/first_dag.py took 0.087 seconds
[2025-02-03T21:38:57.158+0000] {processor.py:186} INFO - Started process (PID=130) to work on /opt/airflow/dags/first_dag.py
[2025-02-03T21:38:57.159+0000] {processor.py:914} INFO - Processing file /opt/airflow/dags/first_dag.py for tasks to queue
[2025-02-03T21:38:57.161+0000] {logging_mixin.py:190} INFO - [2025-02-03T21:38:57.161+0000] {dagbag.py:588} INFO - Filling up the DagBag from /opt/airflow/dags/first_dag.py
[2025-02-03T21:38:57.189+0000] {processor.py:925} INFO - DAG(s) 'first_dag' retrieved from /opt/airflow/dags/first_dag.py
[2025-02-03T21:38:57.211+0000] {logging_mixin.py:190} INFO - [2025-02-03T21:38:57.211+0000] {dag.py:3239} INFO - Sync 1 DAGs
[2025-02-03T21:38:57.234+0000] {logging_mixin.py:190} INFO - [2025-02-03T21:38:57.234+0000] {dag.py:4180} INFO - Setting next_dagrun for first_dag to 2025-02-03 00:00:00+00:00, run_after=2025-02-04 00:00:00+00:00
[2025-02-03T21:38:57.255+0000] {processor.py:208} INFO - Processing /opt/airflow/dags/first_dag.py took 0.103 seconds
[2025-02-03T21:39:29.028+0000] {processor.py:186} INFO - Started process (PID=132) to work on /opt/airflow/dags/first_dag.py
[2025-02-03T21:39:29.029+0000] {processor.py:914} INFO - Processing file /opt/airflow/dags/first_dag.py for tasks to queue
[2025-02-03T21:39:29.031+0000] {logging_mixin.py:190} INFO - [2025-02-03T21:39:29.031+0000] {dagbag.py:588} INFO - Filling up the DagBag from /opt/airflow/dags/first_dag.py
[2025-02-03T21:39:29.045+0000] {processor.py:925} INFO - DAG(s) 'first_dag' retrieved from /opt/airflow/dags/first_dag.py
[2025-02-03T21:39:29.065+0000] {logging_mixin.py:190} INFO - [2025-02-03T21:39:29.065+0000] {dag.py:3239} INFO - Sync 1 DAGs
[2025-02-03T21:39:29.088+0000] {logging_mixin.py:190} INFO - [2025-02-03T21:39:29.088+0000] {dag.py:4180} INFO - Setting next_dagrun for first_dag to 2025-02-03 00:00:00+00:00, run_after=2025-02-04 00:00:00+00:00
[2025-02-03T21:39:29.104+0000] {processor.py:208} INFO - Processing /opt/airflow/dags/first_dag.py took 0.081 seconds
[2025-02-03T21:40:01.952+0000] {processor.py:186} INFO - Started process (PID=134) to work on /opt/airflow/dags/first_dag.py
[2025-02-03T21:40:01.953+0000] {processor.py:914} INFO - Processing file /opt/airflow/dags/first_dag.py for tasks to queue
[2025-02-03T21:40:01.956+0000] {logging_mixin.py:190} INFO - [2025-02-03T21:40:01.956+0000] {dagbag.py:588} INFO - Filling up the DagBag from /opt/airflow/dags/first_dag.py
[2025-02-03T21:40:01.984+0000] {processor.py:925} INFO - DAG(s) 'first_dag' retrieved from /opt/airflow/dags/first_dag.py
[2025-02-03T21:40:02.019+0000] {logging_mixin.py:190} INFO - [2025-02-03T21:40:02.019+0000] {dag.py:3239} INFO - Sync 1 DAGs
[2025-02-03T21:40:02.077+0000] {logging_mixin.py:190} INFO - [2025-02-03T21:40:02.077+0000] {dag.py:4180} INFO - Setting next_dagrun for first_dag to 2025-02-03 00:00:00+00:00, run_after=2025-02-04 00:00:00+00:00
[2025-02-03T21:40:02.110+0000] {processor.py:208} INFO - Processing /opt/airflow/dags/first_dag.py took 0.162 seconds
