[2025-02-16T17:44:58.579+0000] {local_task_job_runner.py:123} INFO - ::group::Pre task execution logs
[2025-02-16T17:44:58.594+0000] {taskinstance.py:2614} INFO - Dependencies all met for dep_context=non-requeueable deps ti=<TaskInstance: superstore_dag.run_dbt_dim_product manual__2025-02-16T17:44:13.179593+00:00 [queued]>
[2025-02-16T17:44:58.602+0000] {taskinstance.py:2614} INFO - Dependencies all met for dep_context=requeueable deps ti=<TaskInstance: superstore_dag.run_dbt_dim_product manual__2025-02-16T17:44:13.179593+00:00 [queued]>
[2025-02-16T17:44:58.603+0000] {taskinstance.py:2867} INFO - Starting attempt 1 of 1
[2025-02-16T17:44:58.617+0000] {taskinstance.py:2890} INFO - Executing <Task(BashOperator): run_dbt_dim_product> on 2025-02-16 17:44:13.179593+00:00
[2025-02-16T17:44:58.623+0000] {standard_task_runner.py:72} INFO - Started process 1596 to run task
[2025-02-16T17:44:58.626+0000] {standard_task_runner.py:104} INFO - Running: ['***', 'tasks', 'run', 'superstore_dag', 'run_dbt_dim_product', 'manual__2025-02-16T17:44:13.179593+00:00', '--job-id', '249', '--raw', '--subdir', 'DAGS_FOLDER/superstore_dag.py', '--cfg-path', '/tmp/tmpexu9mph5']
[2025-02-16T17:44:58.628+0000] {standard_task_runner.py:105} INFO - Job 249: Subtask run_dbt_dim_product
[2025-02-16T17:44:58.642+0000] {logging_mixin.py:190} WARNING - /home/***/.local/lib/python3.12/site-packages/***/settings.py:209 DeprecationWarning: The sql_alchemy_conn option in [core] has been moved to the sql_alchemy_conn option in [database] - the old setting has been used, but please update your config.
[2025-02-16T17:44:58.678+0000] {task_command.py:467} INFO - Running <TaskInstance: superstore_dag.run_dbt_dim_product manual__2025-02-16T17:44:13.179593+00:00 [running]> on host e06c424a4719
[2025-02-16T17:44:58.759+0000] {taskinstance.py:3134} INFO - Exporting env vars: AIRFLOW_CTX_DAG_OWNER='***' AIRFLOW_CTX_DAG_ID='superstore_dag' AIRFLOW_CTX_TASK_ID='run_dbt_dim_product' AIRFLOW_CTX_EXECUTION_DATE='2025-02-16T17:44:13.179593+00:00' AIRFLOW_CTX_TRY_NUMBER='1' AIRFLOW_CTX_DAG_RUN_ID='manual__2025-02-16T17:44:13.179593+00:00'
[2025-02-16T17:44:58.760+0000] {taskinstance.py:732} INFO - ::endgroup::
[2025-02-16T17:44:58.774+0000] {subprocess.py:78} INFO - Tmp dir root location: /tmp
[2025-02-16T17:44:58.775+0000] {subprocess.py:88} INFO - Running command: ['/usr/bin/bash', '-c', 'cd /dbt/superstore/ && dbt run --select dim_product']
[2025-02-16T17:44:58.785+0000] {subprocess.py:99} INFO - Output:
[2025-02-16T17:45:00.868+0000] {subprocess.py:106} INFO - [0m17:45:00  Running with dbt=1.9.2
[2025-02-16T17:45:01.178+0000] {subprocess.py:106} INFO - [0m17:45:01  Registered adapter: postgres=1.9.0
[2025-02-16T17:45:03.309+0000] {subprocess.py:106} INFO - [0m17:45:03  Found 7 models, 34 data tests, 1 source, 632 macros
[2025-02-16T17:45:03.313+0000] {subprocess.py:106} INFO - [0m17:45:03
[2025-02-16T17:45:03.314+0000] {subprocess.py:106} INFO - [0m17:45:03  Concurrency: 1 threads (target='prod')
[2025-02-16T17:45:03.315+0000] {subprocess.py:106} INFO - [0m17:45:03
[2025-02-16T17:45:03.434+0000] {subprocess.py:106} INFO - [0m17:45:03  1 of 1 START sql incremental model core.dim_product ............................ [RUN]
[2025-02-16T17:45:03.687+0000] {subprocess.py:106} INFO - [0m17:45:03  1 of 1 OK created sql incremental model core.dim_product ....................... [[32mINSERT 0 3000[0m in 0.25s]
[2025-02-16T17:45:03.703+0000] {subprocess.py:106} INFO - [0m17:45:03
[2025-02-16T17:45:03.704+0000] {subprocess.py:106} INFO - [0m17:45:03  Finished running 1 incremental model in 0 hours 0 minutes and 0.39 seconds (0.39s).
[2025-02-16T17:45:03.785+0000] {subprocess.py:106} INFO - [0m17:45:03
[2025-02-16T17:45:03.785+0000] {subprocess.py:106} INFO - [0m17:45:03  [32mCompleted successfully[0m
[2025-02-16T17:45:03.787+0000] {subprocess.py:106} INFO - [0m17:45:03
[2025-02-16T17:45:03.788+0000] {subprocess.py:106} INFO - [0m17:45:03  Done. PASS=1 WARN=0 ERROR=0 SKIP=0 TOTAL=1
[2025-02-16T17:45:04.678+0000] {subprocess.py:110} INFO - Command exited with return code 0
[2025-02-16T17:45:04.703+0000] {taskinstance.py:341} INFO - ::group::Post task execution logs
[2025-02-16T17:45:04.704+0000] {taskinstance.py:353} INFO - Marking task as SUCCESS. dag_id=superstore_dag, task_id=run_dbt_dim_product, run_id=manual__2025-02-16T17:44:13.179593+00:00, execution_date=20250216T174413, start_date=20250216T174458, end_date=20250216T174504
[2025-02-16T17:45:04.772+0000] {local_task_job_runner.py:266} INFO - Task exited with return code 0
[2025-02-16T17:45:04.808+0000] {taskinstance.py:3901} INFO - 1 downstream tasks scheduled from follow-on schedule check
[2025-02-16T17:45:04.813+0000] {local_task_job_runner.py:245} INFO - ::endgroup::
