[2025-01-20T16:23:58.194+0000] {processor.py:186} INFO - Started process (PID=57) to work on /opt/airflow/dags/first_dag.py
[2025-01-20T16:23:58.197+0000] {processor.py:914} INFO - Processing file /opt/airflow/dags/first_dag.py for tasks to queue
[2025-01-20T16:23:58.201+0000] {logging_mixin.py:190} INFO - [2025-01-20T16:23:58.200+0000] {dagbag.py:588} INFO - Filling up the DagBag from /opt/airflow/dags/first_dag.py
[2025-01-20T16:23:58.226+0000] {processor.py:925} INFO - DAG(s) 'first_dag' retrieved from /opt/airflow/dags/first_dag.py
[2025-01-20T16:23:58.260+0000] {logging_mixin.py:190} INFO - [2025-01-20T16:23:58.260+0000] {dag.py:3239} INFO - Sync 1 DAGs
[2025-01-20T16:23:58.288+0000] {logging_mixin.py:190} INFO - [2025-01-20T16:23:58.288+0000] {dag.py:4180} INFO - Setting next_dagrun for first_dag to 2025-01-20 00:00:00+00:00, run_after=2025-01-21 00:00:00+00:00
[2025-01-20T16:23:58.305+0000] {processor.py:208} INFO - Processing /opt/airflow/dags/first_dag.py took 0.119 seconds
[2025-01-20T16:24:28.679+0000] {processor.py:186} INFO - Started process (PID=98) to work on /opt/airflow/dags/first_dag.py
[2025-01-20T16:24:28.680+0000] {processor.py:914} INFO - Processing file /opt/airflow/dags/first_dag.py for tasks to queue
[2025-01-20T16:24:28.682+0000] {logging_mixin.py:190} INFO - [2025-01-20T16:24:28.682+0000] {dagbag.py:588} INFO - Filling up the DagBag from /opt/airflow/dags/first_dag.py
[2025-01-20T16:24:28.700+0000] {processor.py:925} INFO - DAG(s) 'first_dag' retrieved from /opt/airflow/dags/first_dag.py
[2025-01-20T16:24:28.732+0000] {logging_mixin.py:190} INFO - [2025-01-20T16:24:28.731+0000] {dag.py:3239} INFO - Sync 1 DAGs
[2025-01-20T16:24:28.759+0000] {logging_mixin.py:190} INFO - [2025-01-20T16:24:28.759+0000] {dag.py:4180} INFO - Setting next_dagrun for first_dag to 2025-01-20 00:00:00+00:00, run_after=2025-01-21 00:00:00+00:00
[2025-01-20T16:24:28.780+0000] {processor.py:208} INFO - Processing /opt/airflow/dags/first_dag.py took 0.106 seconds
[2025-01-20T16:24:59.214+0000] {processor.py:186} INFO - Started process (PID=100) to work on /opt/airflow/dags/first_dag.py
[2025-01-20T16:24:59.215+0000] {processor.py:914} INFO - Processing file /opt/airflow/dags/first_dag.py for tasks to queue
[2025-01-20T16:24:59.217+0000] {logging_mixin.py:190} INFO - [2025-01-20T16:24:59.217+0000] {dagbag.py:588} INFO - Filling up the DagBag from /opt/airflow/dags/first_dag.py
[2025-01-20T16:24:59.237+0000] {processor.py:925} INFO - DAG(s) 'first_dag' retrieved from /opt/airflow/dags/first_dag.py
[2025-01-20T16:24:59.259+0000] {logging_mixin.py:190} INFO - [2025-01-20T16:24:59.259+0000] {dag.py:3239} INFO - Sync 1 DAGs
[2025-01-20T16:24:59.282+0000] {logging_mixin.py:190} INFO - [2025-01-20T16:24:59.282+0000] {dag.py:4180} INFO - Setting next_dagrun for first_dag to 2025-01-20 00:00:00+00:00, run_after=2025-01-21 00:00:00+00:00
[2025-01-20T16:24:59.299+0000] {processor.py:208} INFO - Processing /opt/airflow/dags/first_dag.py took 0.090 seconds
[2025-01-20T16:25:29.752+0000] {processor.py:186} INFO - Started process (PID=102) to work on /opt/airflow/dags/first_dag.py
[2025-01-20T16:25:29.755+0000] {processor.py:914} INFO - Processing file /opt/airflow/dags/first_dag.py for tasks to queue
[2025-01-20T16:25:29.757+0000] {logging_mixin.py:190} INFO - [2025-01-20T16:25:29.757+0000] {dagbag.py:588} INFO - Filling up the DagBag from /opt/airflow/dags/first_dag.py
[2025-01-20T16:25:29.774+0000] {processor.py:925} INFO - DAG(s) 'first_dag' retrieved from /opt/airflow/dags/first_dag.py
[2025-01-20T16:25:29.794+0000] {logging_mixin.py:190} INFO - [2025-01-20T16:25:29.793+0000] {dag.py:3239} INFO - Sync 1 DAGs
[2025-01-20T16:25:29.813+0000] {logging_mixin.py:190} INFO - [2025-01-20T16:25:29.813+0000] {dag.py:4180} INFO - Setting next_dagrun for first_dag to 2025-01-20 00:00:00+00:00, run_after=2025-01-21 00:00:00+00:00
[2025-01-20T16:25:29.831+0000] {processor.py:208} INFO - Processing /opt/airflow/dags/first_dag.py took 0.084 seconds
[2025-01-20T16:26:00.426+0000] {processor.py:186} INFO - Started process (PID=104) to work on /opt/airflow/dags/first_dag.py
[2025-01-20T16:26:00.427+0000] {processor.py:914} INFO - Processing file /opt/airflow/dags/first_dag.py for tasks to queue
[2025-01-20T16:26:00.429+0000] {logging_mixin.py:190} INFO - [2025-01-20T16:26:00.429+0000] {dagbag.py:588} INFO - Filling up the DagBag from /opt/airflow/dags/first_dag.py
[2025-01-20T16:26:00.446+0000] {processor.py:925} INFO - DAG(s) 'first_dag' retrieved from /opt/airflow/dags/first_dag.py
[2025-01-20T16:26:00.468+0000] {logging_mixin.py:190} INFO - [2025-01-20T16:26:00.468+0000] {dag.py:3239} INFO - Sync 1 DAGs
[2025-01-20T16:26:00.488+0000] {logging_mixin.py:190} INFO - [2025-01-20T16:26:00.488+0000] {dag.py:4180} INFO - Setting next_dagrun for first_dag to 2025-01-20 00:00:00+00:00, run_after=2025-01-21 00:00:00+00:00
[2025-01-20T16:26:00.504+0000] {processor.py:208} INFO - Processing /opt/airflow/dags/first_dag.py took 0.082 seconds
[2025-01-20T16:26:31.067+0000] {processor.py:186} INFO - Started process (PID=106) to work on /opt/airflow/dags/first_dag.py
[2025-01-20T16:26:31.068+0000] {processor.py:914} INFO - Processing file /opt/airflow/dags/first_dag.py for tasks to queue
[2025-01-20T16:26:31.070+0000] {logging_mixin.py:190} INFO - [2025-01-20T16:26:31.070+0000] {dagbag.py:588} INFO - Filling up the DagBag from /opt/airflow/dags/first_dag.py
[2025-01-20T16:26:31.088+0000] {processor.py:925} INFO - DAG(s) 'first_dag' retrieved from /opt/airflow/dags/first_dag.py
[2025-01-20T16:26:31.110+0000] {logging_mixin.py:190} INFO - [2025-01-20T16:26:31.110+0000] {dag.py:3239} INFO - Sync 1 DAGs
[2025-01-20T16:26:31.130+0000] {logging_mixin.py:190} INFO - [2025-01-20T16:26:31.130+0000] {dag.py:4180} INFO - Setting next_dagrun for first_dag to 2025-01-20 00:00:00+00:00, run_after=2025-01-21 00:00:00+00:00
[2025-01-20T16:26:31.146+0000] {processor.py:208} INFO - Processing /opt/airflow/dags/first_dag.py took 0.084 seconds
[2025-01-20T16:27:01.587+0000] {processor.py:186} INFO - Started process (PID=108) to work on /opt/airflow/dags/first_dag.py
[2025-01-20T16:27:01.588+0000] {processor.py:914} INFO - Processing file /opt/airflow/dags/first_dag.py for tasks to queue
[2025-01-20T16:27:01.590+0000] {logging_mixin.py:190} INFO - [2025-01-20T16:27:01.590+0000] {dagbag.py:588} INFO - Filling up the DagBag from /opt/airflow/dags/first_dag.py
[2025-01-20T16:27:01.609+0000] {processor.py:925} INFO - DAG(s) 'first_dag' retrieved from /opt/airflow/dags/first_dag.py
[2025-01-20T16:27:01.632+0000] {logging_mixin.py:190} INFO - [2025-01-20T16:27:01.632+0000] {dag.py:3239} INFO - Sync 1 DAGs
[2025-01-20T16:27:01.653+0000] {logging_mixin.py:190} INFO - [2025-01-20T16:27:01.653+0000] {dag.py:4180} INFO - Setting next_dagrun for first_dag to 2025-01-20 00:00:00+00:00, run_after=2025-01-21 00:00:00+00:00
[2025-01-20T16:27:01.670+0000] {processor.py:208} INFO - Processing /opt/airflow/dags/first_dag.py took 0.088 seconds
[2025-01-20T16:27:32.074+0000] {processor.py:186} INFO - Started process (PID=110) to work on /opt/airflow/dags/first_dag.py
[2025-01-20T16:27:32.076+0000] {processor.py:914} INFO - Processing file /opt/airflow/dags/first_dag.py for tasks to queue
[2025-01-20T16:27:32.078+0000] {logging_mixin.py:190} INFO - [2025-01-20T16:27:32.077+0000] {dagbag.py:588} INFO - Filling up the DagBag from /opt/airflow/dags/first_dag.py
[2025-01-20T16:27:32.097+0000] {processor.py:925} INFO - DAG(s) 'first_dag' retrieved from /opt/airflow/dags/first_dag.py
[2025-01-20T16:27:32.120+0000] {logging_mixin.py:190} INFO - [2025-01-20T16:27:32.119+0000] {dag.py:3239} INFO - Sync 1 DAGs
[2025-01-20T16:27:32.142+0000] {logging_mixin.py:190} INFO - [2025-01-20T16:27:32.142+0000] {dag.py:4180} INFO - Setting next_dagrun for first_dag to 2025-01-20 00:00:00+00:00, run_after=2025-01-21 00:00:00+00:00
[2025-01-20T16:27:32.159+0000] {processor.py:208} INFO - Processing /opt/airflow/dags/first_dag.py took 0.090 seconds
[2025-01-20T16:28:02.600+0000] {processor.py:186} INFO - Started process (PID=112) to work on /opt/airflow/dags/first_dag.py
[2025-01-20T16:28:02.600+0000] {processor.py:914} INFO - Processing file /opt/airflow/dags/first_dag.py for tasks to queue
[2025-01-20T16:28:02.607+0000] {logging_mixin.py:190} INFO - [2025-01-20T16:28:02.606+0000] {dagbag.py:588} INFO - Filling up the DagBag from /opt/airflow/dags/first_dag.py
[2025-01-20T16:28:02.622+0000] {processor.py:925} INFO - DAG(s) 'first_dag' retrieved from /opt/airflow/dags/first_dag.py
[2025-01-20T16:28:02.643+0000] {logging_mixin.py:190} INFO - [2025-01-20T16:28:02.643+0000] {dag.py:3239} INFO - Sync 1 DAGs
[2025-01-20T16:28:02.664+0000] {logging_mixin.py:190} INFO - [2025-01-20T16:28:02.664+0000] {dag.py:4180} INFO - Setting next_dagrun for first_dag to 2025-01-20 00:00:00+00:00, run_after=2025-01-21 00:00:00+00:00
[2025-01-20T16:28:02.684+0000] {processor.py:208} INFO - Processing /opt/airflow/dags/first_dag.py took 0.089 seconds
[2025-01-20T16:28:33.206+0000] {processor.py:186} INFO - Started process (PID=114) to work on /opt/airflow/dags/first_dag.py
[2025-01-20T16:28:33.208+0000] {processor.py:914} INFO - Processing file /opt/airflow/dags/first_dag.py for tasks to queue
[2025-01-20T16:28:33.210+0000] {logging_mixin.py:190} INFO - [2025-01-20T16:28:33.209+0000] {dagbag.py:588} INFO - Filling up the DagBag from /opt/airflow/dags/first_dag.py
[2025-01-20T16:28:33.231+0000] {processor.py:925} INFO - DAG(s) 'first_dag' retrieved from /opt/airflow/dags/first_dag.py
[2025-01-20T16:28:33.257+0000] {logging_mixin.py:190} INFO - [2025-01-20T16:28:33.257+0000] {dag.py:3239} INFO - Sync 1 DAGs
[2025-01-20T16:28:33.280+0000] {logging_mixin.py:190} INFO - [2025-01-20T16:28:33.280+0000] {dag.py:4180} INFO - Setting next_dagrun for first_dag to 2025-01-20 00:00:00+00:00, run_after=2025-01-21 00:00:00+00:00
[2025-01-20T16:28:33.297+0000] {processor.py:208} INFO - Processing /opt/airflow/dags/first_dag.py took 0.095 seconds
[2025-01-20T16:29:03.685+0000] {processor.py:186} INFO - Started process (PID=116) to work on /opt/airflow/dags/first_dag.py
[2025-01-20T16:29:03.686+0000] {processor.py:914} INFO - Processing file /opt/airflow/dags/first_dag.py for tasks to queue
[2025-01-20T16:29:03.688+0000] {logging_mixin.py:190} INFO - [2025-01-20T16:29:03.688+0000] {dagbag.py:588} INFO - Filling up the DagBag from /opt/airflow/dags/first_dag.py
[2025-01-20T16:29:03.704+0000] {processor.py:925} INFO - DAG(s) 'first_dag' retrieved from /opt/airflow/dags/first_dag.py
[2025-01-20T16:29:03.725+0000] {logging_mixin.py:190} INFO - [2025-01-20T16:29:03.725+0000] {dag.py:3239} INFO - Sync 1 DAGs
[2025-01-20T16:29:03.745+0000] {logging_mixin.py:190} INFO - [2025-01-20T16:29:03.744+0000] {dag.py:4180} INFO - Setting next_dagrun for first_dag to 2025-01-20 00:00:00+00:00, run_after=2025-01-21 00:00:00+00:00
[2025-01-20T16:29:03.761+0000] {processor.py:208} INFO - Processing /opt/airflow/dags/first_dag.py took 0.081 seconds
[2025-01-20T16:29:34.094+0000] {processor.py:186} INFO - Started process (PID=138) to work on /opt/airflow/dags/first_dag.py
[2025-01-20T16:29:34.094+0000] {processor.py:914} INFO - Processing file /opt/airflow/dags/first_dag.py for tasks to queue
[2025-01-20T16:29:34.098+0000] {logging_mixin.py:190} INFO - [2025-01-20T16:29:34.097+0000] {dagbag.py:588} INFO - Filling up the DagBag from /opt/airflow/dags/first_dag.py
[2025-01-20T16:29:34.126+0000] {processor.py:925} INFO - DAG(s) 'first_dag' retrieved from /opt/airflow/dags/first_dag.py
[2025-01-20T16:29:34.146+0000] {logging_mixin.py:190} INFO - [2025-01-20T16:29:34.145+0000] {dag.py:3239} INFO - Sync 1 DAGs
[2025-01-20T16:29:34.167+0000] {logging_mixin.py:190} INFO - [2025-01-20T16:29:34.166+0000] {dag.py:4180} INFO - Setting next_dagrun for first_dag to 2025-01-20 00:00:00+00:00, run_after=2025-01-21 00:00:00+00:00
[2025-01-20T16:29:34.183+0000] {processor.py:208} INFO - Processing /opt/airflow/dags/first_dag.py took 0.095 seconds
[2025-01-20T16:30:04.585+0000] {processor.py:186} INFO - Started process (PID=140) to work on /opt/airflow/dags/first_dag.py
[2025-01-20T16:30:04.585+0000] {processor.py:914} INFO - Processing file /opt/airflow/dags/first_dag.py for tasks to queue
[2025-01-20T16:30:04.587+0000] {logging_mixin.py:190} INFO - [2025-01-20T16:30:04.587+0000] {dagbag.py:588} INFO - Filling up the DagBag from /opt/airflow/dags/first_dag.py
[2025-01-20T16:30:04.606+0000] {processor.py:925} INFO - DAG(s) 'first_dag' retrieved from /opt/airflow/dags/first_dag.py
[2025-01-20T16:30:04.627+0000] {logging_mixin.py:190} INFO - [2025-01-20T16:30:04.627+0000] {dag.py:3239} INFO - Sync 1 DAGs
[2025-01-20T16:30:04.648+0000] {logging_mixin.py:190} INFO - [2025-01-20T16:30:04.647+0000] {dag.py:4180} INFO - Setting next_dagrun for first_dag to 2025-01-20 00:00:00+00:00, run_after=2025-01-21 00:00:00+00:00
[2025-01-20T16:30:04.664+0000] {processor.py:208} INFO - Processing /opt/airflow/dags/first_dag.py took 0.084 seconds
[2025-01-20T16:30:35.297+0000] {processor.py:186} INFO - Started process (PID=142) to work on /opt/airflow/dags/first_dag.py
[2025-01-20T16:30:35.298+0000] {processor.py:914} INFO - Processing file /opt/airflow/dags/first_dag.py for tasks to queue
[2025-01-20T16:30:35.300+0000] {logging_mixin.py:190} INFO - [2025-01-20T16:30:35.299+0000] {dagbag.py:588} INFO - Filling up the DagBag from /opt/airflow/dags/first_dag.py
[2025-01-20T16:30:35.315+0000] {processor.py:925} INFO - DAG(s) 'first_dag' retrieved from /opt/airflow/dags/first_dag.py
[2025-01-20T16:30:35.338+0000] {logging_mixin.py:190} INFO - [2025-01-20T16:30:35.337+0000] {dag.py:3239} INFO - Sync 1 DAGs
[2025-01-20T16:30:35.358+0000] {logging_mixin.py:190} INFO - [2025-01-20T16:30:35.358+0000] {dag.py:4180} INFO - Setting next_dagrun for first_dag to 2025-01-20 00:00:00+00:00, run_after=2025-01-21 00:00:00+00:00
[2025-01-20T16:30:35.375+0000] {processor.py:208} INFO - Processing /opt/airflow/dags/first_dag.py took 0.082 seconds
[2025-01-20T16:31:05.975+0000] {processor.py:186} INFO - Started process (PID=144) to work on /opt/airflow/dags/first_dag.py
[2025-01-20T16:31:05.976+0000] {processor.py:914} INFO - Processing file /opt/airflow/dags/first_dag.py for tasks to queue
[2025-01-20T16:31:05.978+0000] {logging_mixin.py:190} INFO - [2025-01-20T16:31:05.978+0000] {dagbag.py:588} INFO - Filling up the DagBag from /opt/airflow/dags/first_dag.py
[2025-01-20T16:31:05.997+0000] {processor.py:925} INFO - DAG(s) 'first_dag' retrieved from /opt/airflow/dags/first_dag.py
[2025-01-20T16:31:06.021+0000] {logging_mixin.py:190} INFO - [2025-01-20T16:31:06.021+0000] {dag.py:3239} INFO - Sync 1 DAGs
[2025-01-20T16:31:06.042+0000] {logging_mixin.py:190} INFO - [2025-01-20T16:31:06.042+0000] {dag.py:4180} INFO - Setting next_dagrun for first_dag to 2025-01-20 00:00:00+00:00, run_after=2025-01-21 00:00:00+00:00
[2025-01-20T16:31:06.061+0000] {processor.py:208} INFO - Processing /opt/airflow/dags/first_dag.py took 0.090 seconds
[2025-01-20T16:31:36.470+0000] {processor.py:186} INFO - Started process (PID=146) to work on /opt/airflow/dags/first_dag.py
[2025-01-20T16:31:36.472+0000] {processor.py:914} INFO - Processing file /opt/airflow/dags/first_dag.py for tasks to queue
[2025-01-20T16:31:36.473+0000] {logging_mixin.py:190} INFO - [2025-01-20T16:31:36.473+0000] {dagbag.py:588} INFO - Filling up the DagBag from /opt/airflow/dags/first_dag.py
[2025-01-20T16:31:36.488+0000] {processor.py:925} INFO - DAG(s) 'first_dag' retrieved from /opt/airflow/dags/first_dag.py
[2025-01-20T16:31:36.512+0000] {logging_mixin.py:190} INFO - [2025-01-20T16:31:36.512+0000] {dag.py:3239} INFO - Sync 1 DAGs
[2025-01-20T16:31:36.535+0000] {logging_mixin.py:190} INFO - [2025-01-20T16:31:36.534+0000] {dag.py:4180} INFO - Setting next_dagrun for first_dag to 2025-01-20 00:00:00+00:00, run_after=2025-01-21 00:00:00+00:00
[2025-01-20T16:31:36.553+0000] {processor.py:208} INFO - Processing /opt/airflow/dags/first_dag.py took 0.087 seconds
[2025-01-20T16:32:06.856+0000] {processor.py:186} INFO - Started process (PID=148) to work on /opt/airflow/dags/first_dag.py
[2025-01-20T16:32:06.858+0000] {processor.py:914} INFO - Processing file /opt/airflow/dags/first_dag.py for tasks to queue
[2025-01-20T16:32:06.859+0000] {logging_mixin.py:190} INFO - [2025-01-20T16:32:06.859+0000] {dagbag.py:588} INFO - Filling up the DagBag from /opt/airflow/dags/first_dag.py
[2025-01-20T16:32:06.874+0000] {processor.py:925} INFO - DAG(s) 'first_dag' retrieved from /opt/airflow/dags/first_dag.py
[2025-01-20T16:32:06.896+0000] {logging_mixin.py:190} INFO - [2025-01-20T16:32:06.896+0000] {dag.py:3239} INFO - Sync 1 DAGs
[2025-01-20T16:32:06.916+0000] {logging_mixin.py:190} INFO - [2025-01-20T16:32:06.916+0000] {dag.py:4180} INFO - Setting next_dagrun for first_dag to 2025-01-20 00:00:00+00:00, run_after=2025-01-21 00:00:00+00:00
[2025-01-20T16:32:06.933+0000] {processor.py:208} INFO - Processing /opt/airflow/dags/first_dag.py took 0.083 seconds
[2025-01-20T16:32:37.268+0000] {processor.py:186} INFO - Started process (PID=150) to work on /opt/airflow/dags/first_dag.py
[2025-01-20T16:32:37.268+0000] {processor.py:914} INFO - Processing file /opt/airflow/dags/first_dag.py for tasks to queue
[2025-01-20T16:32:37.271+0000] {logging_mixin.py:190} INFO - [2025-01-20T16:32:37.270+0000] {dagbag.py:588} INFO - Filling up the DagBag from /opt/airflow/dags/first_dag.py
[2025-01-20T16:32:37.291+0000] {processor.py:925} INFO - DAG(s) 'first_dag' retrieved from /opt/airflow/dags/first_dag.py
[2025-01-20T16:32:37.312+0000] {logging_mixin.py:190} INFO - [2025-01-20T16:32:37.312+0000] {dag.py:3239} INFO - Sync 1 DAGs
[2025-01-20T16:32:37.331+0000] {logging_mixin.py:190} INFO - [2025-01-20T16:32:37.331+0000] {dag.py:4180} INFO - Setting next_dagrun for first_dag to 2025-01-20 00:00:00+00:00, run_after=2025-01-21 00:00:00+00:00
[2025-01-20T16:32:37.348+0000] {processor.py:208} INFO - Processing /opt/airflow/dags/first_dag.py took 0.085 seconds
[2025-01-20T16:33:07.741+0000] {processor.py:186} INFO - Started process (PID=152) to work on /opt/airflow/dags/first_dag.py
[2025-01-20T16:33:07.742+0000] {processor.py:914} INFO - Processing file /opt/airflow/dags/first_dag.py for tasks to queue
[2025-01-20T16:33:07.744+0000] {logging_mixin.py:190} INFO - [2025-01-20T16:33:07.744+0000] {dagbag.py:588} INFO - Filling up the DagBag from /opt/airflow/dags/first_dag.py
[2025-01-20T16:33:07.760+0000] {processor.py:925} INFO - DAG(s) 'first_dag' retrieved from /opt/airflow/dags/first_dag.py
[2025-01-20T16:33:07.782+0000] {logging_mixin.py:190} INFO - [2025-01-20T16:33:07.782+0000] {dag.py:3239} INFO - Sync 1 DAGs
[2025-01-20T16:33:07.803+0000] {logging_mixin.py:190} INFO - [2025-01-20T16:33:07.803+0000] {dag.py:4180} INFO - Setting next_dagrun for first_dag to 2025-01-20 00:00:00+00:00, run_after=2025-01-21 00:00:00+00:00
[2025-01-20T16:33:07.821+0000] {processor.py:208} INFO - Processing /opt/airflow/dags/first_dag.py took 0.084 seconds
[2025-01-20T16:33:38.190+0000] {processor.py:186} INFO - Started process (PID=154) to work on /opt/airflow/dags/first_dag.py
[2025-01-20T16:33:38.191+0000] {processor.py:914} INFO - Processing file /opt/airflow/dags/first_dag.py for tasks to queue
[2025-01-20T16:33:38.193+0000] {logging_mixin.py:190} INFO - [2025-01-20T16:33:38.192+0000] {dagbag.py:588} INFO - Filling up the DagBag from /opt/airflow/dags/first_dag.py
[2025-01-20T16:33:38.209+0000] {processor.py:925} INFO - DAG(s) 'first_dag' retrieved from /opt/airflow/dags/first_dag.py
[2025-01-20T16:33:38.230+0000] {logging_mixin.py:190} INFO - [2025-01-20T16:33:38.230+0000] {dag.py:3239} INFO - Sync 1 DAGs
[2025-01-20T16:33:38.252+0000] {logging_mixin.py:190} INFO - [2025-01-20T16:33:38.252+0000] {dag.py:4180} INFO - Setting next_dagrun for first_dag to 2025-01-20 00:00:00+00:00, run_after=2025-01-21 00:00:00+00:00
[2025-01-20T16:33:38.267+0000] {processor.py:208} INFO - Processing /opt/airflow/dags/first_dag.py took 0.082 seconds
[2025-01-20T16:34:08.635+0000] {processor.py:186} INFO - Started process (PID=156) to work on /opt/airflow/dags/first_dag.py
[2025-01-20T16:34:08.636+0000] {processor.py:914} INFO - Processing file /opt/airflow/dags/first_dag.py for tasks to queue
[2025-01-20T16:34:08.641+0000] {logging_mixin.py:190} INFO - [2025-01-20T16:34:08.641+0000] {dagbag.py:588} INFO - Filling up the DagBag from /opt/airflow/dags/first_dag.py
[2025-01-20T16:34:08.658+0000] {processor.py:925} INFO - DAG(s) 'first_dag' retrieved from /opt/airflow/dags/first_dag.py
[2025-01-20T16:34:08.678+0000] {logging_mixin.py:190} INFO - [2025-01-20T16:34:08.678+0000] {dag.py:3239} INFO - Sync 1 DAGs
[2025-01-20T16:34:08.698+0000] {logging_mixin.py:190} INFO - [2025-01-20T16:34:08.698+0000] {dag.py:4180} INFO - Setting next_dagrun for first_dag to 2025-01-20 00:00:00+00:00, run_after=2025-01-21 00:00:00+00:00
[2025-01-20T16:34:08.714+0000] {processor.py:208} INFO - Processing /opt/airflow/dags/first_dag.py took 0.084 seconds
[2025-01-20T16:34:39.173+0000] {processor.py:186} INFO - Started process (PID=158) to work on /opt/airflow/dags/first_dag.py
[2025-01-20T16:34:39.174+0000] {processor.py:914} INFO - Processing file /opt/airflow/dags/first_dag.py for tasks to queue
[2025-01-20T16:34:39.176+0000] {logging_mixin.py:190} INFO - [2025-01-20T16:34:39.176+0000] {dagbag.py:588} INFO - Filling up the DagBag from /opt/airflow/dags/first_dag.py
[2025-01-20T16:34:39.196+0000] {processor.py:925} INFO - DAG(s) 'first_dag' retrieved from /opt/airflow/dags/first_dag.py
[2025-01-20T16:34:39.222+0000] {logging_mixin.py:190} INFO - [2025-01-20T16:34:39.222+0000] {dag.py:3239} INFO - Sync 1 DAGs
[2025-01-20T16:34:39.243+0000] {logging_mixin.py:190} INFO - [2025-01-20T16:34:39.243+0000] {dag.py:4180} INFO - Setting next_dagrun for first_dag to 2025-01-20 00:00:00+00:00, run_after=2025-01-21 00:00:00+00:00
[2025-01-20T16:34:39.262+0000] {processor.py:208} INFO - Processing /opt/airflow/dags/first_dag.py took 0.094 seconds
[2025-01-20T16:35:09.619+0000] {processor.py:186} INFO - Started process (PID=160) to work on /opt/airflow/dags/first_dag.py
[2025-01-20T16:35:09.620+0000] {processor.py:914} INFO - Processing file /opt/airflow/dags/first_dag.py for tasks to queue
[2025-01-20T16:35:09.622+0000] {logging_mixin.py:190} INFO - [2025-01-20T16:35:09.622+0000] {dagbag.py:588} INFO - Filling up the DagBag from /opt/airflow/dags/first_dag.py
[2025-01-20T16:35:09.641+0000] {processor.py:925} INFO - DAG(s) 'first_dag' retrieved from /opt/airflow/dags/first_dag.py
[2025-01-20T16:35:09.663+0000] {logging_mixin.py:190} INFO - [2025-01-20T16:35:09.663+0000] {dag.py:3239} INFO - Sync 1 DAGs
[2025-01-20T16:35:09.685+0000] {logging_mixin.py:190} INFO - [2025-01-20T16:35:09.685+0000] {dag.py:4180} INFO - Setting next_dagrun for first_dag to 2025-01-20 00:00:00+00:00, run_after=2025-01-21 00:00:00+00:00
[2025-01-20T16:35:09.701+0000] {processor.py:208} INFO - Processing /opt/airflow/dags/first_dag.py took 0.088 seconds
[2025-01-20T16:35:40.033+0000] {processor.py:186} INFO - Started process (PID=162) to work on /opt/airflow/dags/first_dag.py
[2025-01-20T16:35:40.034+0000] {processor.py:914} INFO - Processing file /opt/airflow/dags/first_dag.py for tasks to queue
[2025-01-20T16:35:40.036+0000] {logging_mixin.py:190} INFO - [2025-01-20T16:35:40.036+0000] {dagbag.py:588} INFO - Filling up the DagBag from /opt/airflow/dags/first_dag.py
[2025-01-20T16:35:40.052+0000] {processor.py:925} INFO - DAG(s) 'first_dag' retrieved from /opt/airflow/dags/first_dag.py
[2025-01-20T16:35:40.076+0000] {logging_mixin.py:190} INFO - [2025-01-20T16:35:40.076+0000] {dag.py:3239} INFO - Sync 1 DAGs
[2025-01-20T16:35:40.098+0000] {logging_mixin.py:190} INFO - [2025-01-20T16:35:40.097+0000] {dag.py:4180} INFO - Setting next_dagrun for first_dag to 2025-01-20 00:00:00+00:00, run_after=2025-01-21 00:00:00+00:00
[2025-01-20T16:35:40.117+0000] {processor.py:208} INFO - Processing /opt/airflow/dags/first_dag.py took 0.088 seconds
[2025-01-20T16:36:10.518+0000] {processor.py:186} INFO - Started process (PID=164) to work on /opt/airflow/dags/first_dag.py
[2025-01-20T16:36:10.519+0000] {processor.py:914} INFO - Processing file /opt/airflow/dags/first_dag.py for tasks to queue
[2025-01-20T16:36:10.520+0000] {logging_mixin.py:190} INFO - [2025-01-20T16:36:10.520+0000] {dagbag.py:588} INFO - Filling up the DagBag from /opt/airflow/dags/first_dag.py
[2025-01-20T16:36:10.537+0000] {processor.py:925} INFO - DAG(s) 'first_dag' retrieved from /opt/airflow/dags/first_dag.py
[2025-01-20T16:36:10.561+0000] {logging_mixin.py:190} INFO - [2025-01-20T16:36:10.561+0000] {dag.py:3239} INFO - Sync 1 DAGs
[2025-01-20T16:36:10.583+0000] {logging_mixin.py:190} INFO - [2025-01-20T16:36:10.583+0000] {dag.py:4180} INFO - Setting next_dagrun for first_dag to 2025-01-20 00:00:00+00:00, run_after=2025-01-21 00:00:00+00:00
[2025-01-20T16:36:10.602+0000] {processor.py:208} INFO - Processing /opt/airflow/dags/first_dag.py took 0.090 seconds
[2025-01-20T16:36:40.920+0000] {processor.py:186} INFO - Started process (PID=166) to work on /opt/airflow/dags/first_dag.py
[2025-01-20T16:36:40.921+0000] {processor.py:914} INFO - Processing file /opt/airflow/dags/first_dag.py for tasks to queue
[2025-01-20T16:36:40.923+0000] {logging_mixin.py:190} INFO - [2025-01-20T16:36:40.923+0000] {dagbag.py:588} INFO - Filling up the DagBag from /opt/airflow/dags/first_dag.py
[2025-01-20T16:36:40.939+0000] {processor.py:925} INFO - DAG(s) 'first_dag' retrieved from /opt/airflow/dags/first_dag.py
[2025-01-20T16:36:40.959+0000] {logging_mixin.py:190} INFO - [2025-01-20T16:36:40.959+0000] {dag.py:3239} INFO - Sync 1 DAGs
[2025-01-20T16:36:40.978+0000] {logging_mixin.py:190} INFO - [2025-01-20T16:36:40.978+0000] {dag.py:4180} INFO - Setting next_dagrun for first_dag to 2025-01-20 00:00:00+00:00, run_after=2025-01-21 00:00:00+00:00
[2025-01-20T16:36:40.994+0000] {processor.py:208} INFO - Processing /opt/airflow/dags/first_dag.py took 0.079 seconds
[2025-01-20T16:37:11.319+0000] {processor.py:186} INFO - Started process (PID=168) to work on /opt/airflow/dags/first_dag.py
[2025-01-20T16:37:11.320+0000] {processor.py:914} INFO - Processing file /opt/airflow/dags/first_dag.py for tasks to queue
[2025-01-20T16:37:11.322+0000] {logging_mixin.py:190} INFO - [2025-01-20T16:37:11.321+0000] {dagbag.py:588} INFO - Filling up the DagBag from /opt/airflow/dags/first_dag.py
[2025-01-20T16:37:11.338+0000] {processor.py:925} INFO - DAG(s) 'first_dag' retrieved from /opt/airflow/dags/first_dag.py
[2025-01-20T16:37:11.360+0000] {logging_mixin.py:190} INFO - [2025-01-20T16:37:11.360+0000] {dag.py:3239} INFO - Sync 1 DAGs
[2025-01-20T16:37:11.381+0000] {logging_mixin.py:190} INFO - [2025-01-20T16:37:11.381+0000] {dag.py:4180} INFO - Setting next_dagrun for first_dag to 2025-01-20 00:00:00+00:00, run_after=2025-01-21 00:00:00+00:00
[2025-01-20T16:37:11.398+0000] {processor.py:208} INFO - Processing /opt/airflow/dags/first_dag.py took 0.084 seconds
[2025-01-20T16:37:41.845+0000] {processor.py:186} INFO - Started process (PID=170) to work on /opt/airflow/dags/first_dag.py
[2025-01-20T16:37:41.848+0000] {processor.py:914} INFO - Processing file /opt/airflow/dags/first_dag.py for tasks to queue
[2025-01-20T16:37:41.850+0000] {logging_mixin.py:190} INFO - [2025-01-20T16:37:41.850+0000] {dagbag.py:588} INFO - Filling up the DagBag from /opt/airflow/dags/first_dag.py
[2025-01-20T16:37:41.867+0000] {processor.py:925} INFO - DAG(s) 'first_dag' retrieved from /opt/airflow/dags/first_dag.py
[2025-01-20T16:37:41.889+0000] {logging_mixin.py:190} INFO - [2025-01-20T16:37:41.889+0000] {dag.py:3239} INFO - Sync 1 DAGs
[2025-01-20T16:37:41.909+0000] {logging_mixin.py:190} INFO - [2025-01-20T16:37:41.909+0000] {dag.py:4180} INFO - Setting next_dagrun for first_dag to 2025-01-20 00:00:00+00:00, run_after=2025-01-21 00:00:00+00:00
[2025-01-20T16:37:41.925+0000] {processor.py:208} INFO - Processing /opt/airflow/dags/first_dag.py took 0.085 seconds
[2025-01-20T16:38:12.373+0000] {processor.py:186} INFO - Started process (PID=172) to work on /opt/airflow/dags/first_dag.py
[2025-01-20T16:38:12.376+0000] {processor.py:914} INFO - Processing file /opt/airflow/dags/first_dag.py for tasks to queue
[2025-01-20T16:38:12.378+0000] {logging_mixin.py:190} INFO - [2025-01-20T16:38:12.377+0000] {dagbag.py:588} INFO - Filling up the DagBag from /opt/airflow/dags/first_dag.py
[2025-01-20T16:38:12.396+0000] {processor.py:925} INFO - DAG(s) 'first_dag' retrieved from /opt/airflow/dags/first_dag.py
[2025-01-20T16:38:12.418+0000] {logging_mixin.py:190} INFO - [2025-01-20T16:38:12.418+0000] {dag.py:3239} INFO - Sync 1 DAGs
[2025-01-20T16:38:12.438+0000] {logging_mixin.py:190} INFO - [2025-01-20T16:38:12.437+0000] {dag.py:4180} INFO - Setting next_dagrun for first_dag to 2025-01-20 00:00:00+00:00, run_after=2025-01-21 00:00:00+00:00
[2025-01-20T16:38:12.457+0000] {processor.py:208} INFO - Processing /opt/airflow/dags/first_dag.py took 0.089 seconds
[2025-01-20T16:38:42.905+0000] {processor.py:186} INFO - Started process (PID=174) to work on /opt/airflow/dags/first_dag.py
[2025-01-20T16:38:42.906+0000] {processor.py:914} INFO - Processing file /opt/airflow/dags/first_dag.py for tasks to queue
[2025-01-20T16:38:42.908+0000] {logging_mixin.py:190} INFO - [2025-01-20T16:38:42.908+0000] {dagbag.py:588} INFO - Filling up the DagBag from /opt/airflow/dags/first_dag.py
[2025-01-20T16:38:42.925+0000] {processor.py:925} INFO - DAG(s) 'first_dag' retrieved from /opt/airflow/dags/first_dag.py
[2025-01-20T16:38:42.947+0000] {logging_mixin.py:190} INFO - [2025-01-20T16:38:42.947+0000] {dag.py:3239} INFO - Sync 1 DAGs
[2025-01-20T16:38:42.969+0000] {logging_mixin.py:190} INFO - [2025-01-20T16:38:42.968+0000] {dag.py:4180} INFO - Setting next_dagrun for first_dag to 2025-01-20 00:00:00+00:00, run_after=2025-01-21 00:00:00+00:00
[2025-01-20T16:38:42.986+0000] {processor.py:208} INFO - Processing /opt/airflow/dags/first_dag.py took 0.087 seconds
[2025-01-20T16:39:13.437+0000] {processor.py:186} INFO - Started process (PID=176) to work on /opt/airflow/dags/first_dag.py
[2025-01-20T16:39:13.438+0000] {processor.py:914} INFO - Processing file /opt/airflow/dags/first_dag.py for tasks to queue
[2025-01-20T16:39:13.441+0000] {logging_mixin.py:190} INFO - [2025-01-20T16:39:13.440+0000] {dagbag.py:588} INFO - Filling up the DagBag from /opt/airflow/dags/first_dag.py
[2025-01-20T16:39:13.463+0000] {processor.py:925} INFO - DAG(s) 'first_dag' retrieved from /opt/airflow/dags/first_dag.py
[2025-01-20T16:39:13.489+0000] {logging_mixin.py:190} INFO - [2025-01-20T16:39:13.489+0000] {dag.py:3239} INFO - Sync 1 DAGs
[2025-01-20T16:39:13.515+0000] {logging_mixin.py:190} INFO - [2025-01-20T16:39:13.514+0000] {dag.py:4180} INFO - Setting next_dagrun for first_dag to 2025-01-20 00:00:00+00:00, run_after=2025-01-21 00:00:00+00:00
[2025-01-20T16:39:13.536+0000] {processor.py:208} INFO - Processing /opt/airflow/dags/first_dag.py took 0.104 seconds
[2025-01-20T16:39:44.018+0000] {processor.py:186} INFO - Started process (PID=178) to work on /opt/airflow/dags/first_dag.py
[2025-01-20T16:39:44.020+0000] {processor.py:914} INFO - Processing file /opt/airflow/dags/first_dag.py for tasks to queue
[2025-01-20T16:39:44.021+0000] {logging_mixin.py:190} INFO - [2025-01-20T16:39:44.021+0000] {dagbag.py:588} INFO - Filling up the DagBag from /opt/airflow/dags/first_dag.py
[2025-01-20T16:39:44.038+0000] {processor.py:925} INFO - DAG(s) 'first_dag' retrieved from /opt/airflow/dags/first_dag.py
[2025-01-20T16:39:44.059+0000] {logging_mixin.py:190} INFO - [2025-01-20T16:39:44.059+0000] {dag.py:3239} INFO - Sync 1 DAGs
[2025-01-20T16:39:44.079+0000] {logging_mixin.py:190} INFO - [2025-01-20T16:39:44.078+0000] {dag.py:4180} INFO - Setting next_dagrun for first_dag to 2025-01-20 00:00:00+00:00, run_after=2025-01-21 00:00:00+00:00
[2025-01-20T16:39:44.094+0000] {processor.py:208} INFO - Processing /opt/airflow/dags/first_dag.py took 0.080 seconds
[2025-01-20T16:40:14.467+0000] {processor.py:186} INFO - Started process (PID=180) to work on /opt/airflow/dags/first_dag.py
[2025-01-20T16:40:14.468+0000] {processor.py:914} INFO - Processing file /opt/airflow/dags/first_dag.py for tasks to queue
[2025-01-20T16:40:14.470+0000] {logging_mixin.py:190} INFO - [2025-01-20T16:40:14.470+0000] {dagbag.py:588} INFO - Filling up the DagBag from /opt/airflow/dags/first_dag.py
[2025-01-20T16:40:14.492+0000] {processor.py:925} INFO - DAG(s) 'first_dag' retrieved from /opt/airflow/dags/first_dag.py
[2025-01-20T16:40:14.514+0000] {logging_mixin.py:190} INFO - [2025-01-20T16:40:14.514+0000] {dag.py:3239} INFO - Sync 1 DAGs
[2025-01-20T16:40:14.535+0000] {logging_mixin.py:190} INFO - [2025-01-20T16:40:14.535+0000] {dag.py:4180} INFO - Setting next_dagrun for first_dag to 2025-01-20 00:00:00+00:00, run_after=2025-01-21 00:00:00+00:00
[2025-01-20T16:40:14.555+0000] {processor.py:208} INFO - Processing /opt/airflow/dags/first_dag.py took 0.094 seconds
[2025-01-20T16:40:45.115+0000] {processor.py:186} INFO - Started process (PID=182) to work on /opt/airflow/dags/first_dag.py
[2025-01-20T16:40:45.120+0000] {processor.py:914} INFO - Processing file /opt/airflow/dags/first_dag.py for tasks to queue
[2025-01-20T16:40:45.127+0000] {logging_mixin.py:190} INFO - [2025-01-20T16:40:45.126+0000] {dagbag.py:588} INFO - Filling up the DagBag from /opt/airflow/dags/first_dag.py
[2025-01-20T16:40:45.156+0000] {processor.py:925} INFO - DAG(s) 'first_dag' retrieved from /opt/airflow/dags/first_dag.py
[2025-01-20T16:40:45.184+0000] {logging_mixin.py:190} INFO - [2025-01-20T16:40:45.184+0000] {dag.py:3239} INFO - Sync 1 DAGs
[2025-01-20T16:40:45.210+0000] {logging_mixin.py:190} INFO - [2025-01-20T16:40:45.209+0000] {dag.py:4180} INFO - Setting next_dagrun for first_dag to 2025-01-20 00:00:00+00:00, run_after=2025-01-21 00:00:00+00:00
[2025-01-20T16:40:45.246+0000] {processor.py:208} INFO - Processing /opt/airflow/dags/first_dag.py took 0.137 seconds
[2025-01-20T16:41:15.638+0000] {processor.py:186} INFO - Started process (PID=184) to work on /opt/airflow/dags/first_dag.py
[2025-01-20T16:41:15.640+0000] {processor.py:914} INFO - Processing file /opt/airflow/dags/first_dag.py for tasks to queue
[2025-01-20T16:41:15.642+0000] {logging_mixin.py:190} INFO - [2025-01-20T16:41:15.642+0000] {dagbag.py:588} INFO - Filling up the DagBag from /opt/airflow/dags/first_dag.py
[2025-01-20T16:41:15.665+0000] {processor.py:925} INFO - DAG(s) 'first_dag' retrieved from /opt/airflow/dags/first_dag.py
[2025-01-20T16:41:15.692+0000] {logging_mixin.py:190} INFO - [2025-01-20T16:41:15.692+0000] {dag.py:3239} INFO - Sync 1 DAGs
[2025-01-20T16:41:15.716+0000] {logging_mixin.py:190} INFO - [2025-01-20T16:41:15.716+0000] {dag.py:4180} INFO - Setting next_dagrun for first_dag to 2025-01-20 00:00:00+00:00, run_after=2025-01-21 00:00:00+00:00
[2025-01-20T16:41:15.737+0000] {processor.py:208} INFO - Processing /opt/airflow/dags/first_dag.py took 0.104 seconds
[2025-01-20T16:41:46.308+0000] {processor.py:186} INFO - Started process (PID=186) to work on /opt/airflow/dags/first_dag.py
[2025-01-20T16:41:46.309+0000] {processor.py:914} INFO - Processing file /opt/airflow/dags/first_dag.py for tasks to queue
[2025-01-20T16:41:46.311+0000] {logging_mixin.py:190} INFO - [2025-01-20T16:41:46.311+0000] {dagbag.py:588} INFO - Filling up the DagBag from /opt/airflow/dags/first_dag.py
[2025-01-20T16:41:46.334+0000] {processor.py:925} INFO - DAG(s) 'first_dag' retrieved from /opt/airflow/dags/first_dag.py
[2025-01-20T16:41:46.361+0000] {logging_mixin.py:190} INFO - [2025-01-20T16:41:46.360+0000] {dag.py:3239} INFO - Sync 1 DAGs
[2025-01-20T16:41:46.384+0000] {logging_mixin.py:190} INFO - [2025-01-20T16:41:46.383+0000] {dag.py:4180} INFO - Setting next_dagrun for first_dag to 2025-01-20 00:00:00+00:00, run_after=2025-01-21 00:00:00+00:00
[2025-01-20T16:41:46.403+0000] {processor.py:208} INFO - Processing /opt/airflow/dags/first_dag.py took 0.100 seconds
[2025-01-20T16:42:16.914+0000] {processor.py:186} INFO - Started process (PID=188) to work on /opt/airflow/dags/first_dag.py
[2025-01-20T16:42:16.914+0000] {processor.py:914} INFO - Processing file /opt/airflow/dags/first_dag.py for tasks to queue
[2025-01-20T16:42:16.916+0000] {logging_mixin.py:190} INFO - [2025-01-20T16:42:16.916+0000] {dagbag.py:588} INFO - Filling up the DagBag from /opt/airflow/dags/first_dag.py
[2025-01-20T16:42:16.933+0000] {processor.py:925} INFO - DAG(s) 'first_dag' retrieved from /opt/airflow/dags/first_dag.py
[2025-01-20T16:42:16.959+0000] {logging_mixin.py:190} INFO - [2025-01-20T16:42:16.959+0000] {dag.py:3239} INFO - Sync 1 DAGs
[2025-01-20T16:42:16.983+0000] {logging_mixin.py:190} INFO - [2025-01-20T16:42:16.983+0000] {dag.py:4180} INFO - Setting next_dagrun for first_dag to 2025-01-20 00:00:00+00:00, run_after=2025-01-21 00:00:00+00:00
[2025-01-20T16:42:17.003+0000] {processor.py:208} INFO - Processing /opt/airflow/dags/first_dag.py took 0.094 seconds
[2025-01-20T16:42:47.385+0000] {processor.py:186} INFO - Started process (PID=190) to work on /opt/airflow/dags/first_dag.py
[2025-01-20T16:42:47.386+0000] {processor.py:914} INFO - Processing file /opt/airflow/dags/first_dag.py for tasks to queue
[2025-01-20T16:42:47.388+0000] {logging_mixin.py:190} INFO - [2025-01-20T16:42:47.388+0000] {dagbag.py:588} INFO - Filling up the DagBag from /opt/airflow/dags/first_dag.py
[2025-01-20T16:42:47.406+0000] {processor.py:925} INFO - DAG(s) 'first_dag' retrieved from /opt/airflow/dags/first_dag.py
[2025-01-20T16:42:47.430+0000] {logging_mixin.py:190} INFO - [2025-01-20T16:42:47.430+0000] {dag.py:3239} INFO - Sync 1 DAGs
[2025-01-20T16:42:47.451+0000] {logging_mixin.py:190} INFO - [2025-01-20T16:42:47.450+0000] {dag.py:4180} INFO - Setting next_dagrun for first_dag to 2025-01-20 00:00:00+00:00, run_after=2025-01-21 00:00:00+00:00
[2025-01-20T16:42:47.470+0000] {processor.py:208} INFO - Processing /opt/airflow/dags/first_dag.py took 0.091 seconds
[2025-01-20T16:43:17.789+0000] {processor.py:186} INFO - Started process (PID=192) to work on /opt/airflow/dags/first_dag.py
[2025-01-20T16:43:17.790+0000] {processor.py:914} INFO - Processing file /opt/airflow/dags/first_dag.py for tasks to queue
[2025-01-20T16:43:17.792+0000] {logging_mixin.py:190} INFO - [2025-01-20T16:43:17.792+0000] {dagbag.py:588} INFO - Filling up the DagBag from /opt/airflow/dags/first_dag.py
[2025-01-20T16:43:17.813+0000] {processor.py:925} INFO - DAG(s) 'first_dag' retrieved from /opt/airflow/dags/first_dag.py
[2025-01-20T16:43:17.836+0000] {logging_mixin.py:190} INFO - [2025-01-20T16:43:17.836+0000] {dag.py:3239} INFO - Sync 1 DAGs
[2025-01-20T16:43:17.857+0000] {logging_mixin.py:190} INFO - [2025-01-20T16:43:17.857+0000] {dag.py:4180} INFO - Setting next_dagrun for first_dag to 2025-01-20 00:00:00+00:00, run_after=2025-01-21 00:00:00+00:00
[2025-01-20T16:43:17.874+0000] {processor.py:208} INFO - Processing /opt/airflow/dags/first_dag.py took 0.092 seconds
[2025-01-20T16:43:48.293+0000] {processor.py:186} INFO - Started process (PID=194) to work on /opt/airflow/dags/first_dag.py
[2025-01-20T16:43:48.294+0000] {processor.py:914} INFO - Processing file /opt/airflow/dags/first_dag.py for tasks to queue
[2025-01-20T16:43:48.296+0000] {logging_mixin.py:190} INFO - [2025-01-20T16:43:48.296+0000] {dagbag.py:588} INFO - Filling up the DagBag from /opt/airflow/dags/first_dag.py
[2025-01-20T16:43:48.313+0000] {processor.py:925} INFO - DAG(s) 'first_dag' retrieved from /opt/airflow/dags/first_dag.py
[2025-01-20T16:43:48.335+0000] {logging_mixin.py:190} INFO - [2025-01-20T16:43:48.335+0000] {dag.py:3239} INFO - Sync 1 DAGs
[2025-01-20T16:43:48.355+0000] {logging_mixin.py:190} INFO - [2025-01-20T16:43:48.355+0000] {dag.py:4180} INFO - Setting next_dagrun for first_dag to 2025-01-20 00:00:00+00:00, run_after=2025-01-21 00:00:00+00:00
[2025-01-20T16:43:48.372+0000] {processor.py:208} INFO - Processing /opt/airflow/dags/first_dag.py took 0.084 seconds
[2025-01-20T16:44:18.875+0000] {processor.py:186} INFO - Started process (PID=196) to work on /opt/airflow/dags/first_dag.py
[2025-01-20T16:44:18.877+0000] {processor.py:914} INFO - Processing file /opt/airflow/dags/first_dag.py for tasks to queue
[2025-01-20T16:44:18.879+0000] {logging_mixin.py:190} INFO - [2025-01-20T16:44:18.879+0000] {dagbag.py:588} INFO - Filling up the DagBag from /opt/airflow/dags/first_dag.py
[2025-01-20T16:44:18.901+0000] {processor.py:925} INFO - DAG(s) 'first_dag' retrieved from /opt/airflow/dags/first_dag.py
[2025-01-20T16:44:18.932+0000] {logging_mixin.py:190} INFO - [2025-01-20T16:44:18.932+0000] {dag.py:3239} INFO - Sync 1 DAGs
[2025-01-20T16:44:18.955+0000] {logging_mixin.py:190} INFO - [2025-01-20T16:44:18.954+0000] {dag.py:4180} INFO - Setting next_dagrun for first_dag to 2025-01-20 00:00:00+00:00, run_after=2025-01-21 00:00:00+00:00
[2025-01-20T16:44:18.971+0000] {processor.py:208} INFO - Processing /opt/airflow/dags/first_dag.py took 0.101 seconds
[2025-01-20T16:44:49.329+0000] {processor.py:186} INFO - Started process (PID=198) to work on /opt/airflow/dags/first_dag.py
[2025-01-20T16:44:49.330+0000] {processor.py:914} INFO - Processing file /opt/airflow/dags/first_dag.py for tasks to queue
[2025-01-20T16:44:49.332+0000] {logging_mixin.py:190} INFO - [2025-01-20T16:44:49.332+0000] {dagbag.py:588} INFO - Filling up the DagBag from /opt/airflow/dags/first_dag.py
[2025-01-20T16:44:49.358+0000] {processor.py:925} INFO - DAG(s) 'first_dag' retrieved from /opt/airflow/dags/first_dag.py
[2025-01-20T16:44:49.383+0000] {logging_mixin.py:190} INFO - [2025-01-20T16:44:49.383+0000] {dag.py:3239} INFO - Sync 1 DAGs
[2025-01-20T16:44:49.407+0000] {logging_mixin.py:190} INFO - [2025-01-20T16:44:49.407+0000] {dag.py:4180} INFO - Setting next_dagrun for first_dag to 2025-01-20 00:00:00+00:00, run_after=2025-01-21 00:00:00+00:00
[2025-01-20T16:44:49.425+0000] {processor.py:208} INFO - Processing /opt/airflow/dags/first_dag.py took 0.103 seconds
[2025-01-20T16:45:19.908+0000] {processor.py:186} INFO - Started process (PID=200) to work on /opt/airflow/dags/first_dag.py
[2025-01-20T16:45:19.910+0000] {processor.py:914} INFO - Processing file /opt/airflow/dags/first_dag.py for tasks to queue
[2025-01-20T16:45:19.912+0000] {logging_mixin.py:190} INFO - [2025-01-20T16:45:19.912+0000] {dagbag.py:588} INFO - Filling up the DagBag from /opt/airflow/dags/first_dag.py
[2025-01-20T16:45:19.939+0000] {processor.py:925} INFO - DAG(s) 'first_dag' retrieved from /opt/airflow/dags/first_dag.py
[2025-01-20T16:45:19.964+0000] {logging_mixin.py:190} INFO - [2025-01-20T16:45:19.963+0000] {dag.py:3239} INFO - Sync 1 DAGs
[2025-01-20T16:45:19.987+0000] {logging_mixin.py:190} INFO - [2025-01-20T16:45:19.986+0000] {dag.py:4180} INFO - Setting next_dagrun for first_dag to 2025-01-20 00:00:00+00:00, run_after=2025-01-21 00:00:00+00:00
[2025-01-20T16:45:20.006+0000] {processor.py:208} INFO - Processing /opt/airflow/dags/first_dag.py took 0.104 seconds
[2025-01-20T16:45:50.364+0000] {processor.py:186} INFO - Started process (PID=202) to work on /opt/airflow/dags/first_dag.py
[2025-01-20T16:45:50.365+0000] {processor.py:914} INFO - Processing file /opt/airflow/dags/first_dag.py for tasks to queue
[2025-01-20T16:45:50.367+0000] {logging_mixin.py:190} INFO - [2025-01-20T16:45:50.367+0000] {dagbag.py:588} INFO - Filling up the DagBag from /opt/airflow/dags/first_dag.py
[2025-01-20T16:45:50.385+0000] {processor.py:925} INFO - DAG(s) 'first_dag' retrieved from /opt/airflow/dags/first_dag.py
[2025-01-20T16:45:50.409+0000] {logging_mixin.py:190} INFO - [2025-01-20T16:45:50.409+0000] {dag.py:3239} INFO - Sync 1 DAGs
[2025-01-20T16:45:50.430+0000] {logging_mixin.py:190} INFO - [2025-01-20T16:45:50.430+0000] {dag.py:4180} INFO - Setting next_dagrun for first_dag to 2025-01-20 00:00:00+00:00, run_after=2025-01-21 00:00:00+00:00
[2025-01-20T16:45:50.447+0000] {processor.py:208} INFO - Processing /opt/airflow/dags/first_dag.py took 0.089 seconds
[2025-01-20T16:46:20.875+0000] {processor.py:186} INFO - Started process (PID=204) to work on /opt/airflow/dags/first_dag.py
[2025-01-20T16:46:20.877+0000] {processor.py:914} INFO - Processing file /opt/airflow/dags/first_dag.py for tasks to queue
[2025-01-20T16:46:20.879+0000] {logging_mixin.py:190} INFO - [2025-01-20T16:46:20.879+0000] {dagbag.py:588} INFO - Filling up the DagBag from /opt/airflow/dags/first_dag.py
[2025-01-20T16:46:20.902+0000] {processor.py:925} INFO - DAG(s) 'first_dag' retrieved from /opt/airflow/dags/first_dag.py
[2025-01-20T16:46:20.928+0000] {logging_mixin.py:190} INFO - [2025-01-20T16:46:20.927+0000] {dag.py:3239} INFO - Sync 1 DAGs
[2025-01-20T16:46:20.950+0000] {logging_mixin.py:190} INFO - [2025-01-20T16:46:20.950+0000] {dag.py:4180} INFO - Setting next_dagrun for first_dag to 2025-01-20 00:00:00+00:00, run_after=2025-01-21 00:00:00+00:00
[2025-01-20T16:46:20.968+0000] {processor.py:208} INFO - Processing /opt/airflow/dags/first_dag.py took 0.099 seconds
[2025-01-20T16:46:51.263+0000] {processor.py:186} INFO - Started process (PID=206) to work on /opt/airflow/dags/first_dag.py
[2025-01-20T16:46:51.264+0000] {processor.py:914} INFO - Processing file /opt/airflow/dags/first_dag.py for tasks to queue
[2025-01-20T16:46:51.267+0000] {logging_mixin.py:190} INFO - [2025-01-20T16:46:51.267+0000] {dagbag.py:588} INFO - Filling up the DagBag from /opt/airflow/dags/first_dag.py
[2025-01-20T16:46:51.288+0000] {processor.py:925} INFO - DAG(s) 'first_dag' retrieved from /opt/airflow/dags/first_dag.py
[2025-01-20T16:46:51.313+0000] {logging_mixin.py:190} INFO - [2025-01-20T16:46:51.312+0000] {dag.py:3239} INFO - Sync 1 DAGs
[2025-01-20T16:46:51.335+0000] {logging_mixin.py:190} INFO - [2025-01-20T16:46:51.334+0000] {dag.py:4180} INFO - Setting next_dagrun for first_dag to 2025-01-20 00:00:00+00:00, run_after=2025-01-21 00:00:00+00:00
[2025-01-20T16:46:51.352+0000] {processor.py:208} INFO - Processing /opt/airflow/dags/first_dag.py took 0.095 seconds
[2025-01-20T16:47:21.801+0000] {processor.py:186} INFO - Started process (PID=208) to work on /opt/airflow/dags/first_dag.py
[2025-01-20T16:47:21.802+0000] {processor.py:914} INFO - Processing file /opt/airflow/dags/first_dag.py for tasks to queue
[2025-01-20T16:47:21.804+0000] {logging_mixin.py:190} INFO - [2025-01-20T16:47:21.804+0000] {dagbag.py:588} INFO - Filling up the DagBag from /opt/airflow/dags/first_dag.py
[2025-01-20T16:47:21.822+0000] {processor.py:925} INFO - DAG(s) 'first_dag' retrieved from /opt/airflow/dags/first_dag.py
[2025-01-20T16:47:21.843+0000] {logging_mixin.py:190} INFO - [2025-01-20T16:47:21.843+0000] {dag.py:3239} INFO - Sync 1 DAGs
[2025-01-20T16:47:21.864+0000] {logging_mixin.py:190} INFO - [2025-01-20T16:47:21.864+0000] {dag.py:4180} INFO - Setting next_dagrun for first_dag to 2025-01-20 00:00:00+00:00, run_after=2025-01-21 00:00:00+00:00
[2025-01-20T16:47:21.890+0000] {processor.py:208} INFO - Processing /opt/airflow/dags/first_dag.py took 0.095 seconds
[2025-01-20T16:47:52.225+0000] {processor.py:186} INFO - Started process (PID=210) to work on /opt/airflow/dags/first_dag.py
[2025-01-20T16:47:52.225+0000] {processor.py:914} INFO - Processing file /opt/airflow/dags/first_dag.py for tasks to queue
[2025-01-20T16:47:52.228+0000] {logging_mixin.py:190} INFO - [2025-01-20T16:47:52.227+0000] {dagbag.py:588} INFO - Filling up the DagBag from /opt/airflow/dags/first_dag.py
[2025-01-20T16:47:52.250+0000] {processor.py:925} INFO - DAG(s) 'first_dag' retrieved from /opt/airflow/dags/first_dag.py
[2025-01-20T16:47:52.274+0000] {logging_mixin.py:190} INFO - [2025-01-20T16:47:52.274+0000] {dag.py:3239} INFO - Sync 1 DAGs
[2025-01-20T16:47:52.297+0000] {logging_mixin.py:190} INFO - [2025-01-20T16:47:52.296+0000] {dag.py:4180} INFO - Setting next_dagrun for first_dag to 2025-01-20 00:00:00+00:00, run_after=2025-01-21 00:00:00+00:00
[2025-01-20T16:47:52.318+0000] {processor.py:208} INFO - Processing /opt/airflow/dags/first_dag.py took 0.100 seconds
[2025-01-20T16:48:22.658+0000] {processor.py:186} INFO - Started process (PID=212) to work on /opt/airflow/dags/first_dag.py
[2025-01-20T16:48:22.659+0000] {processor.py:914} INFO - Processing file /opt/airflow/dags/first_dag.py for tasks to queue
[2025-01-20T16:48:22.667+0000] {logging_mixin.py:190} INFO - [2025-01-20T16:48:22.667+0000] {dagbag.py:588} INFO - Filling up the DagBag from /opt/airflow/dags/first_dag.py
[2025-01-20T16:48:22.689+0000] {processor.py:925} INFO - DAG(s) 'first_dag' retrieved from /opt/airflow/dags/first_dag.py
[2025-01-20T16:48:22.716+0000] {logging_mixin.py:190} INFO - [2025-01-20T16:48:22.716+0000] {dag.py:3239} INFO - Sync 1 DAGs
[2025-01-20T16:48:22.737+0000] {logging_mixin.py:190} INFO - [2025-01-20T16:48:22.737+0000] {dag.py:4180} INFO - Setting next_dagrun for first_dag to 2025-01-20 00:00:00+00:00, run_after=2025-01-21 00:00:00+00:00
[2025-01-20T16:48:22.756+0000] {processor.py:208} INFO - Processing /opt/airflow/dags/first_dag.py took 0.104 seconds
[2025-01-20T16:48:53.216+0000] {processor.py:186} INFO - Started process (PID=214) to work on /opt/airflow/dags/first_dag.py
[2025-01-20T16:48:53.217+0000] {processor.py:914} INFO - Processing file /opt/airflow/dags/first_dag.py for tasks to queue
[2025-01-20T16:48:53.219+0000] {logging_mixin.py:190} INFO - [2025-01-20T16:48:53.219+0000] {dagbag.py:588} INFO - Filling up the DagBag from /opt/airflow/dags/first_dag.py
[2025-01-20T16:48:53.236+0000] {processor.py:925} INFO - DAG(s) 'first_dag' retrieved from /opt/airflow/dags/first_dag.py
[2025-01-20T16:48:53.264+0000] {logging_mixin.py:190} INFO - [2025-01-20T16:48:53.264+0000] {dag.py:3239} INFO - Sync 1 DAGs
[2025-01-20T16:48:53.285+0000] {logging_mixin.py:190} INFO - [2025-01-20T16:48:53.285+0000] {dag.py:4180} INFO - Setting next_dagrun for first_dag to 2025-01-20 00:00:00+00:00, run_after=2025-01-21 00:00:00+00:00
[2025-01-20T16:48:53.305+0000] {processor.py:208} INFO - Processing /opt/airflow/dags/first_dag.py took 0.094 seconds
[2025-01-20T16:49:23.735+0000] {processor.py:186} INFO - Started process (PID=216) to work on /opt/airflow/dags/first_dag.py
[2025-01-20T16:49:23.736+0000] {processor.py:914} INFO - Processing file /opt/airflow/dags/first_dag.py for tasks to queue
[2025-01-20T16:49:23.737+0000] {logging_mixin.py:190} INFO - [2025-01-20T16:49:23.737+0000] {dagbag.py:588} INFO - Filling up the DagBag from /opt/airflow/dags/first_dag.py
[2025-01-20T16:49:23.763+0000] {processor.py:925} INFO - DAG(s) 'first_dag' retrieved from /opt/airflow/dags/first_dag.py
[2025-01-20T16:49:23.791+0000] {logging_mixin.py:190} INFO - [2025-01-20T16:49:23.791+0000] {dag.py:3239} INFO - Sync 1 DAGs
[2025-01-20T16:49:23.817+0000] {logging_mixin.py:190} INFO - [2025-01-20T16:49:23.817+0000] {dag.py:4180} INFO - Setting next_dagrun for first_dag to 2025-01-20 00:00:00+00:00, run_after=2025-01-21 00:00:00+00:00
[2025-01-20T16:49:23.837+0000] {processor.py:208} INFO - Processing /opt/airflow/dags/first_dag.py took 0.107 seconds
[2025-01-20T16:49:54.167+0000] {processor.py:186} INFO - Started process (PID=218) to work on /opt/airflow/dags/first_dag.py
[2025-01-20T16:49:54.168+0000] {processor.py:914} INFO - Processing file /opt/airflow/dags/first_dag.py for tasks to queue
[2025-01-20T16:49:54.170+0000] {logging_mixin.py:190} INFO - [2025-01-20T16:49:54.170+0000] {dagbag.py:588} INFO - Filling up the DagBag from /opt/airflow/dags/first_dag.py
[2025-01-20T16:49:54.188+0000] {processor.py:925} INFO - DAG(s) 'first_dag' retrieved from /opt/airflow/dags/first_dag.py
[2025-01-20T16:49:54.211+0000] {logging_mixin.py:190} INFO - [2025-01-20T16:49:54.211+0000] {dag.py:3239} INFO - Sync 1 DAGs
[2025-01-20T16:49:54.231+0000] {logging_mixin.py:190} INFO - [2025-01-20T16:49:54.231+0000] {dag.py:4180} INFO - Setting next_dagrun for first_dag to 2025-01-20 00:00:00+00:00, run_after=2025-01-21 00:00:00+00:00
[2025-01-20T16:49:54.247+0000] {processor.py:208} INFO - Processing /opt/airflow/dags/first_dag.py took 0.085 seconds
[2025-01-20T16:50:24.631+0000] {processor.py:186} INFO - Started process (PID=220) to work on /opt/airflow/dags/first_dag.py
[2025-01-20T16:50:24.632+0000] {processor.py:914} INFO - Processing file /opt/airflow/dags/first_dag.py for tasks to queue
[2025-01-20T16:50:24.634+0000] {logging_mixin.py:190} INFO - [2025-01-20T16:50:24.634+0000] {dagbag.py:588} INFO - Filling up the DagBag from /opt/airflow/dags/first_dag.py
[2025-01-20T16:50:24.654+0000] {processor.py:925} INFO - DAG(s) 'first_dag' retrieved from /opt/airflow/dags/first_dag.py
[2025-01-20T16:50:24.678+0000] {logging_mixin.py:190} INFO - [2025-01-20T16:50:24.678+0000] {dag.py:3239} INFO - Sync 1 DAGs
[2025-01-20T16:50:24.700+0000] {logging_mixin.py:190} INFO - [2025-01-20T16:50:24.699+0000] {dag.py:4180} INFO - Setting next_dagrun for first_dag to 2025-01-20 00:00:00+00:00, run_after=2025-01-21 00:00:00+00:00
[2025-01-20T16:50:24.716+0000] {processor.py:208} INFO - Processing /opt/airflow/dags/first_dag.py took 0.091 seconds
[2025-01-20T16:50:55.180+0000] {processor.py:186} INFO - Started process (PID=222) to work on /opt/airflow/dags/first_dag.py
[2025-01-20T16:50:55.181+0000] {processor.py:914} INFO - Processing file /opt/airflow/dags/first_dag.py for tasks to queue
[2025-01-20T16:50:55.183+0000] {logging_mixin.py:190} INFO - [2025-01-20T16:50:55.183+0000] {dagbag.py:588} INFO - Filling up the DagBag from /opt/airflow/dags/first_dag.py
[2025-01-20T16:50:55.202+0000] {processor.py:925} INFO - DAG(s) 'first_dag' retrieved from /opt/airflow/dags/first_dag.py
[2025-01-20T16:50:55.223+0000] {logging_mixin.py:190} INFO - [2025-01-20T16:50:55.223+0000] {dag.py:3239} INFO - Sync 1 DAGs
[2025-01-20T16:50:55.247+0000] {logging_mixin.py:190} INFO - [2025-01-20T16:50:55.246+0000] {dag.py:4180} INFO - Setting next_dagrun for first_dag to 2025-01-20 00:00:00+00:00, run_after=2025-01-21 00:00:00+00:00
[2025-01-20T16:50:55.750+0000] {processor.py:208} INFO - Processing /opt/airflow/dags/first_dag.py took 0.575 seconds
[2025-01-20T16:51:25.802+0000] {processor.py:186} INFO - Started process (PID=225) to work on /opt/airflow/dags/first_dag.py
[2025-01-20T16:51:25.803+0000] {processor.py:914} INFO - Processing file /opt/airflow/dags/first_dag.py for tasks to queue
[2025-01-20T16:51:25.805+0000] {logging_mixin.py:190} INFO - [2025-01-20T16:51:25.804+0000] {dagbag.py:588} INFO - Filling up the DagBag from /opt/airflow/dags/first_dag.py
[2025-01-20T16:51:25.823+0000] {processor.py:925} INFO - DAG(s) 'first_dag' retrieved from /opt/airflow/dags/first_dag.py
[2025-01-20T16:51:25.848+0000] {logging_mixin.py:190} INFO - [2025-01-20T16:51:25.847+0000] {dag.py:3239} INFO - Sync 1 DAGs
[2025-01-20T16:51:25.870+0000] {logging_mixin.py:190} INFO - [2025-01-20T16:51:25.870+0000] {dag.py:4180} INFO - Setting next_dagrun for first_dag to 2025-01-20 00:00:00+00:00, run_after=2025-01-21 00:00:00+00:00
[2025-01-20T16:51:25.891+0000] {processor.py:208} INFO - Processing /opt/airflow/dags/first_dag.py took 0.094 seconds
[2025-01-20T16:51:56.275+0000] {processor.py:186} INFO - Started process (PID=226) to work on /opt/airflow/dags/first_dag.py
[2025-01-20T16:51:56.276+0000] {processor.py:914} INFO - Processing file /opt/airflow/dags/first_dag.py for tasks to queue
[2025-01-20T16:51:56.278+0000] {logging_mixin.py:190} INFO - [2025-01-20T16:51:56.278+0000] {dagbag.py:588} INFO - Filling up the DagBag from /opt/airflow/dags/first_dag.py
[2025-01-20T16:51:56.302+0000] {processor.py:925} INFO - DAG(s) 'first_dag' retrieved from /opt/airflow/dags/first_dag.py
[2025-01-20T16:51:56.325+0000] {logging_mixin.py:190} INFO - [2025-01-20T16:51:56.325+0000] {dag.py:3239} INFO - Sync 1 DAGs
[2025-01-20T16:51:56.348+0000] {logging_mixin.py:190} INFO - [2025-01-20T16:51:56.348+0000] {dag.py:4180} INFO - Setting next_dagrun for first_dag to 2025-01-20 00:00:00+00:00, run_after=2025-01-21 00:00:00+00:00
[2025-01-20T16:51:56.379+0000] {processor.py:208} INFO - Processing /opt/airflow/dags/first_dag.py took 0.110 seconds
[2025-01-20T16:52:26.954+0000] {processor.py:186} INFO - Started process (PID=228) to work on /opt/airflow/dags/first_dag.py
[2025-01-20T16:52:26.956+0000] {processor.py:914} INFO - Processing file /opt/airflow/dags/first_dag.py for tasks to queue
[2025-01-20T16:52:26.958+0000] {logging_mixin.py:190} INFO - [2025-01-20T16:52:26.958+0000] {dagbag.py:588} INFO - Filling up the DagBag from /opt/airflow/dags/first_dag.py
[2025-01-20T16:52:26.979+0000] {processor.py:925} INFO - DAG(s) 'first_dag' retrieved from /opt/airflow/dags/first_dag.py
[2025-01-20T16:52:27.007+0000] {logging_mixin.py:190} INFO - [2025-01-20T16:52:27.007+0000] {dag.py:3239} INFO - Sync 1 DAGs
[2025-01-20T16:52:27.028+0000] {logging_mixin.py:190} INFO - [2025-01-20T16:52:27.028+0000] {dag.py:4180} INFO - Setting next_dagrun for first_dag to 2025-01-20 00:00:00+00:00, run_after=2025-01-21 00:00:00+00:00
[2025-01-20T16:52:27.210+0000] {processor.py:208} INFO - Processing /opt/airflow/dags/first_dag.py took 0.261 seconds
[2025-01-20T16:52:57.511+0000] {processor.py:186} INFO - Started process (PID=230) to work on /opt/airflow/dags/first_dag.py
[2025-01-20T16:52:57.512+0000] {processor.py:914} INFO - Processing file /opt/airflow/dags/first_dag.py for tasks to queue
[2025-01-20T16:52:57.514+0000] {logging_mixin.py:190} INFO - [2025-01-20T16:52:57.514+0000] {dagbag.py:588} INFO - Filling up the DagBag from /opt/airflow/dags/first_dag.py
[2025-01-20T16:52:57.532+0000] {processor.py:925} INFO - DAG(s) 'first_dag' retrieved from /opt/airflow/dags/first_dag.py
[2025-01-20T16:52:57.560+0000] {logging_mixin.py:190} INFO - [2025-01-20T16:52:57.560+0000] {dag.py:3239} INFO - Sync 1 DAGs
[2025-01-20T16:52:57.595+0000] {logging_mixin.py:190} INFO - [2025-01-20T16:52:57.595+0000] {dag.py:4180} INFO - Setting next_dagrun for first_dag to 2025-01-20 00:00:00+00:00, run_after=2025-01-21 00:00:00+00:00
[2025-01-20T16:52:57.618+0000] {processor.py:208} INFO - Processing /opt/airflow/dags/first_dag.py took 0.112 seconds
[2025-01-20T16:53:27.944+0000] {processor.py:186} INFO - Started process (PID=232) to work on /opt/airflow/dags/first_dag.py
[2025-01-20T16:53:27.945+0000] {processor.py:914} INFO - Processing file /opt/airflow/dags/first_dag.py for tasks to queue
[2025-01-20T16:53:27.947+0000] {logging_mixin.py:190} INFO - [2025-01-20T16:53:27.947+0000] {dagbag.py:588} INFO - Filling up the DagBag from /opt/airflow/dags/first_dag.py
[2025-01-20T16:53:27.967+0000] {processor.py:925} INFO - DAG(s) 'first_dag' retrieved from /opt/airflow/dags/first_dag.py
[2025-01-20T16:53:27.989+0000] {logging_mixin.py:190} INFO - [2025-01-20T16:53:27.988+0000] {dag.py:3239} INFO - Sync 1 DAGs
[2025-01-20T16:53:28.008+0000] {logging_mixin.py:190} INFO - [2025-01-20T16:53:28.008+0000] {dag.py:4180} INFO - Setting next_dagrun for first_dag to 2025-01-20 00:00:00+00:00, run_after=2025-01-21 00:00:00+00:00
[2025-01-20T16:53:28.024+0000] {processor.py:208} INFO - Processing /opt/airflow/dags/first_dag.py took 0.085 seconds
[2025-01-20T16:53:58.447+0000] {processor.py:186} INFO - Started process (PID=234) to work on /opt/airflow/dags/first_dag.py
[2025-01-20T16:53:58.448+0000] {processor.py:914} INFO - Processing file /opt/airflow/dags/first_dag.py for tasks to queue
[2025-01-20T16:53:58.450+0000] {logging_mixin.py:190} INFO - [2025-01-20T16:53:58.449+0000] {dagbag.py:588} INFO - Filling up the DagBag from /opt/airflow/dags/first_dag.py
[2025-01-20T16:53:58.467+0000] {processor.py:925} INFO - DAG(s) 'first_dag' retrieved from /opt/airflow/dags/first_dag.py
[2025-01-20T16:53:58.488+0000] {logging_mixin.py:190} INFO - [2025-01-20T16:53:58.488+0000] {dag.py:3239} INFO - Sync 1 DAGs
[2025-01-20T16:53:58.508+0000] {logging_mixin.py:190} INFO - [2025-01-20T16:53:58.508+0000] {dag.py:4180} INFO - Setting next_dagrun for first_dag to 2025-01-20 00:00:00+00:00, run_after=2025-01-21 00:00:00+00:00
[2025-01-20T16:53:58.530+0000] {processor.py:208} INFO - Processing /opt/airflow/dags/first_dag.py took 0.088 seconds
[2025-01-20T16:54:28.930+0000] {processor.py:186} INFO - Started process (PID=236) to work on /opt/airflow/dags/first_dag.py
[2025-01-20T16:54:28.932+0000] {processor.py:914} INFO - Processing file /opt/airflow/dags/first_dag.py for tasks to queue
[2025-01-20T16:54:28.934+0000] {logging_mixin.py:190} INFO - [2025-01-20T16:54:28.934+0000] {dagbag.py:588} INFO - Filling up the DagBag from /opt/airflow/dags/first_dag.py
[2025-01-20T16:54:28.952+0000] {processor.py:925} INFO - DAG(s) 'first_dag' retrieved from /opt/airflow/dags/first_dag.py
[2025-01-20T16:54:28.976+0000] {logging_mixin.py:190} INFO - [2025-01-20T16:54:28.975+0000] {dag.py:3239} INFO - Sync 1 DAGs
[2025-01-20T16:54:29.000+0000] {logging_mixin.py:190} INFO - [2025-01-20T16:54:29.000+0000] {dag.py:4180} INFO - Setting next_dagrun for first_dag to 2025-01-20 00:00:00+00:00, run_after=2025-01-21 00:00:00+00:00
[2025-01-20T16:54:29.022+0000] {processor.py:208} INFO - Processing /opt/airflow/dags/first_dag.py took 0.098 seconds
[2025-01-20T16:54:59.468+0000] {processor.py:186} INFO - Started process (PID=238) to work on /opt/airflow/dags/first_dag.py
[2025-01-20T16:54:59.469+0000] {processor.py:914} INFO - Processing file /opt/airflow/dags/first_dag.py for tasks to queue
[2025-01-20T16:54:59.472+0000] {logging_mixin.py:190} INFO - [2025-01-20T16:54:59.471+0000] {dagbag.py:588} INFO - Filling up the DagBag from /opt/airflow/dags/first_dag.py
[2025-01-20T16:54:59.489+0000] {processor.py:925} INFO - DAG(s) 'first_dag' retrieved from /opt/airflow/dags/first_dag.py
[2025-01-20T16:54:59.510+0000] {logging_mixin.py:190} INFO - [2025-01-20T16:54:59.510+0000] {dag.py:3239} INFO - Sync 1 DAGs
[2025-01-20T16:54:59.530+0000] {logging_mixin.py:190} INFO - [2025-01-20T16:54:59.530+0000] {dag.py:4180} INFO - Setting next_dagrun for first_dag to 2025-01-20 00:00:00+00:00, run_after=2025-01-21 00:00:00+00:00
[2025-01-20T16:54:59.547+0000] {processor.py:208} INFO - Processing /opt/airflow/dags/first_dag.py took 0.083 seconds
[2025-01-20T16:55:29.995+0000] {processor.py:186} INFO - Started process (PID=240) to work on /opt/airflow/dags/first_dag.py
[2025-01-20T16:55:29.996+0000] {processor.py:914} INFO - Processing file /opt/airflow/dags/first_dag.py for tasks to queue
[2025-01-20T16:55:29.998+0000] {logging_mixin.py:190} INFO - [2025-01-20T16:55:29.998+0000] {dagbag.py:588} INFO - Filling up the DagBag from /opt/airflow/dags/first_dag.py
[2025-01-20T16:55:30.016+0000] {processor.py:925} INFO - DAG(s) 'first_dag' retrieved from /opt/airflow/dags/first_dag.py
[2025-01-20T16:55:30.038+0000] {logging_mixin.py:190} INFO - [2025-01-20T16:55:30.037+0000] {dag.py:3239} INFO - Sync 1 DAGs
[2025-01-20T16:55:30.058+0000] {logging_mixin.py:190} INFO - [2025-01-20T16:55:30.058+0000] {dag.py:4180} INFO - Setting next_dagrun for first_dag to 2025-01-20 00:00:00+00:00, run_after=2025-01-21 00:00:00+00:00
[2025-01-20T16:55:30.077+0000] {processor.py:208} INFO - Processing /opt/airflow/dags/first_dag.py took 0.087 seconds
[2025-01-20T16:56:00.487+0000] {processor.py:186} INFO - Started process (PID=242) to work on /opt/airflow/dags/first_dag.py
[2025-01-20T16:56:00.488+0000] {processor.py:914} INFO - Processing file /opt/airflow/dags/first_dag.py for tasks to queue
[2025-01-20T16:56:00.490+0000] {logging_mixin.py:190} INFO - [2025-01-20T16:56:00.490+0000] {dagbag.py:588} INFO - Filling up the DagBag from /opt/airflow/dags/first_dag.py
[2025-01-20T16:56:00.513+0000] {processor.py:925} INFO - DAG(s) 'first_dag' retrieved from /opt/airflow/dags/first_dag.py
[2025-01-20T16:56:00.538+0000] {logging_mixin.py:190} INFO - [2025-01-20T16:56:00.538+0000] {dag.py:3239} INFO - Sync 1 DAGs
[2025-01-20T16:56:00.562+0000] {logging_mixin.py:190} INFO - [2025-01-20T16:56:00.562+0000] {dag.py:4180} INFO - Setting next_dagrun for first_dag to 2025-01-20 00:00:00+00:00, run_after=2025-01-21 00:00:00+00:00
[2025-01-20T16:56:00.742+0000] {processor.py:208} INFO - Processing /opt/airflow/dags/first_dag.py took 0.261 seconds
[2025-01-20T16:56:31.033+0000] {processor.py:186} INFO - Started process (PID=244) to work on /opt/airflow/dags/first_dag.py
[2025-01-20T16:56:31.034+0000] {processor.py:914} INFO - Processing file /opt/airflow/dags/first_dag.py for tasks to queue
[2025-01-20T16:56:31.036+0000] {logging_mixin.py:190} INFO - [2025-01-20T16:56:31.036+0000] {dagbag.py:588} INFO - Filling up the DagBag from /opt/airflow/dags/first_dag.py
[2025-01-20T16:56:31.053+0000] {processor.py:925} INFO - DAG(s) 'first_dag' retrieved from /opt/airflow/dags/first_dag.py
[2025-01-20T16:56:31.076+0000] {logging_mixin.py:190} INFO - [2025-01-20T16:56:31.075+0000] {dag.py:3239} INFO - Sync 1 DAGs
[2025-01-20T16:56:31.097+0000] {logging_mixin.py:190} INFO - [2025-01-20T16:56:31.096+0000] {dag.py:4180} INFO - Setting next_dagrun for first_dag to 2025-01-20 00:00:00+00:00, run_after=2025-01-21 00:00:00+00:00
[2025-01-20T16:56:31.112+0000] {processor.py:208} INFO - Processing /opt/airflow/dags/first_dag.py took 0.084 seconds
[2025-01-20T16:57:01.483+0000] {processor.py:186} INFO - Started process (PID=246) to work on /opt/airflow/dags/first_dag.py
[2025-01-20T16:57:01.484+0000] {processor.py:914} INFO - Processing file /opt/airflow/dags/first_dag.py for tasks to queue
[2025-01-20T16:57:01.486+0000] {logging_mixin.py:190} INFO - [2025-01-20T16:57:01.486+0000] {dagbag.py:588} INFO - Filling up the DagBag from /opt/airflow/dags/first_dag.py
[2025-01-20T16:57:01.503+0000] {processor.py:925} INFO - DAG(s) 'first_dag' retrieved from /opt/airflow/dags/first_dag.py
[2025-01-20T16:57:01.527+0000] {logging_mixin.py:190} INFO - [2025-01-20T16:57:01.527+0000] {dag.py:3239} INFO - Sync 1 DAGs
[2025-01-20T16:57:01.547+0000] {logging_mixin.py:190} INFO - [2025-01-20T16:57:01.547+0000] {dag.py:4180} INFO - Setting next_dagrun for first_dag to 2025-01-20 00:00:00+00:00, run_after=2025-01-21 00:00:00+00:00
[2025-01-20T16:57:01.565+0000] {processor.py:208} INFO - Processing /opt/airflow/dags/first_dag.py took 0.087 seconds
[2025-01-20T16:57:31.945+0000] {processor.py:186} INFO - Started process (PID=248) to work on /opt/airflow/dags/first_dag.py
[2025-01-20T16:57:31.946+0000] {processor.py:914} INFO - Processing file /opt/airflow/dags/first_dag.py for tasks to queue
[2025-01-20T16:57:31.948+0000] {logging_mixin.py:190} INFO - [2025-01-20T16:57:31.948+0000] {dagbag.py:588} INFO - Filling up the DagBag from /opt/airflow/dags/first_dag.py
[2025-01-20T16:57:31.971+0000] {processor.py:925} INFO - DAG(s) 'first_dag' retrieved from /opt/airflow/dags/first_dag.py
[2025-01-20T16:57:31.996+0000] {logging_mixin.py:190} INFO - [2025-01-20T16:57:31.995+0000] {dag.py:3239} INFO - Sync 1 DAGs
[2025-01-20T16:57:32.019+0000] {logging_mixin.py:190} INFO - [2025-01-20T16:57:32.019+0000] {dag.py:4180} INFO - Setting next_dagrun for first_dag to 2025-01-20 00:00:00+00:00, run_after=2025-01-21 00:00:00+00:00
[2025-01-20T16:57:32.037+0000] {processor.py:208} INFO - Processing /opt/airflow/dags/first_dag.py took 0.096 seconds
[2025-01-20T16:58:02.412+0000] {processor.py:186} INFO - Started process (PID=250) to work on /opt/airflow/dags/first_dag.py
[2025-01-20T16:58:02.414+0000] {processor.py:914} INFO - Processing file /opt/airflow/dags/first_dag.py for tasks to queue
[2025-01-20T16:58:02.416+0000] {logging_mixin.py:190} INFO - [2025-01-20T16:58:02.416+0000] {dagbag.py:588} INFO - Filling up the DagBag from /opt/airflow/dags/first_dag.py
[2025-01-20T16:58:02.436+0000] {processor.py:925} INFO - DAG(s) 'first_dag' retrieved from /opt/airflow/dags/first_dag.py
[2025-01-20T16:58:02.460+0000] {logging_mixin.py:190} INFO - [2025-01-20T16:58:02.459+0000] {dag.py:3239} INFO - Sync 1 DAGs
[2025-01-20T16:58:02.632+0000] {logging_mixin.py:190} INFO - [2025-01-20T16:58:02.632+0000] {dag.py:4180} INFO - Setting next_dagrun for first_dag to 2025-01-20 00:00:00+00:00, run_after=2025-01-21 00:00:00+00:00
[2025-01-20T16:58:02.651+0000] {processor.py:208} INFO - Processing /opt/airflow/dags/first_dag.py took 0.245 seconds
