[2025-02-12T19:18:46.418+0000] {local_task_job_runner.py:123} INFO - ::group::Pre task execution logs
[2025-02-12T19:18:46.431+0000] {taskinstance.py:2613} INFO - Dependencies all met for dep_context=non-requeueable deps ti=<TaskInstance: superstore_dag.run_dbt_dim_customer scheduled__2025-02-11T00:00:00+00:00 [queued]>
[2025-02-12T19:18:46.437+0000] {taskinstance.py:2613} INFO - Dependencies all met for dep_context=requeueable deps ti=<TaskInstance: superstore_dag.run_dbt_dim_customer scheduled__2025-02-11T00:00:00+00:00 [queued]>
[2025-02-12T19:18:46.446+0000] {taskinstance.py:2866} INFO - Starting attempt 1 of 1
[2025-02-12T19:18:46.457+0000] {taskinstance.py:2889} INFO - Executing <Task(BashOperator): run_dbt_dim_customer> on 2025-02-11 00:00:00+00:00
[2025-02-12T19:18:46.461+0000] {standard_task_runner.py:72} INFO - Started process 163 to run task
[2025-02-12T19:18:46.463+0000] {standard_task_runner.py:104} INFO - Running: ['***', 'tasks', 'run', 'superstore_dag', 'run_dbt_dim_customer', 'scheduled__2025-02-11T00:00:00+00:00', '--job-id', '214', '--raw', '--subdir', 'DAGS_FOLDER/superstore_dag.py', '--cfg-path', '/tmp/tmp3vrslx_3']
[2025-02-12T19:18:46.464+0000] {standard_task_runner.py:105} INFO - Job 214: Subtask run_dbt_dim_customer
[2025-02-12T19:18:46.476+0000] {logging_mixin.py:190} WARNING - /home/***/.local/lib/python3.12/site-packages/***/settings.py:209 DeprecationWarning: The sql_alchemy_conn option in [core] has been moved to the sql_alchemy_conn option in [database] - the old setting has been used, but please update your config.
[2025-02-12T19:18:46.502+0000] {task_command.py:467} INFO - Running <TaskInstance: superstore_dag.run_dbt_dim_customer scheduled__2025-02-11T00:00:00+00:00 [running]> on host 9cd0ccfaeb2e
[2025-02-12T19:18:46.504+0000] {logging_mixin.py:190} WARNING - /home/***/.local/lib/python3.12/site-packages/***/settings.py:470 DeprecationWarning: The sql_alchemy_conn option in [core] has been moved to the sql_alchemy_conn option in [database] - the old setting has been used, but please update your config.
[2025-02-12T19:18:46.589+0000] {taskinstance.py:3132} INFO - Exporting env vars: AIRFLOW_CTX_DAG_OWNER='***' AIRFLOW_CTX_DAG_ID='superstore_dag' AIRFLOW_CTX_TASK_ID='run_dbt_dim_customer' AIRFLOW_CTX_EXECUTION_DATE='2025-02-11T00:00:00+00:00' AIRFLOW_CTX_TRY_NUMBER='1' AIRFLOW_CTX_DAG_RUN_ID='scheduled__2025-02-11T00:00:00+00:00'
[2025-02-12T19:18:46.590+0000] {taskinstance.py:731} INFO - ::endgroup::
[2025-02-12T19:18:46.602+0000] {subprocess.py:78} INFO - Tmp dir root location: /tmp
[2025-02-12T19:18:46.604+0000] {subprocess.py:88} INFO - Running command: ['/usr/bin/bash', '-c', 'cd /dbt/superstore/ && dbt run --select dim_customer']
[2025-02-12T19:18:46.610+0000] {subprocess.py:99} INFO - Output:
[2025-02-12T19:18:48.403+0000] {subprocess.py:106} INFO - [0m19:18:48  Running with dbt=1.9.2
[2025-02-12T19:18:48.661+0000] {subprocess.py:106} INFO - [0m19:18:48  Registered adapter: postgres=1.9.0
[2025-02-12T19:18:49.114+0000] {subprocess.py:106} INFO - [0m19:18:49  Found 5 models, 10 data tests, 1 source, 431 macros
[2025-02-12T19:18:49.116+0000] {subprocess.py:106} INFO - [0m19:18:49
[2025-02-12T19:18:49.116+0000] {subprocess.py:106} INFO - [0m19:18:49  Concurrency: 1 threads (target='prod')
[2025-02-12T19:18:49.117+0000] {subprocess.py:106} INFO - [0m19:18:49
[2025-02-12T19:18:49.223+0000] {subprocess.py:106} INFO - [0m19:18:49  1 of 1 START sql incremental model core.dim_customer ........................... [RUN]
[2025-02-12T19:18:49.407+0000] {subprocess.py:106} INFO - [0m19:18:49  1 of 1 OK created sql incremental model core.dim_customer ...................... [[32mINSERT 0 0[0m in 0.18s]
[2025-02-12T19:18:49.422+0000] {subprocess.py:106} INFO - [0m19:18:49
[2025-02-12T19:18:49.423+0000] {subprocess.py:106} INFO - [0m19:18:49  Finished running 1 incremental model in 0 hours 0 minutes and 0.31 seconds (0.31s).
[2025-02-12T19:18:49.475+0000] {subprocess.py:106} INFO - [0m19:18:49
[2025-02-12T19:18:49.475+0000] {subprocess.py:106} INFO - [0m19:18:49  [32mCompleted successfully[0m
[2025-02-12T19:18:49.476+0000] {subprocess.py:106} INFO - [0m19:18:49
[2025-02-12T19:18:49.476+0000] {subprocess.py:106} INFO - [0m19:18:49  Done. PASS=1 WARN=0 ERROR=0 SKIP=0 TOTAL=1
[2025-02-12T19:18:50.508+0000] {subprocess.py:110} INFO - Command exited with return code 0
[2025-02-12T19:18:50.529+0000] {taskinstance.py:340} INFO - ::group::Post task execution logs
[2025-02-12T19:18:50.530+0000] {taskinstance.py:352} INFO - Marking task as SUCCESS. dag_id=superstore_dag, task_id=run_dbt_dim_customer, run_id=scheduled__2025-02-11T00:00:00+00:00, execution_date=20250211T000000, start_date=20250212T191846, end_date=20250212T191850
[2025-02-12T19:18:50.565+0000] {local_task_job_runner.py:266} INFO - Task exited with return code 0
[2025-02-12T19:18:50.580+0000] {taskinstance.py:3895} INFO - 0 downstream tasks scheduled from follow-on schedule check
[2025-02-12T19:18:50.582+0000] {local_task_job_runner.py:245} INFO - ::endgroup::
