[2025-01-26T10:30:40.000+0000] {processor.py:186} INFO - Started process (PID=57) to work on /opt/airflow/dags/first_dag.py
[2025-01-26T10:30:40.002+0000] {processor.py:914} INFO - Processing file /opt/airflow/dags/first_dag.py for tasks to queue
[2025-01-26T10:30:40.007+0000] {logging_mixin.py:190} INFO - [2025-01-26T10:30:40.006+0000] {dagbag.py:588} INFO - Filling up the DagBag from /opt/airflow/dags/first_dag.py
[2025-01-26T10:30:40.032+0000] {processor.py:925} INFO - DAG(s) 'first_dag' retrieved from /opt/airflow/dags/first_dag.py
[2025-01-26T10:30:40.073+0000] {logging_mixin.py:190} INFO - [2025-01-26T10:30:40.072+0000] {dag.py:3239} INFO - Sync 1 DAGs
[2025-01-26T10:30:40.104+0000] {logging_mixin.py:190} INFO - [2025-01-26T10:30:40.104+0000] {dag.py:4180} INFO - Setting next_dagrun for first_dag to 2025-01-25 00:00:00+00:00, run_after=2025-01-26 00:00:00+00:00
[2025-01-26T10:30:40.128+0000] {processor.py:208} INFO - Processing /opt/airflow/dags/first_dag.py took 0.135 seconds
[2025-01-26T10:31:10.582+0000] {processor.py:186} INFO - Started process (PID=138) to work on /opt/airflow/dags/first_dag.py
[2025-01-26T10:31:10.583+0000] {processor.py:914} INFO - Processing file /opt/airflow/dags/first_dag.py for tasks to queue
[2025-01-26T10:31:10.586+0000] {logging_mixin.py:190} INFO - [2025-01-26T10:31:10.586+0000] {dagbag.py:588} INFO - Filling up the DagBag from /opt/airflow/dags/first_dag.py
[2025-01-26T10:31:10.612+0000] {processor.py:925} INFO - DAG(s) 'first_dag' retrieved from /opt/airflow/dags/first_dag.py
[2025-01-26T10:31:10.641+0000] {logging_mixin.py:190} INFO - [2025-01-26T10:31:10.641+0000] {dag.py:3239} INFO - Sync 1 DAGs
[2025-01-26T10:31:10.664+0000] {logging_mixin.py:190} INFO - [2025-01-26T10:31:10.664+0000] {dag.py:4180} INFO - Setting next_dagrun for first_dag to 2025-01-26 00:00:00+00:00, run_after=2025-01-27 00:00:00+00:00
[2025-01-26T10:31:10.687+0000] {processor.py:208} INFO - Processing /opt/airflow/dags/first_dag.py took 0.112 seconds
[2025-01-26T10:31:41.121+0000] {processor.py:186} INFO - Started process (PID=140) to work on /opt/airflow/dags/first_dag.py
[2025-01-26T10:31:41.122+0000] {processor.py:914} INFO - Processing file /opt/airflow/dags/first_dag.py for tasks to queue
[2025-01-26T10:31:41.124+0000] {logging_mixin.py:190} INFO - [2025-01-26T10:31:41.124+0000] {dagbag.py:588} INFO - Filling up the DagBag from /opt/airflow/dags/first_dag.py
[2025-01-26T10:31:41.144+0000] {processor.py:925} INFO - DAG(s) 'first_dag' retrieved from /opt/airflow/dags/first_dag.py
[2025-01-26T10:31:41.171+0000] {logging_mixin.py:190} INFO - [2025-01-26T10:31:41.171+0000] {dag.py:3239} INFO - Sync 1 DAGs
[2025-01-26T10:31:41.194+0000] {logging_mixin.py:190} INFO - [2025-01-26T10:31:41.194+0000] {dag.py:4180} INFO - Setting next_dagrun for first_dag to 2025-01-26 00:00:00+00:00, run_after=2025-01-27 00:00:00+00:00
[2025-01-26T10:31:41.212+0000] {processor.py:208} INFO - Processing /opt/airflow/dags/first_dag.py took 0.097 seconds
[2025-01-26T10:32:11.624+0000] {processor.py:186} INFO - Started process (PID=142) to work on /opt/airflow/dags/first_dag.py
[2025-01-26T10:32:11.625+0000] {processor.py:914} INFO - Processing file /opt/airflow/dags/first_dag.py for tasks to queue
[2025-01-26T10:32:11.627+0000] {logging_mixin.py:190} INFO - [2025-01-26T10:32:11.626+0000] {dagbag.py:588} INFO - Filling up the DagBag from /opt/airflow/dags/first_dag.py
[2025-01-26T10:32:11.645+0000] {processor.py:925} INFO - DAG(s) 'first_dag' retrieved from /opt/airflow/dags/first_dag.py
[2025-01-26T10:32:11.667+0000] {logging_mixin.py:190} INFO - [2025-01-26T10:32:11.667+0000] {dag.py:3239} INFO - Sync 1 DAGs
[2025-01-26T10:32:11.687+0000] {logging_mixin.py:190} INFO - [2025-01-26T10:32:11.687+0000] {dag.py:4180} INFO - Setting next_dagrun for first_dag to 2025-01-26 00:00:00+00:00, run_after=2025-01-27 00:00:00+00:00
[2025-01-26T10:32:11.705+0000] {processor.py:208} INFO - Processing /opt/airflow/dags/first_dag.py took 0.086 seconds
[2025-01-26T10:32:42.067+0000] {processor.py:186} INFO - Started process (PID=144) to work on /opt/airflow/dags/first_dag.py
[2025-01-26T10:32:42.068+0000] {processor.py:914} INFO - Processing file /opt/airflow/dags/first_dag.py for tasks to queue
[2025-01-26T10:32:42.071+0000] {logging_mixin.py:190} INFO - [2025-01-26T10:32:42.071+0000] {dagbag.py:588} INFO - Filling up the DagBag from /opt/airflow/dags/first_dag.py
[2025-01-26T10:32:42.097+0000] {processor.py:925} INFO - DAG(s) 'first_dag' retrieved from /opt/airflow/dags/first_dag.py
[2025-01-26T10:32:42.121+0000] {logging_mixin.py:190} INFO - [2025-01-26T10:32:42.120+0000] {dag.py:3239} INFO - Sync 1 DAGs
[2025-01-26T10:32:42.142+0000] {logging_mixin.py:190} INFO - [2025-01-26T10:32:42.142+0000] {dag.py:4180} INFO - Setting next_dagrun for first_dag to 2025-01-26 00:00:00+00:00, run_after=2025-01-27 00:00:00+00:00
[2025-01-26T10:32:42.162+0000] {processor.py:208} INFO - Processing /opt/airflow/dags/first_dag.py took 0.101 seconds
[2025-01-26T10:33:12.700+0000] {processor.py:186} INFO - Started process (PID=146) to work on /opt/airflow/dags/first_dag.py
[2025-01-26T10:33:12.701+0000] {processor.py:914} INFO - Processing file /opt/airflow/dags/first_dag.py for tasks to queue
[2025-01-26T10:33:12.703+0000] {logging_mixin.py:190} INFO - [2025-01-26T10:33:12.703+0000] {dagbag.py:588} INFO - Filling up the DagBag from /opt/airflow/dags/first_dag.py
[2025-01-26T10:33:12.721+0000] {processor.py:925} INFO - DAG(s) 'first_dag' retrieved from /opt/airflow/dags/first_dag.py
[2025-01-26T10:33:12.746+0000] {logging_mixin.py:190} INFO - [2025-01-26T10:33:12.746+0000] {dag.py:3239} INFO - Sync 1 DAGs
[2025-01-26T10:33:12.771+0000] {logging_mixin.py:190} INFO - [2025-01-26T10:33:12.771+0000] {dag.py:4180} INFO - Setting next_dagrun for first_dag to 2025-01-26 00:00:00+00:00, run_after=2025-01-27 00:00:00+00:00
[2025-01-26T10:33:12.793+0000] {processor.py:208} INFO - Processing /opt/airflow/dags/first_dag.py took 0.098 seconds
[2025-01-26T10:33:43.165+0000] {processor.py:186} INFO - Started process (PID=148) to work on /opt/airflow/dags/first_dag.py
[2025-01-26T10:33:43.166+0000] {processor.py:914} INFO - Processing file /opt/airflow/dags/first_dag.py for tasks to queue
[2025-01-26T10:33:43.168+0000] {logging_mixin.py:190} INFO - [2025-01-26T10:33:43.167+0000] {dagbag.py:588} INFO - Filling up the DagBag from /opt/airflow/dags/first_dag.py
[2025-01-26T10:33:43.185+0000] {processor.py:925} INFO - DAG(s) 'first_dag' retrieved from /opt/airflow/dags/first_dag.py
[2025-01-26T10:33:43.207+0000] {logging_mixin.py:190} INFO - [2025-01-26T10:33:43.207+0000] {dag.py:3239} INFO - Sync 1 DAGs
[2025-01-26T10:33:43.230+0000] {logging_mixin.py:190} INFO - [2025-01-26T10:33:43.230+0000] {dag.py:4180} INFO - Setting next_dagrun for first_dag to 2025-01-26 00:00:00+00:00, run_after=2025-01-27 00:00:00+00:00
[2025-01-26T10:33:43.246+0000] {processor.py:208} INFO - Processing /opt/airflow/dags/first_dag.py took 0.087 seconds
[2025-01-26T10:34:13.616+0000] {processor.py:186} INFO - Started process (PID=150) to work on /opt/airflow/dags/first_dag.py
[2025-01-26T10:34:13.617+0000] {processor.py:914} INFO - Processing file /opt/airflow/dags/first_dag.py for tasks to queue
[2025-01-26T10:34:13.619+0000] {logging_mixin.py:190} INFO - [2025-01-26T10:34:13.619+0000] {dagbag.py:588} INFO - Filling up the DagBag from /opt/airflow/dags/first_dag.py
[2025-01-26T10:34:13.641+0000] {processor.py:925} INFO - DAG(s) 'first_dag' retrieved from /opt/airflow/dags/first_dag.py
[2025-01-26T10:34:13.669+0000] {logging_mixin.py:190} INFO - [2025-01-26T10:34:13.669+0000] {dag.py:3239} INFO - Sync 1 DAGs
[2025-01-26T10:34:13.691+0000] {logging_mixin.py:190} INFO - [2025-01-26T10:34:13.691+0000] {dag.py:4180} INFO - Setting next_dagrun for first_dag to 2025-01-26 00:00:00+00:00, run_after=2025-01-27 00:00:00+00:00
[2025-01-26T10:34:13.708+0000] {processor.py:208} INFO - Processing /opt/airflow/dags/first_dag.py took 0.097 seconds
[2025-01-26T10:34:44.170+0000] {processor.py:186} INFO - Started process (PID=152) to work on /opt/airflow/dags/first_dag.py
[2025-01-26T10:34:44.171+0000] {processor.py:914} INFO - Processing file /opt/airflow/dags/first_dag.py for tasks to queue
[2025-01-26T10:34:44.174+0000] {logging_mixin.py:190} INFO - [2025-01-26T10:34:44.173+0000] {dagbag.py:588} INFO - Filling up the DagBag from /opt/airflow/dags/first_dag.py
[2025-01-26T10:34:44.190+0000] {processor.py:925} INFO - DAG(s) 'first_dag' retrieved from /opt/airflow/dags/first_dag.py
[2025-01-26T10:34:44.210+0000] {logging_mixin.py:190} INFO - [2025-01-26T10:34:44.210+0000] {dag.py:3239} INFO - Sync 1 DAGs
[2025-01-26T10:34:44.231+0000] {logging_mixin.py:190} INFO - [2025-01-26T10:34:44.231+0000] {dag.py:4180} INFO - Setting next_dagrun for first_dag to 2025-01-26 00:00:00+00:00, run_after=2025-01-27 00:00:00+00:00
[2025-01-26T10:34:44.248+0000] {processor.py:208} INFO - Processing /opt/airflow/dags/first_dag.py took 0.084 seconds
[2025-01-26T10:35:14.657+0000] {processor.py:186} INFO - Started process (PID=154) to work on /opt/airflow/dags/first_dag.py
[2025-01-26T10:35:14.659+0000] {processor.py:914} INFO - Processing file /opt/airflow/dags/first_dag.py for tasks to queue
[2025-01-26T10:35:14.662+0000] {logging_mixin.py:190} INFO - [2025-01-26T10:35:14.661+0000] {dagbag.py:588} INFO - Filling up the DagBag from /opt/airflow/dags/first_dag.py
[2025-01-26T10:35:14.691+0000] {processor.py:925} INFO - DAG(s) 'first_dag' retrieved from /opt/airflow/dags/first_dag.py
[2025-01-26T10:35:14.716+0000] {logging_mixin.py:190} INFO - [2025-01-26T10:35:14.715+0000] {dag.py:3239} INFO - Sync 1 DAGs
[2025-01-26T10:35:14.740+0000] {logging_mixin.py:190} INFO - [2025-01-26T10:35:14.740+0000] {dag.py:4180} INFO - Setting next_dagrun for first_dag to 2025-01-26 00:00:00+00:00, run_after=2025-01-27 00:00:00+00:00
[2025-01-26T10:35:14.759+0000] {processor.py:208} INFO - Processing /opt/airflow/dags/first_dag.py took 0.109 seconds
[2025-01-26T10:35:45.188+0000] {processor.py:186} INFO - Started process (PID=156) to work on /opt/airflow/dags/first_dag.py
[2025-01-26T10:35:45.189+0000] {processor.py:914} INFO - Processing file /opt/airflow/dags/first_dag.py for tasks to queue
[2025-01-26T10:35:45.191+0000] {logging_mixin.py:190} INFO - [2025-01-26T10:35:45.191+0000] {dagbag.py:588} INFO - Filling up the DagBag from /opt/airflow/dags/first_dag.py
[2025-01-26T10:35:45.209+0000] {processor.py:925} INFO - DAG(s) 'first_dag' retrieved from /opt/airflow/dags/first_dag.py
[2025-01-26T10:35:45.235+0000] {logging_mixin.py:190} INFO - [2025-01-26T10:35:45.235+0000] {dag.py:3239} INFO - Sync 1 DAGs
[2025-01-26T10:35:45.258+0000] {logging_mixin.py:190} INFO - [2025-01-26T10:35:45.257+0000] {dag.py:4180} INFO - Setting next_dagrun for first_dag to 2025-01-26 00:00:00+00:00, run_after=2025-01-27 00:00:00+00:00
[2025-01-26T10:35:45.275+0000] {processor.py:208} INFO - Processing /opt/airflow/dags/first_dag.py took 0.092 seconds
[2025-01-26T10:36:15.647+0000] {processor.py:186} INFO - Started process (PID=198) to work on /opt/airflow/dags/first_dag.py
[2025-01-26T10:36:15.648+0000] {processor.py:914} INFO - Processing file /opt/airflow/dags/first_dag.py for tasks to queue
[2025-01-26T10:36:15.650+0000] {logging_mixin.py:190} INFO - [2025-01-26T10:36:15.650+0000] {dagbag.py:588} INFO - Filling up the DagBag from /opt/airflow/dags/first_dag.py
[2025-01-26T10:36:15.669+0000] {processor.py:925} INFO - DAG(s) 'first_dag' retrieved from /opt/airflow/dags/first_dag.py
[2025-01-26T10:36:15.692+0000] {logging_mixin.py:190} INFO - [2025-01-26T10:36:15.692+0000] {dag.py:3239} INFO - Sync 1 DAGs
[2025-01-26T10:36:15.712+0000] {logging_mixin.py:190} INFO - [2025-01-26T10:36:15.712+0000] {dag.py:4180} INFO - Setting next_dagrun for first_dag to 2025-01-26 00:00:00+00:00, run_after=2025-01-27 00:00:00+00:00
[2025-01-26T10:36:15.728+0000] {processor.py:208} INFO - Processing /opt/airflow/dags/first_dag.py took 0.086 seconds
[2025-01-26T10:36:46.171+0000] {processor.py:186} INFO - Started process (PID=200) to work on /opt/airflow/dags/first_dag.py
[2025-01-26T10:36:46.172+0000] {processor.py:914} INFO - Processing file /opt/airflow/dags/first_dag.py for tasks to queue
[2025-01-26T10:36:46.175+0000] {logging_mixin.py:190} INFO - [2025-01-26T10:36:46.175+0000] {dagbag.py:588} INFO - Filling up the DagBag from /opt/airflow/dags/first_dag.py
[2025-01-26T10:36:46.194+0000] {processor.py:925} INFO - DAG(s) 'first_dag' retrieved from /opt/airflow/dags/first_dag.py
[2025-01-26T10:36:46.219+0000] {logging_mixin.py:190} INFO - [2025-01-26T10:36:46.218+0000] {dag.py:3239} INFO - Sync 1 DAGs
[2025-01-26T10:36:46.242+0000] {logging_mixin.py:190} INFO - [2025-01-26T10:36:46.242+0000] {dag.py:4180} INFO - Setting next_dagrun for first_dag to 2025-01-26 00:00:00+00:00, run_after=2025-01-27 00:00:00+00:00
[2025-01-26T10:36:46.259+0000] {processor.py:208} INFO - Processing /opt/airflow/dags/first_dag.py took 0.093 seconds
[2025-01-26T10:37:16.611+0000] {processor.py:186} INFO - Started process (PID=202) to work on /opt/airflow/dags/first_dag.py
[2025-01-26T10:37:16.612+0000] {processor.py:914} INFO - Processing file /opt/airflow/dags/first_dag.py for tasks to queue
[2025-01-26T10:37:16.614+0000] {logging_mixin.py:190} INFO - [2025-01-26T10:37:16.614+0000] {dagbag.py:588} INFO - Filling up the DagBag from /opt/airflow/dags/first_dag.py
[2025-01-26T10:37:16.631+0000] {processor.py:925} INFO - DAG(s) 'first_dag' retrieved from /opt/airflow/dags/first_dag.py
[2025-01-26T10:37:16.654+0000] {logging_mixin.py:190} INFO - [2025-01-26T10:37:16.654+0000] {dag.py:3239} INFO - Sync 1 DAGs
[2025-01-26T10:37:16.674+0000] {logging_mixin.py:190} INFO - [2025-01-26T10:37:16.674+0000] {dag.py:4180} INFO - Setting next_dagrun for first_dag to 2025-01-26 00:00:00+00:00, run_after=2025-01-27 00:00:00+00:00
[2025-01-26T10:37:16.694+0000] {processor.py:208} INFO - Processing /opt/airflow/dags/first_dag.py took 0.088 seconds
[2025-01-26T10:37:47.173+0000] {processor.py:186} INFO - Started process (PID=204) to work on /opt/airflow/dags/first_dag.py
[2025-01-26T10:37:47.174+0000] {processor.py:914} INFO - Processing file /opt/airflow/dags/first_dag.py for tasks to queue
[2025-01-26T10:37:47.176+0000] {logging_mixin.py:190} INFO - [2025-01-26T10:37:47.176+0000] {dagbag.py:588} INFO - Filling up the DagBag from /opt/airflow/dags/first_dag.py
[2025-01-26T10:37:47.196+0000] {processor.py:925} INFO - DAG(s) 'first_dag' retrieved from /opt/airflow/dags/first_dag.py
[2025-01-26T10:37:47.219+0000] {logging_mixin.py:190} INFO - [2025-01-26T10:37:47.219+0000] {dag.py:3239} INFO - Sync 1 DAGs
[2025-01-26T10:37:47.241+0000] {logging_mixin.py:190} INFO - [2025-01-26T10:37:47.241+0000] {dag.py:4180} INFO - Setting next_dagrun for first_dag to 2025-01-26 00:00:00+00:00, run_after=2025-01-27 00:00:00+00:00
[2025-01-26T10:37:47.259+0000] {processor.py:208} INFO - Processing /opt/airflow/dags/first_dag.py took 0.091 seconds
[2025-01-26T10:38:17.609+0000] {processor.py:186} INFO - Started process (PID=206) to work on /opt/airflow/dags/first_dag.py
[2025-01-26T10:38:17.610+0000] {processor.py:914} INFO - Processing file /opt/airflow/dags/first_dag.py for tasks to queue
[2025-01-26T10:38:17.612+0000] {logging_mixin.py:190} INFO - [2025-01-26T10:38:17.612+0000] {dagbag.py:588} INFO - Filling up the DagBag from /opt/airflow/dags/first_dag.py
[2025-01-26T10:38:17.631+0000] {processor.py:925} INFO - DAG(s) 'first_dag' retrieved from /opt/airflow/dags/first_dag.py
[2025-01-26T10:38:17.657+0000] {logging_mixin.py:190} INFO - [2025-01-26T10:38:17.657+0000] {dag.py:3239} INFO - Sync 1 DAGs
[2025-01-26T10:38:17.677+0000] {logging_mixin.py:190} INFO - [2025-01-26T10:38:17.677+0000] {dag.py:4180} INFO - Setting next_dagrun for first_dag to 2025-01-26 00:00:00+00:00, run_after=2025-01-27 00:00:00+00:00
[2025-01-26T10:38:17.694+0000] {processor.py:208} INFO - Processing /opt/airflow/dags/first_dag.py took 0.090 seconds
[2025-01-26T10:38:48.158+0000] {processor.py:186} INFO - Started process (PID=208) to work on /opt/airflow/dags/first_dag.py
[2025-01-26T10:38:48.160+0000] {processor.py:914} INFO - Processing file /opt/airflow/dags/first_dag.py for tasks to queue
[2025-01-26T10:38:48.163+0000] {logging_mixin.py:190} INFO - [2025-01-26T10:38:48.163+0000] {dagbag.py:588} INFO - Filling up the DagBag from /opt/airflow/dags/first_dag.py
[2025-01-26T10:38:48.193+0000] {processor.py:925} INFO - DAG(s) 'first_dag' retrieved from /opt/airflow/dags/first_dag.py
[2025-01-26T10:38:48.217+0000] {logging_mixin.py:190} INFO - [2025-01-26T10:38:48.216+0000] {dag.py:3239} INFO - Sync 1 DAGs
[2025-01-26T10:38:48.240+0000] {logging_mixin.py:190} INFO - [2025-01-26T10:38:48.240+0000] {dag.py:4180} INFO - Setting next_dagrun for first_dag to 2025-01-26 00:00:00+00:00, run_after=2025-01-27 00:00:00+00:00
[2025-01-26T10:38:48.260+0000] {processor.py:208} INFO - Processing /opt/airflow/dags/first_dag.py took 0.108 seconds
[2025-01-26T10:39:18.619+0000] {processor.py:186} INFO - Started process (PID=210) to work on /opt/airflow/dags/first_dag.py
[2025-01-26T10:39:18.620+0000] {processor.py:914} INFO - Processing file /opt/airflow/dags/first_dag.py for tasks to queue
[2025-01-26T10:39:18.622+0000] {logging_mixin.py:190} INFO - [2025-01-26T10:39:18.621+0000] {dagbag.py:588} INFO - Filling up the DagBag from /opt/airflow/dags/first_dag.py
[2025-01-26T10:39:18.640+0000] {processor.py:925} INFO - DAG(s) 'first_dag' retrieved from /opt/airflow/dags/first_dag.py
[2025-01-26T10:39:18.662+0000] {logging_mixin.py:190} INFO - [2025-01-26T10:39:18.662+0000] {dag.py:3239} INFO - Sync 1 DAGs
[2025-01-26T10:39:18.684+0000] {logging_mixin.py:190} INFO - [2025-01-26T10:39:18.684+0000] {dag.py:4180} INFO - Setting next_dagrun for first_dag to 2025-01-26 00:00:00+00:00, run_after=2025-01-27 00:00:00+00:00
[2025-01-26T10:39:18.701+0000] {processor.py:208} INFO - Processing /opt/airflow/dags/first_dag.py took 0.087 seconds
[2025-01-26T10:39:49.162+0000] {processor.py:186} INFO - Started process (PID=212) to work on /opt/airflow/dags/first_dag.py
[2025-01-26T10:39:49.163+0000] {processor.py:914} INFO - Processing file /opt/airflow/dags/first_dag.py for tasks to queue
[2025-01-26T10:39:49.165+0000] {logging_mixin.py:190} INFO - [2025-01-26T10:39:49.165+0000] {dagbag.py:588} INFO - Filling up the DagBag from /opt/airflow/dags/first_dag.py
[2025-01-26T10:39:49.185+0000] {processor.py:925} INFO - DAG(s) 'first_dag' retrieved from /opt/airflow/dags/first_dag.py
[2025-01-26T10:39:49.208+0000] {logging_mixin.py:190} INFO - [2025-01-26T10:39:49.207+0000] {dag.py:3239} INFO - Sync 1 DAGs
[2025-01-26T10:39:49.228+0000] {logging_mixin.py:190} INFO - [2025-01-26T10:39:49.228+0000] {dag.py:4180} INFO - Setting next_dagrun for first_dag to 2025-01-26 00:00:00+00:00, run_after=2025-01-27 00:00:00+00:00
[2025-01-26T10:39:49.247+0000] {processor.py:208} INFO - Processing /opt/airflow/dags/first_dag.py took 0.092 seconds
[2025-01-26T10:40:19.583+0000] {processor.py:186} INFO - Started process (PID=214) to work on /opt/airflow/dags/first_dag.py
[2025-01-26T10:40:19.585+0000] {processor.py:914} INFO - Processing file /opt/airflow/dags/first_dag.py for tasks to queue
[2025-01-26T10:40:19.588+0000] {logging_mixin.py:190} INFO - [2025-01-26T10:40:19.588+0000] {dagbag.py:588} INFO - Filling up the DagBag from /opt/airflow/dags/first_dag.py
[2025-01-26T10:40:19.609+0000] {processor.py:925} INFO - DAG(s) 'first_dag' retrieved from /opt/airflow/dags/first_dag.py
[2025-01-26T10:40:19.632+0000] {logging_mixin.py:190} INFO - [2025-01-26T10:40:19.632+0000] {dag.py:3239} INFO - Sync 1 DAGs
[2025-01-26T10:40:19.655+0000] {logging_mixin.py:190} INFO - [2025-01-26T10:40:19.654+0000] {dag.py:4180} INFO - Setting next_dagrun for first_dag to 2025-01-26 00:00:00+00:00, run_after=2025-01-27 00:00:00+00:00
[2025-01-26T10:40:19.674+0000] {processor.py:208} INFO - Processing /opt/airflow/dags/first_dag.py took 0.097 seconds
[2025-01-26T10:40:50.121+0000] {processor.py:186} INFO - Started process (PID=216) to work on /opt/airflow/dags/first_dag.py
[2025-01-26T10:40:50.122+0000] {processor.py:914} INFO - Processing file /opt/airflow/dags/first_dag.py for tasks to queue
[2025-01-26T10:40:50.124+0000] {logging_mixin.py:190} INFO - [2025-01-26T10:40:50.124+0000] {dagbag.py:588} INFO - Filling up the DagBag from /opt/airflow/dags/first_dag.py
[2025-01-26T10:40:50.141+0000] {processor.py:925} INFO - DAG(s) 'first_dag' retrieved from /opt/airflow/dags/first_dag.py
[2025-01-26T10:40:50.163+0000] {logging_mixin.py:190} INFO - [2025-01-26T10:40:50.162+0000] {dag.py:3239} INFO - Sync 1 DAGs
[2025-01-26T10:40:50.183+0000] {logging_mixin.py:190} INFO - [2025-01-26T10:40:50.183+0000] {dag.py:4180} INFO - Setting next_dagrun for first_dag to 2025-01-26 00:00:00+00:00, run_after=2025-01-27 00:00:00+00:00
[2025-01-26T10:40:50.199+0000] {processor.py:208} INFO - Processing /opt/airflow/dags/first_dag.py took 0.083 seconds
[2025-01-26T10:41:20.520+0000] {processor.py:186} INFO - Started process (PID=218) to work on /opt/airflow/dags/first_dag.py
[2025-01-26T10:41:20.521+0000] {processor.py:914} INFO - Processing file /opt/airflow/dags/first_dag.py for tasks to queue
[2025-01-26T10:41:20.523+0000] {logging_mixin.py:190} INFO - [2025-01-26T10:41:20.523+0000] {dagbag.py:588} INFO - Filling up the DagBag from /opt/airflow/dags/first_dag.py
[2025-01-26T10:41:20.545+0000] {processor.py:925} INFO - DAG(s) 'first_dag' retrieved from /opt/airflow/dags/first_dag.py
[2025-01-26T10:41:20.567+0000] {logging_mixin.py:190} INFO - [2025-01-26T10:41:20.567+0000] {dag.py:3239} INFO - Sync 1 DAGs
[2025-01-26T10:41:20.588+0000] {logging_mixin.py:190} INFO - [2025-01-26T10:41:20.588+0000] {dag.py:4180} INFO - Setting next_dagrun for first_dag to 2025-01-26 00:00:00+00:00, run_after=2025-01-27 00:00:00+00:00
[2025-01-26T10:41:20.604+0000] {processor.py:208} INFO - Processing /opt/airflow/dags/first_dag.py took 0.089 seconds
[2025-01-26T10:41:51.095+0000] {processor.py:186} INFO - Started process (PID=220) to work on /opt/airflow/dags/first_dag.py
[2025-01-26T10:41:51.096+0000] {processor.py:914} INFO - Processing file /opt/airflow/dags/first_dag.py for tasks to queue
[2025-01-26T10:41:51.098+0000] {logging_mixin.py:190} INFO - [2025-01-26T10:41:51.098+0000] {dagbag.py:588} INFO - Filling up the DagBag from /opt/airflow/dags/first_dag.py
[2025-01-26T10:41:51.114+0000] {processor.py:925} INFO - DAG(s) 'first_dag' retrieved from /opt/airflow/dags/first_dag.py
[2025-01-26T10:41:51.135+0000] {logging_mixin.py:190} INFO - [2025-01-26T10:41:51.135+0000] {dag.py:3239} INFO - Sync 1 DAGs
[2025-01-26T10:41:51.156+0000] {logging_mixin.py:190} INFO - [2025-01-26T10:41:51.156+0000] {dag.py:4180} INFO - Setting next_dagrun for first_dag to 2025-01-26 00:00:00+00:00, run_after=2025-01-27 00:00:00+00:00
[2025-01-26T10:41:51.173+0000] {processor.py:208} INFO - Processing /opt/airflow/dags/first_dag.py took 0.082 seconds
[2025-01-26T10:42:21.753+0000] {processor.py:186} INFO - Started process (PID=222) to work on /opt/airflow/dags/first_dag.py
[2025-01-26T10:42:21.754+0000] {processor.py:914} INFO - Processing file /opt/airflow/dags/first_dag.py for tasks to queue
[2025-01-26T10:42:21.756+0000] {logging_mixin.py:190} INFO - [2025-01-26T10:42:21.756+0000] {dagbag.py:588} INFO - Filling up the DagBag from /opt/airflow/dags/first_dag.py
[2025-01-26T10:42:21.781+0000] {processor.py:925} INFO - DAG(s) 'first_dag' retrieved from /opt/airflow/dags/first_dag.py
[2025-01-26T10:42:21.806+0000] {logging_mixin.py:190} INFO - [2025-01-26T10:42:21.805+0000] {dag.py:3239} INFO - Sync 1 DAGs
[2025-01-26T10:42:21.828+0000] {logging_mixin.py:190} INFO - [2025-01-26T10:42:21.827+0000] {dag.py:4180} INFO - Setting next_dagrun for first_dag to 2025-01-26 00:00:00+00:00, run_after=2025-01-27 00:00:00+00:00
[2025-01-26T10:42:21.846+0000] {processor.py:208} INFO - Processing /opt/airflow/dags/first_dag.py took 0.100 seconds
[2025-01-26T10:42:52.304+0000] {processor.py:186} INFO - Started process (PID=224) to work on /opt/airflow/dags/first_dag.py
[2025-01-26T10:42:52.304+0000] {processor.py:914} INFO - Processing file /opt/airflow/dags/first_dag.py for tasks to queue
[2025-01-26T10:42:52.307+0000] {logging_mixin.py:190} INFO - [2025-01-26T10:42:52.306+0000] {dagbag.py:588} INFO - Filling up the DagBag from /opt/airflow/dags/first_dag.py
[2025-01-26T10:42:52.325+0000] {processor.py:925} INFO - DAG(s) 'first_dag' retrieved from /opt/airflow/dags/first_dag.py
[2025-01-26T10:42:52.347+0000] {logging_mixin.py:190} INFO - [2025-01-26T10:42:52.347+0000] {dag.py:3239} INFO - Sync 1 DAGs
[2025-01-26T10:42:52.371+0000] {logging_mixin.py:190} INFO - [2025-01-26T10:42:52.371+0000] {dag.py:4180} INFO - Setting next_dagrun for first_dag to 2025-01-26 00:00:00+00:00, run_after=2025-01-27 00:00:00+00:00
[2025-01-26T10:42:52.390+0000] {processor.py:208} INFO - Processing /opt/airflow/dags/first_dag.py took 0.092 seconds
[2025-01-26T10:43:22.741+0000] {processor.py:186} INFO - Started process (PID=226) to work on /opt/airflow/dags/first_dag.py
[2025-01-26T10:43:22.742+0000] {processor.py:914} INFO - Processing file /opt/airflow/dags/first_dag.py for tasks to queue
[2025-01-26T10:43:22.745+0000] {logging_mixin.py:190} INFO - [2025-01-26T10:43:22.745+0000] {dagbag.py:588} INFO - Filling up the DagBag from /opt/airflow/dags/first_dag.py
[2025-01-26T10:43:22.773+0000] {processor.py:925} INFO - DAG(s) 'first_dag' retrieved from /opt/airflow/dags/first_dag.py
[2025-01-26T10:43:22.799+0000] {logging_mixin.py:190} INFO - [2025-01-26T10:43:22.798+0000] {dag.py:3239} INFO - Sync 1 DAGs
[2025-01-26T10:43:22.819+0000] {logging_mixin.py:190} INFO - [2025-01-26T10:43:22.819+0000] {dag.py:4180} INFO - Setting next_dagrun for first_dag to 2025-01-26 00:00:00+00:00, run_after=2025-01-27 00:00:00+00:00
[2025-01-26T10:43:22.836+0000] {processor.py:208} INFO - Processing /opt/airflow/dags/first_dag.py took 0.103 seconds
[2025-01-26T10:43:53.251+0000] {processor.py:186} INFO - Started process (PID=228) to work on /opt/airflow/dags/first_dag.py
[2025-01-26T10:43:53.253+0000] {processor.py:914} INFO - Processing file /opt/airflow/dags/first_dag.py for tasks to queue
[2025-01-26T10:43:53.254+0000] {logging_mixin.py:190} INFO - [2025-01-26T10:43:53.254+0000] {dagbag.py:588} INFO - Filling up the DagBag from /opt/airflow/dags/first_dag.py
[2025-01-26T10:43:53.271+0000] {processor.py:925} INFO - DAG(s) 'first_dag' retrieved from /opt/airflow/dags/first_dag.py
[2025-01-26T10:43:53.292+0000] {logging_mixin.py:190} INFO - [2025-01-26T10:43:53.291+0000] {dag.py:3239} INFO - Sync 1 DAGs
[2025-01-26T10:43:53.312+0000] {logging_mixin.py:190} INFO - [2025-01-26T10:43:53.312+0000] {dag.py:4180} INFO - Setting next_dagrun for first_dag to 2025-01-26 00:00:00+00:00, run_after=2025-01-27 00:00:00+00:00
[2025-01-26T10:43:53.328+0000] {processor.py:208} INFO - Processing /opt/airflow/dags/first_dag.py took 0.081 seconds
[2025-01-26T10:44:23.726+0000] {processor.py:186} INFO - Started process (PID=230) to work on /opt/airflow/dags/first_dag.py
[2025-01-26T10:44:23.726+0000] {processor.py:914} INFO - Processing file /opt/airflow/dags/first_dag.py for tasks to queue
[2025-01-26T10:44:23.728+0000] {logging_mixin.py:190} INFO - [2025-01-26T10:44:23.728+0000] {dagbag.py:588} INFO - Filling up the DagBag from /opt/airflow/dags/first_dag.py
[2025-01-26T10:44:23.743+0000] {processor.py:925} INFO - DAG(s) 'first_dag' retrieved from /opt/airflow/dags/first_dag.py
[2025-01-26T10:44:23.765+0000] {logging_mixin.py:190} INFO - [2025-01-26T10:44:23.765+0000] {dag.py:3239} INFO - Sync 1 DAGs
[2025-01-26T10:44:23.785+0000] {logging_mixin.py:190} INFO - [2025-01-26T10:44:23.785+0000] {dag.py:4180} INFO - Setting next_dagrun for first_dag to 2025-01-26 00:00:00+00:00, run_after=2025-01-27 00:00:00+00:00
[2025-01-26T10:44:23.803+0000] {processor.py:208} INFO - Processing /opt/airflow/dags/first_dag.py took 0.082 seconds
[2025-01-26T10:44:54.217+0000] {processor.py:186} INFO - Started process (PID=232) to work on /opt/airflow/dags/first_dag.py
[2025-01-26T10:44:54.218+0000] {processor.py:914} INFO - Processing file /opt/airflow/dags/first_dag.py for tasks to queue
[2025-01-26T10:44:54.222+0000] {logging_mixin.py:190} INFO - [2025-01-26T10:44:54.221+0000] {dagbag.py:588} INFO - Filling up the DagBag from /opt/airflow/dags/first_dag.py
[2025-01-26T10:44:54.249+0000] {processor.py:925} INFO - DAG(s) 'first_dag' retrieved from /opt/airflow/dags/first_dag.py
[2025-01-26T10:44:54.278+0000] {logging_mixin.py:190} INFO - [2025-01-26T10:44:54.278+0000] {dag.py:3239} INFO - Sync 1 DAGs
[2025-01-26T10:44:54.303+0000] {logging_mixin.py:190} INFO - [2025-01-26T10:44:54.303+0000] {dag.py:4180} INFO - Setting next_dagrun for first_dag to 2025-01-26 00:00:00+00:00, run_after=2025-01-27 00:00:00+00:00
[2025-01-26T10:44:54.322+0000] {processor.py:208} INFO - Processing /opt/airflow/dags/first_dag.py took 0.120 seconds
[2025-01-26T10:45:24.676+0000] {processor.py:186} INFO - Started process (PID=234) to work on /opt/airflow/dags/first_dag.py
[2025-01-26T10:45:24.677+0000] {processor.py:914} INFO - Processing file /opt/airflow/dags/first_dag.py for tasks to queue
[2025-01-26T10:45:24.678+0000] {logging_mixin.py:190} INFO - [2025-01-26T10:45:24.678+0000] {dagbag.py:588} INFO - Filling up the DagBag from /opt/airflow/dags/first_dag.py
[2025-01-26T10:45:24.696+0000] {processor.py:925} INFO - DAG(s) 'first_dag' retrieved from /opt/airflow/dags/first_dag.py
[2025-01-26T10:45:24.720+0000] {logging_mixin.py:190} INFO - [2025-01-26T10:45:24.719+0000] {dag.py:3239} INFO - Sync 1 DAGs
[2025-01-26T10:45:24.743+0000] {logging_mixin.py:190} INFO - [2025-01-26T10:45:24.743+0000] {dag.py:4180} INFO - Setting next_dagrun for first_dag to 2025-01-26 00:00:00+00:00, run_after=2025-01-27 00:00:00+00:00
[2025-01-26T10:45:24.761+0000] {processor.py:208} INFO - Processing /opt/airflow/dags/first_dag.py took 0.090 seconds
[2025-01-26T10:45:55.189+0000] {processor.py:186} INFO - Started process (PID=236) to work on /opt/airflow/dags/first_dag.py
[2025-01-26T10:45:55.190+0000] {processor.py:914} INFO - Processing file /opt/airflow/dags/first_dag.py for tasks to queue
[2025-01-26T10:45:55.192+0000] {logging_mixin.py:190} INFO - [2025-01-26T10:45:55.192+0000] {dagbag.py:588} INFO - Filling up the DagBag from /opt/airflow/dags/first_dag.py
[2025-01-26T10:45:55.217+0000] {processor.py:925} INFO - DAG(s) 'first_dag' retrieved from /opt/airflow/dags/first_dag.py
[2025-01-26T10:45:55.241+0000] {logging_mixin.py:190} INFO - [2025-01-26T10:45:55.241+0000] {dag.py:3239} INFO - Sync 1 DAGs
[2025-01-26T10:45:55.263+0000] {logging_mixin.py:190} INFO - [2025-01-26T10:45:55.263+0000] {dag.py:4180} INFO - Setting next_dagrun for first_dag to 2025-01-26 00:00:00+00:00, run_after=2025-01-27 00:00:00+00:00
[2025-01-26T10:45:55.279+0000] {processor.py:208} INFO - Processing /opt/airflow/dags/first_dag.py took 0.096 seconds
[2025-01-26T10:46:25.627+0000] {processor.py:186} INFO - Started process (PID=238) to work on /opt/airflow/dags/first_dag.py
[2025-01-26T10:46:25.628+0000] {processor.py:914} INFO - Processing file /opt/airflow/dags/first_dag.py for tasks to queue
[2025-01-26T10:46:25.630+0000] {logging_mixin.py:190} INFO - [2025-01-26T10:46:25.630+0000] {dagbag.py:588} INFO - Filling up the DagBag from /opt/airflow/dags/first_dag.py
[2025-01-26T10:46:25.659+0000] {processor.py:925} INFO - DAG(s) 'first_dag' retrieved from /opt/airflow/dags/first_dag.py
[2025-01-26T10:46:25.685+0000] {logging_mixin.py:190} INFO - [2025-01-26T10:46:25.685+0000] {dag.py:3239} INFO - Sync 1 DAGs
[2025-01-26T10:46:25.709+0000] {logging_mixin.py:190} INFO - [2025-01-26T10:46:25.709+0000] {dag.py:4180} INFO - Setting next_dagrun for first_dag to 2025-01-26 00:00:00+00:00, run_after=2025-01-27 00:00:00+00:00
[2025-01-26T10:46:25.729+0000] {processor.py:208} INFO - Processing /opt/airflow/dags/first_dag.py took 0.108 seconds
[2025-01-26T10:46:56.212+0000] {processor.py:186} INFO - Started process (PID=240) to work on /opt/airflow/dags/first_dag.py
[2025-01-26T10:46:56.213+0000] {processor.py:914} INFO - Processing file /opt/airflow/dags/first_dag.py for tasks to queue
[2025-01-26T10:46:56.215+0000] {logging_mixin.py:190} INFO - [2025-01-26T10:46:56.215+0000] {dagbag.py:588} INFO - Filling up the DagBag from /opt/airflow/dags/first_dag.py
[2025-01-26T10:46:56.234+0000] {processor.py:925} INFO - DAG(s) 'first_dag' retrieved from /opt/airflow/dags/first_dag.py
[2025-01-26T10:46:56.257+0000] {logging_mixin.py:190} INFO - [2025-01-26T10:46:56.257+0000] {dag.py:3239} INFO - Sync 1 DAGs
[2025-01-26T10:46:56.278+0000] {logging_mixin.py:190} INFO - [2025-01-26T10:46:56.278+0000] {dag.py:4180} INFO - Setting next_dagrun for first_dag to 2025-01-26 00:00:00+00:00, run_after=2025-01-27 00:00:00+00:00
[2025-01-26T10:46:56.295+0000] {processor.py:208} INFO - Processing /opt/airflow/dags/first_dag.py took 0.088 seconds
[2025-01-26T10:47:26.774+0000] {processor.py:186} INFO - Started process (PID=242) to work on /opt/airflow/dags/first_dag.py
[2025-01-26T10:47:26.774+0000] {processor.py:914} INFO - Processing file /opt/airflow/dags/first_dag.py for tasks to queue
[2025-01-26T10:47:26.777+0000] {logging_mixin.py:190} INFO - [2025-01-26T10:47:26.777+0000] {dagbag.py:588} INFO - Filling up the DagBag from /opt/airflow/dags/first_dag.py
[2025-01-26T10:47:26.807+0000] {processor.py:925} INFO - DAG(s) 'first_dag' retrieved from /opt/airflow/dags/first_dag.py
[2025-01-26T10:47:26.833+0000] {logging_mixin.py:190} INFO - [2025-01-26T10:47:26.833+0000] {dag.py:3239} INFO - Sync 1 DAGs
[2025-01-26T10:47:26.857+0000] {logging_mixin.py:190} INFO - [2025-01-26T10:47:26.856+0000] {dag.py:4180} INFO - Setting next_dagrun for first_dag to 2025-01-26 00:00:00+00:00, run_after=2025-01-27 00:00:00+00:00
[2025-01-26T10:47:26.878+0000] {processor.py:208} INFO - Processing /opt/airflow/dags/first_dag.py took 0.110 seconds
[2025-01-26T10:47:57.284+0000] {processor.py:186} INFO - Started process (PID=244) to work on /opt/airflow/dags/first_dag.py
[2025-01-26T10:47:57.285+0000] {processor.py:914} INFO - Processing file /opt/airflow/dags/first_dag.py for tasks to queue
[2025-01-26T10:47:57.287+0000] {logging_mixin.py:190} INFO - [2025-01-26T10:47:57.287+0000] {dagbag.py:588} INFO - Filling up the DagBag from /opt/airflow/dags/first_dag.py
[2025-01-26T10:47:57.309+0000] {processor.py:925} INFO - DAG(s) 'first_dag' retrieved from /opt/airflow/dags/first_dag.py
[2025-01-26T10:47:57.332+0000] {logging_mixin.py:190} INFO - [2025-01-26T10:47:57.332+0000] {dag.py:3239} INFO - Sync 1 DAGs
[2025-01-26T10:47:57.354+0000] {logging_mixin.py:190} INFO - [2025-01-26T10:47:57.354+0000] {dag.py:4180} INFO - Setting next_dagrun for first_dag to 2025-01-26 00:00:00+00:00, run_after=2025-01-27 00:00:00+00:00
[2025-01-26T10:47:57.371+0000] {processor.py:208} INFO - Processing /opt/airflow/dags/first_dag.py took 0.093 seconds
[2025-01-26T10:48:27.740+0000] {processor.py:186} INFO - Started process (PID=246) to work on /opt/airflow/dags/first_dag.py
[2025-01-26T10:48:27.743+0000] {processor.py:914} INFO - Processing file /opt/airflow/dags/first_dag.py for tasks to queue
[2025-01-26T10:48:27.746+0000] {logging_mixin.py:190} INFO - [2025-01-26T10:48:27.746+0000] {dagbag.py:588} INFO - Filling up the DagBag from /opt/airflow/dags/first_dag.py
[2025-01-26T10:48:27.764+0000] {processor.py:925} INFO - DAG(s) 'first_dag' retrieved from /opt/airflow/dags/first_dag.py
[2025-01-26T10:48:27.784+0000] {logging_mixin.py:190} INFO - [2025-01-26T10:48:27.783+0000] {dag.py:3239} INFO - Sync 1 DAGs
[2025-01-26T10:48:27.804+0000] {logging_mixin.py:190} INFO - [2025-01-26T10:48:27.803+0000] {dag.py:4180} INFO - Setting next_dagrun for first_dag to 2025-01-26 00:00:00+00:00, run_after=2025-01-27 00:00:00+00:00
[2025-01-26T10:48:27.820+0000] {processor.py:208} INFO - Processing /opt/airflow/dags/first_dag.py took 0.086 seconds
[2025-01-26T10:48:58.300+0000] {processor.py:186} INFO - Started process (PID=248) to work on /opt/airflow/dags/first_dag.py
[2025-01-26T10:48:58.301+0000] {processor.py:914} INFO - Processing file /opt/airflow/dags/first_dag.py for tasks to queue
[2025-01-26T10:48:58.303+0000] {logging_mixin.py:190} INFO - [2025-01-26T10:48:58.303+0000] {dagbag.py:588} INFO - Filling up the DagBag from /opt/airflow/dags/first_dag.py
[2025-01-26T10:48:58.319+0000] {processor.py:925} INFO - DAG(s) 'first_dag' retrieved from /opt/airflow/dags/first_dag.py
[2025-01-26T10:48:58.345+0000] {logging_mixin.py:190} INFO - [2025-01-26T10:48:58.345+0000] {dag.py:3239} INFO - Sync 1 DAGs
[2025-01-26T10:48:58.369+0000] {logging_mixin.py:190} INFO - [2025-01-26T10:48:58.369+0000] {dag.py:4180} INFO - Setting next_dagrun for first_dag to 2025-01-26 00:00:00+00:00, run_after=2025-01-27 00:00:00+00:00
[2025-01-26T10:48:58.386+0000] {processor.py:208} INFO - Processing /opt/airflow/dags/first_dag.py took 0.090 seconds
[2025-01-26T10:49:28.694+0000] {processor.py:186} INFO - Started process (PID=250) to work on /opt/airflow/dags/first_dag.py
[2025-01-26T10:49:28.695+0000] {processor.py:914} INFO - Processing file /opt/airflow/dags/first_dag.py for tasks to queue
[2025-01-26T10:49:28.697+0000] {logging_mixin.py:190} INFO - [2025-01-26T10:49:28.696+0000] {dagbag.py:588} INFO - Filling up the DagBag from /opt/airflow/dags/first_dag.py
[2025-01-26T10:49:28.715+0000] {processor.py:925} INFO - DAG(s) 'first_dag' retrieved from /opt/airflow/dags/first_dag.py
[2025-01-26T10:49:28.737+0000] {logging_mixin.py:190} INFO - [2025-01-26T10:49:28.737+0000] {dag.py:3239} INFO - Sync 1 DAGs
[2025-01-26T10:49:28.756+0000] {logging_mixin.py:190} INFO - [2025-01-26T10:49:28.756+0000] {dag.py:4180} INFO - Setting next_dagrun for first_dag to 2025-01-26 00:00:00+00:00, run_after=2025-01-27 00:00:00+00:00
[2025-01-26T10:49:28.774+0000] {processor.py:208} INFO - Processing /opt/airflow/dags/first_dag.py took 0.085 seconds
[2025-01-26T10:49:59.264+0000] {processor.py:186} INFO - Started process (PID=252) to work on /opt/airflow/dags/first_dag.py
[2025-01-26T10:49:59.265+0000] {processor.py:914} INFO - Processing file /opt/airflow/dags/first_dag.py for tasks to queue
[2025-01-26T10:49:59.267+0000] {logging_mixin.py:190} INFO - [2025-01-26T10:49:59.267+0000] {dagbag.py:588} INFO - Filling up the DagBag from /opt/airflow/dags/first_dag.py
[2025-01-26T10:49:59.284+0000] {processor.py:925} INFO - DAG(s) 'first_dag' retrieved from /opt/airflow/dags/first_dag.py
[2025-01-26T10:49:59.305+0000] {logging_mixin.py:190} INFO - [2025-01-26T10:49:59.305+0000] {dag.py:3239} INFO - Sync 1 DAGs
[2025-01-26T10:49:59.325+0000] {logging_mixin.py:190} INFO - [2025-01-26T10:49:59.325+0000] {dag.py:4180} INFO - Setting next_dagrun for first_dag to 2025-01-26 00:00:00+00:00, run_after=2025-01-27 00:00:00+00:00
[2025-01-26T10:49:59.342+0000] {processor.py:208} INFO - Processing /opt/airflow/dags/first_dag.py took 0.084 seconds
[2025-01-26T10:50:29.781+0000] {processor.py:186} INFO - Started process (PID=254) to work on /opt/airflow/dags/first_dag.py
[2025-01-26T10:50:29.782+0000] {processor.py:914} INFO - Processing file /opt/airflow/dags/first_dag.py for tasks to queue
[2025-01-26T10:50:29.784+0000] {logging_mixin.py:190} INFO - [2025-01-26T10:50:29.784+0000] {dagbag.py:588} INFO - Filling up the DagBag from /opt/airflow/dags/first_dag.py
[2025-01-26T10:50:29.807+0000] {processor.py:925} INFO - DAG(s) 'first_dag' retrieved from /opt/airflow/dags/first_dag.py
[2025-01-26T10:50:29.834+0000] {logging_mixin.py:190} INFO - [2025-01-26T10:50:29.834+0000] {dag.py:3239} INFO - Sync 1 DAGs
[2025-01-26T10:50:29.862+0000] {logging_mixin.py:190} INFO - [2025-01-26T10:50:29.862+0000] {dag.py:4180} INFO - Setting next_dagrun for first_dag to 2025-01-26 00:00:00+00:00, run_after=2025-01-27 00:00:00+00:00
[2025-01-26T10:50:29.884+0000] {processor.py:208} INFO - Processing /opt/airflow/dags/first_dag.py took 0.108 seconds
[2025-01-26T10:51:00.333+0000] {processor.py:186} INFO - Started process (PID=256) to work on /opt/airflow/dags/first_dag.py
[2025-01-26T10:51:00.333+0000] {processor.py:914} INFO - Processing file /opt/airflow/dags/first_dag.py for tasks to queue
[2025-01-26T10:51:00.336+0000] {logging_mixin.py:190} INFO - [2025-01-26T10:51:00.335+0000] {dagbag.py:588} INFO - Filling up the DagBag from /opt/airflow/dags/first_dag.py
[2025-01-26T10:51:00.354+0000] {processor.py:925} INFO - DAG(s) 'first_dag' retrieved from /opt/airflow/dags/first_dag.py
[2025-01-26T10:51:00.376+0000] {logging_mixin.py:190} INFO - [2025-01-26T10:51:00.376+0000] {dag.py:3239} INFO - Sync 1 DAGs
[2025-01-26T10:51:00.399+0000] {logging_mixin.py:190} INFO - [2025-01-26T10:51:00.399+0000] {dag.py:4180} INFO - Setting next_dagrun for first_dag to 2025-01-26 00:00:00+00:00, run_after=2025-01-27 00:00:00+00:00
[2025-01-26T10:51:00.417+0000] {processor.py:208} INFO - Processing /opt/airflow/dags/first_dag.py took 0.090 seconds
[2025-01-26T10:51:30.759+0000] {processor.py:186} INFO - Started process (PID=258) to work on /opt/airflow/dags/first_dag.py
[2025-01-26T10:51:30.760+0000] {processor.py:914} INFO - Processing file /opt/airflow/dags/first_dag.py for tasks to queue
[2025-01-26T10:51:30.762+0000] {logging_mixin.py:190} INFO - [2025-01-26T10:51:30.762+0000] {dagbag.py:588} INFO - Filling up the DagBag from /opt/airflow/dags/first_dag.py
[2025-01-26T10:51:30.779+0000] {processor.py:925} INFO - DAG(s) 'first_dag' retrieved from /opt/airflow/dags/first_dag.py
[2025-01-26T10:51:30.799+0000] {logging_mixin.py:190} INFO - [2025-01-26T10:51:30.799+0000] {dag.py:3239} INFO - Sync 1 DAGs
[2025-01-26T10:51:30.819+0000] {logging_mixin.py:190} INFO - [2025-01-26T10:51:30.819+0000] {dag.py:4180} INFO - Setting next_dagrun for first_dag to 2025-01-26 00:00:00+00:00, run_after=2025-01-27 00:00:00+00:00
[2025-01-26T10:51:30.848+0000] {processor.py:208} INFO - Processing /opt/airflow/dags/first_dag.py took 0.093 seconds
[2025-01-26T10:52:01.280+0000] {processor.py:186} INFO - Started process (PID=260) to work on /opt/airflow/dags/first_dag.py
[2025-01-26T10:52:01.282+0000] {processor.py:914} INFO - Processing file /opt/airflow/dags/first_dag.py for tasks to queue
[2025-01-26T10:52:01.283+0000] {logging_mixin.py:190} INFO - [2025-01-26T10:52:01.283+0000] {dagbag.py:588} INFO - Filling up the DagBag from /opt/airflow/dags/first_dag.py
[2025-01-26T10:52:01.302+0000] {processor.py:925} INFO - DAG(s) 'first_dag' retrieved from /opt/airflow/dags/first_dag.py
[2025-01-26T10:52:01.325+0000] {logging_mixin.py:190} INFO - [2025-01-26T10:52:01.325+0000] {dag.py:3239} INFO - Sync 1 DAGs
[2025-01-26T10:52:01.344+0000] {logging_mixin.py:190} INFO - [2025-01-26T10:52:01.344+0000] {dag.py:4180} INFO - Setting next_dagrun for first_dag to 2025-01-26 00:00:00+00:00, run_after=2025-01-27 00:00:00+00:00
[2025-01-26T10:52:01.362+0000] {processor.py:208} INFO - Processing /opt/airflow/dags/first_dag.py took 0.086 seconds
[2025-01-26T10:52:31.789+0000] {processor.py:186} INFO - Started process (PID=262) to work on /opt/airflow/dags/first_dag.py
[2025-01-26T10:52:31.790+0000] {processor.py:914} INFO - Processing file /opt/airflow/dags/first_dag.py for tasks to queue
[2025-01-26T10:52:31.791+0000] {logging_mixin.py:190} INFO - [2025-01-26T10:52:31.791+0000] {dagbag.py:588} INFO - Filling up the DagBag from /opt/airflow/dags/first_dag.py
[2025-01-26T10:52:31.810+0000] {processor.py:925} INFO - DAG(s) 'first_dag' retrieved from /opt/airflow/dags/first_dag.py
[2025-01-26T10:52:31.832+0000] {logging_mixin.py:190} INFO - [2025-01-26T10:52:31.831+0000] {dag.py:3239} INFO - Sync 1 DAGs
[2025-01-26T10:52:31.854+0000] {logging_mixin.py:190} INFO - [2025-01-26T10:52:31.854+0000] {dag.py:4180} INFO - Setting next_dagrun for first_dag to 2025-01-26 00:00:00+00:00, run_after=2025-01-27 00:00:00+00:00
[2025-01-26T10:52:31.870+0000] {processor.py:208} INFO - Processing /opt/airflow/dags/first_dag.py took 0.086 seconds
[2025-01-26T10:53:02.304+0000] {processor.py:186} INFO - Started process (PID=264) to work on /opt/airflow/dags/first_dag.py
[2025-01-26T10:53:02.305+0000] {processor.py:914} INFO - Processing file /opt/airflow/dags/first_dag.py for tasks to queue
[2025-01-26T10:53:02.308+0000] {logging_mixin.py:190} INFO - [2025-01-26T10:53:02.307+0000] {dagbag.py:588} INFO - Filling up the DagBag from /opt/airflow/dags/first_dag.py
[2025-01-26T10:53:02.322+0000] {processor.py:925} INFO - DAG(s) 'first_dag' retrieved from /opt/airflow/dags/first_dag.py
[2025-01-26T10:53:02.346+0000] {logging_mixin.py:190} INFO - [2025-01-26T10:53:02.345+0000] {dag.py:3239} INFO - Sync 1 DAGs
[2025-01-26T10:53:02.367+0000] {logging_mixin.py:190} INFO - [2025-01-26T10:53:02.367+0000] {dag.py:4180} INFO - Setting next_dagrun for first_dag to 2025-01-26 00:00:00+00:00, run_after=2025-01-27 00:00:00+00:00
[2025-01-26T10:53:02.383+0000] {processor.py:208} INFO - Processing /opt/airflow/dags/first_dag.py took 0.083 seconds
[2025-01-26T10:53:32.731+0000] {processor.py:186} INFO - Started process (PID=266) to work on /opt/airflow/dags/first_dag.py
[2025-01-26T10:53:32.732+0000] {processor.py:914} INFO - Processing file /opt/airflow/dags/first_dag.py for tasks to queue
[2025-01-26T10:53:32.734+0000] {logging_mixin.py:190} INFO - [2025-01-26T10:53:32.733+0000] {dagbag.py:588} INFO - Filling up the DagBag from /opt/airflow/dags/first_dag.py
[2025-01-26T10:53:32.756+0000] {processor.py:925} INFO - DAG(s) 'first_dag' retrieved from /opt/airflow/dags/first_dag.py
[2025-01-26T10:53:32.781+0000] {logging_mixin.py:190} INFO - [2025-01-26T10:53:32.781+0000] {dag.py:3239} INFO - Sync 1 DAGs
[2025-01-26T10:53:32.805+0000] {logging_mixin.py:190} INFO - [2025-01-26T10:53:32.804+0000] {dag.py:4180} INFO - Setting next_dagrun for first_dag to 2025-01-26 00:00:00+00:00, run_after=2025-01-27 00:00:00+00:00
[2025-01-26T10:53:32.823+0000] {processor.py:208} INFO - Processing /opt/airflow/dags/first_dag.py took 0.097 seconds
[2025-01-26T10:54:03.235+0000] {processor.py:186} INFO - Started process (PID=268) to work on /opt/airflow/dags/first_dag.py
[2025-01-26T10:54:03.236+0000] {processor.py:914} INFO - Processing file /opt/airflow/dags/first_dag.py for tasks to queue
[2025-01-26T10:54:03.239+0000] {logging_mixin.py:190} INFO - [2025-01-26T10:54:03.239+0000] {dagbag.py:588} INFO - Filling up the DagBag from /opt/airflow/dags/first_dag.py
[2025-01-26T10:54:03.260+0000] {processor.py:925} INFO - DAG(s) 'first_dag' retrieved from /opt/airflow/dags/first_dag.py
[2025-01-26T10:54:03.281+0000] {logging_mixin.py:190} INFO - [2025-01-26T10:54:03.281+0000] {dag.py:3239} INFO - Sync 1 DAGs
[2025-01-26T10:54:03.301+0000] {logging_mixin.py:190} INFO - [2025-01-26T10:54:03.301+0000] {dag.py:4180} INFO - Setting next_dagrun for first_dag to 2025-01-26 00:00:00+00:00, run_after=2025-01-27 00:00:00+00:00
[2025-01-26T10:54:03.318+0000] {processor.py:208} INFO - Processing /opt/airflow/dags/first_dag.py took 0.088 seconds
[2025-01-26T10:54:33.664+0000] {processor.py:186} INFO - Started process (PID=270) to work on /opt/airflow/dags/first_dag.py
[2025-01-26T10:54:33.665+0000] {processor.py:914} INFO - Processing file /opt/airflow/dags/first_dag.py for tasks to queue
[2025-01-26T10:54:33.668+0000] {logging_mixin.py:190} INFO - [2025-01-26T10:54:33.667+0000] {dagbag.py:588} INFO - Filling up the DagBag from /opt/airflow/dags/first_dag.py
[2025-01-26T10:54:33.689+0000] {processor.py:925} INFO - DAG(s) 'first_dag' retrieved from /opt/airflow/dags/first_dag.py
[2025-01-26T10:54:33.711+0000] {logging_mixin.py:190} INFO - [2025-01-26T10:54:33.711+0000] {dag.py:3239} INFO - Sync 1 DAGs
[2025-01-26T10:54:33.735+0000] {logging_mixin.py:190} INFO - [2025-01-26T10:54:33.734+0000] {dag.py:4180} INFO - Setting next_dagrun for first_dag to 2025-01-26 00:00:00+00:00, run_after=2025-01-27 00:00:00+00:00
[2025-01-26T10:54:33.753+0000] {processor.py:208} INFO - Processing /opt/airflow/dags/first_dag.py took 0.094 seconds
[2025-01-26T10:55:04.170+0000] {processor.py:186} INFO - Started process (PID=272) to work on /opt/airflow/dags/first_dag.py
[2025-01-26T10:55:04.170+0000] {processor.py:914} INFO - Processing file /opt/airflow/dags/first_dag.py for tasks to queue
[2025-01-26T10:55:04.173+0000] {logging_mixin.py:190} INFO - [2025-01-26T10:55:04.172+0000] {dagbag.py:588} INFO - Filling up the DagBag from /opt/airflow/dags/first_dag.py
[2025-01-26T10:55:04.191+0000] {processor.py:925} INFO - DAG(s) 'first_dag' retrieved from /opt/airflow/dags/first_dag.py
[2025-01-26T10:55:04.219+0000] {logging_mixin.py:190} INFO - [2025-01-26T10:55:04.219+0000] {dag.py:3239} INFO - Sync 1 DAGs
[2025-01-26T10:55:04.245+0000] {logging_mixin.py:190} INFO - [2025-01-26T10:55:04.245+0000] {dag.py:4180} INFO - Setting next_dagrun for first_dag to 2025-01-26 00:00:00+00:00, run_after=2025-01-27 00:00:00+00:00
[2025-01-26T10:55:04.282+0000] {processor.py:208} INFO - Processing /opt/airflow/dags/first_dag.py took 0.118 seconds
[2025-01-26T10:55:34.637+0000] {processor.py:186} INFO - Started process (PID=274) to work on /opt/airflow/dags/first_dag.py
[2025-01-26T10:55:34.638+0000] {processor.py:914} INFO - Processing file /opt/airflow/dags/first_dag.py for tasks to queue
[2025-01-26T10:55:34.640+0000] {logging_mixin.py:190} INFO - [2025-01-26T10:55:34.640+0000] {dagbag.py:588} INFO - Filling up the DagBag from /opt/airflow/dags/first_dag.py
[2025-01-26T10:55:34.658+0000] {processor.py:925} INFO - DAG(s) 'first_dag' retrieved from /opt/airflow/dags/first_dag.py
[2025-01-26T10:55:34.680+0000] {logging_mixin.py:190} INFO - [2025-01-26T10:55:34.680+0000] {dag.py:3239} INFO - Sync 1 DAGs
[2025-01-26T10:55:34.699+0000] {logging_mixin.py:190} INFO - [2025-01-26T10:55:34.699+0000] {dag.py:4180} INFO - Setting next_dagrun for first_dag to 2025-01-26 00:00:00+00:00, run_after=2025-01-27 00:00:00+00:00
[2025-01-26T10:55:34.717+0000] {processor.py:208} INFO - Processing /opt/airflow/dags/first_dag.py took 0.085 seconds
[2025-01-26T10:56:05.193+0000] {processor.py:186} INFO - Started process (PID=276) to work on /opt/airflow/dags/first_dag.py
[2025-01-26T10:56:05.195+0000] {processor.py:914} INFO - Processing file /opt/airflow/dags/first_dag.py for tasks to queue
[2025-01-26T10:56:05.198+0000] {logging_mixin.py:190} INFO - [2025-01-26T10:56:05.197+0000] {dagbag.py:588} INFO - Filling up the DagBag from /opt/airflow/dags/first_dag.py
[2025-01-26T10:56:05.215+0000] {processor.py:925} INFO - DAG(s) 'first_dag' retrieved from /opt/airflow/dags/first_dag.py
[2025-01-26T10:56:05.240+0000] {logging_mixin.py:190} INFO - [2025-01-26T10:56:05.240+0000] {dag.py:3239} INFO - Sync 1 DAGs
[2025-01-26T10:56:05.264+0000] {logging_mixin.py:190} INFO - [2025-01-26T10:56:05.263+0000] {dag.py:4180} INFO - Setting next_dagrun for first_dag to 2025-01-26 00:00:00+00:00, run_after=2025-01-27 00:00:00+00:00
[2025-01-26T10:56:05.282+0000] {processor.py:208} INFO - Processing /opt/airflow/dags/first_dag.py took 0.094 seconds
[2025-01-26T10:56:35.713+0000] {processor.py:186} INFO - Started process (PID=278) to work on /opt/airflow/dags/first_dag.py
[2025-01-26T10:56:35.714+0000] {processor.py:914} INFO - Processing file /opt/airflow/dags/first_dag.py for tasks to queue
[2025-01-26T10:56:35.716+0000] {logging_mixin.py:190} INFO - [2025-01-26T10:56:35.716+0000] {dagbag.py:588} INFO - Filling up the DagBag from /opt/airflow/dags/first_dag.py
[2025-01-26T10:56:35.734+0000] {processor.py:925} INFO - DAG(s) 'first_dag' retrieved from /opt/airflow/dags/first_dag.py
[2025-01-26T10:56:35.757+0000] {logging_mixin.py:190} INFO - [2025-01-26T10:56:35.757+0000] {dag.py:3239} INFO - Sync 1 DAGs
[2025-01-26T10:56:35.778+0000] {logging_mixin.py:190} INFO - [2025-01-26T10:56:35.778+0000] {dag.py:4180} INFO - Setting next_dagrun for first_dag to 2025-01-26 00:00:00+00:00, run_after=2025-01-27 00:00:00+00:00
[2025-01-26T10:56:35.803+0000] {processor.py:208} INFO - Processing /opt/airflow/dags/first_dag.py took 0.095 seconds
[2025-01-26T10:57:06.146+0000] {processor.py:186} INFO - Started process (PID=280) to work on /opt/airflow/dags/first_dag.py
[2025-01-26T10:57:06.147+0000] {processor.py:914} INFO - Processing file /opt/airflow/dags/first_dag.py for tasks to queue
[2025-01-26T10:57:06.149+0000] {logging_mixin.py:190} INFO - [2025-01-26T10:57:06.149+0000] {dagbag.py:588} INFO - Filling up the DagBag from /opt/airflow/dags/first_dag.py
[2025-01-26T10:57:06.166+0000] {processor.py:925} INFO - DAG(s) 'first_dag' retrieved from /opt/airflow/dags/first_dag.py
[2025-01-26T10:57:06.188+0000] {logging_mixin.py:190} INFO - [2025-01-26T10:57:06.188+0000] {dag.py:3239} INFO - Sync 1 DAGs
[2025-01-26T10:57:06.208+0000] {logging_mixin.py:190} INFO - [2025-01-26T10:57:06.208+0000] {dag.py:4180} INFO - Setting next_dagrun for first_dag to 2025-01-26 00:00:00+00:00, run_after=2025-01-27 00:00:00+00:00
[2025-01-26T10:57:06.226+0000] {processor.py:208} INFO - Processing /opt/airflow/dags/first_dag.py took 0.085 seconds
[2025-01-26T10:57:36.734+0000] {processor.py:186} INFO - Started process (PID=282) to work on /opt/airflow/dags/first_dag.py
[2025-01-26T10:57:36.735+0000] {processor.py:914} INFO - Processing file /opt/airflow/dags/first_dag.py for tasks to queue
[2025-01-26T10:57:36.736+0000] {logging_mixin.py:190} INFO - [2025-01-26T10:57:36.736+0000] {dagbag.py:588} INFO - Filling up the DagBag from /opt/airflow/dags/first_dag.py
[2025-01-26T10:57:36.753+0000] {processor.py:925} INFO - DAG(s) 'first_dag' retrieved from /opt/airflow/dags/first_dag.py
[2025-01-26T10:57:36.775+0000] {logging_mixin.py:190} INFO - [2025-01-26T10:57:36.774+0000] {dag.py:3239} INFO - Sync 1 DAGs
[2025-01-26T10:57:36.796+0000] {logging_mixin.py:190} INFO - [2025-01-26T10:57:36.796+0000] {dag.py:4180} INFO - Setting next_dagrun for first_dag to 2025-01-26 00:00:00+00:00, run_after=2025-01-27 00:00:00+00:00
[2025-01-26T10:57:37.235+0000] {processor.py:208} INFO - Processing /opt/airflow/dags/first_dag.py took 0.506 seconds
[2025-01-26T10:58:07.388+0000] {processor.py:186} INFO - Started process (PID=285) to work on /opt/airflow/dags/first_dag.py
[2025-01-26T10:58:07.389+0000] {processor.py:914} INFO - Processing file /opt/airflow/dags/first_dag.py for tasks to queue
[2025-01-26T10:58:07.392+0000] {logging_mixin.py:190} INFO - [2025-01-26T10:58:07.391+0000] {dagbag.py:588} INFO - Filling up the DagBag from /opt/airflow/dags/first_dag.py
[2025-01-26T10:58:07.414+0000] {processor.py:925} INFO - DAG(s) 'first_dag' retrieved from /opt/airflow/dags/first_dag.py
[2025-01-26T10:58:07.438+0000] {logging_mixin.py:190} INFO - [2025-01-26T10:58:07.438+0000] {dag.py:3239} INFO - Sync 1 DAGs
[2025-01-26T10:58:07.460+0000] {logging_mixin.py:190} INFO - [2025-01-26T10:58:07.459+0000] {dag.py:4180} INFO - Setting next_dagrun for first_dag to 2025-01-26 00:00:00+00:00, run_after=2025-01-27 00:00:00+00:00
[2025-01-26T10:58:07.477+0000] {processor.py:208} INFO - Processing /opt/airflow/dags/first_dag.py took 0.094 seconds
[2025-01-26T10:58:37.798+0000] {processor.py:186} INFO - Started process (PID=286) to work on /opt/airflow/dags/first_dag.py
[2025-01-26T10:58:37.799+0000] {processor.py:914} INFO - Processing file /opt/airflow/dags/first_dag.py for tasks to queue
[2025-01-26T10:58:37.800+0000] {logging_mixin.py:190} INFO - [2025-01-26T10:58:37.800+0000] {dagbag.py:588} INFO - Filling up the DagBag from /opt/airflow/dags/first_dag.py
[2025-01-26T10:58:37.824+0000] {processor.py:925} INFO - DAG(s) 'first_dag' retrieved from /opt/airflow/dags/first_dag.py
[2025-01-26T10:58:37.848+0000] {logging_mixin.py:190} INFO - [2025-01-26T10:58:37.848+0000] {dag.py:3239} INFO - Sync 1 DAGs
[2025-01-26T10:58:37.868+0000] {logging_mixin.py:190} INFO - [2025-01-26T10:58:37.868+0000] {dag.py:4180} INFO - Setting next_dagrun for first_dag to 2025-01-26 00:00:00+00:00, run_after=2025-01-27 00:00:00+00:00
[2025-01-26T10:58:37.884+0000] {processor.py:208} INFO - Processing /opt/airflow/dags/first_dag.py took 0.091 seconds
[2025-01-26T10:59:08.352+0000] {processor.py:186} INFO - Started process (PID=288) to work on /opt/airflow/dags/first_dag.py
[2025-01-26T10:59:08.353+0000] {processor.py:914} INFO - Processing file /opt/airflow/dags/first_dag.py for tasks to queue
[2025-01-26T10:59:08.355+0000] {logging_mixin.py:190} INFO - [2025-01-26T10:59:08.355+0000] {dagbag.py:588} INFO - Filling up the DagBag from /opt/airflow/dags/first_dag.py
[2025-01-26T10:59:08.373+0000] {processor.py:925} INFO - DAG(s) 'first_dag' retrieved from /opt/airflow/dags/first_dag.py
[2025-01-26T10:59:08.393+0000] {logging_mixin.py:190} INFO - [2025-01-26T10:59:08.393+0000] {dag.py:3239} INFO - Sync 1 DAGs
[2025-01-26T10:59:08.412+0000] {logging_mixin.py:190} INFO - [2025-01-26T10:59:08.412+0000] {dag.py:4180} INFO - Setting next_dagrun for first_dag to 2025-01-26 00:00:00+00:00, run_after=2025-01-27 00:00:00+00:00
[2025-01-26T10:59:08.556+0000] {processor.py:208} INFO - Processing /opt/airflow/dags/first_dag.py took 0.209 seconds
[2025-01-26T10:59:39.040+0000] {processor.py:186} INFO - Started process (PID=290) to work on /opt/airflow/dags/first_dag.py
[2025-01-26T10:59:39.041+0000] {processor.py:914} INFO - Processing file /opt/airflow/dags/first_dag.py for tasks to queue
[2025-01-26T10:59:39.043+0000] {logging_mixin.py:190} INFO - [2025-01-26T10:59:39.042+0000] {dagbag.py:588} INFO - Filling up the DagBag from /opt/airflow/dags/first_dag.py
[2025-01-26T10:59:39.061+0000] {processor.py:925} INFO - DAG(s) 'first_dag' retrieved from /opt/airflow/dags/first_dag.py
[2025-01-26T10:59:39.083+0000] {logging_mixin.py:190} INFO - [2025-01-26T10:59:39.083+0000] {dag.py:3239} INFO - Sync 1 DAGs
[2025-01-26T10:59:39.105+0000] {logging_mixin.py:190} INFO - [2025-01-26T10:59:39.104+0000] {dag.py:4180} INFO - Setting next_dagrun for first_dag to 2025-01-26 00:00:00+00:00, run_after=2025-01-27 00:00:00+00:00
[2025-01-26T10:59:39.121+0000] {processor.py:208} INFO - Processing /opt/airflow/dags/first_dag.py took 0.087 seconds
[2025-01-26T11:00:09.540+0000] {processor.py:186} INFO - Started process (PID=292) to work on /opt/airflow/dags/first_dag.py
[2025-01-26T11:00:09.541+0000] {processor.py:914} INFO - Processing file /opt/airflow/dags/first_dag.py for tasks to queue
[2025-01-26T11:00:09.543+0000] {logging_mixin.py:190} INFO - [2025-01-26T11:00:09.543+0000] {dagbag.py:588} INFO - Filling up the DagBag from /opt/airflow/dags/first_dag.py
[2025-01-26T11:00:09.558+0000] {processor.py:925} INFO - DAG(s) 'first_dag' retrieved from /opt/airflow/dags/first_dag.py
[2025-01-26T11:00:09.581+0000] {logging_mixin.py:190} INFO - [2025-01-26T11:00:09.581+0000] {dag.py:3239} INFO - Sync 1 DAGs
[2025-01-26T11:00:09.601+0000] {logging_mixin.py:190} INFO - [2025-01-26T11:00:09.601+0000] {dag.py:4180} INFO - Setting next_dagrun for first_dag to 2025-01-26 00:00:00+00:00, run_after=2025-01-27 00:00:00+00:00
[2025-01-26T11:00:09.615+0000] {processor.py:208} INFO - Processing /opt/airflow/dags/first_dag.py took 0.080 seconds
[2025-01-26T11:00:40.163+0000] {processor.py:186} INFO - Started process (PID=294) to work on /opt/airflow/dags/first_dag.py
[2025-01-26T11:00:40.164+0000] {processor.py:914} INFO - Processing file /opt/airflow/dags/first_dag.py for tasks to queue
[2025-01-26T11:00:40.166+0000] {logging_mixin.py:190} INFO - [2025-01-26T11:00:40.166+0000] {dagbag.py:588} INFO - Filling up the DagBag from /opt/airflow/dags/first_dag.py
[2025-01-26T11:00:40.182+0000] {processor.py:925} INFO - DAG(s) 'first_dag' retrieved from /opt/airflow/dags/first_dag.py
[2025-01-26T11:00:40.202+0000] {logging_mixin.py:190} INFO - [2025-01-26T11:00:40.202+0000] {dag.py:3239} INFO - Sync 1 DAGs
[2025-01-26T11:00:40.221+0000] {logging_mixin.py:190} INFO - [2025-01-26T11:00:40.221+0000] {dag.py:4180} INFO - Setting next_dagrun for first_dag to 2025-01-26 00:00:00+00:00, run_after=2025-01-27 00:00:00+00:00
[2025-01-26T11:00:40.236+0000] {processor.py:208} INFO - Processing /opt/airflow/dags/first_dag.py took 0.078 seconds
[2025-01-26T11:01:10.522+0000] {processor.py:186} INFO - Started process (PID=296) to work on /opt/airflow/dags/first_dag.py
[2025-01-26T11:01:10.523+0000] {processor.py:914} INFO - Processing file /opt/airflow/dags/first_dag.py for tasks to queue
[2025-01-26T11:01:10.524+0000] {logging_mixin.py:190} INFO - [2025-01-26T11:01:10.524+0000] {dagbag.py:588} INFO - Filling up the DagBag from /opt/airflow/dags/first_dag.py
[2025-01-26T11:01:10.552+0000] {processor.py:925} INFO - DAG(s) 'first_dag' retrieved from /opt/airflow/dags/first_dag.py
[2025-01-26T11:01:10.572+0000] {logging_mixin.py:190} INFO - [2025-01-26T11:01:10.571+0000] {dag.py:3239} INFO - Sync 1 DAGs
[2025-01-26T11:01:10.740+0000] {logging_mixin.py:190} INFO - [2025-01-26T11:01:10.740+0000] {dag.py:4180} INFO - Setting next_dagrun for first_dag to 2025-01-26 00:00:00+00:00, run_after=2025-01-27 00:00:00+00:00
[2025-01-26T11:01:10.756+0000] {processor.py:208} INFO - Processing /opt/airflow/dags/first_dag.py took 0.240 seconds
[2025-01-26T11:01:40.999+0000] {processor.py:186} INFO - Started process (PID=298) to work on /opt/airflow/dags/first_dag.py
[2025-01-26T11:01:41.000+0000] {processor.py:914} INFO - Processing file /opt/airflow/dags/first_dag.py for tasks to queue
[2025-01-26T11:01:41.002+0000] {logging_mixin.py:190} INFO - [2025-01-26T11:01:41.002+0000] {dagbag.py:588} INFO - Filling up the DagBag from /opt/airflow/dags/first_dag.py
[2025-01-26T11:01:41.019+0000] {processor.py:925} INFO - DAG(s) 'first_dag' retrieved from /opt/airflow/dags/first_dag.py
[2025-01-26T11:01:41.041+0000] {logging_mixin.py:190} INFO - [2025-01-26T11:01:41.041+0000] {dag.py:3239} INFO - Sync 1 DAGs
[2025-01-26T11:01:41.061+0000] {logging_mixin.py:190} INFO - [2025-01-26T11:01:41.060+0000] {dag.py:4180} INFO - Setting next_dagrun for first_dag to 2025-01-26 00:00:00+00:00, run_after=2025-01-27 00:00:00+00:00
[2025-01-26T11:01:41.078+0000] {processor.py:208} INFO - Processing /opt/airflow/dags/first_dag.py took 0.084 seconds
[2025-01-26T11:02:11.393+0000] {processor.py:186} INFO - Started process (PID=300) to work on /opt/airflow/dags/first_dag.py
[2025-01-26T11:02:11.394+0000] {processor.py:914} INFO - Processing file /opt/airflow/dags/first_dag.py for tasks to queue
[2025-01-26T11:02:11.396+0000] {logging_mixin.py:190} INFO - [2025-01-26T11:02:11.396+0000] {dagbag.py:588} INFO - Filling up the DagBag from /opt/airflow/dags/first_dag.py
[2025-01-26T11:02:11.413+0000] {processor.py:925} INFO - DAG(s) 'first_dag' retrieved from /opt/airflow/dags/first_dag.py
[2025-01-26T11:02:11.436+0000] {logging_mixin.py:190} INFO - [2025-01-26T11:02:11.436+0000] {dag.py:3239} INFO - Sync 1 DAGs
[2025-01-26T11:02:11.458+0000] {logging_mixin.py:190} INFO - [2025-01-26T11:02:11.458+0000] {dag.py:4180} INFO - Setting next_dagrun for first_dag to 2025-01-26 00:00:00+00:00, run_after=2025-01-27 00:00:00+00:00
[2025-01-26T11:02:11.477+0000] {processor.py:208} INFO - Processing /opt/airflow/dags/first_dag.py took 0.089 seconds
[2025-01-26T11:02:41.918+0000] {processor.py:186} INFO - Started process (PID=302) to work on /opt/airflow/dags/first_dag.py
[2025-01-26T11:02:41.923+0000] {processor.py:914} INFO - Processing file /opt/airflow/dags/first_dag.py for tasks to queue
[2025-01-26T11:02:41.925+0000] {logging_mixin.py:190} INFO - [2025-01-26T11:02:41.925+0000] {dagbag.py:588} INFO - Filling up the DagBag from /opt/airflow/dags/first_dag.py
[2025-01-26T11:02:41.942+0000] {processor.py:925} INFO - DAG(s) 'first_dag' retrieved from /opt/airflow/dags/first_dag.py
[2025-01-26T11:02:41.963+0000] {logging_mixin.py:190} INFO - [2025-01-26T11:02:41.963+0000] {dag.py:3239} INFO - Sync 1 DAGs
[2025-01-26T11:02:41.983+0000] {logging_mixin.py:190} INFO - [2025-01-26T11:02:41.983+0000] {dag.py:4180} INFO - Setting next_dagrun for first_dag to 2025-01-26 00:00:00+00:00, run_after=2025-01-27 00:00:00+00:00
[2025-01-26T11:02:42.144+0000] {processor.py:208} INFO - Processing /opt/airflow/dags/first_dag.py took 0.233 seconds
[2025-01-26T11:03:12.542+0000] {processor.py:186} INFO - Started process (PID=304) to work on /opt/airflow/dags/first_dag.py
[2025-01-26T11:03:12.544+0000] {processor.py:914} INFO - Processing file /opt/airflow/dags/first_dag.py for tasks to queue
[2025-01-26T11:03:12.546+0000] {logging_mixin.py:190} INFO - [2025-01-26T11:03:12.545+0000] {dagbag.py:588} INFO - Filling up the DagBag from /opt/airflow/dags/first_dag.py
[2025-01-26T11:03:12.567+0000] {processor.py:925} INFO - DAG(s) 'first_dag' retrieved from /opt/airflow/dags/first_dag.py
[2025-01-26T11:03:12.591+0000] {logging_mixin.py:190} INFO - [2025-01-26T11:03:12.591+0000] {dag.py:3239} INFO - Sync 1 DAGs
[2025-01-26T11:03:12.612+0000] {logging_mixin.py:190} INFO - [2025-01-26T11:03:12.612+0000] {dag.py:4180} INFO - Setting next_dagrun for first_dag to 2025-01-26 00:00:00+00:00, run_after=2025-01-27 00:00:00+00:00
[2025-01-26T11:03:12.627+0000] {processor.py:208} INFO - Processing /opt/airflow/dags/first_dag.py took 0.090 seconds
[2025-01-26T11:03:43.062+0000] {processor.py:186} INFO - Started process (PID=306) to work on /opt/airflow/dags/first_dag.py
[2025-01-26T11:03:43.062+0000] {processor.py:914} INFO - Processing file /opt/airflow/dags/first_dag.py for tasks to queue
[2025-01-26T11:03:43.064+0000] {logging_mixin.py:190} INFO - [2025-01-26T11:03:43.064+0000] {dagbag.py:588} INFO - Filling up the DagBag from /opt/airflow/dags/first_dag.py
[2025-01-26T11:03:43.081+0000] {processor.py:925} INFO - DAG(s) 'first_dag' retrieved from /opt/airflow/dags/first_dag.py
[2025-01-26T11:03:43.103+0000] {logging_mixin.py:190} INFO - [2025-01-26T11:03:43.103+0000] {dag.py:3239} INFO - Sync 1 DAGs
[2025-01-26T11:03:43.125+0000] {logging_mixin.py:190} INFO - [2025-01-26T11:03:43.125+0000] {dag.py:4180} INFO - Setting next_dagrun for first_dag to 2025-01-26 00:00:00+00:00, run_after=2025-01-27 00:00:00+00:00
[2025-01-26T11:03:43.143+0000] {processor.py:208} INFO - Processing /opt/airflow/dags/first_dag.py took 0.087 seconds
[2025-01-26T11:04:13.601+0000] {processor.py:186} INFO - Started process (PID=308) to work on /opt/airflow/dags/first_dag.py
[2025-01-26T11:04:13.603+0000] {processor.py:914} INFO - Processing file /opt/airflow/dags/first_dag.py for tasks to queue
[2025-01-26T11:04:13.605+0000] {logging_mixin.py:190} INFO - [2025-01-26T11:04:13.605+0000] {dagbag.py:588} INFO - Filling up the DagBag from /opt/airflow/dags/first_dag.py
[2025-01-26T11:04:13.627+0000] {processor.py:925} INFO - DAG(s) 'first_dag' retrieved from /opt/airflow/dags/first_dag.py
[2025-01-26T11:04:13.652+0000] {logging_mixin.py:190} INFO - [2025-01-26T11:04:13.651+0000] {dag.py:3239} INFO - Sync 1 DAGs
[2025-01-26T11:04:13.674+0000] {logging_mixin.py:190} INFO - [2025-01-26T11:04:13.674+0000] {dag.py:4180} INFO - Setting next_dagrun for first_dag to 2025-01-26 00:00:00+00:00, run_after=2025-01-27 00:00:00+00:00
[2025-01-26T11:04:13.693+0000] {processor.py:208} INFO - Processing /opt/airflow/dags/first_dag.py took 0.098 seconds
[2025-01-26T11:04:44.116+0000] {processor.py:186} INFO - Started process (PID=310) to work on /opt/airflow/dags/first_dag.py
[2025-01-26T11:04:44.116+0000] {processor.py:914} INFO - Processing file /opt/airflow/dags/first_dag.py for tasks to queue
[2025-01-26T11:04:44.119+0000] {logging_mixin.py:190} INFO - [2025-01-26T11:04:44.118+0000] {dagbag.py:588} INFO - Filling up the DagBag from /opt/airflow/dags/first_dag.py
[2025-01-26T11:04:44.140+0000] {processor.py:925} INFO - DAG(s) 'first_dag' retrieved from /opt/airflow/dags/first_dag.py
[2025-01-26T11:04:44.163+0000] {logging_mixin.py:190} INFO - [2025-01-26T11:04:44.163+0000] {dag.py:3239} INFO - Sync 1 DAGs
[2025-01-26T11:04:44.383+0000] {logging_mixin.py:190} INFO - [2025-01-26T11:04:44.383+0000] {dag.py:4180} INFO - Setting next_dagrun for first_dag to 2025-01-26 00:00:00+00:00, run_after=2025-01-27 00:00:00+00:00
[2025-01-26T11:04:44.399+0000] {processor.py:208} INFO - Processing /opt/airflow/dags/first_dag.py took 0.289 seconds
[2025-01-26T11:05:14.823+0000] {processor.py:186} INFO - Started process (PID=312) to work on /opt/airflow/dags/first_dag.py
[2025-01-26T11:05:14.824+0000] {processor.py:914} INFO - Processing file /opt/airflow/dags/first_dag.py for tasks to queue
[2025-01-26T11:05:14.827+0000] {logging_mixin.py:190} INFO - [2025-01-26T11:05:14.827+0000] {dagbag.py:588} INFO - Filling up the DagBag from /opt/airflow/dags/first_dag.py
[2025-01-26T11:05:14.849+0000] {processor.py:925} INFO - DAG(s) 'first_dag' retrieved from /opt/airflow/dags/first_dag.py
[2025-01-26T11:05:14.872+0000] {logging_mixin.py:190} INFO - [2025-01-26T11:05:14.872+0000] {dag.py:3239} INFO - Sync 1 DAGs
[2025-01-26T11:05:14.892+0000] {logging_mixin.py:190} INFO - [2025-01-26T11:05:14.892+0000] {dag.py:4180} INFO - Setting next_dagrun for first_dag to 2025-01-26 00:00:00+00:00, run_after=2025-01-27 00:00:00+00:00
[2025-01-26T11:05:14.909+0000] {processor.py:208} INFO - Processing /opt/airflow/dags/first_dag.py took 0.091 seconds
[2025-01-26T11:05:45.241+0000] {processor.py:186} INFO - Started process (PID=314) to work on /opt/airflow/dags/first_dag.py
[2025-01-26T11:05:45.242+0000] {processor.py:914} INFO - Processing file /opt/airflow/dags/first_dag.py for tasks to queue
[2025-01-26T11:05:45.243+0000] {logging_mixin.py:190} INFO - [2025-01-26T11:05:45.243+0000] {dagbag.py:588} INFO - Filling up the DagBag from /opt/airflow/dags/first_dag.py
[2025-01-26T11:05:45.265+0000] {processor.py:925} INFO - DAG(s) 'first_dag' retrieved from /opt/airflow/dags/first_dag.py
[2025-01-26T11:05:45.295+0000] {logging_mixin.py:190} INFO - [2025-01-26T11:05:45.294+0000] {dag.py:3239} INFO - Sync 1 DAGs
[2025-01-26T11:05:45.326+0000] {logging_mixin.py:190} INFO - [2025-01-26T11:05:45.326+0000] {dag.py:4180} INFO - Setting next_dagrun for first_dag to 2025-01-26 00:00:00+00:00, run_after=2025-01-27 00:00:00+00:00
[2025-01-26T11:05:45.352+0000] {processor.py:208} INFO - Processing /opt/airflow/dags/first_dag.py took 0.117 seconds
[2025-01-26T11:06:15.794+0000] {processor.py:186} INFO - Started process (PID=316) to work on /opt/airflow/dags/first_dag.py
[2025-01-26T11:06:15.795+0000] {processor.py:914} INFO - Processing file /opt/airflow/dags/first_dag.py for tasks to queue
[2025-01-26T11:06:15.797+0000] {logging_mixin.py:190} INFO - [2025-01-26T11:06:15.797+0000] {dagbag.py:588} INFO - Filling up the DagBag from /opt/airflow/dags/first_dag.py
[2025-01-26T11:06:15.819+0000] {processor.py:925} INFO - DAG(s) 'first_dag' retrieved from /opt/airflow/dags/first_dag.py
[2025-01-26T11:06:15.843+0000] {logging_mixin.py:190} INFO - [2025-01-26T11:06:15.842+0000] {dag.py:3239} INFO - Sync 1 DAGs
[2025-01-26T11:06:15.867+0000] {logging_mixin.py:190} INFO - [2025-01-26T11:06:15.867+0000] {dag.py:4180} INFO - Setting next_dagrun for first_dag to 2025-01-26 00:00:00+00:00, run_after=2025-01-27 00:00:00+00:00
[2025-01-26T11:06:16.037+0000] {processor.py:208} INFO - Processing /opt/airflow/dags/first_dag.py took 0.248 seconds
[2025-01-26T11:06:46.319+0000] {processor.py:186} INFO - Started process (PID=318) to work on /opt/airflow/dags/first_dag.py
[2025-01-26T11:06:46.320+0000] {processor.py:914} INFO - Processing file /opt/airflow/dags/first_dag.py for tasks to queue
[2025-01-26T11:06:46.322+0000] {logging_mixin.py:190} INFO - [2025-01-26T11:06:46.322+0000] {dagbag.py:588} INFO - Filling up the DagBag from /opt/airflow/dags/first_dag.py
[2025-01-26T11:06:46.338+0000] {processor.py:925} INFO - DAG(s) 'first_dag' retrieved from /opt/airflow/dags/first_dag.py
[2025-01-26T11:06:46.359+0000] {logging_mixin.py:190} INFO - [2025-01-26T11:06:46.359+0000] {dag.py:3239} INFO - Sync 1 DAGs
[2025-01-26T11:06:46.380+0000] {logging_mixin.py:190} INFO - [2025-01-26T11:06:46.379+0000] {dag.py:4180} INFO - Setting next_dagrun for first_dag to 2025-01-26 00:00:00+00:00, run_after=2025-01-27 00:00:00+00:00
[2025-01-26T11:06:46.397+0000] {processor.py:208} INFO - Processing /opt/airflow/dags/first_dag.py took 0.083 seconds
[2025-01-26T11:07:16.794+0000] {processor.py:186} INFO - Started process (PID=320) to work on /opt/airflow/dags/first_dag.py
[2025-01-26T11:07:16.795+0000] {processor.py:914} INFO - Processing file /opt/airflow/dags/first_dag.py for tasks to queue
[2025-01-26T11:07:16.797+0000] {logging_mixin.py:190} INFO - [2025-01-26T11:07:16.797+0000] {dagbag.py:588} INFO - Filling up the DagBag from /opt/airflow/dags/first_dag.py
[2025-01-26T11:07:16.813+0000] {processor.py:925} INFO - DAG(s) 'first_dag' retrieved from /opt/airflow/dags/first_dag.py
[2025-01-26T11:07:16.835+0000] {logging_mixin.py:190} INFO - [2025-01-26T11:07:16.835+0000] {dag.py:3239} INFO - Sync 1 DAGs
[2025-01-26T11:07:16.855+0000] {logging_mixin.py:190} INFO - [2025-01-26T11:07:16.855+0000] {dag.py:4180} INFO - Setting next_dagrun for first_dag to 2025-01-26 00:00:00+00:00, run_after=2025-01-27 00:00:00+00:00
[2025-01-26T11:07:16.878+0000] {processor.py:208} INFO - Processing /opt/airflow/dags/first_dag.py took 0.089 seconds
[2025-01-26T11:07:47.181+0000] {processor.py:186} INFO - Started process (PID=322) to work on /opt/airflow/dags/first_dag.py
[2025-01-26T11:07:47.182+0000] {processor.py:914} INFO - Processing file /opt/airflow/dags/first_dag.py for tasks to queue
[2025-01-26T11:07:47.184+0000] {logging_mixin.py:190} INFO - [2025-01-26T11:07:47.183+0000] {dagbag.py:588} INFO - Filling up the DagBag from /opt/airflow/dags/first_dag.py
[2025-01-26T11:07:47.214+0000] {processor.py:925} INFO - DAG(s) 'first_dag' retrieved from /opt/airflow/dags/first_dag.py
[2025-01-26T11:07:47.241+0000] {logging_mixin.py:190} INFO - [2025-01-26T11:07:47.241+0000] {dag.py:3239} INFO - Sync 1 DAGs
[2025-01-26T11:07:47.263+0000] {logging_mixin.py:190} INFO - [2025-01-26T11:07:47.263+0000] {dag.py:4180} INFO - Setting next_dagrun for first_dag to 2025-01-26 00:00:00+00:00, run_after=2025-01-27 00:00:00+00:00
[2025-01-26T11:07:47.288+0000] {processor.py:208} INFO - Processing /opt/airflow/dags/first_dag.py took 0.112 seconds
[2025-01-26T11:08:17.703+0000] {processor.py:186} INFO - Started process (PID=324) to work on /opt/airflow/dags/first_dag.py
[2025-01-26T11:08:17.704+0000] {processor.py:914} INFO - Processing file /opt/airflow/dags/first_dag.py for tasks to queue
[2025-01-26T11:08:17.706+0000] {logging_mixin.py:190} INFO - [2025-01-26T11:08:17.706+0000] {dagbag.py:588} INFO - Filling up the DagBag from /opt/airflow/dags/first_dag.py
[2025-01-26T11:08:17.722+0000] {processor.py:925} INFO - DAG(s) 'first_dag' retrieved from /opt/airflow/dags/first_dag.py
[2025-01-26T11:08:17.744+0000] {logging_mixin.py:190} INFO - [2025-01-26T11:08:17.744+0000] {dag.py:3239} INFO - Sync 1 DAGs
[2025-01-26T11:08:17.889+0000] {logging_mixin.py:190} INFO - [2025-01-26T11:08:17.889+0000] {dag.py:4180} INFO - Setting next_dagrun for first_dag to 2025-01-26 00:00:00+00:00, run_after=2025-01-27 00:00:00+00:00
[2025-01-26T11:08:17.904+0000] {processor.py:208} INFO - Processing /opt/airflow/dags/first_dag.py took 0.206 seconds
[2025-01-26T11:08:48.424+0000] {processor.py:186} INFO - Started process (PID=326) to work on /opt/airflow/dags/first_dag.py
[2025-01-26T11:08:48.425+0000] {processor.py:914} INFO - Processing file /opt/airflow/dags/first_dag.py for tasks to queue
[2025-01-26T11:08:48.428+0000] {logging_mixin.py:190} INFO - [2025-01-26T11:08:48.427+0000] {dagbag.py:588} INFO - Filling up the DagBag from /opt/airflow/dags/first_dag.py
[2025-01-26T11:08:48.445+0000] {processor.py:925} INFO - DAG(s) 'first_dag' retrieved from /opt/airflow/dags/first_dag.py
[2025-01-26T11:08:48.470+0000] {logging_mixin.py:190} INFO - [2025-01-26T11:08:48.469+0000] {dag.py:3239} INFO - Sync 1 DAGs
[2025-01-26T11:08:48.490+0000] {logging_mixin.py:190} INFO - [2025-01-26T11:08:48.490+0000] {dag.py:4180} INFO - Setting next_dagrun for first_dag to 2025-01-26 00:00:00+00:00, run_after=2025-01-27 00:00:00+00:00
[2025-01-26T11:08:48.505+0000] {processor.py:208} INFO - Processing /opt/airflow/dags/first_dag.py took 0.086 seconds
[2025-01-26T11:09:18.875+0000] {processor.py:186} INFO - Started process (PID=328) to work on /opt/airflow/dags/first_dag.py
[2025-01-26T11:09:18.876+0000] {processor.py:914} INFO - Processing file /opt/airflow/dags/first_dag.py for tasks to queue
[2025-01-26T11:09:18.878+0000] {logging_mixin.py:190} INFO - [2025-01-26T11:09:18.878+0000] {dagbag.py:588} INFO - Filling up the DagBag from /opt/airflow/dags/first_dag.py
[2025-01-26T11:09:18.895+0000] {processor.py:925} INFO - DAG(s) 'first_dag' retrieved from /opt/airflow/dags/first_dag.py
[2025-01-26T11:09:18.917+0000] {logging_mixin.py:190} INFO - [2025-01-26T11:09:18.917+0000] {dag.py:3239} INFO - Sync 1 DAGs
[2025-01-26T11:09:18.938+0000] {logging_mixin.py:190} INFO - [2025-01-26T11:09:18.938+0000] {dag.py:4180} INFO - Setting next_dagrun for first_dag to 2025-01-26 00:00:00+00:00, run_after=2025-01-27 00:00:00+00:00
[2025-01-26T11:09:18.956+0000] {processor.py:208} INFO - Processing /opt/airflow/dags/first_dag.py took 0.087 seconds
[2025-01-26T11:09:49.295+0000] {processor.py:186} INFO - Started process (PID=330) to work on /opt/airflow/dags/first_dag.py
[2025-01-26T11:09:49.296+0000] {processor.py:914} INFO - Processing file /opt/airflow/dags/first_dag.py for tasks to queue
[2025-01-26T11:09:49.298+0000] {logging_mixin.py:190} INFO - [2025-01-26T11:09:49.297+0000] {dagbag.py:588} INFO - Filling up the DagBag from /opt/airflow/dags/first_dag.py
[2025-01-26T11:09:49.314+0000] {processor.py:925} INFO - DAG(s) 'first_dag' retrieved from /opt/airflow/dags/first_dag.py
[2025-01-26T11:09:49.338+0000] {logging_mixin.py:190} INFO - [2025-01-26T11:09:49.338+0000] {dag.py:3239} INFO - Sync 1 DAGs
[2025-01-26T11:09:49.360+0000] {logging_mixin.py:190} INFO - [2025-01-26T11:09:49.360+0000] {dag.py:4180} INFO - Setting next_dagrun for first_dag to 2025-01-26 00:00:00+00:00, run_after=2025-01-27 00:00:00+00:00
[2025-01-26T11:09:49.499+0000] {processor.py:208} INFO - Processing /opt/airflow/dags/first_dag.py took 0.210 seconds
[2025-01-26T11:10:19.839+0000] {processor.py:186} INFO - Started process (PID=332) to work on /opt/airflow/dags/first_dag.py
[2025-01-26T11:10:19.840+0000] {processor.py:914} INFO - Processing file /opt/airflow/dags/first_dag.py for tasks to queue
[2025-01-26T11:10:19.843+0000] {logging_mixin.py:190} INFO - [2025-01-26T11:10:19.842+0000] {dagbag.py:588} INFO - Filling up the DagBag from /opt/airflow/dags/first_dag.py
[2025-01-26T11:10:19.863+0000] {processor.py:925} INFO - DAG(s) 'first_dag' retrieved from /opt/airflow/dags/first_dag.py
[2025-01-26T11:10:19.885+0000] {logging_mixin.py:190} INFO - [2025-01-26T11:10:19.885+0000] {dag.py:3239} INFO - Sync 1 DAGs
[2025-01-26T11:10:19.905+0000] {logging_mixin.py:190} INFO - [2025-01-26T11:10:19.905+0000] {dag.py:4180} INFO - Setting next_dagrun for first_dag to 2025-01-26 00:00:00+00:00, run_after=2025-01-27 00:00:00+00:00
[2025-01-26T11:10:19.922+0000] {processor.py:208} INFO - Processing /opt/airflow/dags/first_dag.py took 0.088 seconds
[2025-01-26T11:10:50.338+0000] {processor.py:186} INFO - Started process (PID=334) to work on /opt/airflow/dags/first_dag.py
[2025-01-26T11:10:50.339+0000] {processor.py:914} INFO - Processing file /opt/airflow/dags/first_dag.py for tasks to queue
[2025-01-26T11:10:50.341+0000] {logging_mixin.py:190} INFO - [2025-01-26T11:10:50.341+0000] {dagbag.py:588} INFO - Filling up the DagBag from /opt/airflow/dags/first_dag.py
[2025-01-26T11:10:50.362+0000] {processor.py:925} INFO - DAG(s) 'first_dag' retrieved from /opt/airflow/dags/first_dag.py
[2025-01-26T11:10:50.384+0000] {logging_mixin.py:190} INFO - [2025-01-26T11:10:50.383+0000] {dag.py:3239} INFO - Sync 1 DAGs
[2025-01-26T11:10:50.404+0000] {logging_mixin.py:190} INFO - [2025-01-26T11:10:50.404+0000] {dag.py:4180} INFO - Setting next_dagrun for first_dag to 2025-01-26 00:00:00+00:00, run_after=2025-01-27 00:00:00+00:00
[2025-01-26T11:10:50.422+0000] {processor.py:208} INFO - Processing /opt/airflow/dags/first_dag.py took 0.089 seconds
[2025-01-26T11:11:20.802+0000] {processor.py:186} INFO - Started process (PID=336) to work on /opt/airflow/dags/first_dag.py
[2025-01-26T11:11:20.803+0000] {processor.py:914} INFO - Processing file /opt/airflow/dags/first_dag.py for tasks to queue
[2025-01-26T11:11:20.805+0000] {logging_mixin.py:190} INFO - [2025-01-26T11:11:20.804+0000] {dagbag.py:588} INFO - Filling up the DagBag from /opt/airflow/dags/first_dag.py
[2025-01-26T11:11:20.826+0000] {processor.py:925} INFO - DAG(s) 'first_dag' retrieved from /opt/airflow/dags/first_dag.py
[2025-01-26T11:11:20.850+0000] {logging_mixin.py:190} INFO - [2025-01-26T11:11:20.850+0000] {dag.py:3239} INFO - Sync 1 DAGs
[2025-01-26T11:11:20.871+0000] {logging_mixin.py:190} INFO - [2025-01-26T11:11:20.870+0000] {dag.py:4180} INFO - Setting next_dagrun for first_dag to 2025-01-26 00:00:00+00:00, run_after=2025-01-27 00:00:00+00:00
[2025-01-26T11:11:21.015+0000] {processor.py:208} INFO - Processing /opt/airflow/dags/first_dag.py took 0.219 seconds
