[2025-02-16T10:05:09.358+0000] {local_task_job_runner.py:123} INFO - ::group::Pre task execution logs
[2025-02-16T10:05:09.378+0000] {taskinstance.py:2614} INFO - Dependencies all met for dep_context=non-requeueable deps ti=<TaskInstance: superstore_dag.run_dbt_dim_date scheduled__2025-02-15T00:00:00+00:00 [queued]>
[2025-02-16T10:05:09.388+0000] {taskinstance.py:2614} INFO - Dependencies all met for dep_context=requeueable deps ti=<TaskInstance: superstore_dag.run_dbt_dim_date scheduled__2025-02-15T00:00:00+00:00 [queued]>
[2025-02-16T10:05:09.389+0000] {taskinstance.py:2867} INFO - Starting attempt 1 of 1
[2025-02-16T10:05:09.403+0000] {taskinstance.py:2890} INFO - Executing <Task(BashOperator): run_dbt_dim_date> on 2025-02-15 00:00:00+00:00
[2025-02-16T10:05:09.407+0000] {standard_task_runner.py:72} INFO - Started process 147 to run task
[2025-02-16T10:05:09.410+0000] {standard_task_runner.py:104} INFO - Running: ['***', 'tasks', 'run', 'superstore_dag', 'run_dbt_dim_date', 'scheduled__2025-02-15T00:00:00+00:00', '--job-id', '242', '--raw', '--subdir', 'DAGS_FOLDER/superstore_dag.py', '--cfg-path', '/tmp/tmp2zm0i36u']
[2025-02-16T10:05:09.412+0000] {standard_task_runner.py:105} INFO - Job 242: Subtask run_dbt_dim_date
[2025-02-16T10:05:09.426+0000] {logging_mixin.py:190} WARNING - /home/***/.local/lib/python3.12/site-packages/***/settings.py:209 DeprecationWarning: The sql_alchemy_conn option in [core] has been moved to the sql_alchemy_conn option in [database] - the old setting has been used, but please update your config.
[2025-02-16T10:05:09.460+0000] {task_command.py:467} INFO - Running <TaskInstance: superstore_dag.run_dbt_dim_date scheduled__2025-02-15T00:00:00+00:00 [running]> on host e06c424a4719
[2025-02-16T10:05:09.464+0000] {logging_mixin.py:190} WARNING - /home/***/.local/lib/python3.12/site-packages/***/settings.py:470 DeprecationWarning: The sql_alchemy_conn option in [core] has been moved to the sql_alchemy_conn option in [database] - the old setting has been used, but please update your config.
[2025-02-16T10:05:09.537+0000] {taskinstance.py:3134} INFO - Exporting env vars: AIRFLOW_CTX_DAG_OWNER='***' AIRFLOW_CTX_DAG_ID='superstore_dag' AIRFLOW_CTX_TASK_ID='run_dbt_dim_date' AIRFLOW_CTX_EXECUTION_DATE='2025-02-15T00:00:00+00:00' AIRFLOW_CTX_TRY_NUMBER='1' AIRFLOW_CTX_DAG_RUN_ID='scheduled__2025-02-15T00:00:00+00:00'
[2025-02-16T10:05:09.538+0000] {taskinstance.py:732} INFO - ::endgroup::
[2025-02-16T10:05:09.553+0000] {subprocess.py:78} INFO - Tmp dir root location: /tmp
[2025-02-16T10:05:09.554+0000] {subprocess.py:88} INFO - Running command: ['/usr/bin/bash', '-c', 'cd /dbt/superstore/ && dbt run --select dim_date']
[2025-02-16T10:05:09.561+0000] {subprocess.py:99} INFO - Output:
[2025-02-16T10:05:11.667+0000] {subprocess.py:106} INFO - [0m10:05:11  Running with dbt=1.9.2
[2025-02-16T10:05:11.941+0000] {subprocess.py:106} INFO - [0m10:05:11  Registered adapter: postgres=1.9.0
[2025-02-16T10:05:12.440+0000] {subprocess.py:106} INFO - [0m10:05:12  Found 6 models, 15 data tests, 1 source, 433 macros
[2025-02-16T10:05:12.443+0000] {subprocess.py:106} INFO - [0m10:05:12
[2025-02-16T10:05:12.443+0000] {subprocess.py:106} INFO - [0m10:05:12  Concurrency: 1 threads (target='prod')
[2025-02-16T10:05:12.444+0000] {subprocess.py:106} INFO - [0m10:05:12
[2025-02-16T10:05:12.567+0000] {subprocess.py:106} INFO - [0m10:05:12  1 of 1 START sql incremental model _core.dim_date .............................. [RUN]
[2025-02-16T10:05:12.721+0000] {subprocess.py:106} INFO - [0m10:05:12  1 of 1 OK created sql incremental model _core.dim_date ......................... [[32mSELECT 369[0m in 0.15s]
[2025-02-16T10:05:12.738+0000] {subprocess.py:106} INFO - [0m10:05:12
[2025-02-16T10:05:12.739+0000] {subprocess.py:106} INFO - [0m10:05:12  Finished running 1 incremental model in 0 hours 0 minutes and 0.29 seconds (0.29s).
[2025-02-16T10:05:12.807+0000] {subprocess.py:106} INFO - [0m10:05:12
[2025-02-16T10:05:12.808+0000] {subprocess.py:106} INFO - [0m10:05:12  [32mCompleted successfully[0m
[2025-02-16T10:05:12.808+0000] {subprocess.py:106} INFO - [0m10:05:12
[2025-02-16T10:05:12.809+0000] {subprocess.py:106} INFO - [0m10:05:12  Done. PASS=1 WARN=0 ERROR=0 SKIP=0 TOTAL=1
[2025-02-16T10:05:13.673+0000] {subprocess.py:110} INFO - Command exited with return code 0
[2025-02-16T10:05:13.698+0000] {taskinstance.py:341} INFO - ::group::Post task execution logs
[2025-02-16T10:05:13.699+0000] {taskinstance.py:353} INFO - Marking task as SUCCESS. dag_id=superstore_dag, task_id=run_dbt_dim_date, run_id=scheduled__2025-02-15T00:00:00+00:00, execution_date=20250215T000000, start_date=20250216T100509, end_date=20250216T100513
[2025-02-16T10:05:13.753+0000] {local_task_job_runner.py:266} INFO - Task exited with return code 0
[2025-02-16T10:05:13.779+0000] {taskinstance.py:3901} INFO - 0 downstream tasks scheduled from follow-on schedule check
[2025-02-16T10:05:13.782+0000] {local_task_job_runner.py:245} INFO - ::endgroup::
