[2025-02-16T17:44:36.486+0000] {local_task_job_runner.py:123} INFO - ::group::Pre task execution logs
[2025-02-16T17:44:36.500+0000] {taskinstance.py:2614} INFO - Dependencies all met for dep_context=non-requeueable deps ti=<TaskInstance: superstore_dag.run_dbt_dim_customer manual__2025-02-16T17:44:13.179593+00:00 [queued]>
[2025-02-16T17:44:36.508+0000] {taskinstance.py:2614} INFO - Dependencies all met for dep_context=requeueable deps ti=<TaskInstance: superstore_dag.run_dbt_dim_customer manual__2025-02-16T17:44:13.179593+00:00 [queued]>
[2025-02-16T17:44:36.510+0000] {taskinstance.py:2867} INFO - Starting attempt 1 of 1
[2025-02-16T17:44:36.523+0000] {taskinstance.py:2890} INFO - Executing <Task(BashOperator): run_dbt_dim_customer> on 2025-02-16 17:44:13.179593+00:00
[2025-02-16T17:44:36.528+0000] {standard_task_runner.py:72} INFO - Started process 1538 to run task
[2025-02-16T17:44:36.531+0000] {standard_task_runner.py:104} INFO - Running: ['***', 'tasks', 'run', 'superstore_dag', 'run_dbt_dim_customer', 'manual__2025-02-16T17:44:13.179593+00:00', '--job-id', '247', '--raw', '--subdir', 'DAGS_FOLDER/superstore_dag.py', '--cfg-path', '/tmp/tmpjphzy05_']
[2025-02-16T17:44:36.533+0000] {standard_task_runner.py:105} INFO - Job 247: Subtask run_dbt_dim_customer
[2025-02-16T17:44:36.547+0000] {logging_mixin.py:190} WARNING - /home/***/.local/lib/python3.12/site-packages/***/settings.py:209 DeprecationWarning: The sql_alchemy_conn option in [core] has been moved to the sql_alchemy_conn option in [database] - the old setting has been used, but please update your config.
[2025-02-16T17:44:36.584+0000] {task_command.py:467} INFO - Running <TaskInstance: superstore_dag.run_dbt_dim_customer manual__2025-02-16T17:44:13.179593+00:00 [running]> on host e06c424a4719
[2025-02-16T17:44:36.661+0000] {taskinstance.py:3134} INFO - Exporting env vars: AIRFLOW_CTX_DAG_OWNER='***' AIRFLOW_CTX_DAG_ID='superstore_dag' AIRFLOW_CTX_TASK_ID='run_dbt_dim_customer' AIRFLOW_CTX_EXECUTION_DATE='2025-02-16T17:44:13.179593+00:00' AIRFLOW_CTX_TRY_NUMBER='1' AIRFLOW_CTX_DAG_RUN_ID='manual__2025-02-16T17:44:13.179593+00:00'
[2025-02-16T17:44:36.662+0000] {taskinstance.py:732} INFO - ::endgroup::
[2025-02-16T17:44:36.677+0000] {subprocess.py:78} INFO - Tmp dir root location: /tmp
[2025-02-16T17:44:36.678+0000] {subprocess.py:88} INFO - Running command: ['/usr/bin/bash', '-c', 'cd /dbt/superstore/ && dbt run --select dim_customer']
[2025-02-16T17:44:36.687+0000] {subprocess.py:99} INFO - Output:
[2025-02-16T17:44:38.911+0000] {subprocess.py:106} INFO - [0m17:44:38  Running with dbt=1.9.2
[2025-02-16T17:44:39.220+0000] {subprocess.py:106} INFO - [0m17:44:39  Registered adapter: postgres=1.9.0
[2025-02-16T17:44:41.939+0000] {subprocess.py:106} INFO - [0m17:44:41  Found 7 models, 34 data tests, 1 source, 632 macros
[2025-02-16T17:44:41.942+0000] {subprocess.py:106} INFO - [0m17:44:41
[2025-02-16T17:44:41.943+0000] {subprocess.py:106} INFO - [0m17:44:41  Concurrency: 1 threads (target='prod')
[2025-02-16T17:44:41.944+0000] {subprocess.py:106} INFO - [0m17:44:41
[2025-02-16T17:44:42.069+0000] {subprocess.py:106} INFO - [0m17:44:42  1 of 1 START sql incremental model core.dim_customer ........................... [RUN]
[2025-02-16T17:44:42.292+0000] {subprocess.py:106} INFO - [0m17:44:42  1 of 1 OK created sql incremental model core.dim_customer ...................... [[32mINSERT 0 0[0m in 0.22s]
[2025-02-16T17:44:42.308+0000] {subprocess.py:106} INFO - [0m17:44:42
[2025-02-16T17:44:42.309+0000] {subprocess.py:106} INFO - [0m17:44:42  Finished running 1 incremental model in 0 hours 0 minutes and 0.36 seconds (0.36s).
[2025-02-16T17:44:42.395+0000] {subprocess.py:106} INFO - [0m17:44:42
[2025-02-16T17:44:42.397+0000] {subprocess.py:106} INFO - [0m17:44:42  [32mCompleted successfully[0m
[2025-02-16T17:44:42.398+0000] {subprocess.py:106} INFO - [0m17:44:42
[2025-02-16T17:44:42.399+0000] {subprocess.py:106} INFO - [0m17:44:42  Done. PASS=1 WARN=0 ERROR=0 SKIP=0 TOTAL=1
[2025-02-16T17:44:43.306+0000] {subprocess.py:110} INFO - Command exited with return code 0
[2025-02-16T17:44:43.332+0000] {taskinstance.py:341} INFO - ::group::Post task execution logs
[2025-02-16T17:44:43.333+0000] {taskinstance.py:353} INFO - Marking task as SUCCESS. dag_id=superstore_dag, task_id=run_dbt_dim_customer, run_id=manual__2025-02-16T17:44:13.179593+00:00, execution_date=20250216T174413, start_date=20250216T174436, end_date=20250216T174443
[2025-02-16T17:44:43.397+0000] {local_task_job_runner.py:266} INFO - Task exited with return code 0
[2025-02-16T17:44:43.420+0000] {taskinstance.py:3901} INFO - 0 downstream tasks scheduled from follow-on schedule check
[2025-02-16T17:44:43.423+0000] {local_task_job_runner.py:245} INFO - ::endgroup::
