[2025-02-16T10:05:01.479+0000] {local_task_job_runner.py:123} INFO - ::group::Pre task execution logs
[2025-02-16T10:05:01.496+0000] {taskinstance.py:2614} INFO - Dependencies all met for dep_context=non-requeueable deps ti=<TaskInstance: superstore_dag.run_dbt_dim_customer scheduled__2025-02-15T00:00:00+00:00 [queued]>
[2025-02-16T10:05:01.503+0000] {taskinstance.py:2614} INFO - Dependencies all met for dep_context=requeueable deps ti=<TaskInstance: superstore_dag.run_dbt_dim_customer scheduled__2025-02-15T00:00:00+00:00 [queued]>
[2025-02-16T10:05:01.505+0000] {taskinstance.py:2867} INFO - Starting attempt 1 of 1
[2025-02-16T10:05:01.517+0000] {taskinstance.py:2890} INFO - Executing <Task(BashOperator): run_dbt_dim_customer> on 2025-02-15 00:00:00+00:00
[2025-02-16T10:05:01.522+0000] {standard_task_runner.py:72} INFO - Started process 119 to run task
[2025-02-16T10:05:01.524+0000] {standard_task_runner.py:104} INFO - Running: ['***', 'tasks', 'run', 'superstore_dag', 'run_dbt_dim_customer', 'scheduled__2025-02-15T00:00:00+00:00', '--job-id', '241', '--raw', '--subdir', 'DAGS_FOLDER/superstore_dag.py', '--cfg-path', '/tmp/tmpo9wpielx']
[2025-02-16T10:05:01.526+0000] {standard_task_runner.py:105} INFO - Job 241: Subtask run_dbt_dim_customer
[2025-02-16T10:05:01.542+0000] {logging_mixin.py:190} WARNING - /home/***/.local/lib/python3.12/site-packages/***/settings.py:209 DeprecationWarning: The sql_alchemy_conn option in [core] has been moved to the sql_alchemy_conn option in [database] - the old setting has been used, but please update your config.
[2025-02-16T10:05:01.577+0000] {task_command.py:467} INFO - Running <TaskInstance: superstore_dag.run_dbt_dim_customer scheduled__2025-02-15T00:00:00+00:00 [running]> on host e06c424a4719
[2025-02-16T10:05:01.580+0000] {logging_mixin.py:190} WARNING - /home/***/.local/lib/python3.12/site-packages/***/settings.py:470 DeprecationWarning: The sql_alchemy_conn option in [core] has been moved to the sql_alchemy_conn option in [database] - the old setting has been used, but please update your config.
[2025-02-16T10:05:01.658+0000] {taskinstance.py:3134} INFO - Exporting env vars: AIRFLOW_CTX_DAG_OWNER='***' AIRFLOW_CTX_DAG_ID='superstore_dag' AIRFLOW_CTX_TASK_ID='run_dbt_dim_customer' AIRFLOW_CTX_EXECUTION_DATE='2025-02-15T00:00:00+00:00' AIRFLOW_CTX_TRY_NUMBER='1' AIRFLOW_CTX_DAG_RUN_ID='scheduled__2025-02-15T00:00:00+00:00'
[2025-02-16T10:05:01.659+0000] {taskinstance.py:732} INFO - ::endgroup::
[2025-02-16T10:05:01.674+0000] {subprocess.py:78} INFO - Tmp dir root location: /tmp
[2025-02-16T10:05:01.675+0000] {subprocess.py:88} INFO - Running command: ['/usr/bin/bash', '-c', 'cd /dbt/superstore/ && dbt run --select dim_customer']
[2025-02-16T10:05:01.683+0000] {subprocess.py:99} INFO - Output:
[2025-02-16T10:05:03.731+0000] {subprocess.py:106} INFO - [0m10:05:03  Running with dbt=1.9.2
[2025-02-16T10:05:04.044+0000] {subprocess.py:106} INFO - [0m10:05:04  Registered adapter: postgres=1.9.0
[2025-02-16T10:05:04.656+0000] {subprocess.py:106} INFO - [0m10:05:04  Found 6 models, 15 data tests, 1 source, 433 macros
[2025-02-16T10:05:04.660+0000] {subprocess.py:106} INFO - [0m10:05:04
[2025-02-16T10:05:04.663+0000] {subprocess.py:106} INFO - [0m10:05:04  Concurrency: 1 threads (target='prod')
[2025-02-16T10:05:04.664+0000] {subprocess.py:106} INFO - [0m10:05:04
[2025-02-16T10:05:04.794+0000] {subprocess.py:106} INFO - [0m10:05:04  1 of 1 START sql incremental model _core.dim_customer .......................... [RUN]
[2025-02-16T10:05:04.964+0000] {subprocess.py:106} INFO - [0m10:05:04  1 of 1 OK created sql incremental model _core.dim_customer ..................... [[32mSELECT 2071[0m in 0.17s]
[2025-02-16T10:05:04.979+0000] {subprocess.py:106} INFO - [0m10:05:04
[2025-02-16T10:05:04.980+0000] {subprocess.py:106} INFO - [0m10:05:04  Finished running 1 incremental model in 0 hours 0 minutes and 0.31 seconds (0.31s).
[2025-02-16T10:05:05.082+0000] {subprocess.py:106} INFO - [0m10:05:05
[2025-02-16T10:05:05.083+0000] {subprocess.py:106} INFO - [0m10:05:05  [32mCompleted successfully[0m
[2025-02-16T10:05:05.086+0000] {subprocess.py:106} INFO - [0m10:05:05
[2025-02-16T10:05:05.090+0000] {subprocess.py:106} INFO - [0m10:05:05  Done. PASS=1 WARN=0 ERROR=0 SKIP=0 TOTAL=1
[2025-02-16T10:05:06.016+0000] {subprocess.py:110} INFO - Command exited with return code 0
[2025-02-16T10:05:06.041+0000] {taskinstance.py:341} INFO - ::group::Post task execution logs
[2025-02-16T10:05:06.042+0000] {taskinstance.py:353} INFO - Marking task as SUCCESS. dag_id=superstore_dag, task_id=run_dbt_dim_customer, run_id=scheduled__2025-02-15T00:00:00+00:00, execution_date=20250215T000000, start_date=20250216T100501, end_date=20250216T100506
[2025-02-16T10:05:06.111+0000] {local_task_job_runner.py:266} INFO - Task exited with return code 0
[2025-02-16T10:05:06.135+0000] {taskinstance.py:3901} INFO - 0 downstream tasks scheduled from follow-on schedule check
[2025-02-16T10:05:06.137+0000] {local_task_job_runner.py:245} INFO - ::endgroup::
