[2025-02-16T17:45:17.333+0000] {local_task_job_runner.py:123} INFO - ::group::Pre task execution logs
[2025-02-16T17:45:17.353+0000] {taskinstance.py:2614} INFO - Dependencies all met for dep_context=non-requeueable deps ti=<TaskInstance: superstore_dag.run_dbt_dm_superstore_sales_t manual__2025-02-16T17:44:13.179593+00:00 [queued]>
[2025-02-16T17:45:17.364+0000] {taskinstance.py:2614} INFO - Dependencies all met for dep_context=requeueable deps ti=<TaskInstance: superstore_dag.run_dbt_dm_superstore_sales_t manual__2025-02-16T17:44:13.179593+00:00 [queued]>
[2025-02-16T17:45:17.366+0000] {taskinstance.py:2867} INFO - Starting attempt 1 of 1
[2025-02-16T17:45:17.379+0000] {taskinstance.py:2890} INFO - Executing <Task(BashOperator): run_dbt_dm_superstore_sales_t> on 2025-02-16 17:44:13.179593+00:00
[2025-02-16T17:45:17.385+0000] {standard_task_runner.py:72} INFO - Started process 1654 to run task
[2025-02-16T17:45:17.387+0000] {standard_task_runner.py:104} INFO - Running: ['***', 'tasks', 'run', 'superstore_dag', 'run_dbt_dm_superstore_sales_t', 'manual__2025-02-16T17:44:13.179593+00:00', '--job-id', '251', '--raw', '--subdir', 'DAGS_FOLDER/superstore_dag.py', '--cfg-path', '/tmp/tmpcplm5ii8']
[2025-02-16T17:45:17.389+0000] {standard_task_runner.py:105} INFO - Job 251: Subtask run_dbt_dm_superstore_sales_t
[2025-02-16T17:45:17.405+0000] {logging_mixin.py:190} WARNING - /home/***/.local/lib/python3.12/site-packages/***/settings.py:209 DeprecationWarning: The sql_alchemy_conn option in [core] has been moved to the sql_alchemy_conn option in [database] - the old setting has been used, but please update your config.
[2025-02-16T17:45:17.439+0000] {task_command.py:467} INFO - Running <TaskInstance: superstore_dag.run_dbt_dm_superstore_sales_t manual__2025-02-16T17:44:13.179593+00:00 [running]> on host e06c424a4719
[2025-02-16T17:45:17.522+0000] {taskinstance.py:3134} INFO - Exporting env vars: AIRFLOW_CTX_DAG_OWNER='***' AIRFLOW_CTX_DAG_ID='superstore_dag' AIRFLOW_CTX_TASK_ID='run_dbt_dm_superstore_sales_t' AIRFLOW_CTX_EXECUTION_DATE='2025-02-16T17:44:13.179593+00:00' AIRFLOW_CTX_TRY_NUMBER='1' AIRFLOW_CTX_DAG_RUN_ID='manual__2025-02-16T17:44:13.179593+00:00'
[2025-02-16T17:45:17.523+0000] {taskinstance.py:732} INFO - ::endgroup::
[2025-02-16T17:45:17.539+0000] {subprocess.py:78} INFO - Tmp dir root location: /tmp
[2025-02-16T17:45:17.540+0000] {subprocess.py:88} INFO - Running command: ['/usr/bin/bash', '-c', 'cd /dbt/superstore/ && dbt run --select superstore_sales_t']
[2025-02-16T17:45:17.551+0000] {subprocess.py:99} INFO - Output:
[2025-02-16T17:45:19.634+0000] {subprocess.py:106} INFO - [0m17:45:19  Running with dbt=1.9.2
[2025-02-16T17:45:19.932+0000] {subprocess.py:106} INFO - [0m17:45:19  Registered adapter: postgres=1.9.0
[2025-02-16T17:45:22.019+0000] {subprocess.py:106} INFO - [0m17:45:22  Found 7 models, 34 data tests, 1 source, 632 macros
[2025-02-16T17:45:22.022+0000] {subprocess.py:106} INFO - [0m17:45:22
[2025-02-16T17:45:22.023+0000] {subprocess.py:106} INFO - [0m17:45:22  Concurrency: 1 threads (target='prod')
[2025-02-16T17:45:22.024+0000] {subprocess.py:106} INFO - [0m17:45:22
[2025-02-16T17:45:22.146+0000] {subprocess.py:106} INFO - [0m17:45:22  1 of 1 START sql incremental model dm.superstore_sales_t ....................... [RUN]
[2025-02-16T17:45:22.387+0000] {subprocess.py:106} INFO - [0m17:45:22  1 of 1 OK created sql incremental model dm.superstore_sales_t .................. [[32mMERGE 0[0m in 0.24s]
[2025-02-16T17:45:22.402+0000] {subprocess.py:106} INFO - [0m17:45:22
[2025-02-16T17:45:22.403+0000] {subprocess.py:106} INFO - [0m17:45:22  Finished running 1 incremental model in 0 hours 0 minutes and 0.38 seconds (0.38s).
[2025-02-16T17:45:22.484+0000] {subprocess.py:106} INFO - [0m17:45:22
[2025-02-16T17:45:22.484+0000] {subprocess.py:106} INFO - [0m17:45:22  [32mCompleted successfully[0m
[2025-02-16T17:45:22.485+0000] {subprocess.py:106} INFO - [0m17:45:22
[2025-02-16T17:45:22.486+0000] {subprocess.py:106} INFO - [0m17:45:22  Done. PASS=1 WARN=0 ERROR=0 SKIP=0 TOTAL=1
[2025-02-16T17:45:24.501+0000] {subprocess.py:110} INFO - Command exited with return code 0
[2025-02-16T17:45:24.527+0000] {taskinstance.py:341} INFO - ::group::Post task execution logs
[2025-02-16T17:45:24.529+0000] {taskinstance.py:353} INFO - Marking task as SUCCESS. dag_id=superstore_dag, task_id=run_dbt_dm_superstore_sales_t, run_id=manual__2025-02-16T17:44:13.179593+00:00, execution_date=20250216T174413, start_date=20250216T174517, end_date=20250216T174524
[2025-02-16T17:45:24.574+0000] {local_task_job_runner.py:266} INFO - Task exited with return code 0
[2025-02-16T17:45:24.595+0000] {taskinstance.py:3901} INFO - 1 downstream tasks scheduled from follow-on schedule check
[2025-02-16T17:45:24.598+0000] {local_task_job_runner.py:245} INFO - ::endgroup::
