[2025-02-12T19:18:53.393+0000] {local_task_job_runner.py:123} INFO - ::group::Pre task execution logs
[2025-02-12T19:18:53.405+0000] {taskinstance.py:2613} INFO - Dependencies all met for dep_context=non-requeueable deps ti=<TaskInstance: superstore_dag.run_dbt_dim_date scheduled__2025-02-11T00:00:00+00:00 [queued]>
[2025-02-12T19:18:53.414+0000] {taskinstance.py:2613} INFO - Dependencies all met for dep_context=requeueable deps ti=<TaskInstance: superstore_dag.run_dbt_dim_date scheduled__2025-02-11T00:00:00+00:00 [queued]>
[2025-02-12T19:18:53.414+0000] {taskinstance.py:2866} INFO - Starting attempt 1 of 1
[2025-02-12T19:18:53.458+0000] {taskinstance.py:2889} INFO - Executing <Task(BashOperator): run_dbt_dim_date> on 2025-02-11 00:00:00+00:00
[2025-02-12T19:18:53.462+0000] {standard_task_runner.py:72} INFO - Started process 191 to run task
[2025-02-12T19:18:53.464+0000] {standard_task_runner.py:104} INFO - Running: ['***', 'tasks', 'run', 'superstore_dag', 'run_dbt_dim_date', 'scheduled__2025-02-11T00:00:00+00:00', '--job-id', '215', '--raw', '--subdir', 'DAGS_FOLDER/superstore_dag.py', '--cfg-path', '/tmp/tmpp9ampmye']
[2025-02-12T19:18:53.466+0000] {standard_task_runner.py:105} INFO - Job 215: Subtask run_dbt_dim_date
[2025-02-12T19:18:53.494+0000] {logging_mixin.py:190} WARNING - /home/***/.local/lib/python3.12/site-packages/***/settings.py:209 DeprecationWarning: The sql_alchemy_conn option in [core] has been moved to the sql_alchemy_conn option in [database] - the old setting has been used, but please update your config.
[2025-02-12T19:18:53.523+0000] {task_command.py:467} INFO - Running <TaskInstance: superstore_dag.run_dbt_dim_date scheduled__2025-02-11T00:00:00+00:00 [running]> on host 9cd0ccfaeb2e
[2025-02-12T19:18:53.524+0000] {logging_mixin.py:190} WARNING - /home/***/.local/lib/python3.12/site-packages/***/settings.py:470 DeprecationWarning: The sql_alchemy_conn option in [core] has been moved to the sql_alchemy_conn option in [database] - the old setting has been used, but please update your config.
[2025-02-12T19:18:53.588+0000] {taskinstance.py:3132} INFO - Exporting env vars: AIRFLOW_CTX_DAG_OWNER='***' AIRFLOW_CTX_DAG_ID='superstore_dag' AIRFLOW_CTX_TASK_ID='run_dbt_dim_date' AIRFLOW_CTX_EXECUTION_DATE='2025-02-11T00:00:00+00:00' AIRFLOW_CTX_TRY_NUMBER='1' AIRFLOW_CTX_DAG_RUN_ID='scheduled__2025-02-11T00:00:00+00:00'
[2025-02-12T19:18:53.588+0000] {taskinstance.py:731} INFO - ::endgroup::
[2025-02-12T19:18:53.601+0000] {subprocess.py:78} INFO - Tmp dir root location: /tmp
[2025-02-12T19:18:53.603+0000] {subprocess.py:88} INFO - Running command: ['/usr/bin/bash', '-c', 'cd /dbt/superstore/ && dbt run --select dim_date']
[2025-02-12T19:18:53.609+0000] {subprocess.py:99} INFO - Output:
[2025-02-12T19:18:55.425+0000] {subprocess.py:106} INFO - [0m19:18:55  Running with dbt=1.9.2
[2025-02-12T19:18:55.668+0000] {subprocess.py:106} INFO - [0m19:18:55  Registered adapter: postgres=1.9.0
[2025-02-12T19:18:56.108+0000] {subprocess.py:106} INFO - [0m19:18:56  Found 5 models, 10 data tests, 1 source, 431 macros
[2025-02-12T19:18:56.110+0000] {subprocess.py:106} INFO - [0m19:18:56
[2025-02-12T19:18:56.113+0000] {subprocess.py:106} INFO - [0m19:18:56  Concurrency: 1 threads (target='prod')
[2025-02-12T19:18:56.113+0000] {subprocess.py:106} INFO - [0m19:18:56
[2025-02-12T19:18:56.205+0000] {subprocess.py:106} INFO - [0m19:18:56  1 of 1 START sql incremental model core.dim_date ............................... [RUN]
[2025-02-12T19:18:56.384+0000] {subprocess.py:106} INFO - [0m19:18:56  1 of 1 OK created sql incremental model core.dim_date .......................... [[32mINSERT 0 0[0m in 0.18s]
[2025-02-12T19:18:56.396+0000] {subprocess.py:106} INFO - [0m19:18:56
[2025-02-12T19:18:56.396+0000] {subprocess.py:106} INFO - [0m19:18:56  Finished running 1 incremental model in 0 hours 0 minutes and 0.28 seconds (0.28s).
[2025-02-12T19:18:56.450+0000] {subprocess.py:106} INFO - [0m19:18:56
[2025-02-12T19:18:56.450+0000] {subprocess.py:106} INFO - [0m19:18:56  [32mCompleted successfully[0m
[2025-02-12T19:18:56.451+0000] {subprocess.py:106} INFO - [0m19:18:56
[2025-02-12T19:18:56.454+0000] {subprocess.py:106} INFO - [0m19:18:56  Done. PASS=1 WARN=0 ERROR=0 SKIP=0 TOTAL=1
[2025-02-12T19:18:57.483+0000] {subprocess.py:110} INFO - Command exited with return code 0
[2025-02-12T19:18:57.515+0000] {taskinstance.py:340} INFO - ::group::Post task execution logs
[2025-02-12T19:18:57.516+0000] {taskinstance.py:352} INFO - Marking task as SUCCESS. dag_id=superstore_dag, task_id=run_dbt_dim_date, run_id=scheduled__2025-02-11T00:00:00+00:00, execution_date=20250211T000000, start_date=20250212T191853, end_date=20250212T191857
[2025-02-12T19:18:57.566+0000] {local_task_job_runner.py:266} INFO - Task exited with return code 0
[2025-02-12T19:18:57.580+0000] {taskinstance.py:3895} INFO - 1 downstream tasks scheduled from follow-on schedule check
[2025-02-12T19:18:57.590+0000] {local_task_job_runner.py:245} INFO - ::endgroup::
