[2025-02-16T17:44:20.224+0000] {local_task_job_runner.py:123} INFO - ::group::Pre task execution logs
[2025-02-16T17:44:20.255+0000] {taskinstance.py:2614} INFO - Dependencies all met for dep_context=non-requeueable deps ti=<TaskInstance: superstore_dag.run_dbt_dim_location manual__2025-02-16T17:44:13.179593+00:00 [queued]>
[2025-02-16T17:44:20.267+0000] {taskinstance.py:2614} INFO - Dependencies all met for dep_context=requeueable deps ti=<TaskInstance: superstore_dag.run_dbt_dim_location manual__2025-02-16T17:44:13.179593+00:00 [queued]>
[2025-02-16T17:44:20.268+0000] {taskinstance.py:2867} INFO - Starting attempt 1 of 1
[2025-02-16T17:44:20.285+0000] {taskinstance.py:2890} INFO - Executing <Task(BashOperator): run_dbt_dim_location> on 2025-02-16 17:44:13.179593+00:00
[2025-02-16T17:44:20.291+0000] {standard_task_runner.py:72} INFO - Started process 1494 to run task
[2025-02-16T17:44:20.301+0000] {standard_task_runner.py:104} INFO - Running: ['***', 'tasks', 'run', 'superstore_dag', 'run_dbt_dim_location', 'manual__2025-02-16T17:44:13.179593+00:00', '--job-id', '246', '--raw', '--subdir', 'DAGS_FOLDER/superstore_dag.py', '--cfg-path', '/tmp/tmpxoxk1j1k']
[2025-02-16T17:44:20.318+0000] {standard_task_runner.py:105} INFO - Job 246: Subtask run_dbt_dim_location
[2025-02-16T17:44:20.345+0000] {logging_mixin.py:190} WARNING - /home/***/.local/lib/python3.12/site-packages/***/settings.py:209 DeprecationWarning: The sql_alchemy_conn option in [core] has been moved to the sql_alchemy_conn option in [database] - the old setting has been used, but please update your config.
[2025-02-16T17:44:20.405+0000] {task_command.py:467} INFO - Running <TaskInstance: superstore_dag.run_dbt_dim_location manual__2025-02-16T17:44:13.179593+00:00 [running]> on host e06c424a4719
[2025-02-16T17:44:20.541+0000] {taskinstance.py:3134} INFO - Exporting env vars: AIRFLOW_CTX_DAG_OWNER='***' AIRFLOW_CTX_DAG_ID='superstore_dag' AIRFLOW_CTX_TASK_ID='run_dbt_dim_location' AIRFLOW_CTX_EXECUTION_DATE='2025-02-16T17:44:13.179593+00:00' AIRFLOW_CTX_TRY_NUMBER='1' AIRFLOW_CTX_DAG_RUN_ID='manual__2025-02-16T17:44:13.179593+00:00'
[2025-02-16T17:44:20.543+0000] {taskinstance.py:732} INFO - ::endgroup::
[2025-02-16T17:44:20.580+0000] {subprocess.py:78} INFO - Tmp dir root location: /tmp
[2025-02-16T17:44:20.582+0000] {subprocess.py:88} INFO - Running command: ['/usr/bin/bash', '-c', 'cd /dbt/superstore/ && dbt run --select dim_location']
[2025-02-16T17:44:20.593+0000] {subprocess.py:99} INFO - Output:
[2025-02-16T17:44:25.410+0000] {subprocess.py:106} INFO - [0m17:44:25  Running with dbt=1.9.2
[2025-02-16T17:44:25.890+0000] {subprocess.py:106} INFO - [0m17:44:25  Registered adapter: postgres=1.9.0
[2025-02-16T17:44:26.029+0000] {subprocess.py:106} INFO - [0m17:44:26  Unable to do partial parsing because saved manifest not found. Starting full parse.
[2025-02-16T17:44:31.079+0000] {subprocess.py:106} INFO - [0m17:44:31  Found 7 models, 34 data tests, 1 source, 632 macros
[2025-02-16T17:44:31.084+0000] {subprocess.py:106} INFO - [0m17:44:31
[2025-02-16T17:44:31.086+0000] {subprocess.py:106} INFO - [0m17:44:31  Concurrency: 1 threads (target='prod')
[2025-02-16T17:44:31.088+0000] {subprocess.py:106} INFO - [0m17:44:31
[2025-02-16T17:44:31.414+0000] {subprocess.py:106} INFO - [0m17:44:31  1 of 1 START sql incremental model core.dim_location ........................... [RUN]
[2025-02-16T17:44:31.786+0000] {subprocess.py:106} INFO - [0m17:44:31  1 of 1 OK created sql incremental model core.dim_location ...................... [[32mINSERT 0 0[0m in 0.37s]
[2025-02-16T17:44:31.803+0000] {subprocess.py:106} INFO - [0m17:44:31
[2025-02-16T17:44:31.804+0000] {subprocess.py:106} INFO - [0m17:44:31  Finished running 1 incremental model in 0 hours 0 minutes and 0.71 seconds (0.71s).
[2025-02-16T17:44:31.898+0000] {subprocess.py:106} INFO - [0m17:44:31
[2025-02-16T17:44:31.899+0000] {subprocess.py:106} INFO - [0m17:44:31  [32mCompleted successfully[0m
[2025-02-16T17:44:31.899+0000] {subprocess.py:106} INFO - [0m17:44:31
[2025-02-16T17:44:31.900+0000] {subprocess.py:106} INFO - [0m17:44:31  Done. PASS=1 WARN=0 ERROR=0 SKIP=0 TOTAL=1
[2025-02-16T17:44:33.117+0000] {subprocess.py:110} INFO - Command exited with return code 0
[2025-02-16T17:44:33.144+0000] {taskinstance.py:341} INFO - ::group::Post task execution logs
[2025-02-16T17:44:33.145+0000] {taskinstance.py:353} INFO - Marking task as SUCCESS. dag_id=superstore_dag, task_id=run_dbt_dim_location, run_id=manual__2025-02-16T17:44:13.179593+00:00, execution_date=20250216T174413, start_date=20250216T174420, end_date=20250216T174433
[2025-02-16T17:44:33.216+0000] {local_task_job_runner.py:266} INFO - Task exited with return code 0
[2025-02-16T17:44:33.247+0000] {taskinstance.py:3901} INFO - 0 downstream tasks scheduled from follow-on schedule check
[2025-02-16T17:44:33.250+0000] {local_task_job_runner.py:245} INFO - ::endgroup::
