[2025-02-11T18:24:57.304+0000] {local_task_job_runner.py:123} INFO - ::group::Pre task execution logs
[2025-02-11T18:24:57.323+0000] {taskinstance.py:2613} INFO - Dependencies all met for dep_context=non-requeueable deps ti=<TaskInstance: superstore_dag.run_dbt_dim_customer scheduled__2025-02-10T00:00:00+00:00 [queued]>
[2025-02-11T18:24:57.333+0000] {taskinstance.py:2613} INFO - Dependencies all met for dep_context=requeueable deps ti=<TaskInstance: superstore_dag.run_dbt_dim_customer scheduled__2025-02-10T00:00:00+00:00 [queued]>
[2025-02-11T18:24:57.335+0000] {taskinstance.py:2866} INFO - Starting attempt 1 of 1
[2025-02-11T18:24:57.348+0000] {taskinstance.py:2889} INFO - Executing <Task(BashOperator): run_dbt_dim_customer> on 2025-02-10 00:00:00+00:00
[2025-02-11T18:24:57.353+0000] {standard_task_runner.py:72} INFO - Started process 595 to run task
[2025-02-11T18:24:57.356+0000] {standard_task_runner.py:104} INFO - Running: ['***', 'tasks', 'run', 'superstore_dag', 'run_dbt_dim_customer', 'scheduled__2025-02-10T00:00:00+00:00', '--job-id', '202', '--raw', '--subdir', 'DAGS_FOLDER/superstore_dag.py', '--cfg-path', '/tmp/tmp4nw4u3ja']
[2025-02-11T18:24:57.358+0000] {standard_task_runner.py:105} INFO - Job 202: Subtask run_dbt_dim_customer
[2025-02-11T18:24:57.384+0000] {logging_mixin.py:190} WARNING - /home/***/.local/lib/python3.12/site-packages/***/settings.py:209 DeprecationWarning: The sql_alchemy_conn option in [core] has been moved to the sql_alchemy_conn option in [database] - the old setting has been used, but please update your config.
[2025-02-11T18:24:57.427+0000] {task_command.py:467} INFO - Running <TaskInstance: superstore_dag.run_dbt_dim_customer scheduled__2025-02-10T00:00:00+00:00 [running]> on host 9cd0ccfaeb2e
[2025-02-11T18:24:57.429+0000] {logging_mixin.py:190} WARNING - /home/***/.local/lib/python3.12/site-packages/***/settings.py:470 DeprecationWarning: The sql_alchemy_conn option in [core] has been moved to the sql_alchemy_conn option in [database] - the old setting has been used, but please update your config.
[2025-02-11T18:24:57.513+0000] {taskinstance.py:3132} INFO - Exporting env vars: AIRFLOW_CTX_DAG_OWNER='***' AIRFLOW_CTX_DAG_ID='superstore_dag' AIRFLOW_CTX_TASK_ID='run_dbt_dim_customer' AIRFLOW_CTX_EXECUTION_DATE='2025-02-10T00:00:00+00:00' AIRFLOW_CTX_TRY_NUMBER='1' AIRFLOW_CTX_DAG_RUN_ID='scheduled__2025-02-10T00:00:00+00:00'
[2025-02-11T18:24:57.514+0000] {taskinstance.py:731} INFO - ::endgroup::
[2025-02-11T18:24:57.534+0000] {subprocess.py:78} INFO - Tmp dir root location: /tmp
[2025-02-11T18:24:57.537+0000] {subprocess.py:88} INFO - Running command: ['/usr/bin/bash', '-c', 'cd /dbt/superstore/ && dbt run --select dim_customer']
[2025-02-11T18:24:57.546+0000] {subprocess.py:99} INFO - Output:
[2025-02-11T18:24:59.895+0000] {subprocess.py:106} INFO - [0m18:24:59  Running with dbt=1.9.2
[2025-02-11T18:25:00.236+0000] {subprocess.py:106} INFO - [0m18:25:00  Registered adapter: postgres=1.9.0
[2025-02-11T18:25:00.642+0000] {subprocess.py:106} INFO - [0m18:25:00  [[33mWARNING[0m]: Configuration paths exist in your dbt_project.yml file which do not apply to any resources.
[2025-02-11T18:25:00.642+0000] {subprocess.py:106} INFO - There are 1 unused configuration paths:
[2025-02-11T18:25:00.643+0000] {subprocess.py:106} INFO - - models.superstore_project.dim_product
[2025-02-11T18:25:00.849+0000] {subprocess.py:106} INFO - [0m18:25:00  Found 5 models, 8 data tests, 1 source, 431 macros
[2025-02-11T18:25:00.855+0000] {subprocess.py:106} INFO - [0m18:25:00
[2025-02-11T18:25:00.856+0000] {subprocess.py:106} INFO - [0m18:25:00  Concurrency: 1 threads (target='prod')
[2025-02-11T18:25:00.857+0000] {subprocess.py:106} INFO - [0m18:25:00
[2025-02-11T18:25:01.035+0000] {subprocess.py:106} INFO - [0m18:25:01  1 of 1 START sql incremental model core.dim_customer ........................... [RUN]
[2025-02-11T18:25:01.311+0000] {subprocess.py:106} INFO - [0m18:25:01  1 of 1 OK created sql incremental model core.dim_customer ...................... [[32mINSERT 0 8474[0m in 0.27s]
[2025-02-11T18:25:01.328+0000] {subprocess.py:106} INFO - [0m18:25:01
[2025-02-11T18:25:01.328+0000] {subprocess.py:106} INFO - [0m18:25:01  Finished running 1 incremental model in 0 hours 0 minutes and 0.47 seconds (0.47s).
[2025-02-11T18:25:01.403+0000] {subprocess.py:106} INFO - [0m18:25:01
[2025-02-11T18:25:01.404+0000] {subprocess.py:106} INFO - [0m18:25:01  [32mCompleted successfully[0m
[2025-02-11T18:25:01.406+0000] {subprocess.py:106} INFO - [0m18:25:01
[2025-02-11T18:25:01.407+0000] {subprocess.py:106} INFO - [0m18:25:01  Done. PASS=1 WARN=0 ERROR=0 SKIP=0 TOTAL=1
[2025-02-11T18:25:02.596+0000] {subprocess.py:110} INFO - Command exited with return code 0
[2025-02-11T18:25:02.625+0000] {taskinstance.py:340} INFO - ::group::Post task execution logs
[2025-02-11T18:25:02.626+0000] {taskinstance.py:352} INFO - Marking task as SUCCESS. dag_id=superstore_dag, task_id=run_dbt_dim_customer, run_id=scheduled__2025-02-10T00:00:00+00:00, execution_date=20250210T000000, start_date=20250211T182457, end_date=20250211T182502
[2025-02-11T18:25:02.656+0000] {local_task_job_runner.py:266} INFO - Task exited with return code 0
[2025-02-11T18:25:02.675+0000] {taskinstance.py:3895} INFO - 0 downstream tasks scheduled from follow-on schedule check
[2025-02-11T18:25:02.677+0000] {local_task_job_runner.py:245} INFO - ::endgroup::
