[2025-02-08T17:49:38.356+0000] {local_task_job_runner.py:123} INFO - ::group::Pre task execution logs
[2025-02-08T17:49:38.368+0000] {taskinstance.py:2613} INFO - Dependencies all met for dep_context=non-requeueable deps ti=<TaskInstance: dim_location.run_dbt_dim_location manual__2025-02-08T17:49:35.402228+00:00 [queued]>
[2025-02-08T17:49:38.374+0000] {taskinstance.py:2613} INFO - Dependencies all met for dep_context=requeueable deps ti=<TaskInstance: dim_location.run_dbt_dim_location manual__2025-02-08T17:49:35.402228+00:00 [queued]>
[2025-02-08T17:49:38.375+0000] {taskinstance.py:2866} INFO - Starting attempt 1 of 1
[2025-02-08T17:49:38.386+0000] {taskinstance.py:2889} INFO - Executing <Task(BashOperator): run_dbt_dim_location> on 2025-02-08 17:49:35.402228+00:00
[2025-02-08T17:49:38.391+0000] {standard_task_runner.py:72} INFO - Started process 629 to run task
[2025-02-08T17:49:38.393+0000] {standard_task_runner.py:104} INFO - Running: ['***', 'tasks', 'run', 'dim_location', 'run_dbt_dim_location', 'manual__2025-02-08T17:49:35.402228+00:00', '--job-id', '185', '--raw', '--subdir', 'DAGS_FOLDER/dim_location.py', '--cfg-path', '/tmp/tmpivhjcb47']
[2025-02-08T17:49:38.394+0000] {standard_task_runner.py:105} INFO - Job 185: Subtask run_dbt_dim_location
[2025-02-08T17:49:38.406+0000] {logging_mixin.py:190} WARNING - /home/***/.local/lib/python3.12/site-packages/***/settings.py:209 DeprecationWarning: The sql_alchemy_conn option in [core] has been moved to the sql_alchemy_conn option in [database] - the old setting has been used, but please update your config.
[2025-02-08T17:49:38.432+0000] {task_command.py:467} INFO - Running <TaskInstance: dim_location.run_dbt_dim_location manual__2025-02-08T17:49:35.402228+00:00 [running]> on host 9cd0ccfaeb2e
[2025-02-08T17:49:38.490+0000] {taskinstance.py:3132} INFO - Exporting env vars: AIRFLOW_CTX_DAG_OWNER='***' AIRFLOW_CTX_DAG_ID='dim_location' AIRFLOW_CTX_TASK_ID='run_dbt_dim_location' AIRFLOW_CTX_EXECUTION_DATE='2025-02-08T17:49:35.402228+00:00' AIRFLOW_CTX_TRY_NUMBER='1' AIRFLOW_CTX_DAG_RUN_ID='manual__2025-02-08T17:49:35.402228+00:00'
[2025-02-08T17:49:38.490+0000] {taskinstance.py:731} INFO - ::endgroup::
[2025-02-08T17:49:38.502+0000] {subprocess.py:78} INFO - Tmp dir root location: /tmp
[2025-02-08T17:49:38.503+0000] {subprocess.py:88} INFO - Running command: ['/usr/bin/bash', '-c', 'cd /dbt/superstore/ && dbt run --select dim_location']
[2025-02-08T17:49:38.510+0000] {subprocess.py:99} INFO - Output:
[2025-02-08T17:49:40.113+0000] {subprocess.py:106} INFO - [0m17:49:40  Running with dbt=1.9.2
[2025-02-08T17:49:40.348+0000] {subprocess.py:106} INFO - [0m17:49:40  Registered adapter: postgres=1.9.0
[2025-02-08T17:49:40.574+0000] {subprocess.py:106} INFO - [0m17:49:40  [[33mWARNING[0m]: Configuration paths exist in your dbt_project.yml file which do not apply to any resources.
[2025-02-08T17:49:40.574+0000] {subprocess.py:106} INFO - There are 1 unused configuration paths:
[2025-02-08T17:49:40.575+0000] {subprocess.py:106} INFO - - models.superstore_project.dim_customer
[2025-02-08T17:49:40.717+0000] {subprocess.py:106} INFO - [0m17:49:40  Found 5 models, 8 data tests, 1 source, 431 macros
[2025-02-08T17:49:40.718+0000] {subprocess.py:106} INFO - [0m17:49:40
[2025-02-08T17:49:40.719+0000] {subprocess.py:106} INFO - [0m17:49:40  Concurrency: 1 threads (target='prod')
[2025-02-08T17:49:40.719+0000] {subprocess.py:106} INFO - [0m17:49:40
[2025-02-08T17:49:40.794+0000] {subprocess.py:106} INFO - [0m17:49:40  1 of 1 START sql incremental model core.dim_location ........................... [RUN]
[2025-02-08T17:49:40.957+0000] {subprocess.py:106} INFO - [0m17:49:40  1 of 1 OK created sql incremental model core.dim_location ...................... [[32mINSERT 0 2501[0m in 0.16s]
[2025-02-08T17:49:40.968+0000] {subprocess.py:106} INFO - [0m17:49:40
[2025-02-08T17:49:40.968+0000] {subprocess.py:106} INFO - [0m17:49:40  Finished running 1 incremental model in 0 hours 0 minutes and 0.25 seconds (0.25s).
[2025-02-08T17:49:41.010+0000] {subprocess.py:106} INFO - [0m17:49:41
[2025-02-08T17:49:41.010+0000] {subprocess.py:106} INFO - [0m17:49:41  [32mCompleted successfully[0m
[2025-02-08T17:49:41.014+0000] {subprocess.py:106} INFO - [0m17:49:41
[2025-02-08T17:49:41.016+0000] {subprocess.py:106} INFO - [0m17:49:41  Done. PASS=1 WARN=0 ERROR=0 SKIP=0 TOTAL=1
[2025-02-08T17:49:41.893+0000] {subprocess.py:110} INFO - Command exited with return code 0
[2025-02-08T17:49:41.917+0000] {taskinstance.py:340} INFO - ::group::Post task execution logs
[2025-02-08T17:49:41.918+0000] {taskinstance.py:352} INFO - Marking task as SUCCESS. dag_id=dim_location, task_id=run_dbt_dim_location, run_id=manual__2025-02-08T17:49:35.402228+00:00, execution_date=20250208T174935, start_date=20250208T174938, end_date=20250208T174941
[2025-02-08T17:49:41.934+0000] {local_task_job_runner.py:266} INFO - Task exited with return code 0
[2025-02-08T17:49:41.949+0000] {taskinstance.py:3895} INFO - 0 downstream tasks scheduled from follow-on schedule check
[2025-02-08T17:49:41.951+0000] {local_task_job_runner.py:245} INFO - ::endgroup::
