[2025-02-12T20:07:30.158+0000] {local_task_job_runner.py:123} INFO - ::group::Pre task execution logs
[2025-02-12T20:07:30.172+0000] {taskinstance.py:2614} INFO - Dependencies all met for dep_context=non-requeueable deps ti=<TaskInstance: superstore_dag.run_dbt_dim_date manual__2025-02-12T20:07:25.572410+00:00 [queued]>
[2025-02-12T20:07:30.178+0000] {taskinstance.py:2614} INFO - Dependencies all met for dep_context=requeueable deps ti=<TaskInstance: superstore_dag.run_dbt_dim_date manual__2025-02-12T20:07:25.572410+00:00 [queued]>
[2025-02-12T20:07:30.179+0000] {taskinstance.py:2867} INFO - Starting attempt 1 of 1
[2025-02-12T20:07:30.189+0000] {taskinstance.py:2890} INFO - Executing <Task(BashOperator): run_dbt_dim_date> on 2025-02-12 20:07:25.572410+00:00
[2025-02-12T20:07:30.194+0000] {standard_task_runner.py:72} INFO - Started process 147 to run task
[2025-02-12T20:07:30.213+0000] {standard_task_runner.py:104} INFO - Running: ['***', 'tasks', 'run', 'superstore_dag', 'run_dbt_dim_date', 'manual__2025-02-12T20:07:25.572410+00:00', '--job-id', '220', '--raw', '--subdir', 'DAGS_FOLDER/superstore_dag.py', '--cfg-path', '/tmp/tmp_j0qcggc']
[2025-02-12T20:07:30.217+0000] {standard_task_runner.py:105} INFO - Job 220: Subtask run_dbt_dim_date
[2025-02-12T20:07:30.242+0000] {logging_mixin.py:190} WARNING - /home/***/.local/lib/python3.12/site-packages/***/settings.py:209 DeprecationWarning: The sql_alchemy_conn option in [core] has been moved to the sql_alchemy_conn option in [database] - the old setting has been used, but please update your config.
[2025-02-12T20:07:30.328+0000] {task_command.py:467} INFO - Running <TaskInstance: superstore_dag.run_dbt_dim_date manual__2025-02-12T20:07:25.572410+00:00 [running]> on host e06c424a4719
[2025-02-12T20:07:30.444+0000] {taskinstance.py:3134} INFO - Exporting env vars: AIRFLOW_CTX_DAG_OWNER='***' AIRFLOW_CTX_DAG_ID='superstore_dag' AIRFLOW_CTX_TASK_ID='run_dbt_dim_date' AIRFLOW_CTX_EXECUTION_DATE='2025-02-12T20:07:25.572410+00:00' AIRFLOW_CTX_TRY_NUMBER='1' AIRFLOW_CTX_DAG_RUN_ID='manual__2025-02-12T20:07:25.572410+00:00'
[2025-02-12T20:07:30.445+0000] {taskinstance.py:732} INFO - ::endgroup::
[2025-02-12T20:07:30.501+0000] {subprocess.py:78} INFO - Tmp dir root location: /tmp
[2025-02-12T20:07:30.503+0000] {subprocess.py:88} INFO - Running command: ['/usr/bin/bash', '-c', 'cd /dbt/superstore/ && dbt run --select dim_date']
[2025-02-12T20:07:30.511+0000] {subprocess.py:99} INFO - Output:
[2025-02-12T20:07:32.841+0000] {subprocess.py:106} INFO - [0m20:07:32  Running with dbt=1.9.2
[2025-02-12T20:07:33.126+0000] {subprocess.py:106} INFO - [0m20:07:33  Registered adapter: postgres=1.9.0
[2025-02-12T20:07:34.026+0000] {subprocess.py:106} INFO - [0m20:07:34  Found 6 models, 10 data tests, 1 source, 433 macros
[2025-02-12T20:07:34.029+0000] {subprocess.py:106} INFO - [0m20:07:34
[2025-02-12T20:07:34.032+0000] {subprocess.py:106} INFO - [0m20:07:34  Concurrency: 1 threads (target='prod')
[2025-02-12T20:07:34.033+0000] {subprocess.py:106} INFO - [0m20:07:34
[2025-02-12T20:07:34.197+0000] {subprocess.py:106} INFO - [0m20:07:34  1 of 1 START sql incremental model core.dim_date ............................... [RUN]
[2025-02-12T20:07:34.436+0000] {subprocess.py:106} INFO - [0m20:07:34  1 of 1 OK created sql incremental model core.dim_date .......................... [[32mINSERT 0 335[0m in 0.24s]
[2025-02-12T20:07:34.447+0000] {subprocess.py:106} INFO - [0m20:07:34
[2025-02-12T20:07:34.447+0000] {subprocess.py:106} INFO - [0m20:07:34  Finished running 1 incremental model in 0 hours 0 minutes and 0.41 seconds (0.41s).
[2025-02-12T20:07:34.491+0000] {subprocess.py:106} INFO - [0m20:07:34
[2025-02-12T20:07:34.492+0000] {subprocess.py:106} INFO - [0m20:07:34  [32mCompleted successfully[0m
[2025-02-12T20:07:34.492+0000] {subprocess.py:106} INFO - [0m20:07:34
[2025-02-12T20:07:34.493+0000] {subprocess.py:106} INFO - [0m20:07:34  Done. PASS=1 WARN=0 ERROR=0 SKIP=0 TOTAL=1
[2025-02-12T20:07:35.779+0000] {subprocess.py:110} INFO - Command exited with return code 0
[2025-02-12T20:07:35.798+0000] {taskinstance.py:341} INFO - ::group::Post task execution logs
[2025-02-12T20:07:35.799+0000] {taskinstance.py:353} INFO - Marking task as SUCCESS. dag_id=superstore_dag, task_id=run_dbt_dim_date, run_id=manual__2025-02-12T20:07:25.572410+00:00, execution_date=20250212T200725, start_date=20250212T200730, end_date=20250212T200735
[2025-02-12T20:07:35.829+0000] {local_task_job_runner.py:266} INFO - Task exited with return code 0
[2025-02-12T20:07:35.846+0000] {taskinstance.py:3901} INFO - 0 downstream tasks scheduled from follow-on schedule check
[2025-02-12T20:07:35.848+0000] {local_task_job_runner.py:245} INFO - ::endgroup::
